{"/Users/shengrong/Documents/SFMeal/SFMealWeb/api/policyFactories/or.js":{"path":"/Users/shengrong/Documents/SFMeal/SFMealWeb/api/policyFactories/or.js","s":{"1":1,"2":24,"3":101,"4":101,"5":10807,"6":101,"7":22,"8":10706,"9":101},"b":{"1":[101,10706]},"f":{"1":24,"2":101,"3":22},"fnMap":{"1":{"name":"(anonymous_1)","line":4,"loc":{"start":{"line":4,"column":17},"end":{"line":4,"column":52}}},"2":{"name":"(anonymous_2)","line":6,"loc":{"start":{"line":6,"column":9},"end":{"line":6,"column":33}}},"3":{"name":"(anonymous_3)","line":14,"loc":{"start":{"line":14,"column":21},"end":{"line":14,"column":31}}}},"statementMap":{"1":{"start":{"line":4,"column":0},"end":{"line":26,"column":1}},"2":{"start":{"line":6,"column":2},"end":{"line":25,"column":3}},"3":{"start":{"line":9,"column":4},"end":{"line":9,"column":21}},"4":{"start":{"line":11,"column":4},"end":{"line":21,"column":5}},"5":{"start":{"line":12,"column":6},"end":{"line":20,"column":7}},"6":{"start":{"line":14,"column":8},"end":{"line":16,"column":10}},"7":{"start":{"line":15,"column":10},"end":{"line":15,"column":39}},"8":{"start":{"line":19,"column":8},"end":{"line":19,"column":28}},"9":{"start":{"line":24,"column":4},"end":{"line":24,"column":36}}},"branchMap":{"1":{"line":12,"type":"if","locations":[{"start":{"line":12,"column":6},"end":{"line":12,"column":6}},{"start":{"line":12,"column":6},"end":{"line":12,"column":6}}]}}},"/Users/shengrong/Documents/SFMeal/SFMealWeb/api/policyFactories/and.js":{"path":"/Users/shengrong/Documents/SFMeal/SFMealWeb/api/policyFactories/and.js","s":{"1":1,"2":21,"3":254,"4":254,"5":172,"6":159,"7":82,"8":21,"9":21,"10":21,"11":98,"12":97,"13":95,"14":2},"b":{"1":[172,82],"2":[95,2]},"f":{"1":21,"2":254,"3":159,"4":98,"5":97},"fnMap":{"1":{"name":"(anonymous_1)","line":2,"loc":{"start":{"line":2,"column":17},"end":{"line":2,"column":27}}},"2":{"name":"(anonymous_2)","line":4,"loc":{"start":{"line":4,"column":15},"end":{"line":4,"column":46}}},"3":{"name":"(anonymous_3)","line":7,"loc":{"start":{"line":7,"column":28},"end":{"line":7,"column":38}}},"4":{"name":"(anonymous_4)","line":18,"loc":{"start":{"line":18,"column":9},"end":{"line":18,"column":33}}},"5":{"name":"(anonymous_5)","line":19,"loc":{"start":{"line":19,"column":26},"end":{"line":19,"column":36}}}},"statementMap":{"1":{"start":{"line":2,"column":0},"end":{"line":27,"column":2}},"2":{"start":{"line":4,"column":2},"end":{"line":13,"column":3}},"3":{"start":{"line":5,"column":4},"end":{"line":5,"column":12}},"4":{"start":{"line":6,"column":4},"end":{"line":12,"column":5}},"5":{"start":{"line":7,"column":6},"end":{"line":9,"column":8}},"6":{"start":{"line":8,"column":8},"end":{"line":8,"column":38}},"7":{"start":{"line":11,"column":6},"end":{"line":11,"column":20}},"8":{"start":{"line":15,"column":2},"end":{"line":15,"column":40}},"9":{"start":{"line":16,"column":2},"end":{"line":16,"column":16}},"10":{"start":{"line":18,"column":2},"end":{"line":26,"column":3}},"11":{"start":{"line":19,"column":4},"end":{"line":25,"column":7}},"12":{"start":{"line":20,"column":6},"end":{"line":24,"column":7}},"13":{"start":{"line":21,"column":8},"end":{"line":21,"column":38}},"14":{"start":{"line":23,"column":8},"end":{"line":23,"column":15}}},"branchMap":{"1":{"line":6,"type":"if","locations":[{"start":{"line":6,"column":4},"end":{"line":6,"column":4}},{"start":{"line":6,"column":4},"end":{"line":6,"column":4}}]},"2":{"line":20,"type":"if","locations":[{"start":{"line":20,"column":6},"end":{"line":20,"column":6}},{"start":{"line":20,"column":6},"end":{"line":20,"column":6}}]}}},"/Users/shengrong/Documents/SFMeal/SFMealWeb/api/policies/sessionAuth.js":{"path":"/Users/shengrong/Documents/SFMeal/SFMealWeb/api/policies/sessionAuth.js","s":{"1":2,"2":143,"3":138,"4":5},"b":{"1":[138,5]},"f":{"1":143},"fnMap":{"1":{"name":"(anonymous_1)","line":10,"loc":{"start":{"line":10,"column":17},"end":{"line":10,"column":42}}}},"statementMap":{"1":{"start":{"line":10,"column":0},"end":{"line":21,"column":2}},"2":{"start":{"line":14,"column":2},"end":{"line":16,"column":3}},"3":{"start":{"line":15,"column":4},"end":{"line":15,"column":18}},"4":{"start":{"line":20,"column":2},"end":{"line":20,"column":48}}},"branchMap":{"1":{"line":14,"type":"if","locations":[{"start":{"line":14,"column":2},"end":{"line":14,"column":2}},{"start":{"line":14,"column":2},"end":{"line":14,"column":2}}]}}},"/Users/shengrong/Documents/SFMeal/SFMealWeb/api/policies/sessionSelf.js":{"path":"/Users/shengrong/Documents/SFMeal/SFMealWeb/api/policies/sessionSelf.js","s":{"1":2,"2":19,"3":19,"4":10,"5":10,"6":10,"7":10,"8":0,"9":10,"10":9,"11":1,"12":9,"13":9,"14":9,"15":8,"16":9,"17":8,"18":1,"19":0},"b":{"1":[10,9],"2":[10,0],"3":[0,10],"4":[9,1],"5":[10,10],"6":[9,0],"7":[8,1],"8":[8,1]},"f":{"1":19,"2":10},"fnMap":{"1":{"name":"(anonymous_1)","line":10,"loc":{"start":{"line":10,"column":17},"end":{"line":10,"column":42}}},"2":{"name":"(anonymous_2)","line":18,"loc":{"start":{"line":18,"column":30},"end":{"line":18,"column":48}}}},"statementMap":{"1":{"start":{"line":10,"column":0},"end":{"line":42,"column":2}},"2":{"start":{"line":14,"column":2},"end":{"line":14,"column":21}},"3":{"start":{"line":15,"column":2},"end":{"line":41,"column":3}},"4":{"start":{"line":16,"column":4},"end":{"line":16,"column":58}},"5":{"start":{"line":17,"column":4},"end":{"line":17,"column":37}},"6":{"start":{"line":18,"column":4},"end":{"line":28,"column":6}},"7":{"start":{"line":19,"column":6},"end":{"line":27,"column":7}},"8":{"start":{"line":20,"column":8},"end":{"line":20,"column":35}},"9":{"start":{"line":21,"column":12},"end":{"line":27,"column":7}},"10":{"start":{"line":22,"column":8},"end":{"line":22,"column":22}},"11":{"start":{"line":26,"column":8},"end":{"line":26,"column":78}},"12":{"start":{"line":29,"column":8},"end":{"line":41,"column":3}},"13":{"start":{"line":30,"column":4},"end":{"line":30,"column":39}},"14":{"start":{"line":31,"column":4},"end":{"line":33,"column":5}},"15":{"start":{"line":32,"column":6},"end":{"line":32,"column":31}},"16":{"start":{"line":34,"column":4},"end":{"line":38,"column":5}},"17":{"start":{"line":35,"column":6},"end":{"line":35,"column":20}},"18":{"start":{"line":37,"column":6},"end":{"line":37,"column":76}},"19":{"start":{"line":40,"column":4},"end":{"line":40,"column":18}}},"branchMap":{"1":{"line":15,"type":"if","locations":[{"start":{"line":15,"column":2},"end":{"line":15,"column":2}},{"start":{"line":15,"column":2},"end":{"line":15,"column":2}}]},"2":{"line":16,"type":"binary-expr","locations":[{"start":{"line":16,"column":17},"end":{"line":16,"column":32}},{"start":{"line":16,"column":36},"end":{"line":16,"column":57}}]},"3":{"line":19,"type":"if","locations":[{"start":{"line":19,"column":6},"end":{"line":19,"column":6}},{"start":{"line":19,"column":6},"end":{"line":19,"column":6}}]},"4":{"line":21,"type":"if","locations":[{"start":{"line":21,"column":12},"end":{"line":21,"column":12}},{"start":{"line":21,"column":12},"end":{"line":21,"column":12}}]},"5":{"line":21,"type":"binary-expr","locations":[{"start":{"line":21,"column":15},"end":{"line":21,"column":19}},{"start":{"line":21,"column":23},"end":{"line":21,"column":42}}]},"6":{"line":29,"type":"if","locations":[{"start":{"line":29,"column":8},"end":{"line":29,"column":8}},{"start":{"line":29,"column":8},"end":{"line":29,"column":8}}]},"7":{"line":31,"type":"if","locations":[{"start":{"line":31,"column":4},"end":{"line":31,"column":4}},{"start":{"line":31,"column":4},"end":{"line":31,"column":4}}]},"8":{"line":34,"type":"if","locations":[{"start":{"line":34,"column":4},"end":{"line":34,"column":4}},{"start":{"line":34,"column":4},"end":{"line":34,"column":4}}]}}},"/Users/shengrong/Documents/SFMeal/SFMealWeb/api/policies/isAdmin.js":{"path":"/Users/shengrong/Documents/SFMeal/SFMealWeb/api/policies/isAdmin.js","s":{"1":2,"2":50,"3":49,"4":49,"5":31,"6":31,"7":18,"8":1},"b":{"1":[49,1],"2":[31,18]},"f":{"1":50},"fnMap":{"1":{"name":"(anonymous_1)","line":10,"loc":{"start":{"line":10,"column":17},"end":{"line":10,"column":42}}}},"statementMap":{"1":{"start":{"line":10,"column":0},"end":{"line":24,"column":2}},"2":{"start":{"line":13,"column":2},"end":{"line":23,"column":3}},"3":{"start":{"line":14,"column":4},"end":{"line":14,"column":44}},"4":{"start":{"line":15,"column":4},"end":{"line":20,"column":5}},"5":{"start":{"line":16,"column":6},"end":{"line":16,"column":44}},"6":{"start":{"line":17,"column":6},"end":{"line":17,"column":13}},"7":{"start":{"line":19,"column":6},"end":{"line":19,"column":48}},"8":{"start":{"line":22,"column":4},"end":{"line":22,"column":46}}},"branchMap":{"1":{"line":13,"type":"if","locations":[{"start":{"line":13,"column":2},"end":{"line":13,"column":2}},{"start":{"line":13,"column":2},"end":{"line":13,"column":2}}]},"2":{"line":15,"type":"if","locations":[{"start":{"line":15,"column":4},"end":{"line":15,"column":4}},{"start":{"line":15,"column":4},"end":{"line":15,"column":4}}]}}},"/Users/shengrong/Documents/SFMeal/SFMealWeb/api/policies/notHost.js":{"path":"/Users/shengrong/Documents/SFMeal/SFMealWeb/api/policies/notHost.js","s":{"1":2,"2":3,"3":3,"4":3,"5":3,"6":2,"7":1},"b":{"1":[2,1]},"f":{"1":3,"2":3},"fnMap":{"1":{"name":"(anonymous_1)","line":10,"loc":{"start":{"line":10,"column":17},"end":{"line":10,"column":42}}},"2":{"name":"(anonymous_2)","line":14,"loc":{"start":{"line":14,"column":28},"end":{"line":14,"column":46}}}},"statementMap":{"1":{"start":{"line":10,"column":0},"end":{"line":22,"column":2}},"2":{"start":{"line":13,"column":2},"end":{"line":13,"column":35}},"3":{"start":{"line":14,"column":2},"end":{"line":21,"column":5}},"4":{"start":{"line":15,"column":4},"end":{"line":15,"column":25}},"5":{"start":{"line":16,"column":4},"end":{"line":20,"column":5}},"6":{"start":{"line":17,"column":6},"end":{"line":17,"column":20}},"7":{"start":{"line":19,"column":6},"end":{"line":19,"column":46}}},"branchMap":{"1":{"line":16,"type":"if","locations":[{"start":{"line":16,"column":4},"end":{"line":16,"column":4}},{"start":{"line":16,"column":4},"end":{"line":16,"column":4}}]}}},"/Users/shengrong/Documents/SFMeal/SFMealWeb/api/policyFactories/isNotFields.js":{"path":"/Users/shengrong/Documents/SFMeal/SFMealWeb/api/policyFactories/isNotFields.js","s":{"1":1,"2":6,"3":6,"4":26,"5":0,"6":26,"7":165,"8":26,"9":2,"10":24},"b":{"1":[0,26],"2":[2,24]},"f":{"1":6,"2":26,"3":165},"fnMap":{"1":{"name":"(anonymous_1)","line":4,"loc":{"start":{"line":4,"column":17},"end":{"line":4,"column":27}}},"2":{"name":"(anonymous_2)","line":7,"loc":{"start":{"line":7,"column":9},"end":{"line":7,"column":33}}},"3":{"name":"(anonymous_3)","line":13,"loc":{"start":{"line":13,"column":45},"end":{"line":13,"column":60}}}},"statementMap":{"1":{"start":{"line":4,"column":0},"end":{"line":24,"column":1}},"2":{"start":{"line":6,"column":2},"end":{"line":6,"column":42}},"3":{"start":{"line":7,"column":2},"end":{"line":23,"column":3}},"4":{"start":{"line":9,"column":4},"end":{"line":11,"column":5}},"5":{"start":{"line":10,"column":6},"end":{"line":10,"column":20}},"6":{"start":{"line":13,"column":4},"end":{"line":15,"column":7}},"7":{"start":{"line":14,"column":6},"end":{"line":14,"column":43}},"8":{"start":{"line":17,"column":4},"end":{"line":19,"column":5}},"9":{"start":{"line":18,"column":6},"end":{"line":18,"column":77}},"10":{"start":{"line":21,"column":4},"end":{"line":21,"column":11}}},"branchMap":{"1":{"line":9,"type":"if","locations":[{"start":{"line":9,"column":4},"end":{"line":9,"column":4}},{"start":{"line":9,"column":4},"end":{"line":9,"column":4}}]},"2":{"line":17,"type":"if","locations":[{"start":{"line":17,"column":4},"end":{"line":17,"column":4}},{"start":{"line":17,"column":4},"end":{"line":17,"column":4}}]}}},"/Users/shengrong/Documents/SFMeal/SFMealWeb/api/policies/isHost.js":{"path":"/Users/shengrong/Documents/SFMeal/SFMealWeb/api/policies/isHost.js","s":{"1":2,"2":48,"3":48,"4":48,"5":45,"6":3,"7":3,"8":3,"9":0,"10":0,"11":3},"b":{"1":[45,3],"2":[0,3]},"f":{"1":48,"2":3},"fnMap":{"1":{"name":"(anonymous_1)","line":10,"loc":{"start":{"line":10,"column":17},"end":{"line":10,"column":42}}},"2":{"name":"(anonymous_2)","line":18,"loc":{"start":{"line":18,"column":30},"end":{"line":18,"column":48}}}},"statementMap":{"1":{"start":{"line":10,"column":0},"end":{"line":28,"column":2}},"2":{"start":{"line":13,"column":2},"end":{"line":13,"column":35}},"3":{"start":{"line":14,"column":2},"end":{"line":14,"column":35}},"4":{"start":{"line":15,"column":2},"end":{"line":27,"column":3}},"5":{"start":{"line":16,"column":4},"end":{"line":16,"column":18}},"6":{"start":{"line":18,"column":4},"end":{"line":26,"column":7}},"7":{"start":{"line":19,"column":6},"end":{"line":19,"column":27}},"8":{"start":{"line":20,"column":6},"end":{"line":25,"column":7}},"9":{"start":{"line":21,"column":8},"end":{"line":21,"column":32}},"10":{"start":{"line":22,"column":8},"end":{"line":22,"column":22}},"11":{"start":{"line":24,"column":8},"end":{"line":24,"column":53}}},"branchMap":{"1":{"line":15,"type":"if","locations":[{"start":{"line":15,"column":2},"end":{"line":15,"column":2}},{"start":{"line":15,"column":2},"end":{"line":15,"column":2}}]},"2":{"line":20,"type":"if","locations":[{"start":{"line":20,"column":6},"end":{"line":20,"column":6}},{"start":{"line":20,"column":6},"end":{"line":20,"column":6}}]}}},"/Users/shengrong/Documents/SFMeal/SFMealWeb/api/policies/isOwnerOfMeal.js":{"path":"/Users/shengrong/Documents/SFMeal/SFMealWeb/api/policies/isOwnerOfMeal.js","s":{"1":2,"2":17,"3":17,"4":17,"5":17,"6":17,"7":0},"b":{"1":[0,17],"2":[17,15,0],"3":[17,0],"4":[17,17]},"f":{"1":17,"2":17},"fnMap":{"1":{"name":"(anonymous_1)","line":10,"loc":{"start":{"line":10,"column":17},"end":{"line":10,"column":42}}},"2":{"name":"(anonymous_2)","line":15,"loc":{"start":{"line":15,"column":43},"end":{"line":15,"column":58}}}},"statementMap":{"1":{"start":{"line":10,"column":0},"end":{"line":21,"column":2}},"2":{"start":{"line":13,"column":2},"end":{"line":13,"column":91}},"3":{"start":{"line":14,"column":2},"end":{"line":14,"column":70}},"4":{"start":{"line":15,"column":2},"end":{"line":20,"column":5}},"5":{"start":{"line":16,"column":4},"end":{"line":18,"column":5}},"6":{"start":{"line":17,"column":6},"end":{"line":17,"column":20}},"7":{"start":{"line":19,"column":4},"end":{"line":19,"column":58}}},"branchMap":{"1":{"line":13,"type":"cond-expr","locations":[{"start":{"line":13,"column":42},"end":{"line":13,"column":66}},{"start":{"line":13,"column":69},"end":{"line":13,"column":90}}]},"2":{"line":14,"type":"binary-expr","locations":[{"start":{"line":14,"column":13},"end":{"line":14,"column":34}},{"start":{"line":14,"column":38},"end":{"line":14,"column":53}},{"start":{"line":14,"column":57},"end":{"line":14,"column":70}}]},"3":{"line":16,"type":"if","locations":[{"start":{"line":16,"column":4},"end":{"line":16,"column":4}},{"start":{"line":16,"column":4},"end":{"line":16,"column":4}}]},"4":{"line":16,"type":"binary-expr","locations":[{"start":{"line":16,"column":7},"end":{"line":16,"column":13}},{"start":{"line":16,"column":17},"end":{"line":16,"column":36}}]}}},"/Users/shengrong/Documents/SFMeal/SFMealWeb/api/policies/isOwnerOfCard.js":{"path":"/Users/shengrong/Documents/SFMeal/SFMealWeb/api/policies/isOwnerOfCard.js","s":{"1":2,"2":3,"3":3,"4":3,"5":3,"6":0,"7":3,"8":0,"9":3,"10":3,"11":0},"b":{"1":[0,3],"2":[0,3],"3":[3,0]},"f":{"1":3,"2":3},"fnMap":{"1":{"name":"(anonymous_1)","line":10,"loc":{"start":{"line":10,"column":17},"end":{"line":10,"column":42}}},"2":{"name":"(anonymous_2)","line":15,"loc":{"start":{"line":15,"column":34},"end":{"line":15,"column":49}}}},"statementMap":{"1":{"start":{"line":10,"column":0},"end":{"line":28,"column":2}},"2":{"start":{"line":13,"column":2},"end":{"line":13,"column":35}},"3":{"start":{"line":14,"column":2},"end":{"line":14,"column":34}},"4":{"start":{"line":15,"column":2},"end":{"line":27,"column":5}},"5":{"start":{"line":16,"column":4},"end":{"line":18,"column":5}},"6":{"start":{"line":17,"column":6},"end":{"line":17,"column":33}},"7":{"start":{"line":19,"column":4},"end":{"line":21,"column":5}},"8":{"start":{"line":20,"column":6},"end":{"line":20,"column":28}},"9":{"start":{"line":22,"column":4},"end":{"line":26,"column":5}},"10":{"start":{"line":23,"column":6},"end":{"line":23,"column":20}},"11":{"start":{"line":25,"column":6},"end":{"line":25,"column":60}}},"branchMap":{"1":{"line":16,"type":"if","locations":[{"start":{"line":16,"column":4},"end":{"line":16,"column":4}},{"start":{"line":16,"column":4},"end":{"line":16,"column":4}}]},"2":{"line":19,"type":"if","locations":[{"start":{"line":19,"column":4},"end":{"line":19,"column":4}},{"start":{"line":19,"column":4},"end":{"line":19,"column":4}}]},"3":{"line":22,"type":"if","locations":[{"start":{"line":22,"column":4},"end":{"line":22,"column":4}},{"start":{"line":22,"column":4},"end":{"line":22,"column":4}}]}}},"/Users/shengrong/Documents/SFMeal/SFMealWeb/api/policies/isBelongToOrder.js":{"path":"/Users/shengrong/Documents/SFMeal/SFMealWeb/api/policies/isBelongToOrder.js","s":{"1":2,"2":29,"3":29,"4":29,"5":29,"6":29,"7":0,"8":29,"9":29,"10":0},"b":{"1":[11,18],"2":[11,11],"3":[29,0],"4":[0,0],"5":[0,29],"6":[29,0],"7":[29,29,29,11]},"f":{"1":29,"2":29},"fnMap":{"1":{"name":"(anonymous_1)","line":10,"loc":{"start":{"line":10,"column":17},"end":{"line":10,"column":42}}},"2":{"name":"(anonymous_2)","line":16,"loc":{"start":{"line":16,"column":68},"end":{"line":16,"column":87}}}},"statementMap":{"1":{"start":{"line":10,"column":0},"end":{"line":26,"column":2}},"2":{"start":{"line":13,"column":2},"end":{"line":13,"column":35}},"3":{"start":{"line":14,"column":2},"end":{"line":14,"column":96}},"4":{"start":{"line":15,"column":2},"end":{"line":15,"column":66}},"5":{"start":{"line":16,"column":2},"end":{"line":25,"column":5}},"6":{"start":{"line":17,"column":4},"end":{"line":19,"column":5}},"7":{"start":{"line":18,"column":6},"end":{"line":18,"column":33}},"8":{"start":{"line":20,"column":4},"end":{"line":24,"column":5}},"9":{"start":{"line":21,"column":6},"end":{"line":21,"column":13}},"10":{"start":{"line":23,"column":6},"end":{"line":23,"column":78}}},"branchMap":{"1":{"line":14,"type":"cond-expr","locations":[{"start":{"line":14,"column":40},"end":{"line":14,"column":89}},{"start":{"line":14,"column":93},"end":{"line":14,"column":95}}]},"2":{"line":14,"type":"binary-expr","locations":[{"start":{"line":14,"column":40},"end":{"line":14,"column":64}},{"start":{"line":14,"column":68},"end":{"line":14,"column":89}}]},"3":{"line":15,"type":"binary-expr","locations":[{"start":{"line":15,"column":16},"end":{"line":15,"column":29}},{"start":{"line":15,"column":34},"end":{"line":15,"column":64}}]},"4":{"line":15,"type":"cond-expr","locations":[{"start":{"line":15,"column":45},"end":{"line":15,"column":59}},{"start":{"line":15,"column":62},"end":{"line":15,"column":64}}]},"5":{"line":17,"type":"if","locations":[{"start":{"line":17,"column":4},"end":{"line":17,"column":4}},{"start":{"line":17,"column":4},"end":{"line":17,"column":4}}]},"6":{"line":20,"type":"if","locations":[{"start":{"line":20,"column":4},"end":{"line":20,"column":4}},{"start":{"line":20,"column":4},"end":{"line":20,"column":4}}]},"7":{"line":20,"type":"binary-expr","locations":[{"start":{"line":20,"column":7},"end":{"line":20,"column":12}},{"start":{"line":20,"column":18},"end":{"line":20,"column":32}},{"start":{"line":20,"column":36},"end":{"line":20,"column":63}},{"start":{"line":20,"column":68},"end":{"line":20,"column":91}}]}}},"/Users/shengrong/Documents/SFMeal/SFMealWeb/api/policies/isAuthorizedForAction.js":{"path":"/Users/shengrong/Documents/SFMeal/SFMealWeb/api/policies/isAuthorizedForAction.js","s":{"1":2,"2":29,"3":29,"4":29,"5":29,"6":29,"7":0,"8":29,"9":7,"10":7,"11":5,"12":2,"13":1,"14":1,"15":22,"16":20,"17":1,"18":19,"19":2,"20":17,"21":2,"22":1,"23":0,"24":1,"25":0,"26":1,"27":1,"28":1,"29":0,"30":1,"31":0,"32":1,"33":0},"b":{"1":[11,18],"2":[0,11],"3":[0,29],"4":[7,22],"5":[29,24],"6":[5,2],"7":[7,5,5],"8":[1,1],"9":[2,2,1],"10":[20,2],"11":[22,10,3],"12":[1,19],"13":[20,7],"14":[2,17],"15":[19,13,2],"16":[1,1],"17":[0,1],"18":[0,1],"19":[1,1],"20":[1,0],"21":[0,1],"22":[0,1],"23":[1,1]},"f":{"1":29,"2":29},"fnMap":{"1":{"name":"(anonymous_1)","line":10,"loc":{"start":{"line":10,"column":17},"end":{"line":10,"column":42}}},"2":{"name":"(anonymous_2)","line":16,"loc":{"start":{"line":16,"column":47},"end":{"line":16,"column":66}}}},"statementMap":{"1":{"start":{"line":10,"column":0},"end":{"line":56,"column":2}},"2":{"start":{"line":13,"column":2},"end":{"line":13,"column":122}},"3":{"start":{"line":14,"column":2},"end":{"line":14,"column":32}},"4":{"start":{"line":15,"column":2},"end":{"line":15,"column":41}},"5":{"start":{"line":16,"column":2},"end":{"line":55,"column":5}},"6":{"start":{"line":17,"column":4},"end":{"line":19,"column":5}},"7":{"start":{"line":18,"column":6},"end":{"line":18,"column":33}},"8":{"start":{"line":20,"column":4},"end":{"line":54,"column":5}},"9":{"start":{"line":21,"column":6},"end":{"line":21,"column":46}},"10":{"start":{"line":22,"column":6},"end":{"line":28,"column":7}},"11":{"start":{"line":23,"column":8},"end":{"line":23,"column":22}},"12":{"start":{"line":24,"column":12},"end":{"line":28,"column":7}},"13":{"start":{"line":25,"column":8},"end":{"line":25,"column":22}},"14":{"start":{"line":27,"column":8},"end":{"line":27,"column":78}},"15":{"start":{"line":29,"column":10},"end":{"line":54,"column":5}},"16":{"start":{"line":30,"column":6},"end":{"line":32,"column":7}},"17":{"start":{"line":31,"column":8},"end":{"line":31,"column":84}},"18":{"start":{"line":33,"column":6},"end":{"line":35,"column":7}},"19":{"start":{"line":34,"column":8},"end":{"line":34,"column":80}},"20":{"start":{"line":36,"column":6},"end":{"line":36,"column":20}},"21":{"start":{"line":37,"column":10},"end":{"line":54,"column":5}},"22":{"start":{"line":38,"column":6},"end":{"line":42,"column":7}},"23":{"start":{"line":39,"column":8},"end":{"line":39,"column":69}},"24":{"start":{"line":40,"column":12},"end":{"line":42,"column":7}},"25":{"start":{"line":41,"column":8},"end":{"line":41,"column":77}},"26":{"start":{"line":43,"column":6},"end":{"line":43,"column":20}},"27":{"start":{"line":44,"column":10},"end":{"line":54,"column":5}},"28":{"start":{"line":45,"column":6},"end":{"line":47,"column":7}},"29":{"start":{"line":46,"column":8},"end":{"line":46,"column":70}},"30":{"start":{"line":48,"column":6},"end":{"line":50,"column":7}},"31":{"start":{"line":49,"column":8},"end":{"line":49,"column":77}},"32":{"start":{"line":51,"column":6},"end":{"line":51,"column":20}},"33":{"start":{"line":53,"column":6},"end":{"line":53,"column":50}}},"branchMap":{"1":{"line":13,"type":"cond-expr","locations":[{"start":{"line":13,"column":40},"end":{"line":13,"column":115}},{"start":{"line":13,"column":119},"end":{"line":13,"column":121}}]},"2":{"line":13,"type":"cond-expr","locations":[{"start":{"line":13,"column":67},"end":{"line":13,"column":91}},{"start":{"line":13,"column":94},"end":{"line":13,"column":115}}]},"3":{"line":17,"type":"if","locations":[{"start":{"line":17,"column":4},"end":{"line":17,"column":4}},{"start":{"line":17,"column":4},"end":{"line":17,"column":4}}]},"4":{"line":20,"type":"if","locations":[{"start":{"line":20,"column":4},"end":{"line":20,"column":4}},{"start":{"line":20,"column":4},"end":{"line":20,"column":4}}]},"5":{"line":20,"type":"binary-expr","locations":[{"start":{"line":20,"column":7},"end":{"line":20,"column":26}},{"start":{"line":20,"column":30},"end":{"line":20,"column":48}}]},"6":{"line":22,"type":"if","locations":[{"start":{"line":22,"column":6},"end":{"line":22,"column":6}},{"start":{"line":22,"column":6},"end":{"line":22,"column":6}}]},"7":{"line":22,"type":"binary-expr","locations":[{"start":{"line":22,"column":9},"end":{"line":22,"column":27}},{"start":{"line":22,"column":31},"end":{"line":22,"column":37}},{"start":{"line":22,"column":41},"end":{"line":22,"column":64}}]},"8":{"line":24,"type":"if","locations":[{"start":{"line":24,"column":12},"end":{"line":24,"column":12}},{"start":{"line":24,"column":12},"end":{"line":24,"column":12}}]},"9":{"line":24,"type":"binary-expr","locations":[{"start":{"line":24,"column":15},"end":{"line":24,"column":34}},{"start":{"line":24,"column":39},"end":{"line":24,"column":46}},{"start":{"line":24,"column":50},"end":{"line":24,"column":73}}]},"10":{"line":29,"type":"if","locations":[{"start":{"line":29,"column":10},"end":{"line":29,"column":10}},{"start":{"line":29,"column":10},"end":{"line":29,"column":10}}]},"11":{"line":29,"type":"binary-expr","locations":[{"start":{"line":29,"column":13},"end":{"line":29,"column":31}},{"start":{"line":29,"column":35},"end":{"line":29,"column":53}},{"start":{"line":29,"column":57},"end":{"line":29,"column":80}}]},"12":{"line":30,"type":"if","locations":[{"start":{"line":30,"column":6},"end":{"line":30,"column":6}},{"start":{"line":30,"column":6},"end":{"line":30,"column":6}}]},"13":{"line":30,"type":"binary-expr","locations":[{"start":{"line":30,"column":9},"end":{"line":30,"column":35}},{"start":{"line":30,"column":39},"end":{"line":30,"column":66}}]},"14":{"line":33,"type":"if","locations":[{"start":{"line":33,"column":6},"end":{"line":33,"column":6}},{"start":{"line":33,"column":6},"end":{"line":33,"column":6}}]},"15":{"line":33,"type":"binary-expr","locations":[{"start":{"line":33,"column":9},"end":{"line":33,"column":35}},{"start":{"line":33,"column":39},"end":{"line":33,"column":45}},{"start":{"line":33,"column":49},"end":{"line":33,"column":72}}]},"16":{"line":37,"type":"if","locations":[{"start":{"line":37,"column":10},"end":{"line":37,"column":10}},{"start":{"line":37,"column":10},"end":{"line":37,"column":10}}]},"17":{"line":38,"type":"if","locations":[{"start":{"line":38,"column":6},"end":{"line":38,"column":6}},{"start":{"line":38,"column":6},"end":{"line":38,"column":6}}]},"18":{"line":40,"type":"if","locations":[{"start":{"line":40,"column":12},"end":{"line":40,"column":12}},{"start":{"line":40,"column":12},"end":{"line":40,"column":12}}]},"19":{"line":40,"type":"binary-expr","locations":[{"start":{"line":40,"column":15},"end":{"line":40,"column":22}},{"start":{"line":40,"column":26},"end":{"line":40,"column":49}}]},"20":{"line":44,"type":"if","locations":[{"start":{"line":44,"column":10},"end":{"line":44,"column":10}},{"start":{"line":44,"column":10},"end":{"line":44,"column":10}}]},"21":{"line":45,"type":"if","locations":[{"start":{"line":45,"column":6},"end":{"line":45,"column":6}},{"start":{"line":45,"column":6},"end":{"line":45,"column":6}}]},"22":{"line":48,"type":"if","locations":[{"start":{"line":48,"column":6},"end":{"line":48,"column":6}},{"start":{"line":48,"column":6},"end":{"line":48,"column":6}}]},"23":{"line":48,"type":"binary-expr","locations":[{"start":{"line":48,"column":9},"end":{"line":48,"column":16}},{"start":{"line":48,"column":20},"end":{"line":48,"column":43}}]}}},"/Users/shengrong/Documents/SFMeal/SFMealWeb/api/policies/isOwnerOfDish.js":{"path":"/Users/shengrong/Documents/SFMeal/SFMealWeb/api/policies/isOwnerOfDish.js","s":{"1":2,"2":5,"3":5,"4":5,"5":5,"6":4,"7":1},"b":{"1":[0,5],"2":[5,5,0],"3":[4,1],"4":[5,5]},"f":{"1":5,"2":5},"fnMap":{"1":{"name":"(anonymous_1)","line":10,"loc":{"start":{"line":10,"column":17},"end":{"line":10,"column":42}}},"2":{"name":"(anonymous_2)","line":15,"loc":{"start":{"line":15,"column":45},"end":{"line":15,"column":63}}}},"statementMap":{"1":{"start":{"line":10,"column":0},"end":{"line":21,"column":2}},"2":{"start":{"line":13,"column":2},"end":{"line":13,"column":91}},"3":{"start":{"line":14,"column":2},"end":{"line":14,"column":73}},"4":{"start":{"line":15,"column":2},"end":{"line":20,"column":5}},"5":{"start":{"line":16,"column":4},"end":{"line":18,"column":5}},"6":{"start":{"line":17,"column":6},"end":{"line":17,"column":20}},"7":{"start":{"line":19,"column":4},"end":{"line":19,"column":74}}},"branchMap":{"1":{"line":13,"type":"cond-expr","locations":[{"start":{"line":13,"column":42},"end":{"line":13,"column":66}},{"start":{"line":13,"column":69},"end":{"line":13,"column":90}}]},"2":{"line":14,"type":"binary-expr","locations":[{"start":{"line":14,"column":15},"end":{"line":14,"column":36}},{"start":{"line":14,"column":40},"end":{"line":14,"column":55}},{"start":{"line":14,"column":59},"end":{"line":14,"column":72}}]},"3":{"line":16,"type":"if","locations":[{"start":{"line":16,"column":4},"end":{"line":16,"column":4}},{"start":{"line":16,"column":4},"end":{"line":16,"column":4}}]},"4":{"line":16,"type":"binary-expr","locations":[{"start":{"line":16,"column":7},"end":{"line":16,"column":13}},{"start":{"line":16,"column":17},"end":{"line":16,"column":39}}]}}},"/Users/shengrong/Documents/SFMeal/SFMealWeb/api/responses/badRequest.js":{"path":"/Users/shengrong/Documents/SFMeal/SFMealWeb/api/responses/badRequest.js","s":{"1":1,"2":45,"3":45,"4":45,"5":45,"6":45,"7":45,"8":0,"9":45,"10":45,"11":0,"12":0,"13":0,"14":0,"15":0},"b":{"1":[45,0],"2":[45,0],"3":[0,0],"4":[0,0],"5":[0,0]},"f":{"1":45,"2":0},"fnMap":{"1":{"name":"badRequest","line":18,"loc":{"start":{"line":18,"column":17},"end":{"line":18,"column":52}}},"2":{"name":"couldNotGuessView","line":59,"loc":{"start":{"line":59,"column":44},"end":{"line":59,"column":74}}}},"statementMap":{"1":{"start":{"line":18,"column":0},"end":{"line":63,"column":2}},"2":{"start":{"line":21,"column":2},"end":{"line":21,"column":21}},"3":{"start":{"line":22,"column":2},"end":{"line":22,"column":21}},"4":{"start":{"line":23,"column":2},"end":{"line":23,"column":25}},"5":{"start":{"line":26,"column":2},"end":{"line":26,"column":18}},"6":{"start":{"line":29,"column":2},"end":{"line":32,"column":65}},"7":{"start":{"line":30,"column":4},"end":{"line":30,"column":71}},"8":{"start":{"line":32,"column":7},"end":{"line":32,"column":65}},"9":{"start":{"line":42,"column":2},"end":{"line":44,"column":3}},"10":{"start":{"line":43,"column":4},"end":{"line":43,"column":27}},"11":{"start":{"line":48,"column":2},"end":{"line":48,"column":78}},"12":{"start":{"line":53,"column":2},"end":{"line":61,"column":5}},"13":{"start":{"line":54,"column":4},"end":{"line":54,"column":50}},"14":{"start":{"line":59,"column":7},"end":{"line":61,"column":5}},"15":{"start":{"line":60,"column":4},"end":{"line":60,"column":27}}},"branchMap":{"1":{"line":29,"type":"if","locations":[{"start":{"line":29,"column":2},"end":{"line":29,"column":2}},{"start":{"line":29,"column":2},"end":{"line":29,"column":2}}]},"2":{"line":42,"type":"if","locations":[{"start":{"line":42,"column":2},"end":{"line":42,"column":2}},{"start":{"line":42,"column":2},"end":{"line":42,"column":2}}]},"3":{"line":48,"type":"cond-expr","locations":[{"start":{"line":48,"column":44},"end":{"line":48,"column":61}},{"start":{"line":48,"column":64},"end":{"line":48,"column":77}}]},"4":{"line":48,"type":"binary-expr","locations":[{"start":{"line":48,"column":64},"end":{"line":48,"column":71}},{"start":{"line":48,"column":75},"end":{"line":48,"column":77}}]},"5":{"line":53,"type":"if","locations":[{"start":{"line":53,"column":2},"end":{"line":53,"column":2}},{"start":{"line":53,"column":2},"end":{"line":53,"column":2}}]}}},"/Users/shengrong/Documents/SFMeal/SFMealWeb/api/responses/forbidden.js":{"path":"/Users/shengrong/Documents/SFMeal/SFMealWeb/api/responses/forbidden.js","s":{"1":1,"2":20,"3":20,"4":20,"5":20,"6":20,"7":20,"8":0,"9":20,"10":20,"11":0,"12":0,"13":0,"14":0,"15":0,"16":0,"17":0,"18":0,"19":0,"20":0},"b":{"1":[20,0],"2":[20,0],"3":[0,0],"4":[0,0],"5":[0,0],"6":[0,0],"7":[0,0]},"f":{"1":20,"2":0},"fnMap":{"1":{"name":"forbidden","line":15,"loc":{"start":{"line":15,"column":17},"end":{"line":15,"column":52}}},"2":{"name":"(anonymous_2)","line":56,"loc":{"start":{"line":56,"column":81},"end":{"line":56,"column":102}}}},"statementMap":{"1":{"start":{"line":15,"column":0},"end":{"line":76,"column":2}},"2":{"start":{"line":18,"column":2},"end":{"line":18,"column":21}},"3":{"start":{"line":19,"column":2},"end":{"line":19,"column":21}},"4":{"start":{"line":20,"column":2},"end":{"line":20,"column":25}},"5":{"start":{"line":23,"column":2},"end":{"line":23,"column":18}},"6":{"start":{"line":26,"column":2},"end":{"line":29,"column":63}},"7":{"start":{"line":27,"column":4},"end":{"line":27,"column":69}},"8":{"start":{"line":29,"column":7},"end":{"line":29,"column":63}},"9":{"start":{"line":39,"column":2},"end":{"line":41,"column":3}},"10":{"start":{"line":40,"column":4},"end":{"line":40,"column":27}},"11":{"start":{"line":45,"column":2},"end":{"line":45,"column":78}},"12":{"start":{"line":50,"column":2},"end":{"line":74,"column":5}},"13":{"start":{"line":51,"column":4},"end":{"line":51,"column":50}},"14":{"start":{"line":56,"column":7},"end":{"line":74,"column":5}},"15":{"start":{"line":59,"column":4},"end":{"line":71,"column":5}},"16":{"start":{"line":63,"column":6},"end":{"line":69,"column":7}},"17":{"start":{"line":64,"column":8},"end":{"line":64,"column":124}},"18":{"start":{"line":68,"column":8},"end":{"line":68,"column":145}},"19":{"start":{"line":70,"column":6},"end":{"line":70,"column":29}},"20":{"start":{"line":73,"column":4},"end":{"line":73,"column":26}}},"branchMap":{"1":{"line":26,"type":"if","locations":[{"start":{"line":26,"column":2},"end":{"line":26,"column":2}},{"start":{"line":26,"column":2},"end":{"line":26,"column":2}}]},"2":{"line":39,"type":"if","locations":[{"start":{"line":39,"column":2},"end":{"line":39,"column":2}},{"start":{"line":39,"column":2},"end":{"line":39,"column":2}}]},"3":{"line":45,"type":"cond-expr","locations":[{"start":{"line":45,"column":44},"end":{"line":45,"column":61}},{"start":{"line":45,"column":64},"end":{"line":45,"column":77}}]},"4":{"line":45,"type":"binary-expr","locations":[{"start":{"line":45,"column":64},"end":{"line":45,"column":71}},{"start":{"line":45,"column":75},"end":{"line":45,"column":77}}]},"5":{"line":50,"type":"if","locations":[{"start":{"line":50,"column":2},"end":{"line":50,"column":2}},{"start":{"line":50,"column":2},"end":{"line":50,"column":2}}]},"6":{"line":59,"type":"if","locations":[{"start":{"line":59,"column":4},"end":{"line":59,"column":4}},{"start":{"line":59,"column":4},"end":{"line":59,"column":4}}]},"7":{"line":63,"type":"if","locations":[{"start":{"line":63,"column":6},"end":{"line":63,"column":6}},{"start":{"line":63,"column":6},"end":{"line":63,"column":6}}]}}},"/Users/shengrong/Documents/SFMeal/SFMealWeb/api/responses/notFound.js":{"path":"/Users/shengrong/Documents/SFMeal/SFMealWeb/api/responses/notFound.js","s":{"1":1,"2":0,"3":0,"4":0,"5":0,"6":0,"7":0,"8":0,"9":0,"10":0,"11":0,"12":0,"13":0,"14":0,"15":0,"16":0,"17":0,"18":0,"19":0,"20":0,"21":0,"22":0},"b":{"1":[0,0],"2":[0,0],"3":[0,0],"4":[0,0],"5":[0,0],"6":[0,0],"7":[0,0],"8":[0,0]},"f":{"1":0,"2":0},"fnMap":{"1":{"name":"notFound","line":20,"loc":{"start":{"line":20,"column":17},"end":{"line":20,"column":51}}},"2":{"name":"(anonymous_2)","line":61,"loc":{"start":{"line":61,"column":46},"end":{"line":61,"column":67}}}},"statementMap":{"1":{"start":{"line":20,"column":0},"end":{"line":81,"column":2}},"2":{"start":{"line":23,"column":2},"end":{"line":23,"column":21}},"3":{"start":{"line":24,"column":2},"end":{"line":24,"column":21}},"4":{"start":{"line":25,"column":2},"end":{"line":25,"column":25}},"5":{"start":{"line":28,"column":2},"end":{"line":28,"column":18}},"6":{"start":{"line":31,"column":2},"end":{"line":34,"column":63}},"7":{"start":{"line":32,"column":4},"end":{"line":32,"column":69}},"8":{"start":{"line":34,"column":7},"end":{"line":34,"column":63}},"9":{"start":{"line":39,"column":2},"end":{"line":41,"column":3}},"10":{"start":{"line":40,"column":4},"end":{"line":40,"column":21}},"11":{"start":{"line":44,"column":2},"end":{"line":46,"column":3}},"12":{"start":{"line":45,"column":4},"end":{"line":45,"column":27}},"13":{"start":{"line":50,"column":2},"end":{"line":50,"column":78}},"14":{"start":{"line":55,"column":2},"end":{"line":79,"column":5}},"15":{"start":{"line":56,"column":4},"end":{"line":56,"column":50}},"16":{"start":{"line":61,"column":7},"end":{"line":79,"column":5}},"17":{"start":{"line":64,"column":4},"end":{"line":76,"column":5}},"18":{"start":{"line":68,"column":6},"end":{"line":74,"column":7}},"19":{"start":{"line":69,"column":8},"end":{"line":69,"column":123}},"20":{"start":{"line":73,"column":8},"end":{"line":73,"column":144}},"21":{"start":{"line":75,"column":6},"end":{"line":75,"column":29}},"22":{"start":{"line":78,"column":4},"end":{"line":78,"column":26}}},"branchMap":{"1":{"line":31,"type":"if","locations":[{"start":{"line":31,"column":2},"end":{"line":31,"column":2}},{"start":{"line":31,"column":2},"end":{"line":31,"column":2}}]},"2":{"line":39,"type":"if","locations":[{"start":{"line":39,"column":2},"end":{"line":39,"column":2}},{"start":{"line":39,"column":2},"end":{"line":39,"column":2}}]},"3":{"line":44,"type":"if","locations":[{"start":{"line":44,"column":2},"end":{"line":44,"column":2}},{"start":{"line":44,"column":2},"end":{"line":44,"column":2}}]},"4":{"line":50,"type":"cond-expr","locations":[{"start":{"line":50,"column":44},"end":{"line":50,"column":61}},{"start":{"line":50,"column":64},"end":{"line":50,"column":77}}]},"5":{"line":50,"type":"binary-expr","locations":[{"start":{"line":50,"column":64},"end":{"line":50,"column":71}},{"start":{"line":50,"column":75},"end":{"line":50,"column":77}}]},"6":{"line":55,"type":"if","locations":[{"start":{"line":55,"column":2},"end":{"line":55,"column":2}},{"start":{"line":55,"column":2},"end":{"line":55,"column":2}}]},"7":{"line":64,"type":"if","locations":[{"start":{"line":64,"column":4},"end":{"line":64,"column":4}},{"start":{"line":64,"column":4},"end":{"line":64,"column":4}}]},"8":{"line":68,"type":"if","locations":[{"start":{"line":68,"column":6},"end":{"line":68,"column":6}},{"start":{"line":68,"column":6},"end":{"line":68,"column":6}}]}}},"/Users/shengrong/Documents/SFMeal/SFMealWeb/api/responses/ok.js":{"path":"/Users/shengrong/Documents/SFMeal/SFMealWeb/api/responses/ok.js","s":{"1":1,"2":171,"3":171,"4":171,"5":171,"6":171,"7":171,"8":171,"9":0,"10":0,"11":0,"12":0,"13":0},"b":{"1":[171,0],"2":[0,0],"3":[0,0],"4":[0,0]},"f":{"1":171,"2":0},"fnMap":{"1":{"name":"sendOK","line":14,"loc":{"start":{"line":14,"column":17},"end":{"line":14,"column":49}}},"2":{"name":"couldNotGuessView","line":44,"loc":{"start":{"line":44,"column":44},"end":{"line":44,"column":74}}}},"statementMap":{"1":{"start":{"line":14,"column":0},"end":{"line":48,"column":2}},"2":{"start":{"line":17,"column":2},"end":{"line":17,"column":21}},"3":{"start":{"line":18,"column":2},"end":{"line":18,"column":21}},"4":{"start":{"line":19,"column":2},"end":{"line":19,"column":25}},"5":{"start":{"line":21,"column":2},"end":{"line":21,"column":61}},"6":{"start":{"line":24,"column":2},"end":{"line":24,"column":18}},"7":{"start":{"line":27,"column":2},"end":{"line":29,"column":3}},"8":{"start":{"line":28,"column":4},"end":{"line":28,"column":27}},"9":{"start":{"line":33,"column":2},"end":{"line":33,"column":78}},"10":{"start":{"line":38,"column":2},"end":{"line":46,"column":5}},"11":{"start":{"line":39,"column":4},"end":{"line":39,"column":50}},"12":{"start":{"line":44,"column":7},"end":{"line":46,"column":5}},"13":{"start":{"line":45,"column":4},"end":{"line":45,"column":27}}},"branchMap":{"1":{"line":27,"type":"if","locations":[{"start":{"line":27,"column":2},"end":{"line":27,"column":2}},{"start":{"line":27,"column":2},"end":{"line":27,"column":2}}]},"2":{"line":33,"type":"cond-expr","locations":[{"start":{"line":33,"column":44},"end":{"line":33,"column":61}},{"start":{"line":33,"column":64},"end":{"line":33,"column":77}}]},"3":{"line":33,"type":"binary-expr","locations":[{"start":{"line":33,"column":64},"end":{"line":33,"column":71}},{"start":{"line":33,"column":75},"end":{"line":33,"column":77}}]},"4":{"line":38,"type":"if","locations":[{"start":{"line":38,"column":2},"end":{"line":38,"column":2}},{"start":{"line":38,"column":2},"end":{"line":38,"column":2}}]}}},"/Users/shengrong/Documents/SFMeal/SFMealWeb/api/responses/serverError.js":{"path":"/Users/shengrong/Documents/SFMeal/SFMealWeb/api/responses/serverError.js","s":{"1":1,"2":0,"3":0,"4":0,"5":0,"6":0,"7":0,"8":0,"9":0,"10":0,"11":0,"12":0,"13":0,"14":0,"15":0,"16":0,"17":0,"18":0,"19":0,"20":0,"21":0,"22":0},"b":{"1":[0,0],"2":[0,0],"3":[0,0],"4":[0,0],"5":[0,0],"6":[0,0],"7":[0,0],"8":[0,0]},"f":{"1":0,"2":0},"fnMap":{"1":{"name":"serverError","line":15,"loc":{"start":{"line":15,"column":17},"end":{"line":15,"column":54}}},"2":{"name":"(anonymous_2)","line":56,"loc":{"start":{"line":56,"column":46},"end":{"line":56,"column":67}}}},"statementMap":{"1":{"start":{"line":15,"column":0},"end":{"line":76,"column":2}},"2":{"start":{"line":18,"column":2},"end":{"line":18,"column":21}},"3":{"start":{"line":19,"column":2},"end":{"line":19,"column":21}},"4":{"start":{"line":20,"column":2},"end":{"line":20,"column":25}},"5":{"start":{"line":23,"column":2},"end":{"line":23,"column":18}},"6":{"start":{"line":26,"column":2},"end":{"line":29,"column":70}},"7":{"start":{"line":27,"column":4},"end":{"line":27,"column":70}},"8":{"start":{"line":29,"column":7},"end":{"line":29,"column":70}},"9":{"start":{"line":34,"column":2},"end":{"line":36,"column":3}},"10":{"start":{"line":35,"column":4},"end":{"line":35,"column":21}},"11":{"start":{"line":39,"column":2},"end":{"line":41,"column":3}},"12":{"start":{"line":40,"column":4},"end":{"line":40,"column":27}},"13":{"start":{"line":45,"column":2},"end":{"line":45,"column":78}},"14":{"start":{"line":50,"column":2},"end":{"line":74,"column":5}},"15":{"start":{"line":51,"column":4},"end":{"line":51,"column":50}},"16":{"start":{"line":56,"column":7},"end":{"line":74,"column":5}},"17":{"start":{"line":59,"column":4},"end":{"line":71,"column":5}},"18":{"start":{"line":63,"column":6},"end":{"line":69,"column":7}},"19":{"start":{"line":64,"column":8},"end":{"line":64,"column":126}},"20":{"start":{"line":68,"column":8},"end":{"line":68,"column":147}},"21":{"start":{"line":70,"column":6},"end":{"line":70,"column":29}},"22":{"start":{"line":73,"column":4},"end":{"line":73,"column":26}}},"branchMap":{"1":{"line":26,"type":"if","locations":[{"start":{"line":26,"column":2},"end":{"line":26,"column":2}},{"start":{"line":26,"column":2},"end":{"line":26,"column":2}}]},"2":{"line":34,"type":"if","locations":[{"start":{"line":34,"column":2},"end":{"line":34,"column":2}},{"start":{"line":34,"column":2},"end":{"line":34,"column":2}}]},"3":{"line":39,"type":"if","locations":[{"start":{"line":39,"column":2},"end":{"line":39,"column":2}},{"start":{"line":39,"column":2},"end":{"line":39,"column":2}}]},"4":{"line":45,"type":"cond-expr","locations":[{"start":{"line":45,"column":44},"end":{"line":45,"column":61}},{"start":{"line":45,"column":64},"end":{"line":45,"column":77}}]},"5":{"line":45,"type":"binary-expr","locations":[{"start":{"line":45,"column":64},"end":{"line":45,"column":71}},{"start":{"line":45,"column":75},"end":{"line":45,"column":77}}]},"6":{"line":50,"type":"if","locations":[{"start":{"line":50,"column":2},"end":{"line":50,"column":2}},{"start":{"line":50,"column":2},"end":{"line":50,"column":2}}]},"7":{"line":59,"type":"if","locations":[{"start":{"line":59,"column":4},"end":{"line":59,"column":4}},{"start":{"line":59,"column":4},"end":{"line":59,"column":4}}]},"8":{"line":63,"type":"if","locations":[{"start":{"line":63,"column":6},"end":{"line":63,"column":6}},{"start":{"line":63,"column":6},"end":{"line":63,"column":6}}]}}},"/Users/shengrong/Documents/SFMeal/SFMealWeb/api/services/geocode.js":{"path":"/Users/shengrong/Documents/SFMeal/SFMealWeb/api/services/geocode.js","s":{"1":1,"2":1,"3":1,"4":1,"5":1,"6":10,"7":10,"8":10,"9":10,"10":0,"11":10,"12":0,"13":0,"14":0,"15":0,"16":0,"17":0,"18":13,"19":13,"20":13,"21":13,"22":0,"23":13,"24":0,"25":13,"26":13,"27":13,"28":0,"29":13,"30":0,"31":13,"32":13,"33":13,"34":13,"35":13,"36":13,"37":13,"38":13,"39":13,"40":13,"41":13,"42":13,"43":13,"44":13,"45":13,"46":13,"47":0,"48":13,"49":13,"50":13},"b":{"1":[0,10],"2":[0,0],"3":[0,13],"4":[0,13],"5":[0,13],"6":[0,13],"7":[0,13],"8":[13,0]},"f":{"1":10,"2":10,"3":0,"4":0,"5":0,"6":0,"7":13,"8":13,"9":13,"10":13},"fnMap":{"1":{"name":"(anonymous_1)","line":14,"loc":{"start":{"line":14,"column":12},"end":{"line":14,"column":33}}},"2":{"name":"(anonymous_2)","line":16,"loc":{"start":{"line":16,"column":30},"end":{"line":16,"column":49}}},"3":{"name":"(anonymous_3)","line":25,"loc":{"start":{"line":25,"column":16},"end":{"line":25,"column":34}}},"4":{"name":"(anonymous_4)","line":26,"loc":{"start":{"line":26,"column":27},"end":{"line":26,"column":46}}},"5":{"name":"(anonymous_5)","line":31,"loc":{"start":{"line":31,"column":19},"end":{"line":31,"column":40}}},"6":{"name":"(anonymous_6)","line":32,"loc":{"start":{"line":32,"column":76},"end":{"line":32,"column":95}}},"7":{"name":"(anonymous_7)","line":41,"loc":{"start":{"line":41,"column":13},"end":{"line":41,"column":57}}},"8":{"name":"(anonymous_8)","line":44,"loc":{"start":{"line":44,"column":43},"end":{"line":44,"column":61}}},"9":{"name":"(anonymous_9)","line":52,"loc":{"start":{"line":52,"column":61},"end":{"line":52,"column":79}}},"10":{"name":"(anonymous_10)","line":66,"loc":{"start":{"line":66,"column":16},"end":{"line":66,"column":44}}}},"statementMap":{"1":{"start":{"line":5,"column":0},"end":{"line":5,"column":32}},"2":{"start":{"line":6,"column":0},"end":{"line":6,"column":26}},"3":{"start":{"line":7,"column":0},"end":{"line":10,"column":2}},"4":{"start":{"line":11,"column":0},"end":{"line":11,"column":78}},"5":{"start":{"line":13,"column":0},"end":{"line":84,"column":1}},"6":{"start":{"line":15,"column":4},"end":{"line":15,"column":54}},"7":{"start":{"line":16,"column":4},"end":{"line":22,"column":7}},"8":{"start":{"line":17,"column":6},"end":{"line":17,"column":50}},"9":{"start":{"line":18,"column":6},"end":{"line":20,"column":7}},"10":{"start":{"line":19,"column":8},"end":{"line":19,"column":23}},"11":{"start":{"line":21,"column":6},"end":{"line":21,"column":19}},"12":{"start":{"line":26,"column":4},"end":{"line":28,"column":7}},"13":{"start":{"line":27,"column":6},"end":{"line":27,"column":20}},"14":{"start":{"line":32,"column":4},"end":{"line":38,"column":7}},"15":{"start":{"line":33,"column":6},"end":{"line":37,"column":7}},"16":{"start":{"line":34,"column":8},"end":{"line":34,"column":16}},"17":{"start":{"line":36,"column":8},"end":{"line":36,"column":20}},"18":{"start":{"line":42,"column":4},"end":{"line":42,"column":97}},"19":{"start":{"line":43,"column":4},"end":{"line":43,"column":21}},"20":{"start":{"line":44,"column":4},"end":{"line":63,"column":6}},"21":{"start":{"line":45,"column":6},"end":{"line":47,"column":7}},"22":{"start":{"line":46,"column":8},"end":{"line":46,"column":23}},"23":{"start":{"line":48,"column":6},"end":{"line":50,"column":7}},"24":{"start":{"line":49,"column":8},"end":{"line":49,"column":48}},"25":{"start":{"line":51,"column":6},"end":{"line":51,"column":68}},"26":{"start":{"line":52,"column":6},"end":{"line":62,"column":9}},"27":{"start":{"line":53,"column":8},"end":{"line":55,"column":9}},"28":{"start":{"line":54,"column":10},"end":{"line":54,"column":25}},"29":{"start":{"line":56,"column":8},"end":{"line":58,"column":9}},"30":{"start":{"line":57,"column":10},"end":{"line":57,"column":50}},"31":{"start":{"line":59,"column":8},"end":{"line":59,"column":74}},"32":{"start":{"line":60,"column":8},"end":{"line":60,"column":68}},"33":{"start":{"line":61,"column":8},"end":{"line":61,"column":27}},"34":{"start":{"line":67,"column":4},"end":{"line":67,"column":24}},"35":{"start":{"line":68,"column":4},"end":{"line":68,"column":26}},"36":{"start":{"line":69,"column":4},"end":{"line":69,"column":24}},"37":{"start":{"line":70,"column":4},"end":{"line":70,"column":26}},"38":{"start":{"line":71,"column":4},"end":{"line":71,"column":36}},"39":{"start":{"line":72,"column":4},"end":{"line":72,"column":36}},"40":{"start":{"line":73,"column":4},"end":{"line":73,"column":27}},"41":{"start":{"line":74,"column":4},"end":{"line":74,"column":38}},"42":{"start":{"line":75,"column":4},"end":{"line":75,"column":114}},"43":{"start":{"line":76,"column":4},"end":{"line":76,"column":26}},"44":{"start":{"line":77,"column":4},"end":{"line":77,"column":29}},"45":{"start":{"line":78,"column":4},"end":{"line":78,"column":29}},"46":{"start":{"line":79,"column":4},"end":{"line":79,"column":45}},"47":{"start":{"line":79,"column":21},"end":{"line":79,"column":44}},"48":{"start":{"line":80,"column":4},"end":{"line":80,"column":43}},"49":{"start":{"line":80,"column":21},"end":{"line":80,"column":42}},"50":{"start":{"line":81,"column":4},"end":{"line":81,"column":16}}},"branchMap":{"1":{"line":18,"type":"if","locations":[{"start":{"line":18,"column":6},"end":{"line":18,"column":6}},{"start":{"line":18,"column":6},"end":{"line":18,"column":6}}]},"2":{"line":33,"type":"if","locations":[{"start":{"line":33,"column":6},"end":{"line":33,"column":6}},{"start":{"line":33,"column":6},"end":{"line":33,"column":6}}]},"3":{"line":45,"type":"if","locations":[{"start":{"line":45,"column":6},"end":{"line":45,"column":6}},{"start":{"line":45,"column":6},"end":{"line":45,"column":6}}]},"4":{"line":48,"type":"if","locations":[{"start":{"line":48,"column":6},"end":{"line":48,"column":6}},{"start":{"line":48,"column":6},"end":{"line":48,"column":6}}]},"5":{"line":53,"type":"if","locations":[{"start":{"line":53,"column":8},"end":{"line":53,"column":8}},{"start":{"line":53,"column":8},"end":{"line":53,"column":8}}]},"6":{"line":56,"type":"if","locations":[{"start":{"line":56,"column":8},"end":{"line":56,"column":8}},{"start":{"line":56,"column":8},"end":{"line":56,"column":8}}]},"7":{"line":79,"type":"if","locations":[{"start":{"line":79,"column":4},"end":{"line":79,"column":4}},{"start":{"line":79,"column":4},"end":{"line":79,"column":4}}]},"8":{"line":80,"type":"if","locations":[{"start":{"line":80,"column":4},"end":{"line":80,"column":4}},{"start":{"line":80,"column":4},"end":{"line":80,"column":4}}]}}},"/Users/shengrong/Documents/SFMeal/SFMealWeb/api/services/mailchimp.js":{"path":"/Users/shengrong/Documents/SFMeal/SFMealWeb/api/services/mailchimp.js","s":{"1":1,"2":1,"3":1,"4":1,"5":2,"6":2,"7":0,"8":0,"9":0,"10":0,"11":2,"12":2,"13":2,"14":0,"15":0,"16":2,"17":2,"18":0,"19":0},"b":{"1":[0,0,2],"2":[0,2],"3":[0,2]},"f":{"1":2,"2":2},"fnMap":{"1":{"name":"(anonymous_1)","line":17,"loc":{"start":{"line":17,"column":20},"end":{"line":17,"column":44}}},"2":{"name":"(anonymous_2)","line":90,"loc":{"start":{"line":90,"column":27},"end":{"line":90,"column":48}}}},"statementMap":{"1":{"start":{"line":6,"column":0},"end":{"line":6,"column":40}},"2":{"start":{"line":7,"column":0},"end":{"line":7,"column":44}},"3":{"start":{"line":8,"column":0},"end":{"line":8,"column":35}},"4":{"start":{"line":10,"column":0},"end":{"line":100,"column":1}},"5":{"start":{"line":18,"column":4},"end":{"line":18,"column":14}},"6":{"start":{"line":19,"column":4},"end":{"line":85,"column":5}},"7":{"start":{"line":21,"column":8},"end":{"line":35,"column":10}},"8":{"start":{"line":36,"column":8},"end":{"line":36,"column":14}},"9":{"start":{"line":38,"column":8},"end":{"line":65,"column":10}},"10":{"start":{"line":66,"column":8},"end":{"line":66,"column":14}},"11":{"start":{"line":68,"column":8},"end":{"line":83,"column":10}},"12":{"start":{"line":84,"column":8},"end":{"line":84,"column":14}},"13":{"start":{"line":86,"column":4},"end":{"line":89,"column":5}},"14":{"start":{"line":87,"column":6},"end":{"line":87,"column":89}},"15":{"start":{"line":88,"column":6},"end":{"line":88,"column":13}},"16":{"start":{"line":90,"column":4},"end":{"line":98,"column":6}},"17":{"start":{"line":91,"column":6},"end":{"line":94,"column":7}},"18":{"start":{"line":92,"column":8},"end":{"line":92,"column":29}},"19":{"start":{"line":93,"column":8},"end":{"line":93,"column":15}}},"branchMap":{"1":{"line":19,"type":"switch","locations":[{"start":{"line":20,"column":6},"end":{"line":36,"column":14}},{"start":{"line":37,"column":6},"end":{"line":66,"column":14}},{"start":{"line":67,"column":6},"end":{"line":84,"column":14}}]},"2":{"line":86,"type":"if","locations":[{"start":{"line":86,"column":4},"end":{"line":86,"column":4}},{"start":{"line":86,"column":4},"end":{"line":86,"column":4}}]},"3":{"line":91,"type":"if","locations":[{"start":{"line":91,"column":6},"end":{"line":91,"column":6}},{"start":{"line":91,"column":6},"end":{"line":91,"column":6}}]}}},"/Users/shengrong/Documents/SFMeal/SFMealWeb/api/services/message.js":{"path":"/Users/shengrong/Documents/SFMeal/SFMealWeb/api/services/message.js","s":{"1":1,"2":1,"3":1,"4":1,"5":32,"6":0,"7":0,"8":32,"9":32,"10":32,"11":32,"12":32,"13":32,"14":0},"b":{"1":[0,32],"2":[32,0]},"f":{"1":32,"2":32},"fnMap":{"1":{"name":"(anonymous_1)","line":12,"loc":{"start":{"line":12,"column":16},"end":{"line":12,"column":44}}},"2":{"name":"(anonymous_2)","line":23,"loc":{"start":{"line":23,"column":7},"end":{"line":23,"column":31}}}},"statementMap":{"1":{"start":{"line":6,"column":0},"end":{"line":6,"column":45}},"2":{"start":{"line":7,"column":0},"end":{"line":7,"column":46}},"3":{"start":{"line":8,"column":0},"end":{"line":8,"column":54}},"4":{"start":{"line":10,"column":0},"end":{"line":31,"column":1}},"5":{"start":{"line":13,"column":4},"end":{"line":16,"column":5}},"6":{"start":{"line":14,"column":6},"end":{"line":14,"column":36}},"7":{"start":{"line":15,"column":6},"end":{"line":15,"column":13}},"8":{"start":{"line":17,"column":4},"end":{"line":17,"column":96}},"9":{"start":{"line":18,"column":4},"end":{"line":18,"column":38}},"10":{"start":{"line":19,"column":4},"end":{"line":29,"column":7}},"11":{"start":{"line":24,"column":6},"end":{"line":27,"column":7}},"12":{"start":{"line":25,"column":8},"end":{"line":25,"column":44}},"13":{"start":{"line":26,"column":8},"end":{"line":26,"column":15}},"14":{"start":{"line":28,"column":6},"end":{"line":28,"column":46}}},"branchMap":{"1":{"line":13,"type":"if","locations":[{"start":{"line":13,"column":4},"end":{"line":13,"column":4}},{"start":{"line":13,"column":4},"end":{"line":13,"column":4}}]},"2":{"line":24,"type":"if","locations":[{"start":{"line":24,"column":6},"end":{"line":24,"column":6}},{"start":{"line":24,"column":6},"end":{"line":24,"column":6}}]}}},"/Users/shengrong/Documents/SFMeal/SFMealWeb/api/services/notification.js":{"path":"/Users/shengrong/Documents/SFMeal/SFMealWeb/api/services/notification.js","s":{"1":1,"2":1,"3":1,"4":1,"5":1,"6":1,"7":39,"8":39,"9":39,"10":39,"11":39,"12":39,"13":1,"14":1,"15":1,"16":1,"17":38,"18":1,"19":1,"20":37,"21":37,"22":37,"23":37,"24":37,"25":37,"26":37,"27":36,"28":36,"29":12,"30":12,"31":12,"32":4,"33":4,"34":4,"35":4,"36":4,"37":4,"38":3,"39":3,"40":3,"41":2,"42":2,"43":2,"44":4,"45":4,"46":4,"47":1,"48":1,"49":1,"50":2,"51":2,"52":2,"53":0,"54":0,"55":0,"56":0,"57":1,"58":1,"59":0,"60":0,"61":0,"62":0,"63":0,"64":0,"65":41,"66":41,"67":41,"68":1,"69":40,"70":40,"71":41,"72":41,"73":41,"74":41,"75":41,"76":41,"77":41,"78":41,"79":38,"80":39,"81":39,"82":37,"83":12,"84":12,"85":12,"86":4,"87":4,"88":4,"89":4,"90":4,"91":4,"92":4,"93":0,"94":0,"95":0,"96":2,"97":2,"98":4,"99":4,"100":1,"101":1,"102":0,"103":0,"104":2,"105":2,"106":0,"107":0,"108":4,"109":4,"110":2,"111":1,"112":0,"113":0,"114":0,"115":0,"116":1,"117":1,"118":1,"119":1,"120":39,"121":1,"122":1,"123":0,"124":0,"125":1,"126":1,"127":0,"128":0,"129":38,"130":29,"131":29,"132":0,"133":0,"134":9,"135":1,"136":1,"137":1,"138":0,"139":0,"140":8,"141":7,"142":7,"143":0,"144":0,"145":41,"146":41,"147":31,"148":31,"149":10,"150":1,"151":1,"152":9,"153":9,"154":41,"155":41,"156":41,"157":38,"158":0,"159":0,"160":38,"161":3,"162":1,"163":0,"164":0,"165":0,"166":0,"167":1,"168":2,"169":1,"170":1,"171":1,"172":41,"173":41,"174":41,"175":38,"176":12,"177":12,"178":4,"179":4,"180":4,"181":4,"182":5,"183":5,"184":2,"185":2,"186":0,"187":0,"188":4,"189":4,"190":1,"191":1,"192":2,"193":2,"194":4,"195":4,"196":0,"197":0,"198":3,"199":1,"200":0,"201":0,"202":0,"203":0,"204":0,"205":0,"206":1,"207":1,"208":2,"209":1,"210":0,"211":0,"212":0,"213":0,"214":1,"215":1,"216":1,"217":1,"218":1,"219":1,"220":41,"221":1017,"222":917,"223":100,"224":41,"225":41,"226":35,"227":35,"228":41,"229":35,"230":41,"231":39,"232":39,"233":41,"234":0,"235":0,"236":0,"237":41,"238":40,"239":40,"240":1},"b":{"1":[39,10],"2":[39,38],"3":[1,38],"4":[1,37],"5":[34,3],"6":[27,7],"7":[7,0],"8":[29,8],"9":[29,0],"10":[36,1],"11":[2,34],"12":[12,4,4,3,2,4,1,2,0],"13":[3,1],"14":[2,0],"15":[0,4],"16":[1,0],"17":[1,1],"18":[0,0],"19":[0,0],"20":[1,0],"21":[0,0],"22":[1,40],"23":[40,0],"24":[36,4],"25":[28,8],"26":[8,0],"27":[41,21],"28":[40,1],"29":[0,41],"30":[38,3],"31":[7,34],"32":[38,38],"33":[37,2],"34":[12,4,4,4,0,2,4,1,0,2,0,4],"35":[1,1],"36":[0,0],"37":[0,0],"38":[0,0],"39":[1,0],"40":[1],"41":[1,38],"42":[0,1],"43":[0,1],"44":[29,9],"45":[0,29],"46":[1,8],"47":[1,0],"48":[0,1],"49":[7,1],"50":[0,7],"51":[31,10],"52":[31,0],"53":[31,0],"54":[1,9],"55":[9,1,1],"56":[1,0],"57":[38,3],"58":[0,38],"59":[1,2],"60":[0,0,1],"61":[1,1],"62":[1,0],"63":[38,3],"64":[12,4,4,5,2,0,4,1,2,4,0],"65":[1,2],"66":[0,0,0,1],"67":[1,1],"68":[0,0,1],"69":[1,0],"70":[1],"71":[917,100],"72":[35,6],"73":[35,6],"74":[39,2],"75":[0,41],"76":[40,1],"77":[41,40]},"f":{"1":39,"2":37,"3":41,"4":38,"5":39,"6":1,"7":1,"8":29,"9":1,"10":7,"11":41,"12":41,"13":41,"14":1017,"15":41,"16":0},"fnMap":{"1":{"name":"(anonymous_1)","line":29,"loc":{"start":{"line":29,"column":23},"end":{"line":29,"column":103}}},"2":{"name":"(anonymous_2)","line":55,"loc":{"start":{"line":55,"column":12},"end":{"line":55,"column":48}}},"3":{"name":"(anonymous_3)","line":163,"loc":{"start":{"line":163,"column":14},"end":{"line":163,"column":50}}},"4":{"name":"(anonymous_4)","line":192,"loc":{"start":{"line":192,"column":6},"end":{"line":192,"column":19}}},"5":{"name":"(anonymous_5)","line":197,"loc":{"start":{"line":197,"column":17},"end":{"line":197,"column":92}}},"6":{"name":"(anonymous_6)","line":259,"loc":{"start":{"line":259,"column":122},"end":{"line":259,"column":141}}},"7":{"name":"(anonymous_7)","line":265,"loc":{"start":{"line":265,"column":125},"end":{"line":265,"column":144}}},"8":{"name":"(anonymous_8)","line":272,"loc":{"start":{"line":272,"column":122},"end":{"line":272,"column":141}}},"9":{"name":"(anonymous_9)","line":280,"loc":{"start":{"line":280,"column":124},"end":{"line":280,"column":143}}},"10":{"name":"(anonymous_10)","line":289,"loc":{"start":{"line":289,"column":127},"end":{"line":289,"column":146}}},"11":{"name":"(anonymous_11)","line":299,"loc":{"start":{"line":299,"column":21},"end":{"line":299,"column":66}}},"12":{"name":"(anonymous_12)","line":314,"loc":{"start":{"line":314,"column":20},"end":{"line":314,"column":42}}},"13":{"name":"(anonymous_13)","line":343,"loc":{"start":{"line":343,"column":14},"end":{"line":343,"column":58}}},"14":{"name":"(anonymous_14)","line":416,"loc":{"start":{"line":416,"column":18},"end":{"line":416,"column":35}}},"15":{"name":"(anonymous_15)","line":428,"loc":{"start":{"line":428,"column":26},"end":{"line":428,"column":42}}},"16":{"name":"(anonymous_16)","line":442,"loc":{"start":{"line":442,"column":29},"end":{"line":442,"column":45}}}},"statementMap":{"1":{"start":{"line":4,"column":0},"end":{"line":4,"column":39}},"2":{"start":{"line":5,"column":0},"end":{"line":5,"column":35}},"3":{"start":{"line":6,"column":0},"end":{"line":6,"column":31}},"4":{"start":{"line":7,"column":0},"end":{"line":7,"column":29}},"5":{"start":{"line":9,"column":0},"end":{"line":15,"column":2}},"6":{"start":{"line":17,"column":0},"end":{"line":452,"column":1}},"7":{"start":{"line":31,"column":4},"end":{"line":31,"column":41}},"8":{"start":{"line":32,"column":4},"end":{"line":32,"column":43}},"9":{"start":{"line":33,"column":4},"end":{"line":33,"column":41}},"10":{"start":{"line":35,"column":4},"end":{"line":35,"column":39}},"11":{"start":{"line":37,"column":4},"end":{"line":37,"column":89}},"12":{"start":{"line":39,"column":4},"end":{"line":52,"column":5}},"13":{"start":{"line":41,"column":6},"end":{"line":41,"column":33}},"14":{"start":{"line":42,"column":6},"end":{"line":42,"column":57}},"15":{"start":{"line":43,"column":6},"end":{"line":43,"column":34}},"16":{"start":{"line":44,"column":6},"end":{"line":44,"column":57}},"17":{"start":{"line":45,"column":10},"end":{"line":52,"column":5}},"18":{"start":{"line":46,"column":6},"end":{"line":46,"column":34}},"19":{"start":{"line":47,"column":6},"end":{"line":47,"column":57}},"20":{"start":{"line":49,"column":6},"end":{"line":49,"column":41}},"21":{"start":{"line":50,"column":6},"end":{"line":50,"column":57}},"22":{"start":{"line":51,"column":6},"end":{"line":51,"column":55}},"23":{"start":{"line":56,"column":4},"end":{"line":56,"column":133}},"24":{"start":{"line":57,"column":4},"end":{"line":57,"column":115}},"25":{"start":{"line":58,"column":4},"end":{"line":58,"column":21}},"26":{"start":{"line":59,"column":4},"end":{"line":160,"column":5}},"27":{"start":{"line":60,"column":6},"end":{"line":60,"column":152}},"28":{"start":{"line":61,"column":6},"end":{"line":142,"column":7}},"29":{"start":{"line":63,"column":10},"end":{"line":66,"column":32}},"30":{"start":{"line":67,"column":10},"end":{"line":67,"column":46}},"31":{"start":{"line":68,"column":10},"end":{"line":68,"column":16}},"32":{"start":{"line":70,"column":10},"end":{"line":73,"column":24}},"33":{"start":{"line":74,"column":10},"end":{"line":74,"column":46}},"34":{"start":{"line":75,"column":10},"end":{"line":75,"column":16}},"35":{"start":{"line":77,"column":10},"end":{"line":83,"column":38}},"36":{"start":{"line":84,"column":10},"end":{"line":84,"column":46}},"37":{"start":{"line":85,"column":10},"end":{"line":85,"column":16}},"38":{"start":{"line":87,"column":10},"end":{"line":90,"column":24}},"39":{"start":{"line":91,"column":10},"end":{"line":91,"column":46}},"40":{"start":{"line":92,"column":10},"end":{"line":92,"column":16}},"41":{"start":{"line":94,"column":10},"end":{"line":100,"column":38}},"42":{"start":{"line":101,"column":10},"end":{"line":101,"column":46}},"43":{"start":{"line":102,"column":10},"end":{"line":102,"column":16}},"44":{"start":{"line":104,"column":10},"end":{"line":110,"column":38}},"45":{"start":{"line":111,"column":10},"end":{"line":111,"column":46}},"46":{"start":{"line":112,"column":10},"end":{"line":112,"column":16}},"47":{"start":{"line":114,"column":10},"end":{"line":120,"column":41}},"48":{"start":{"line":121,"column":10},"end":{"line":121,"column":46}},"49":{"start":{"line":122,"column":10},"end":{"line":122,"column":16}},"50":{"start":{"line":124,"column":10},"end":{"line":130,"column":50}},"51":{"start":{"line":131,"column":10},"end":{"line":131,"column":46}},"52":{"start":{"line":132,"column":10},"end":{"line":132,"column":16}},"53":{"start":{"line":134,"column":10},"end":{"line":140,"column":11}},"54":{"start":{"line":135,"column":12},"end":{"line":138,"column":93}},"55":{"start":{"line":139,"column":12},"end":{"line":139,"column":48}},"56":{"start":{"line":141,"column":10},"end":{"line":141,"column":16}},"57":{"start":{"line":143,"column":10},"end":{"line":160,"column":5}},"58":{"start":{"line":144,"column":6},"end":{"line":159,"column":7}},"59":{"start":{"line":146,"column":10},"end":{"line":149,"column":24}},"60":{"start":{"line":150,"column":10},"end":{"line":150,"column":46}},"61":{"start":{"line":151,"column":10},"end":{"line":151,"column":16}},"62":{"start":{"line":153,"column":10},"end":{"line":156,"column":24}},"63":{"start":{"line":157,"column":10},"end":{"line":157,"column":46}},"64":{"start":{"line":158,"column":10},"end":{"line":158,"column":16}},"65":{"start":{"line":165,"column":4},"end":{"line":165,"column":93}},"66":{"start":{"line":166,"column":4},"end":{"line":166,"column":54}},"67":{"start":{"line":168,"column":4},"end":{"line":173,"column":5}},"68":{"start":{"line":169,"column":6},"end":{"line":169,"column":33}},"69":{"start":{"line":171,"column":6},"end":{"line":171,"column":44}},"70":{"start":{"line":172,"column":6},"end":{"line":172,"column":128}},"71":{"start":{"line":175,"column":4},"end":{"line":175,"column":55}},"72":{"start":{"line":177,"column":4},"end":{"line":177,"column":42}},"73":{"start":{"line":178,"column":4},"end":{"line":178,"column":52}},"74":{"start":{"line":179,"column":4},"end":{"line":179,"column":139}},"75":{"start":{"line":180,"column":4},"end":{"line":180,"column":65}},"76":{"start":{"line":181,"column":4},"end":{"line":181,"column":51}},"77":{"start":{"line":182,"column":4},"end":{"line":182,"column":37}},"78":{"start":{"line":189,"column":4},"end":{"line":194,"column":6}},"79":{"start":{"line":193,"column":6},"end":{"line":193,"column":65}},"80":{"start":{"line":198,"column":4},"end":{"line":198,"column":25}},"81":{"start":{"line":199,"column":4},"end":{"line":256,"column":5}},"82":{"start":{"line":200,"column":6},"end":{"line":240,"column":7}},"83":{"start":{"line":202,"column":10},"end":{"line":202,"column":68}},"84":{"start":{"line":203,"column":10},"end":{"line":203,"column":27}},"85":{"start":{"line":204,"column":10},"end":{"line":204,"column":16}},"86":{"start":{"line":206,"column":10},"end":{"line":206,"column":98}},"87":{"start":{"line":207,"column":10},"end":{"line":207,"column":16}},"88":{"start":{"line":209,"column":10},"end":{"line":209,"column":114}},"89":{"start":{"line":210,"column":10},"end":{"line":210,"column":16}},"90":{"start":{"line":212,"column":10},"end":{"line":212,"column":29}},"91":{"start":{"line":213,"column":10},"end":{"line":213,"column":77}},"92":{"start":{"line":214,"column":10},"end":{"line":214,"column":16}},"93":{"start":{"line":216,"column":10},"end":{"line":216,"column":29}},"94":{"start":{"line":217,"column":10},"end":{"line":217,"column":77}},"95":{"start":{"line":218,"column":10},"end":{"line":218,"column":16}},"96":{"start":{"line":220,"column":10},"end":{"line":220,"column":114}},"97":{"start":{"line":221,"column":10},"end":{"line":221,"column":16}},"98":{"start":{"line":223,"column":10},"end":{"line":223,"column":98}},"99":{"start":{"line":224,"column":10},"end":{"line":224,"column":16}},"100":{"start":{"line":226,"column":10},"end":{"line":226,"column":98}},"101":{"start":{"line":227,"column":10},"end":{"line":227,"column":16}},"102":{"start":{"line":229,"column":10},"end":{"line":229,"column":98}},"103":{"start":{"line":230,"column":10},"end":{"line":230,"column":16}},"104":{"start":{"line":232,"column":10},"end":{"line":232,"column":114}},"105":{"start":{"line":233,"column":10},"end":{"line":233,"column":16}},"106":{"start":{"line":235,"column":10},"end":{"line":235,"column":98}},"107":{"start":{"line":236,"column":10},"end":{"line":236,"column":16}},"108":{"start":{"line":238,"column":10},"end":{"line":238,"column":112}},"109":{"start":{"line":239,"column":10},"end":{"line":239,"column":16}},"110":{"start":{"line":241,"column":10},"end":{"line":256,"column":5}},"111":{"start":{"line":242,"column":6},"end":{"line":249,"column":7}},"112":{"start":{"line":244,"column":10},"end":{"line":244,"column":122}},"113":{"start":{"line":245,"column":10},"end":{"line":245,"column":16}},"114":{"start":{"line":247,"column":10},"end":{"line":247,"column":116}},"115":{"start":{"line":248,"column":10},"end":{"line":248,"column":16}},"116":{"start":{"line":250,"column":10},"end":{"line":256,"column":5}},"117":{"start":{"line":251,"column":6},"end":{"line":255,"column":7}},"118":{"start":{"line":253,"column":10},"end":{"line":253,"column":89}},"119":{"start":{"line":254,"column":10},"end":{"line":254,"column":16}},"120":{"start":{"line":258,"column":4},"end":{"line":296,"column":5}},"121":{"start":{"line":259,"column":6},"end":{"line":264,"column":9}},"122":{"start":{"line":260,"column":8},"end":{"line":263,"column":9}},"123":{"start":{"line":261,"column":10},"end":{"line":261,"column":27}},"124":{"start":{"line":262,"column":10},"end":{"line":262,"column":17}},"125":{"start":{"line":265,"column":6},"end":{"line":270,"column":9}},"126":{"start":{"line":266,"column":8},"end":{"line":269,"column":9}},"127":{"start":{"line":267,"column":10},"end":{"line":267,"column":27}},"128":{"start":{"line":268,"column":10},"end":{"line":268,"column":17}},"129":{"start":{"line":271,"column":10},"end":{"line":296,"column":5}},"130":{"start":{"line":272,"column":6},"end":{"line":277,"column":9}},"131":{"start":{"line":273,"column":8},"end":{"line":276,"column":9}},"132":{"start":{"line":274,"column":10},"end":{"line":274,"column":27}},"133":{"start":{"line":275,"column":10},"end":{"line":275,"column":17}},"134":{"start":{"line":278,"column":10},"end":{"line":296,"column":5}},"135":{"start":{"line":279,"column":6},"end":{"line":286,"column":7}},"136":{"start":{"line":280,"column":8},"end":{"line":285,"column":11}},"137":{"start":{"line":281,"column":10},"end":{"line":284,"column":11}},"138":{"start":{"line":282,"column":12},"end":{"line":282,"column":29}},"139":{"start":{"line":283,"column":12},"end":{"line":283,"column":19}},"140":{"start":{"line":288,"column":6},"end":{"line":295,"column":7}},"141":{"start":{"line":289,"column":8},"end":{"line":294,"column":11}},"142":{"start":{"line":290,"column":10},"end":{"line":293,"column":11}},"143":{"start":{"line":291,"column":12},"end":{"line":291,"column":29}},"144":{"start":{"line":292,"column":12},"end":{"line":292,"column":19}},"145":{"start":{"line":300,"column":4},"end":{"line":300,"column":18}},"146":{"start":{"line":301,"column":4},"end":{"line":310,"column":5}},"147":{"start":{"line":302,"column":6},"end":{"line":302,"column":45}},"148":{"start":{"line":303,"column":6},"end":{"line":303,"column":71}},"149":{"start":{"line":304,"column":10},"end":{"line":310,"column":5}},"150":{"start":{"line":305,"column":6},"end":{"line":305,"column":47}},"151":{"start":{"line":306,"column":6},"end":{"line":306,"column":40}},"152":{"start":{"line":308,"column":6},"end":{"line":308,"column":46}},"153":{"start":{"line":309,"column":6},"end":{"line":309,"column":108}},"154":{"start":{"line":311,"column":4},"end":{"line":311,"column":16}},"155":{"start":{"line":315,"column":4},"end":{"line":315,"column":22}},"156":{"start":{"line":316,"column":4},"end":{"line":339,"column":5}},"157":{"start":{"line":317,"column":6},"end":{"line":323,"column":7}},"158":{"start":{"line":319,"column":10},"end":{"line":319,"column":30}},"159":{"start":{"line":320,"column":10},"end":{"line":320,"column":16}},"160":{"start":{"line":322,"column":10},"end":{"line":322,"column":28}},"161":{"start":{"line":324,"column":10},"end":{"line":339,"column":5}},"162":{"start":{"line":325,"column":6},"end":{"line":334,"column":7}},"163":{"start":{"line":327,"column":10},"end":{"line":327,"column":33}},"164":{"start":{"line":328,"column":10},"end":{"line":328,"column":16}},"165":{"start":{"line":330,"column":10},"end":{"line":330,"column":38}},"166":{"start":{"line":331,"column":10},"end":{"line":331,"column":16}},"167":{"start":{"line":333,"column":10},"end":{"line":333,"column":28}},"168":{"start":{"line":335,"column":10},"end":{"line":339,"column":5}},"169":{"start":{"line":336,"column":6},"end":{"line":336,"column":24}},"170":{"start":{"line":337,"column":10},"end":{"line":339,"column":5}},"171":{"start":{"line":338,"column":6},"end":{"line":338,"column":24}},"172":{"start":{"line":340,"column":4},"end":{"line":340,"column":20}},"173":{"start":{"line":344,"column":4},"end":{"line":344,"column":245}},"174":{"start":{"line":345,"column":4},"end":{"line":414,"column":5}},"175":{"start":{"line":346,"column":6},"end":{"line":380,"column":7}},"176":{"start":{"line":348,"column":10},"end":{"line":348,"column":117}},"177":{"start":{"line":349,"column":10},"end":{"line":349,"column":16}},"178":{"start":{"line":351,"column":10},"end":{"line":351,"column":144}},"179":{"start":{"line":352,"column":10},"end":{"line":352,"column":16}},"180":{"start":{"line":354,"column":10},"end":{"line":354,"column":184}},"181":{"start":{"line":355,"column":10},"end":{"line":355,"column":16}},"182":{"start":{"line":357,"column":10},"end":{"line":357,"column":203}},"183":{"start":{"line":358,"column":10},"end":{"line":358,"column":16}},"184":{"start":{"line":360,"column":10},"end":{"line":360,"column":170}},"185":{"start":{"line":361,"column":10},"end":{"line":361,"column":16}},"186":{"start":{"line":363,"column":10},"end":{"line":363,"column":21}},"187":{"start":{"line":364,"column":10},"end":{"line":364,"column":16}},"188":{"start":{"line":366,"column":10},"end":{"line":366,"column":284}},"189":{"start":{"line":367,"column":10},"end":{"line":367,"column":16}},"190":{"start":{"line":369,"column":10},"end":{"line":369,"column":232}},"191":{"start":{"line":370,"column":10},"end":{"line":370,"column":16}},"192":{"start":{"line":372,"column":10},"end":{"line":372,"column":249}},"193":{"start":{"line":373,"column":10},"end":{"line":373,"column":16}},"194":{"start":{"line":375,"column":10},"end":{"line":375,"column":184}},"195":{"start":{"line":376,"column":10},"end":{"line":376,"column":16}},"196":{"start":{"line":378,"column":10},"end":{"line":378,"column":271}},"197":{"start":{"line":379,"column":10},"end":{"line":379,"column":16}},"198":{"start":{"line":381,"column":10},"end":{"line":414,"column":5}},"199":{"start":{"line":382,"column":6},"end":{"line":395,"column":7}},"200":{"start":{"line":384,"column":10},"end":{"line":384,"column":267}},"201":{"start":{"line":385,"column":10},"end":{"line":385,"column":16}},"202":{"start":{"line":387,"column":10},"end":{"line":387,"column":154}},"203":{"start":{"line":388,"column":10},"end":{"line":388,"column":16}},"204":{"start":{"line":390,"column":10},"end":{"line":390,"column":277}},"205":{"start":{"line":391,"column":10},"end":{"line":391,"column":16}},"206":{"start":{"line":393,"column":10},"end":{"line":393,"column":119}},"207":{"start":{"line":394,"column":10},"end":{"line":394,"column":16}},"208":{"start":{"line":396,"column":10},"end":{"line":414,"column":5}},"209":{"start":{"line":397,"column":6},"end":{"line":407,"column":7}},"210":{"start":{"line":399,"column":10},"end":{"line":399,"column":35}},"211":{"start":{"line":400,"column":10},"end":{"line":400,"column":16}},"212":{"start":{"line":402,"column":10},"end":{"line":402,"column":283}},"213":{"start":{"line":403,"column":10},"end":{"line":403,"column":16}},"214":{"start":{"line":405,"column":10},"end":{"line":405,"column":170}},"215":{"start":{"line":406,"column":10},"end":{"line":406,"column":16}},"216":{"start":{"line":408,"column":10},"end":{"line":414,"column":5}},"217":{"start":{"line":409,"column":6},"end":{"line":413,"column":7}},"218":{"start":{"line":411,"column":10},"end":{"line":411,"column":47}},"219":{"start":{"line":412,"column":10},"end":{"line":412,"column":16}},"220":{"start":{"line":416,"column":4},"end":{"line":425,"column":7}},"221":{"start":{"line":417,"column":6},"end":{"line":424,"column":7}},"222":{"start":{"line":418,"column":8},"end":{"line":418,"column":60}},"223":{"start":{"line":420,"column":8},"end":{"line":423,"column":11}},"224":{"start":{"line":429,"column":4},"end":{"line":429,"column":75}},"225":{"start":{"line":430,"column":4},"end":{"line":433,"column":5}},"226":{"start":{"line":431,"column":6},"end":{"line":431,"column":129}},"227":{"start":{"line":432,"column":6},"end":{"line":432,"column":129}},"228":{"start":{"line":434,"column":4},"end":{"line":436,"column":5}},"229":{"start":{"line":435,"column":6},"end":{"line":435,"column":84}},"230":{"start":{"line":437,"column":4},"end":{"line":440,"column":5}},"231":{"start":{"line":438,"column":6},"end":{"line":438,"column":119}},"232":{"start":{"line":439,"column":6},"end":{"line":439,"column":119}},"233":{"start":{"line":441,"column":4},"end":{"line":446,"column":5}},"234":{"start":{"line":442,"column":6},"end":{"line":445,"column":9}},"235":{"start":{"line":443,"column":8},"end":{"line":443,"column":109}},"236":{"start":{"line":444,"column":8},"end":{"line":444,"column":109}},"237":{"start":{"line":447,"column":4},"end":{"line":450,"column":5}},"238":{"start":{"line":448,"column":6},"end":{"line":448,"column":92}},"239":{"start":{"line":449,"column":6},"end":{"line":449,"column":92}},"240":{"start":{"line":454,"column":0},"end":{"line":454,"column":30}}},"branchMap":{"1":{"line":31,"type":"binary-expr","locations":[{"start":{"line":31,"column":19},"end":{"line":31,"column":31}},{"start":{"line":31,"column":35},"end":{"line":31,"column":40}}]},"2":{"line":32,"type":"binary-expr","locations":[{"start":{"line":32,"column":20},"end":{"line":32,"column":33}},{"start":{"line":32,"column":37},"end":{"line":32,"column":42}}]},"3":{"line":39,"type":"if","locations":[{"start":{"line":39,"column":4},"end":{"line":39,"column":4}},{"start":{"line":39,"column":4},"end":{"line":39,"column":4}}]},"4":{"line":45,"type":"if","locations":[{"start":{"line":45,"column":10},"end":{"line":45,"column":10}},{"start":{"line":45,"column":10},"end":{"line":45,"column":10}}]},"5":{"line":56,"type":"cond-expr","locations":[{"start":{"line":56,"column":24},"end":{"line":56,"column":126}},{"start":{"line":56,"column":130},"end":{"line":56,"column":132}}]},"6":{"line":56,"type":"cond-expr","locations":[{"start":{"line":56,"column":46},"end":{"line":56,"column":64}},{"start":{"line":56,"column":69},"end":{"line":56,"column":125}}]},"7":{"line":56,"type":"cond-expr","locations":[{"start":{"line":56,"column":87},"end":{"line":56,"column":109}},{"start":{"line":56,"column":112},"end":{"line":56,"column":125}}]},"8":{"line":57,"type":"cond-expr","locations":[{"start":{"line":57,"column":39},"end":{"line":57,"column":90}},{"start":{"line":57,"column":94},"end":{"line":57,"column":114}}]},"9":{"line":57,"type":"cond-expr","locations":[{"start":{"line":57,"column":53},"end":{"line":57,"column":70}},{"start":{"line":57,"column":73},"end":{"line":57,"column":90}}]},"10":{"line":59,"type":"if","locations":[{"start":{"line":59,"column":4},"end":{"line":59,"column":4}},{"start":{"line":59,"column":4},"end":{"line":59,"column":4}}]},"11":{"line":60,"type":"cond-expr","locations":[{"start":{"line":60,"column":52},"end":{"line":60,"column":108}},{"start":{"line":60,"column":111},"end":{"line":60,"column":151}}]},"12":{"line":61,"type":"switch","locations":[{"start":{"line":62,"column":8},"end":{"line":68,"column":16}},{"start":{"line":69,"column":8},"end":{"line":75,"column":16}},{"start":{"line":76,"column":8},"end":{"line":85,"column":16}},{"start":{"line":86,"column":8},"end":{"line":92,"column":16}},{"start":{"line":93,"column":8},"end":{"line":102,"column":16}},{"start":{"line":103,"column":8},"end":{"line":112,"column":16}},{"start":{"line":113,"column":8},"end":{"line":122,"column":16}},{"start":{"line":123,"column":8},"end":{"line":132,"column":16}},{"start":{"line":133,"column":8},"end":{"line":141,"column":16}}]},"13":{"line":77,"type":"cond-expr","locations":[{"start":{"line":77,"column":42},"end":{"line":80,"column":23}},{"start":{"line":80,"column":26},"end":{"line":83,"column":37}}]},"14":{"line":94,"type":"cond-expr","locations":[{"start":{"line":94,"column":42},"end":{"line":97,"column":23}},{"start":{"line":97,"column":26},"end":{"line":100,"column":37}}]},"15":{"line":104,"type":"cond-expr","locations":[{"start":{"line":104,"column":42},"end":{"line":107,"column":23}},{"start":{"line":107,"column":26},"end":{"line":110,"column":37}}]},"16":{"line":114,"type":"cond-expr","locations":[{"start":{"line":114,"column":48},"end":{"line":117,"column":167}},{"start":{"line":117,"column":170},"end":{"line":120,"column":40}}]},"17":{"line":124,"type":"cond-expr","locations":[{"start":{"line":124,"column":42},"end":{"line":127,"column":35}},{"start":{"line":127,"column":38},"end":{"line":130,"column":49}}]},"18":{"line":134,"type":"if","locations":[{"start":{"line":134,"column":10},"end":{"line":134,"column":10}},{"start":{"line":134,"column":10},"end":{"line":134,"column":10}}]},"19":{"line":134,"type":"binary-expr","locations":[{"start":{"line":134,"column":13},"end":{"line":134,"column":38}},{"start":{"line":134,"column":42},"end":
[...]
":{"line":31,"column":72}},"6":{"start":{"line":32,"column":6},"end":{"line":32,"column":41}},"7":{"start":{"line":34,"column":6},"end":{"line":85,"column":8}},"8":{"start":{"line":35,"column":8},"end":{"line":84,"column":11}},"9":{"start":{"line":36,"column":10},"end":{"line":38,"column":11}},"10":{"start":{"line":37,"column":12},"end":{"line":37,"column":26}},"11":{"start":{"line":39,"column":10},"end":{"line":83,"column":13}},"12":{"start":{"line":40,"column":12},"end":{"line":40,"column":59}},"13":{"start":{"line":41,"column":12},"end":{"line":76,"column":14}},"14":{"start":{"line":42,"column":14},"end":{"line":52,"column":17}},"15":{"start":{"line":48,"column":16},"end":{"line":50,"column":17}},"16":{"start":{"line":49,"column":18},"end":{"line":49,"column":35}},"17":{"start":{"line":51,"column":16},"end":{"line":51,"column":23}},"18":{"start":{"line":54,"column":14},"end":{"line":56,"column":15}},"19":{"start":{"line":55,"column":16},"end":{"line":55,"column":31}},"20":{"start":{"line":57,"column":14},"end":{"line":57,"column":38}},"21":{"start":{"line":58,"column":14},"end":{"line":61,"column":17}},"22":{"start":{"line":62,"column":14},"end":{"line":75,"column":16}},"23":{"start":{"line":63,"column":16},"end":{"line":65,"column":17}},"24":{"start":{"line":64,"column":18},"end":{"line":64,"column":33}},"25":{"start":{"line":66,"column":16},"end":{"line":74,"column":18}},"26":{"start":{"line":67,"column":18},"end":{"line":70,"column":19}},"27":{"start":{"line":68,"column":20},"end":{"line":68,"column":37}},"28":{"start":{"line":69,"column":20},"end":{"line":69,"column":35}},"29":{"start":{"line":71,"column":18},"end":{"line":71,"column":102}},"30":{"start":{"line":72,"column":18},"end":{"line":72,"column":95}},"31":{"start":{"line":73,"column":18},"end":{"line":73,"column":23}},"32":{"start":{"line":78,"column":12},"end":{"line":80,"column":13}},"33":{"start":{"line":79,"column":14},"end":{"line":79,"column":31}},"34":{"start":{"line":81,"column":12},"end":{"line":81,"column":45}},"35":{"start":{"line":82,"column":12},"end":{"line":82,"column":19}},"36":{"start":{"line":87,"column":6},"end":{"line":111,"column":8}},"37":{"start":{"line":89,"column":8},"end":{"line":110,"column":11}},"38":{"start":{"line":90,"column":10},"end":{"line":92,"column":11}},"39":{"start":{"line":91,"column":12},"end":{"line":91,"column":26}},"40":{"start":{"line":93,"column":10},"end":{"line":109,"column":13}},"41":{"start":{"line":94,"column":12},"end":{"line":100,"column":15}},"42":{"start":{"line":95,"column":14},"end":{"line":97,"column":15}},"43":{"start":{"line":96,"column":16},"end":{"line":96,"column":31}},"44":{"start":{"line":98,"column":14},"end":{"line":98,"column":36}},"45":{"start":{"line":99,"column":14},"end":{"line":99,"column":19}},"46":{"start":{"line":102,"column":12},"end":{"line":104,"column":13}},"47":{"start":{"line":103,"column":14},"end":{"line":103,"column":28}},"48":{"start":{"line":105,"column":12},"end":{"line":105,"column":33}},"49":{"start":{"line":106,"column":12},"end":{"line":106,"column":80}},"50":{"start":{"line":107,"column":12},"end":{"line":107,"column":54}},"51":{"start":{"line":108,"column":12},"end":{"line":108,"column":19}},"52":{"start":{"line":113,"column":6},"end":{"line":139,"column":8}},"53":{"start":{"line":114,"column":8},"end":{"line":116,"column":9}},"54":{"start":{"line":115,"column":10},"end":{"line":115,"column":24}},"55":{"start":{"line":117,"column":8},"end":{"line":117,"column":41}},"56":{"start":{"line":119,"column":8},"end":{"line":138,"column":11}},"57":{"start":{"line":120,"column":10},"end":{"line":122,"column":11}},"58":{"start":{"line":121,"column":12},"end":{"line":121,"column":26}},"59":{"start":{"line":123,"column":10},"end":{"line":127,"column":11}},"60":{"start":{"line":124,"column":12},"end":{"line":124,"column":29}},"61":{"start":{"line":125,"column":12},"end":{"line":125,"column":80}},"62":{"start":{"line":126,"column":12},"end":{"line":126,"column":26}},"63":{"start":{"line":128,"column":10},"end":{"line":128,"column":24}},"64":{"start":{"line":129,"column":10},"end":{"line":131,"column":13}},"65":{"start":{"line":130,"column":12},"end":{"line":130,"column":36}},"66":{"start":{"line":132,"column":10},"end":{"line":137,"column":11}},"67":{"start":{"line":133,"column":12},"end":{"line":133,"column":82}},"68":{"start":{"line":134,"column":12},"end":{"line":134,"column":39}},"69":{"start":{"line":136,"column":12},"end":{"line":136,"column":37}},"70":{"start":{"line":142,"column":2},"end":{"line":142,"column":13}}},"branchMap":{"1":{"line":36,"type":"if","locations":[{"start":{"line":36,"column":10},"end":{"line":36,"column":10}},{"start":{"line":36,"column":10},"end":{"line":36,"column":10}}]},"2":{"line":48,"type":"if","locations":[{"start":{"line":48,"column":16},"end":{"line":48,"column":16}},{"start":{"line":48,"column":16},"end":{"line":48,"column":16}}]},"3":{"line":54,"type":"if","locations":[{"start":{"line":54,"column":14},"end":{"line":54,"column":14}},{"start":{"line":54,"column":14},"end":{"line":54,"column":14}}]},"4":{"line":63,"type":"if","locations":[{"start":{"line":63,"column":16},"end":{"line":63,"column":16}},{"start":{"line":63,"column":16},"end":{"line":63,"column":16}}]},"5":{"line":67,"type":"if","locations":[{"start":{"line":67,"column":18},"end":{"line":67,"column":18}},{"start":{"line":67,"column":18},"end":{"line":67,"column":18}}]},"6":{"line":78,"type":"if","locations":[{"start":{"line":78,"column":12},"end":{"line":78,"column":12}},{"start":{"line":78,"column":12},"end":{"line":78,"column":12}}]},"7":{"line":90,"type":"if","locations":[{"start":{"line":90,"column":10},"end":{"line":90,"column":10}},{"start":{"line":90,"column":10},"end":{"line":90,"column":10}}]},"8":{"line":95,"type":"if","locations":[{"start":{"line":95,"column":14},"end":{"line":95,"column":14}},{"start":{"line":95,"column":14},"end":{"line":95,"column":14}}]},"9":{"line":102,"type":"if","locations":[{"start":{"line":102,"column":12},"end":{"line":102,"column":12}},{"start":{"line":102,"column":12},"end":{"line":102,"column":12}}]},"10":{"line":114,"type":"if","locations":[{"start":{"line":114,"column":8},"end":{"line":114,"column":8}},{"start":{"line":114,"column":8},"end":{"line":114,"column":8}}]},"11":{"line":114,"type":"binary-expr","locations":[{"start":{"line":114,"column":11},"end":{"line":114,"column":14}},{"start":{"line":114,"column":18},"end":{"line":114,"column":23}}]},"12":{"line":120,"type":"if","locations":[{"start":{"line":120,"column":10},"end":{"line":120,"column":10}},{"start":{"line":120,"column":10},"end":{"line":120,"column":10}}]},"13":{"line":123,"type":"if","locations":[{"start":{"line":123,"column":10},"end":{"line":123,"column":10}},{"start":{"line":123,"column":10},"end":{"line":123,"column":10}}]},"14":{"line":132,"type":"if","locations":[{"start":{"line":132,"column":10},"end":{"line":132,"column":10}},{"start":{"line":132,"column":10},"end":{"line":132,"column":10}}]},"15":{"line":132,"type":"binary-expr","locations":[{"start":{"line":132,"column":13},"end":{"line":132,"column":46}},{"start":{"line":132,"column":50},"end":{"line":132,"column":75}}]}}},"/Users/shengrong/Documents/SFMeal/SFMealWeb/api/jobs/MealStartJob.js":{"path":"/Users/shengrong/Documents/SFMeal/SFMealWeb/api/jobs/MealStartJob.js","s":{"1":1,"2":1,"3":1,"4":0,"5":0,"6":0,"7":0,"8":0,"9":0,"10":0,"11":0,"12":0,"13":0,"14":1},"b":{"1":[0,0],"2":[0,0],"3":[0,0]},"f":{"1":1,"2":0,"3":0},"fnMap":{"1":{"name":"(anonymous_1)","line":5,"loc":{"start":{"line":5,"column":17},"end":{"line":5,"column":34}}},"2":{"name":"(anonymous_2)","line":28,"loc":{"start":{"line":28,"column":9},"end":{"line":28,"column":29}}},"3":{"name":"(anonymous_3)","line":33,"loc":{"start":{"line":33,"column":68},"end":{"line":33,"column":87}}}},"statementMap":{"1":{"start":{"line":4,"column":0},"end":{"line":4,"column":55}},"2":{"start":{"line":5,"column":0},"end":{"line":45,"column":1}},"3":{"start":{"line":6,"column":2},"end":{"line":43,"column":4}},"4":{"start":{"line":29,"column":6},"end":{"line":29,"column":41}},"5":{"start":{"line":30,"column":6},"end":{"line":32,"column":7}},"6":{"start":{"line":31,"column":8},"end":{"line":31,"column":22}},"7":{"start":{"line":33,"column":6},"end":{"line":41,"column":8}},"8":{"start":{"line":34,"column":8},"end":{"line":36,"column":9}},"9":{"start":{"line":35,"column":10},"end":{"line":35,"column":24}},"10":{"start":{"line":37,"column":8},"end":{"line":37,"column":65}},"11":{"start":{"line":38,"column":8},"end":{"line":38,"column":41}},"12":{"start":{"line":39,"column":8},"end":{"line":39,"column":77}},"13":{"start":{"line":40,"column":8},"end":{"line":40,"column":15}},"14":{"start":{"line":44,"column":2},"end":{"line":44,"column":13}}},"branchMap":{"1":{"line":30,"type":"if","locations":[{"start":{"line":30,"column":6},"end":{"line":30,"column":6}},{"start":{"line":30,"column":6},"end":{"line":30,"column":6}}]},"2":{"line":34,"type":"if","locations":[{"start":{"line":34,"column":8},"end":{"line":34,"column":8}},{"start":{"line":34,"column":8},"end":{"line":34,"column":8}}]},"3":{"line":34,"type":"binary-expr","locations":[{"start":{"line":34,"column":11},"end":{"line":34,"column":14}},{"start":{"line":34,"column":18},"end":{"line":34,"column":23}}]}}},"/Users/shengrong/Documents/SFMeal/SFMealWeb/api/jobs/OrderDeliveringReminderJob.js":{"path":"/Users/shengrong/Documents/SFMeal/SFMealWeb/api/jobs/OrderDeliveringReminderJob.js","s":{"1":1,"2":1,"3":1,"4":0,"5":0,"6":0,"7":0,"8":0,"9":0,"10":0,"11":1},"b":{"1":[0,0],"2":[0,0]},"f":{"1":1,"2":0,"3":0},"fnMap":{"1":{"name":"(anonymous_1)","line":5,"loc":{"start":{"line":5,"column":17},"end":{"line":5,"column":34}}},"2":{"name":"(anonymous_2)","line":28,"loc":{"start":{"line":28,"column":9},"end":{"line":28,"column":29}}},"3":{"name":"(anonymous_3)","line":30,"loc":{"start":{"line":30,"column":91},"end":{"line":30,"column":111}}}},"statementMap":{"1":{"start":{"line":4,"column":0},"end":{"line":4,"column":55}},"2":{"start":{"line":5,"column":0},"end":{"line":41,"column":1}},"3":{"start":{"line":6,"column":2},"end":{"line":39,"column":4}},"4":{"start":{"line":29,"column":6},"end":{"line":29,"column":43}},"5":{"start":{"line":30,"column":6},"end":{"line":37,"column":8}},"6":{"start":{"line":31,"column":8},"end":{"line":33,"column":9}},"7":{"start":{"line":32,"column":10},"end":{"line":32,"column":24}},"8":{"start":{"line":34,"column":8},"end":{"line":34,"column":62}},"9":{"start":{"line":35,"column":8},"end":{"line":35,"column":87}},"10":{"start":{"line":36,"column":8},"end":{"line":36,"column":15}},"11":{"start":{"line":40,"column":2},"end":{"line":40,"column":13}}},"branchMap":{"1":{"line":31,"type":"if","locations":[{"start":{"line":31,"column":8},"end":{"line":31,"column":8}},{"start":{"line":31,"column":8},"end":{"line":31,"column":8}}]},"2":{"line":31,"type":"binary-expr","locations":[{"start":{"line":31,"column":11},"end":{"line":31,"column":14}},{"start":{"line":31,"column":18},"end":{"line":31,"column":24}}]}}},"/Users/shengrong/Documents/SFMeal/SFMealWeb/api/jobs/OrderJob.js":{"path":"/Users/shengrong/Documents/SFMeal/SFMealWeb/api/jobs/OrderJob.js","s":{"1":1,"2":1,"3":1,"4":1,"5":2,"6":2,"7":2,"8":2,"9":0,"10":2,"11":1,"12":1,"13":1,"14":0,"15":1,"16":0,"17":0,"18":0,"19":1,"20":0,"21":0,"22":0,"23":0,"24":0,"25":0,"26":0,"27":0,"28":1,"29":1,"30":1,"31":1,"32":1,"33":2,"34":0,"35":2,"36":1},"b":{"1":[0,2],"2":[2,2],"3":[0,1],"4":[0,1],"5":[0,1],"6":[0,0],"7":[0,0],"8":[1,0],"9":[0,2]},"f":{"1":1,"2":2,"3":2,"4":1,"5":1,"6":2},"fnMap":{"1":{"name":"(anonymous_1)","line":6,"loc":{"start":{"line":6,"column":17},"end":{"line":6,"column":34}}},"2":{"name":"(anonymous_2)","line":29,"loc":{"start":{"line":29,"column":9},"end":{"line":29,"column":29}}},"3":{"name":"(anonymous_3)","line":33,"loc":{"start":{"line":33,"column":81},"end":{"line":33,"column":102}}},"4":{"name":"(anonymous_4)","line":38,"loc":{"start":{"line":38,"column":27},"end":{"line":38,"column":46}}},"5":{"name":"(anonymous_5)","line":40,"loc":{"start":{"line":40,"column":21},"end":{"line":40,"column":42}}},"6":{"name":"(anonymous_6)","line":68,"loc":{"start":{"line":68,"column":10},"end":{"line":68,"column":23}}}},"statementMap":{"1":{"start":{"line":4,"column":0},"end":{"line":4,"column":39}},"2":{"start":{"line":5,"column":0},"end":{"line":5,"column":29}},"3":{"start":{"line":6,"column":0},"end":{"line":78,"column":1}},"4":{"start":{"line":7,"column":2},"end":{"line":76,"column":4}},"5":{"start":{"line":30,"column":6},"end":{"line":30,"column":45}},"6":{"start":{"line":31,"column":6},"end":{"line":31,"column":27}},"7":{"start":{"line":33,"column":6},"end":{"line":74,"column":9}},"8":{"start":{"line":34,"column":8},"end":{"line":36,"column":9}},"9":{"start":{"line":35,"column":10},"end":{"line":35,"column":24}},"10":{"start":{"line":38,"column":8},"end":{"line":73,"column":11}},"11":{"start":{"line":39,"column":10},"end":{"line":39,"column":35}},"12":{"start":{"line":40,"column":10},"end":{"line":67,"column":12}},"13":{"start":{"line":41,"column":12},"end":{"line":43,"column":13}},"14":{"start":{"line":42,"column":14},"end":{"line":42,"column":29}},"15":{"start":{"line":44,"column":12},"end":{"line":65,"column":13}},"16":{"start":{"line":45,"column":14},"end":{"line":45,"column":81}},"17":{"start":{"line":46,"column":14},"end":{"line":46,"column":95}},"18":{"start":{"line":47,"column":14},"end":{"line":47,"column":123}},"19":{"start":{"line":49,"column":14},"end":{"line":64,"column":15}},"20":{"start":{"line":50,"column":16},"end":{"line":50,"column":104}},"21":{"start":{"line":51,"column":16},"end":{"line":51,"column":102}},"22":{"start":{"line":52,"column":16},"end":{"line":55,"column":17}},"23":{"start":{"line":53,"column":18},"end":{"line":53,"column":91}},"24":{"start":{"line":54,"column":18},"end":{"line":54,"column":116}},"25":{"start":{"line":56,"column":16},"end":{"line":59,"column":17}},"26":{"start":{"line":57,"column":18},"end":{"line":57,"column":92}},"27":{"start":{"line":58,"column":18},"end":{"line":58,"column":118}},"28":{"start":{"line":60,"column":20},"end":{"line":64,"column":15}},"29":{"start":{"line":61,"column":16},"end":{"line":61,"column":82}},"30":{"start":{"line":62,"column":16},"end":{"line":62,"column":91}},"31":{"start":{"line":63,"column":16},"end":{"line":63,"column":120}},"32":{"start":{"line":66,"column":12},"end":{"line":66,"column":17}},"33":{"start":{"line":69,"column":10},"end":{"line":71,"column":11}},"34":{"start":{"line":70,"column":12},"end":{"line":70,"column":29}},"35":{"start":{"line":72,"column":10},"end":{"line":72,"column":17}},"36":{"start":{"line":77,"column":2},"end":{"line":77,"column":13}}},"branchMap":{"1":{"line":34,"type":"if","locations":[{"start":{"line":34,"column":8},"end":{"line":34,"column":8}},{"start":{"line":34,"column":8},"end":{"line":34,"column":8}}]},"2":{"line":34,"type":"binary-expr","locations":[{"start":{"line":34,"column":11},"end":{"line":34,"column":14}},{"start":{"line":34,"column":18},"end":{"line":34,"column":25}}]},"3":{"line":41,"type":"if","locations":[{"start":{"line":41,"column":12},"end":{"line":41,"column":12}},{"start":{"line":41,"column":12},"end":{"line":41,"column":12}}]},"4":{"line":44,"type":"if","locations":[{"start":{"line":44,"column":12},"end":{"line":44,"column":12}},{"start":{"line":44,"column":12},"end":{"line":44,"column":12}}]},"5":{"line":49,"type":"if","locations":[{"start":{"line":49,"column":14},"end":{"line":49,"column":14}},{"start":{"line":49,"column":14},"end":{"line":49,"column":14}}]},"6":{"line":52,"type":"if","locations":[{"start":{"line":52,"column":16},"end":{"line":52,"column":16}},{"start":{"line":52,"column":16},"end":{"line":52,"column":16}}]},"7":{"line":56,"type":"if","locations":[{"start":{"line":56,"column":16},"end":{"line":56,"column":16}},{"start":{"line":56,"column":16},"end":{"line":56,"column":16}}]},"8":{"line":60,"type":"if","locations":[{"start":{"line":60,"column":20},"end":{"line":60,"column":20}},{"start":{"line":60,"column":20},"end":{"line":60,"column":20}}]},"9":{"line":69,"type":"if","locations":[{"start":{"line":69,"column":10},"end":{"line":69,"column":10}},{"start":{"line":69,"column":10},"end":{"line":69,"column":10}}]}}},"/Users/shengrong/Documents/SFMeal/SFMealWeb/api/jobs/OrderPickupReminderJob.js":{"path":"/Users/shengrong/Documents/SFMeal/SFMealWeb/api/jobs/OrderPickupReminderJob.js","s":{"1":1,"2":1,"3":1,"4":0,"5":0,"6":0,"7":0,"8":0,"9":0,"10":0,"11":0,"12":0,"13":0,"14":0,"15":0,"16":0,"17":0,"18":0,"19":1},"b":{"1":[0,0],"2":[0,0],"3":[0,0],"4":[0,0],"5":[0,0]},"f":{"1":1,"2":0,"3":0},"fnMap":{"1":{"name":"(anonymous_1)","line":5,"loc":{"start":{"line":5,"column":17},"end":{"line":5,"column":34}}},"2":{"name":"(anonymous_2)","line":28,"loc":{"start":{"line":28,"column":9},"end":{"line":28,"column":29}}},"3":{"name":"(anonymous_3)","line":32,"loc":{"start":{"line":32,"column":91},"end":{"line":32,"column":111}}}},"statementMap":{"1":{"start":{"line":4,"column":0},"end":{"line":4,"column":55}},"2":{"start":{"line":5,"column":0},"end":{"line":55,"column":1}},"3":{"start":{"line":6,"column":2},"end":{"line":53,"column":4}},"4":{"start":{"line":29,"column":6},"end":{"line":29,"column":54}},"5":{"start":{"line":30,"column":6},"end":{"line":30,"column":43}},"6":{"start":{"line":31,"column":6},"end":{"line":31,"column":41}},"7":{"start":{"line":32,"column":6},"end":{"line":51,"column":8}},"8":{"start":{"line":33,"column":8},"end":{"line":35,"column":9}},"9":{"start":{"line":34,"column":10},"end":{"line":34,"column":24}},"10":{"start":{"line":36,"column":8},"end":{"line":49,"column":9}},"11":{"start":{"line":37,"column":10},"end":{"line":41,"column":11}},"12":{"start":{"line":38,"column":12},"end":{"line":38,"column":84}},"13":{"start":{"line":40,"column":12},"end":{"line":40,"column":66}},"14":{"start":{"line":43,"column":10},"end":{"line":48,"column":11}},"15":{"start":{"line":44,"column":12},"end":{"line":44,"column":34}},"16":{"start":{"line":45,"column":12},"end":{"line":45,"column":87}},"17":{"start":{"line":47,"column":12},"end":{"line":47,"column":66}},"18":{"start":{"line":50,"column":8},"end":{"line":50,"column":15}},"19":{"start":{"line":54,"column":2},"end":{"line":54,"column":13}}},"branchMap":{"1":{"line":33,"type":"if","locations":[{"start":{"line":33,"column":8},"end":{"line":33,"column":8}},{"start":{"line":33,"column":8},"end":{"line":33,"column":8}}]},"2":{"line":33,"type":"binary-expr","locations":[{"start":{"line":33,"column":11},"end":{"line":33,"column":14}},{"start":{"line":33,"column":18},"end":{"line":33,"column":24}}]},"3":{"line":36,"type":"if","locations":[{"start":{"line":36,"column":8},"end":{"line":36,"column":8}},{"start":{"line":36,"column":8},"end":{"line":36,"column":8}}]},"4":{"line":37,"type":"if","locations":[{"start":{"line":37,"column":10},"end":{"line":37,"column":10}},{"start":{"line":37,"column":10},"end":{"line":37,"column":10}}]},"5":{"line":43,"type":"if","locations":[{"start":{"line":43,"column":10},"end":{"line":43,"column":10}},{"start":{"line":43,"column":10},"end":{"line":43,"column":10}}]}}},"/Users/shengrong/Documents/SFMeal/SFMealWeb/api/jobs/SchedulerJob.js":{"path":"/Users/shengrong/Documents/SFMeal/SFMealWeb/api/jobs/SchedulerJob.js","s":{"1":1,"2":1,"3":0,"4":0,"5":0,"6":1},"b":{},"f":{"1":1,"2":0},"fnMap":{"1":{"name":"(anonymous_1)","line":4,"loc":{"start":{"line":4,"column":17},"end":{"line":4,"column":34}}},"2":{"name":"(anonymous_2)","line":27,"loc":{"start":{"line":27,"column":9},"end":{"line":27,"column":30}}}},"statementMap":{"1":{"start":{"line":4,"column":0},"end":{"line":34,"column":1}},"2":{"start":{"line":5,"column":2},"end":{"line":32,"column":3}},"3":{"start":{"line":28,"column":6},"end":{"line":28,"column":59}},"4":{"start":{"line":29,"column":6},"end":{"line":29,"column":51}},"5":{"start":{"line":30,"column":6},"end":{"line":30,"column":13}},"6":{"start":{"line":33,"column":2},"end":{"line":33,"column":13}}},"branchMap":{}}}