TN:
SF:/Users/shengrong/Documents/SFMeal/SFMealWeb/api/policyFactories/or.js
FN:4,(anonymous_1)
FN:6,(anonymous_2)
FN:14,(anonymous_3)
FNF:3
FNH:3
FNDA:24,(anonymous_1)
FNDA:99,(anonymous_2)
FNDA:22,(anonymous_3)
DA:4,1
DA:6,24
DA:9,99
DA:11,99
DA:12,10593
DA:14,99
DA:15,22
DA:19,10494
DA:24,99
LF:9
LH:9
BRDA:12,1,0,99
BRDA:12,1,1,10494
BRF:2
BRH:2
end_of_record
TN:
SF:/Users/shengrong/Documents/SFMeal/SFMealWeb/api/policyFactories/and.js
FN:2,(anonymous_1)
FN:4,(anonymous_2)
FN:7,(anonymous_3)
FN:18,(anonymous_4)
FN:19,(anonymous_5)
FNF:5
FNH:5
FNDA:21,(anonymous_1)
FNDA:250,(anonymous_2)
FNDA:157,(anonymous_3)
FNDA:96,(anonymous_4)
FNDA:95,(anonymous_5)
DA:2,1
DA:4,21
DA:5,250
DA:6,250
DA:7,170
DA:8,157
DA:11,80
DA:15,21
DA:16,21
DA:18,21
DA:19,96
DA:20,95
DA:21,93
DA:23,2
LF:14
LH:14
BRDA:6,1,0,170
BRDA:6,1,1,80
BRDA:20,2,0,93
BRDA:20,2,1,2
BRF:4
BRH:4
end_of_record
TN:
SF:/Users/shengrong/Documents/SFMeal/SFMealWeb/api/policies/sessionAuth.js
FN:10,(anonymous_1)
FNF:1
FNH:1
FNDA:141,(anonymous_1)
DA:10,2
DA:14,141
DA:15,136
DA:20,5
LF:4
LH:4
BRDA:14,1,0,136
BRDA:14,1,1,5
BRF:2
BRH:2
end_of_record
TN:
SF:/Users/shengrong/Documents/SFMeal/SFMealWeb/api/policies/sessionSelf.js
FN:10,(anonymous_1)
FN:18,(anonymous_2)
FNF:2
FNH:2
FNDA:19,(anonymous_1)
FNDA:10,(anonymous_2)
DA:10,2
DA:14,19
DA:15,19
DA:16,10
DA:17,10
DA:18,10
DA:19,10
DA:20,0
DA:21,10
DA:22,9
DA:26,1
DA:29,9
DA:30,9
DA:31,9
DA:32,8
DA:34,9
DA:35,8
DA:37,1
DA:40,0
LF:19
LH:17
BRDA:15,1,0,10
BRDA:15,1,1,9
BRDA:16,2,0,10
BRDA:16,2,1,0
BRDA:19,3,0,0
BRDA:19,3,1,10
BRDA:21,4,0,9
BRDA:21,4,1,1
BRDA:21,5,0,10
BRDA:21,5,1,10
BRDA:29,6,0,9
BRDA:29,6,1,0
BRDA:31,7,0,8
BRDA:31,7,1,1
BRDA:34,8,0,8
BRDA:34,8,1,1
BRF:16
BRH:13
end_of_record
TN:
SF:/Users/shengrong/Documents/SFMeal/SFMealWeb/api/policies/isAdmin.js
FN:10,(anonymous_1)
FNF:1
FNH:1
FNDA:49,(anonymous_1)
DA:10,2
DA:13,49
DA:14,48
DA:15,48
DA:16,30
DA:17,30
DA:19,18
DA:22,1
LF:8
LH:8
BRDA:13,1,0,48
BRDA:13,1,1,1
BRDA:15,2,0,30
BRDA:15,2,1,18
BRF:4
BRH:4
end_of_record
TN:
SF:/Users/shengrong/Documents/SFMeal/SFMealWeb/api/policies/notHost.js
FN:10,(anonymous_1)
FN:14,(anonymous_2)
FNF:2
FNH:2
FNDA:3,(anonymous_1)
FNDA:3,(anonymous_2)
DA:10,2
DA:13,3
DA:14,3
DA:15,3
DA:16,3
DA:17,2
DA:19,1
LF:7
LH:7
BRDA:16,1,0,2
BRDA:16,1,1,1
BRF:2
BRH:2
end_of_record
TN:
SF:/Users/shengrong/Documents/SFMeal/SFMealWeb/api/policyFactories/isNotFields.js
FN:4,(anonymous_1)
FN:7,(anonymous_2)
FN:13,(anonymous_3)
FNF:3
FNH:3
FNDA:6,(anonymous_1)
FNDA:26,(anonymous_2)
FNDA:165,(anonymous_3)
DA:4,1
DA:6,6
DA:7,6
DA:9,26
DA:10,0
DA:13,26
DA:14,165
DA:17,26
DA:18,2
DA:21,24
LF:10
LH:9
BRDA:9,1,0,0
BRDA:9,1,1,26
BRDA:17,2,0,2
BRDA:17,2,1,24
BRF:4
BRH:3
end_of_record
TN:
SF:/Users/shengrong/Documents/SFMeal/SFMealWeb/api/policies/isHost.js
FN:10,(anonymous_1)
FN:18,(anonymous_2)
FNF:2
FNH:2
FNDA:46,(anonymous_1)
FNDA:3,(anonymous_2)
DA:10,2
DA:13,46
DA:14,46
DA:15,46
DA:16,43
DA:18,3
DA:19,3
DA:20,3
DA:21,0
DA:22,0
DA:24,3
LF:11
LH:9
BRDA:15,1,0,43
BRDA:15,1,1,3
BRDA:20,2,0,0
BRDA:20,2,1,3
BRF:4
BRH:3
end_of_record
TN:
SF:/Users/shengrong/Documents/SFMeal/SFMealWeb/api/policies/isOwnerOfMeal.js
FN:10,(anonymous_1)
FN:15,(anonymous_2)
FNF:2
FNH:2
FNDA:17,(anonymous_1)
FNDA:17,(anonymous_2)
DA:10,2
DA:13,17
DA:14,17
DA:15,17
DA:16,17
DA:17,17
DA:19,0
LF:7
LH:6
BRDA:13,1,0,0
BRDA:13,1,1,17
BRDA:14,2,0,17
BRDA:14,2,1,15
BRDA:14,2,2,0
BRDA:16,3,0,17
BRDA:16,3,1,0
BRDA:16,4,0,17
BRDA:16,4,1,17
BRF:9
BRH:6
end_of_record
TN:
SF:/Users/shengrong/Documents/SFMeal/SFMealWeb/api/policies/isOwnerOfCard.js
FN:10,(anonymous_1)
FN:15,(anonymous_2)
FNF:2
FNH:2
FNDA:3,(anonymous_1)
FNDA:3,(anonymous_2)
DA:10,2
DA:13,3
DA:14,3
DA:15,3
DA:16,3
DA:17,0
DA:19,3
DA:20,0
DA:22,3
DA:23,3
DA:25,0
LF:11
LH:8
BRDA:16,1,0,0
BRDA:16,1,1,3
BRDA:19,2,0,0
BRDA:19,2,1,3
BRDA:22,3,0,3
BRDA:22,3,1,0
BRF:6
BRH:3
end_of_record
TN:
SF:/Users/shengrong/Documents/SFMeal/SFMealWeb/api/policies/isBelongToOrder.js
FN:10,(anonymous_1)
FN:16,(anonymous_2)
FNF:2
FNH:2
FNDA:29,(anonymous_1)
FNDA:29,(anonymous_2)
DA:10,2
DA:13,29
DA:14,29
DA:15,29
DA:16,29
DA:17,29
DA:18,0
DA:20,29
DA:21,29
DA:23,0
LF:10
LH:8
BRDA:14,1,0,11
BRDA:14,1,1,18
BRDA:14,2,0,11
BRDA:14,2,1,11
BRDA:15,3,0,29
BRDA:15,3,1,0
BRDA:15,4,0,0
BRDA:15,4,1,0
BRDA:17,5,0,0
BRDA:17,5,1,29
BRDA:20,6,0,29
BRDA:20,6,1,0
BRDA:20,7,0,29
BRDA:20,7,1,29
BRDA:20,7,2,29
BRDA:20,7,3,11
BRF:16
BRH:11
end_of_record
TN:
SF:/Users/shengrong/Documents/SFMeal/SFMealWeb/api/policies/isAuthorizedForAction.js
FN:10,(anonymous_1)
FN:16,(anonymous_2)
FNF:2
FNH:2
FNDA:29,(anonymous_1)
FNDA:29,(anonymous_2)
DA:10,2
DA:13,29
DA:14,29
DA:15,29
DA:16,29
DA:17,29
DA:18,0
DA:20,29
DA:21,7
DA:22,7
DA:23,5
DA:24,2
DA:25,1
DA:27,1
DA:29,22
DA:30,20
DA:31,1
DA:33,19
DA:34,2
DA:36,17
DA:37,2
DA:38,1
DA:39,0
DA:40,1
DA:41,0
DA:43,1
DA:44,1
DA:45,1
DA:46,0
DA:48,1
DA:49,0
DA:51,1
DA:53,0
LF:33
LH:27
BRDA:13,1,0,11
BRDA:13,1,1,18
BRDA:13,2,0,0
BRDA:13,2,1,11
BRDA:17,3,0,0
BRDA:17,3,1,29
BRDA:20,4,0,7
BRDA:20,4,1,22
BRDA:20,5,0,29
BRDA:20,5,1,24
BRDA:22,6,0,5
BRDA:22,6,1,2
BRDA:22,7,0,7
BRDA:22,7,1,5
BRDA:22,7,2,5
BRDA:24,8,0,1
BRDA:24,8,1,1
BRDA:24,9,0,2
BRDA:24,9,1,2
BRDA:24,9,2,1
BRDA:29,10,0,20
BRDA:29,10,1,2
BRDA:29,11,0,22
BRDA:29,11,1,10
BRDA:29,11,2,3
BRDA:30,12,0,1
BRDA:30,12,1,19
BRDA:30,13,0,20
BRDA:30,13,1,7
BRDA:33,14,0,2
BRDA:33,14,1,17
BRDA:33,15,0,19
BRDA:33,15,1,13
BRDA:33,15,2,2
BRDA:37,16,0,1
BRDA:37,16,1,1
BRDA:38,17,0,0
BRDA:38,17,1,1
BRDA:40,18,0,0
BRDA:40,18,1,1
BRDA:40,19,0,1
BRDA:40,19,1,1
BRDA:44,20,0,1
BRDA:44,20,1,0
BRDA:45,21,0,0
BRDA:45,21,1,1
BRDA:48,22,0,0
BRDA:48,22,1,1
BRDA:48,23,0,1
BRDA:48,23,1,1
BRF:50
BRH:43
end_of_record
TN:
SF:/Users/shengrong/Documents/SFMeal/SFMealWeb/api/policies/isOwnerOfDish.js
FN:10,(anonymous_1)
FN:15,(anonymous_2)
FNF:2
FNH:2
FNDA:5,(anonymous_1)
FNDA:5,(anonymous_2)
DA:10,2
DA:13,5
DA:14,5
DA:15,5
DA:16,5
DA:17,4
DA:19,1
LF:7
LH:7
BRDA:13,1,0,0
BRDA:13,1,1,5
BRDA:14,2,0,5
BRDA:14,2,1,5
BRDA:14,2,2,0
BRDA:16,3,0,4
BRDA:16,3,1,1
BRDA:16,4,0,5
BRDA:16,4,1,5
BRF:9
BRH:7
end_of_record
TN:
SF:/Users/shengrong/Documents/SFMeal/SFMealWeb/api/responses/badRequest.js
FN:18,badRequest
FN:59,couldNotGuessView
FNF:2
FNH:1
FNDA:41,badRequest
FNDA:0,couldNotGuessView
DA:18,1
DA:21,41
DA:22,41
DA:23,41
DA:26,41
DA:29,41
DA:30,41
DA:32,0
DA:42,41
DA:43,41
DA:48,0
DA:53,0
DA:54,0
DA:59,0
DA:60,0
LF:15
LH:9
BRDA:29,1,0,41
BRDA:29,1,1,0
BRDA:42,2,0,41
BRDA:42,2,1,0
BRDA:48,3,0,0
BRDA:48,3,1,0
BRDA:48,4,0,0
BRDA:48,4,1,0
BRDA:53,5,0,0
BRDA:53,5,1,0
BRF:10
BRH:2
end_of_record
TN:
SF:/Users/shengrong/Documents/SFMeal/SFMealWeb/api/responses/forbidden.js
FN:15,forbidden
FN:56,(anonymous_2)
FNF:2
FNH:1
FNDA:20,forbidden
FNDA:0,(anonymous_2)
DA:15,1
DA:18,20
DA:19,20
DA:20,20
DA:23,20
DA:26,20
DA:27,20
DA:29,0
DA:39,20
DA:40,20
DA:45,0
DA:50,0
DA:51,0
DA:56,0
DA:59,0
DA:63,0
DA:64,0
DA:68,0
DA:70,0
DA:73,0
LF:20
LH:9
BRDA:26,1,0,20
BRDA:26,1,1,0
BRDA:39,2,0,20
BRDA:39,2,1,0
BRDA:45,3,0,0
BRDA:45,3,1,0
BRDA:45,4,0,0
BRDA:45,4,1,0
BRDA:50,5,0,0
BRDA:50,5,1,0
BRDA:59,6,0,0
BRDA:59,6,1,0
BRDA:63,7,0,0
BRDA:63,7,1,0
BRF:14
BRH:2
end_of_record
TN:
SF:/Users/shengrong/Documents/SFMeal/SFMealWeb/api/responses/notFound.js
FN:20,notFound
FN:61,(anonymous_2)
FNF:2
FNH:0
FNDA:0,notFound
FNDA:0,(anonymous_2)
DA:20,1
DA:23,0
DA:24,0
DA:25,0
DA:28,0
DA:31,0
DA:32,0
DA:34,0
DA:39,0
DA:40,0
DA:44,0
DA:45,0
DA:50,0
DA:55,0
DA:56,0
DA:61,0
DA:64,0
DA:68,0
DA:69,0
DA:73,0
DA:75,0
DA:78,0
LF:22
LH:1
BRDA:31,1,0,0
BRDA:31,1,1,0
BRDA:39,2,0,0
BRDA:39,2,1,0
BRDA:44,3,0,0
BRDA:44,3,1,0
BRDA:50,4,0,0
BRDA:50,4,1,0
BRDA:50,5,0,0
BRDA:50,5,1,0
BRDA:55,6,0,0
BRDA:55,6,1,0
BRDA:64,7,0,0
BRDA:64,7,1,0
BRDA:68,8,0,0
BRDA:68,8,1,0
BRF:16
BRH:0
end_of_record
TN:
SF:/Users/shengrong/Documents/SFMeal/SFMealWeb/api/responses/ok.js
FN:14,sendOK
FN:44,couldNotGuessView
FNF:2
FNH:1
FNDA:165,sendOK
FNDA:0,couldNotGuessView
DA:14,1
DA:17,165
DA:18,165
DA:19,165
DA:21,165
DA:24,165
DA:27,165
DA:28,165
DA:33,0
DA:38,0
DA:39,0
DA:44,0
DA:45,0
LF:13
LH:8
BRDA:27,1,0,165
BRDA:27,1,1,0
BRDA:33,2,0,0
BRDA:33,2,1,0
BRDA:33,3,0,0
BRDA:33,3,1,0
BRDA:38,4,0,0
BRDA:38,4,1,0
BRF:8
BRH:1
end_of_record
TN:
SF:/Users/shengrong/Documents/SFMeal/SFMealWeb/api/responses/serverError.js
FN:15,serverError
FN:56,(anonymous_2)
FNF:2
FNH:0
FNDA:0,serverError
FNDA:0,(anonymous_2)
DA:15,1
DA:18,0
DA:19,0
DA:20,0
DA:23,0
DA:26,0
DA:27,0
DA:29,0
DA:34,0
DA:35,0
DA:39,0
DA:40,0
DA:45,0
DA:50,0
DA:51,0
DA:56,0
DA:59,0
DA:63,0
DA:64,0
DA:68,0
DA:70,0
DA:73,0
LF:22
LH:1
BRDA:26,1,0,0
BRDA:26,1,1,0
BRDA:34,2,0,0
BRDA:34,2,1,0
BRDA:39,3,0,0
BRDA:39,3,1,0
BRDA:45,4,0,0
BRDA:45,4,1,0
BRDA:45,5,0,0
BRDA:45,5,1,0
BRDA:50,6,0,0
BRDA:50,6,1,0
BRDA:59,7,0,0
BRDA:59,7,1,0
BRDA:63,8,0,0
BRDA:63,8,1,0
BRF:16
BRH:0
end_of_record
TN:
SF:/Users/shengrong/Documents/SFMeal/SFMealWeb/api/services/geocode.js
FN:14,(anonymous_1)
FN:16,(anonymous_2)
FN:25,(anonymous_3)
FN:26,(anonymous_4)
FN:31,(anonymous_5)
FN:32,(anonymous_6)
FN:41,(anonymous_7)
FN:44,(anonymous_8)
FN:52,(anonymous_9)
FN:66,(anonymous_10)
FNF:10
FNH:6
FNDA:10,(anonymous_1)
FNDA:10,(anonymous_2)
FNDA:0,(anonymous_3)
FNDA:0,(anonymous_4)
FNDA:0,(anonymous_5)
FNDA:0,(anonymous_6)
FNDA:9,(anonymous_7)
FNDA:9,(anonymous_8)
FNDA:9,(anonymous_9)
FNDA:9,(anonymous_10)
DA:5,1
DA:6,1
DA:7,1
DA:11,1
DA:13,1
DA:15,10
DA:16,10
DA:17,10
DA:18,10
DA:19,0
DA:21,10
DA:26,0
DA:27,0
DA:32,0
DA:33,0
DA:34,0
DA:36,0
DA:42,9
DA:43,9
DA:44,9
DA:45,9
DA:46,0
DA:48,9
DA:49,0
DA:51,9
DA:52,9
DA:53,9
DA:54,0
DA:56,9
DA:57,0
DA:59,9
DA:60,9
DA:61,9
DA:67,9
DA:68,9
DA:69,9
DA:70,9
DA:71,9
DA:72,9
DA:73,9
DA:74,9
DA:75,9
DA:76,9
DA:77,9
DA:78,9
DA:79,9
DA:80,9
DA:81,9
LF:48
LH:37
BRDA:18,1,0,0
BRDA:18,1,1,10
BRDA:33,2,0,0
BRDA:33,2,1,0
BRDA:45,3,0,0
BRDA:45,3,1,9
BRDA:48,4,0,0
BRDA:48,4,1,9
BRDA:53,5,0,0
BRDA:53,5,1,9
BRDA:56,6,0,0
BRDA:56,6,1,9
BRDA:79,7,0,0
BRDA:79,7,1,9
BRDA:80,8,0,9
BRDA:80,8,1,0
BRF:16
BRH:7
end_of_record
TN:
SF:/Users/shengrong/Documents/SFMeal/SFMealWeb/api/services/mailchimp.js
FN:17,(anonymous_1)
FN:90,(anonymous_2)
FNF:2
FNH:2
FNDA:10,(anonymous_1)
FNDA:10,(anonymous_2)
DA:6,1
DA:7,1
DA:8,1
DA:10,1
DA:18,10
DA:19,10
DA:21,8
DA:36,8
DA:38,0
DA:66,0
DA:68,2
DA:84,2
DA:86,10
DA:87,0
DA:88,0
DA:90,10
DA:91,10
DA:92,0
DA:93,0
LF:19
LH:13
BRDA:19,1,0,8
BRDA:19,1,1,0
BRDA:19,1,2,2
BRDA:86,2,0,0
BRDA:86,2,1,10
BRDA:91,3,0,0
BRDA:91,3,1,10
BRF:7
BRH:4
end_of_record
TN:
SF:/Users/shengrong/Documents/SFMeal/SFMealWeb/api/services/message.js
FN:12,(anonymous_1)
FN:23,(anonymous_2)
FNF:2
FNH:2
FNDA:31,(anonymous_1)
FNDA:31,(anonymous_2)
DA:6,1
DA:7,1
DA:8,1
DA:10,1
DA:13,31
DA:14,0
DA:15,0
DA:17,31
DA:18,31
DA:19,31
DA:24,31
DA:25,31
DA:26,31
DA:28,0
LF:14
LH:11
BRDA:13,1,0,0
BRDA:13,1,1,31
BRDA:24,2,0,31
BRDA:24,2,1,0
BRF:4
BRH:2
end_of_record
TN:
SF:/Users/shengrong/Documents/SFMeal/SFMealWeb/api/services/notification.js
FN:29,(anonymous_1)
FN:55,(anonymous_2)
FN:163,(anonymous_3)
FN:188,(anonymous_4)
FN:193,(anonymous_5)
FN:255,(anonymous_6)
FN:261,(anonymous_7)
FN:268,(anonymous_8)
FN:276,(anonymous_9)
FN:285,(anonymous_10)
FN:295,(anonymous_11)
FN:310,(anonymous_12)
FN:339,(anonymous_13)
FN:412,(anonymous_14)
FN:424,(anonymous_15)
FN:438,(anonymous_16)
FNF:16
FNH:15
FNDA:38,(anonymous_1)
FNDA:36,(anonymous_2)
FNDA:40,(anonymous_3)
FNDA:40,(anonymous_4)
FNDA:38,(anonymous_5)
FNDA:1,(anonymous_6)
FNDA:1,(anonymous_7)
FNDA:28,(anonymous_8)
FNDA:1,(anonymous_9)
FNDA:7,(anonymous_10)
FNDA:40,(anonymous_11)
FNDA:40,(anonymous_12)
FNDA:40,(anonymous_13)
FNDA:994,(anonymous_14)
FNDA:38,(anonymous_15)
FNDA:0,(anonymous_16)
DA:4,1
DA:5,1
DA:6,1
DA:7,1
DA:9,1
DA:17,1
DA:31,38
DA:32,38
DA:33,38
DA:35,38
DA:37,38
DA:39,38
DA:41,1
DA:42,1
DA:43,1
DA:44,1
DA:45,37
DA:46,1
DA:47,1
DA:49,36
DA:50,36
DA:51,36
DA:56,36
DA:57,36
DA:58,36
DA:59,36
DA:60,35
DA:61,35
DA:63,11
DA:67,11
DA:68,11
DA:70,4
DA:74,4
DA:75,4
DA:77,4
DA:84,4
DA:85,4
DA:87,3
DA:91,3
DA:92,3
DA:94,2
DA:101,2
DA:102,2
DA:104,4
DA:111,4
DA:112,4
DA:114,1
DA:121,1
DA:122,1
DA:124,2
DA:131,2
DA:132,2
DA:134,0
DA:135,0
DA:139,0
DA:141,0
DA:143,1
DA:144,1
DA:146,0
DA:150,0
DA:151,0
DA:153,0
DA:157,0
DA:158,0
DA:165,40
DA:166,40
DA:168,40
DA:169,1
DA:171,39
DA:172,39
DA:175,40
DA:177,40
DA:178,40
DA:179,40
DA:180,40
DA:181,40
DA:182,40
DA:185,40
DA:189,40
DA:194,38
DA:195,38
DA:196,36
DA:198,11
DA:199,11
DA:200,11
DA:202,4
DA:203,4
DA:205,4
DA:206,4
DA:208,4
DA:209,4
DA:210,4
DA:212,0
DA:213,0
DA:214,0
DA:216,2
DA:217,2
DA:219,4
DA:220,4
DA:222,1
DA:223,1
DA:225,0
DA:226,0
DA:228,2
DA:229,2
DA:231,0
DA:232,0
DA:234,4
DA:235,4
DA:237,2
DA:238,1
DA:240,0
DA:241,0
DA:243,0
DA:244,0
DA:246,1
DA:247,1
DA:249,1
DA:250,1
DA:254,38
DA:255,1
DA:256,1
DA:257,0
DA:258,0
DA:261,1
DA:262,1
DA:263,0
DA:264,0
DA:267,37
DA:268,28
DA:269,28
DA:270,0
DA:271,0
DA:274,9
DA:275,1
DA:276,1
DA:277,1
DA:278,0
DA:279,0
DA:284,8
DA:285,7
DA:286,7
DA:287,0
DA:288,0
DA:296,40
DA:297,40
DA:298,30
DA:299,30
DA:300,10
DA:301,1
DA:302,1
DA:304,9
DA:305,9
DA:307,40
DA:311,40
DA:312,40
DA:313,37
DA:315,0
DA:316,0
DA:318,37
DA:320,3
DA:321,1
DA:323,0
DA:324,0
DA:326,0
DA:327,0
DA:329,1
DA:331,2
DA:332,1
DA:333,1
DA:334,1
DA:336,40
DA:340,40
DA:341,40
DA:342,37
DA:344,11
DA:345,11
DA:347,4
DA:348,4
DA:350,4
DA:351,4
DA:353,5
DA:354,5
DA:356,2
DA:357,2
DA:359,0
DA:360,0
DA:362,4
DA:363,4
DA:365,1
DA:366,1
DA:368,2
DA:369,2
DA:371,4
DA:372,4
DA:374,0
DA:375,0
DA:377,3
DA:378,1
DA:380,0
DA:381,0
DA:383,0
DA:384,0
DA:386,0
DA:387,0
DA:389,1
DA:390,1
DA:392,2
DA:393,1
DA:395,0
DA:396,0
DA:398,0
DA:399,0
DA:401,1
DA:402,1
DA:404,1
DA:405,1
DA:407,1
DA:408,1
DA:412,40
DA:413,994
DA:414,894
DA:416,100
DA:425,38
DA:426,38
DA:427,32
DA:428,32
DA:430,38
DA:431,32
DA:433,38
DA:434,36
DA:435,36
DA:437,38
DA:438,0
DA:439,0
DA:440,0
DA:443,38
DA:444,37
DA:445,37
DA:450,1
LF:240
LH:186
BRDA:31,1,0,38
BRDA:31,1,1,10
BRDA:32,2,0,38
BRDA:32,2,1,37
BRDA:39,3,0,1
BRDA:39,3,1,37
BRDA:45,4,0,1
BRDA:45,4,1,36
BRDA:56,5,0,33
BRDA:56,5,1,3
BRDA:56,6,0,26
BRDA:56,6,1,7
BRDA:56,7,0,7
BRDA:56,7,1,0
BRDA:57,8,0,28
BRDA:57,8,1,8
BRDA:57,9,0,28
BRDA:57,9,1,0
BRDA:59,10,0,35
BRDA:59,10,1,1
BRDA:60,11,0,1
BRDA:60,11,1,34
BRDA:61,12,0,11
BRDA:61,12,1,4
BRDA:61,12,2,4
BRDA:61,12,3,3
BRDA:61,12,4,2
BRDA:61,12,5,4
BRDA:61,12,6,1
BRDA:61,12,7,2
BRDA:61,12,8,0
BRDA:77,13,0,3
BRDA:77,13,1,1
BRDA:94,14,0,2
BRDA:94,14,1,0
BRDA:104,15,0,0
BRDA:104,15,1,4
BRDA:114,16,0,1
BRDA:114,16,1,0
BRDA:124,17,0,1
BRDA:124,17,1,1
BRDA:134,18,0,0
BRDA:134,18,1,0
BRDA:134,19,0,0
BRDA:134,19,1,0
BRDA:143,20,0,1
BRDA:143,20,1,0
BRDA:144,21,0,0
BRDA:144,21,1,0
BRDA:168,22,0,1
BRDA:168,22,1,39
BRDA:171,23,0,39
BRDA:171,23,1,0
BRDA:172,24,0,35
BRDA:172,24,1,4
BRDA:172,25,0,27
BRDA:172,25,1,8
BRDA:172,26,0,8
BRDA:172,26,1,0
BRDA:177,27,0,40
BRDA:177,27,1,21
BRDA:178,28,0,39
BRDA:178,28,1,1
BRDA:179,29,0,0
BRDA:179,29,1,40
BRDA:179,30,0,37
BRDA:179,30,1,3
BRDA:180,31,0,7
BRDA:180,31,1,33
BRDA:189,32,0,40
BRDA:189,32,1,40
BRDA:195,33,0,36
BRDA:195,33,1,2
BRDA:196,34,0,11
BRDA:196,34,1,4
BRDA:196,34,2,4
BRDA:196,34,3,4
BRDA:196,34,4,0
BRDA:196,34,5,2
BRDA:196,34,6,4
BRDA:196,34,7,1
BRDA:196,34,8,0
BRDA:196,34,9,2
BRDA:196,34,10,0
BRDA:196,34,11,4
BRDA:237,35,0,1
BRDA:237,35,1,1
BRDA:238,36,0,0
BRDA:238,36,1,0
BRDA:240,37,0,0
BRDA:240,37,1,0
BRDA:243,38,0,0
BRDA:243,38,1,0
BRDA:246,39,0,1
BRDA:246,39,1,0
BRDA:247,40,0,1
BRDA:254,41,0,1
BRDA:254,41,1,37
BRDA:256,42,0,0
BRDA:256,42,1,1
BRDA:262,43,0,0
BRDA:262,43,1,1
BRDA:267,44,0,28
BRDA:267,44,1,9
BRDA:269,45,0,0
BRDA:269,45,1,28
BRDA:274,46,0,1
BRDA:274,46,1,8
BRDA:275,47,0,1
BRDA:275,47,1,0
BRDA:277,48,0,0
BRDA:277,48,1,1
BRDA:284,49,0,7
BRDA:284,49,1,1
BRDA:286,50,0,0
BRDA:286,50,1,7
BRDA:297,51,0,30
BRDA:297,51,1,10
BRDA:299,52,0,30
BRDA:299,52,1,0
BRDA:299,53,0,30
BRDA:299,53,1,0
BRDA:300,54,0,1
BRDA:300,54,1,9
BRDA:305,55,0,9
BRDA:305,55,1,1
BRDA:305,55,2,1
BRDA:305,56,0,1
BRDA:305,56,1,0
BRDA:312,57,0,37
BRDA:312,57,1,3
BRDA:313,58,0,0
BRDA:313,58,1,37
BRDA:320,59,0,1
BRDA:320,59,1,2
BRDA:321,60,0,0
BRDA:321,60,1,0
BRDA:321,60,2,1
BRDA:331,61,0,1
BRDA:331,61,1,1
BRDA:333,62,0,1
BRDA:333,62,1,0
BRDA:341,63,0,37
BRDA:341,63,1,3
BRDA:342,64,0,11
BRDA:342,64,1,4
BRDA:342,64,2,4
BRDA:342,64,3,5
BRDA:342,64,4,2
BRDA:342,64,5,0
BRDA:342,64,6,4
BRDA:342,64,7,1
BRDA:342,64,8,2
BRDA:342,64,9,4
BRDA:342,64,10,0
BRDA:377,65,0,1
BRDA:377,65,1,2
BRDA:378,66,0,0
BRDA:378,66,1,0
BRDA:378,66,2,0
BRDA:378,66,3,1
BRDA:392,67,0,1
BRDA:392,67,1,1
BRDA:393,68,0,0
BRDA:393,68,1,0
BRDA:393,68,2,1
BRDA:404,69,0,1
BRDA:404,69,1,0
BRDA:405,70,0,1
BRDA:413,71,0,894
BRDA:413,71,1,100
BRDA:426,72,0,32
BRDA:426,72,1,6
BRDA:430,73,0,32
BRDA:430,73,1,6
BRDA:433,74,0,36
BRDA:433,74,1,2
BRDA:437,75,0,0
BRDA:437,75,1,38
BRDA:443,76,0,37
BRDA:443,76,1,1
BRDA:443,77,0,38
BRDA:443,77,1,37
BRF:183
BRH:135
end_of_record
TN:
SF:/Users/shengrong/Documents/SFMeal/SFMealWeb/api/services/util.js
FN:8,(anonymous_1)
FN:12,(anonymous_2)
FN:18,(anonymous_3)
FN:22,(anonymous_4)
FN:25,(anonymous_5)
FN:33,(anonymous_6)
FN:37,(anonymous_7)
FN:41,(anonymous_8)
FN:45,(anonymous_9)
FN:87,(anonymous_10)
FN:91,(anonymous_11)
FN:95,(anonymous_12)
FN:99,(anonymous_13)
FNF:13
FNH:4
FNDA:0,(anonymous_1)
FNDA:0,(anonymous_2)
FNDA:0,(anonymous_3)
FNDA:0,(anonymous_4)
FNDA:0,(anonymous_5)
FNDA:0,(anonymous_6)
FNDA:0,(anonymous_7)
FNDA:0,(anonymous_8)
FNDA:0,(anonymous_9)
FNDA:2,(anonymous_10)
FNDA:2,(anonymous_11)
FNDA:3,(anonymous_12)
FNDA:60,(anonymous_13)
DA:4,2
DA:6,2
DA:9,0
DA:10,0
DA:13,0
DA:14,0
DA:15,0
DA:16,0
DA:19,0
DA:20,0
DA:23,0
DA:26,0
DA:27,0
DA:28,0
DA:30,0
DA:34,0
DA:35,0
DA:38,0
DA:39,0
DA:42,0
DA:43,0
DA:46,0
DA:47,0
DA:49,0
DA:50,0
DA:52,0
DA:53,0
DA:55,0
DA:56,0
DA:58,0
DA:59,0
DA:61,0
DA:62,0
DA:64,0
DA:65,0
DA:67,0
DA:68,0
DA:70,0
DA:71,0
DA:73,0
DA:74,0
DA:76,0
DA:77,0
DA:79,0
DA:80,0
DA:82,0
DA:83,0
DA:85,0
DA:88,2
DA:89,2
DA:92,2
DA:93,2
DA:96,3
DA:97,3
DA:100,60
DA:101,60
DA:103,51
DA:104,51
DA:106,0
DA:107,0
DA:109,0
DA:110,0
DA:112,0
DA:113,0
DA:115,60
LF:65
LH:13
BRDA:27,1,0,0
BRDA:27,1,1,0
BRDA:47,2,0,0
BRDA:47,2,1,0
BRDA:47,2,2,0
BRDA:47,2,3,0
BRDA:47,2,4,0
BRDA:47,2,5,0
BRDA:47,2,6,0
BRDA:47,2,7,0
BRDA:47,2,8,0
BRDA:47,2,9,0
BRDA:47,2,10,0
BRDA:47,2,11,0
BRDA:101,3,0,51
BRDA:101,3,1,0
BRDA:101,3,2,0
BRDA:101,3,3,0
BRF:18
BRH:1
end_of_record
TN:
SF:/Users/shengrong/Documents/SFMeal/SFMealWeb/api/services/s3.js
FN:5,(anonymous_1)
FNF:1
FNH:0
FNDA:0,(anonymous_1)
DA:4,1
DA:6,0
DA:16,0
DA:20,1
LF:4
LH:2
BRF:0
BRH:0
end_of_record
TN:
SF:/Users/shengrong/Documents/SFMeal/SFMealWeb/api/services/stripe.js
FN:15,(anonymous_1)
FN:16,(anonymous_2)
FN:24,(anonymous_3)
FN:28,(anonymous_4)
FN:34,(anonymous_5)
FN:35,(anonymous_6)
FN:43,(anonymous_7)
FN:48,(anonymous_8)
FN:60,(anonymous_9)
FN:70,(anonymous_10)
FN:71,(anonymous_11)
FN:79,(anonymous_12)
FN:80,(anonymous_13)
FN:84,(anonymous_14)
FN:85,(anonymous_15)
FN:92,(anonymous_16)
FN:101,(anonymous_17)
FN:108,(anonymous_18)
FN:112,(anonymous_19)
FN:116,(anonymous_20)
FN:124,(anonymous_21)
FN:167,(anonymous_22)
FN:172,(anonymous_23)
FN:185,(anonymous_24)
FN:190,(anonymous_25)
FN:203,(anonymous_26)
FN:213,(anonymous_27)
FN:217,(anonymous_28)
FN:236,(anonymous_29)
FN:247,(anonymous_30)
FN:251,(anonymous_31)
FN:260,(anonymous_32)
FN:264,(anonymous_33)
FN:272,(anonymous_34)
FN:276,(anonymous_35)
FN:284,(anonymous_36)
FN:285,(anonymous_37)
FN:293,(anonymous_38)
FN:296,(anonymous_39)
FN:301,(anonymous_40)
FN:302,(anonymous_41)
FN:307,(anonymous_42)
FN:309,(anonymous_43)
FN:317,(anonymous_44)
FN:318,(anonymous_45)
FNF:45
FNH:37
FNDA:2,(anonymous_1)
FNDA:2,(anonymous_2)
FNDA:6,(anonymous_3)
FNDA:1,(anonymous_4)
FNDA:20,(anonymous_5)
FNDA:20,(anonymous_6)
FNDA:2,(anonymous_7)
FNDA:1,(anonymous_8)
FNDA:1,(anonymous_9)
FNDA:2,(anonymous_10)
FNDA:2,(anonymous_11)
FNDA:0,(anonymous_12)
FNDA:0,(anonymous_13)
FNDA:0,(anonymous_14)
FNDA:0,(anonymous_15)
FNDA:0,(anonymous_16)
FNDA:35,(anonymous_17)
FNDA:0,(anonymous_18)
FNDA:43,(anonymous_19)
FNDA:31,(anonymous_20)
FNDA:13,(anonymous_21)
FNDA:9,(anonymous_22)
FNDA:3,(anonymous_23)
FNDA:3,(anonymous_24)
FNDA:3,(anonymous_25)
FNDA:6,(anonymous_26)
FNDA:16,(anonymous_27)
FNDA:16,(anonymous_28)
FNDA:11,(anonymous_29)
FNDA:8,(anonymous_30)
FNDA:7,(anonymous_31)
FNDA:2,(anonymous_32)
FNDA:2,(anonymous_33)
FNDA:1,(anonymous_34)
FNDA:1,(anonymous_35)
FNDA:2,(anonymous_36)
FNDA:2,(anonymous_37)
FNDA:2,(anonymous_38)
FNDA:2,(anonymous_39)
FNDA:0,(anonymous_40)
FNDA:0,(anonymous_41)
FNDA:3,(anonymous_42)
FNDA:3,(anonymous_43)
FNDA:1,(anonymous_44)
FNDA:1,(anonymous_45)
DA:4,1
DA:5,1
DA:7,1
DA:8,1
DA:10,1
DA:16,2
DA:17,2
DA:18,0
DA:20,2
DA:25,6
DA:29,1
DA:35,20
DA:36,20
DA:37,0
DA:39,20
DA:44,2
DA:45,1
DA:49,1
DA:50,0
DA:52,1
DA:56,1
DA:61,1
DA:62,0
DA:64,1
DA:71,2
DA:72,2
DA:73,0
DA:75,2
DA:80,0
DA:81,0
DA:82,0
DA:84,0
DA:85,0
DA:86,0
DA:87,0
DA:89,0
DA:90,0
DA:93,0
DA:94,0
DA:96,0
DA:102,35
DA:103,8
DA:105,27
DA:109,0
DA:113,43
DA:114,12
DA:116,31
DA:117,31
DA:118,0
DA:120,31
DA:126,13
DA:127,13
DA:128,13
DA:131,13
DA:132,13
DA:133,13
DA:134,13
DA:136,13
DA:137,13
DA:138,13
DA:139,13
DA:140,13
DA:143,13
DA:146,13
DA:149,13
DA:152,13
DA:154,13
DA:155,4
DA:158,9
DA:159,9
DA:168,9
DA:169,0
DA:171,9
DA:172,3
DA:173,3
DA:174,0
DA:176,3
DA:177,3
DA:178,3
DA:186,3
DA:187,0
DA:189,3
DA:190,3
DA:191,3
DA:192,0
DA:194,3
DA:200,6
DA:201,0
DA:203,6
DA:204,6
DA:205,0
DA:207,6
DA:214,16
DA:215,0
DA:217,16
DA:218,16
DA:219,0
DA:221,16
DA:222,16
DA:223,16
DA:224,9
DA:226,7
DA:228,16
DA:229,16
DA:230,16
DA:231,16
DA:232,16
DA:237,11
DA:238,3
DA:240,8
DA:241,8
DA:242,8
DA:248,8
DA:249,1
DA:251,7
DA:252,7
DA:253,0
DA:255,7
DA:261,2
DA:265,2
DA:266,0
DA:268,2
DA:273,1
DA:277,1
DA:278,0
DA:280,1
DA:285,2
DA:286,2
DA:287,1
DA:289,1
DA:294,2
DA:297,2
DA:302,0
DA:303,0
DA:308,3
DA:310,3
DA:311,0
DA:313,3
DA:318,1
DA:319,1
DA:320,0
DA:322,1
LF:142
LH:108
BRDA:17,1,0,0
BRDA:17,1,1,2
BRDA:36,2,0,0
BRDA:36,2,1,20
BRDA:44,3,0,1
BRDA:44,3,1,1
BRDA:49,4,0,0
BRDA:49,4,1,1
BRDA:61,5,0,0
BRDA:61,5,1,1
BRDA:72,6,0,0
BRDA:72,6,1,2
BRDA:81,7,0,0
BRDA:81,7,1,0
BRDA:86,8,0,0
BRDA:86,8,1,0
BRDA:89,9,0,0
BRDA:89,9,1,0
BRDA:93,10,0,0
BRDA:93,10,1,0
BRDA:102,11,0,8
BRDA:102,11,1,27
BRDA:113,12,0,12
BRDA:113,12,1,31
BRDA:117,13,0,0
BRDA:117,13,1,31
BRDA:128,14,0,11
BRDA:128,14,1,2
BRDA:131,15,0,0
BRDA:131,15,1,13
BRDA:131,16,0,13
BRDA:131,16,1,11
BRDA:131,16,2,3
BRDA:132,17,0,13
BRDA:132,17,1,10
BRDA:154,18,0,4
BRDA:154,18,1,9
BRDA:168,19,0,0
BRDA:168,19,1,9
BRDA:171,20,0,3
BRDA:171,20,1,6
BRDA:173,21,0,0
BRDA:173,21,1,3
BRDA:186,22,0,0
BRDA:186,22,1,3
BRDA:191,23,0,0
BRDA:191,23,1,3
BRDA:200,24,0,0
BRDA:200,24,1,6
BRDA:204,25,0,0
BRDA:204,25,1,6
BRDA:214,26,0,0
BRDA:214,26,1,16
BRDA:218,27,0,0
BRDA:218,27,1,16
BRDA:221,28,0,16
BRDA:221,28,1,3
BRDA:223,29,0,9
BRDA:223,29,1,7
BRDA:237,30,0,3
BRDA:237,30,1,8
BRDA:241,31,0,8
BRDA:241,31,1,2
BRDA:248,32,0,1
BRDA:248,32,1,7
BRDA:252,33,0,0
BRDA:252,33,1,7
BRDA:265,34,0,0
BRDA:265,34,1,2
BRDA:277,35,0,0
BRDA:277,35,1,1
BRDA:286,36,0,1
BRDA:286,36,1,1
BRDA:310,37,0,0
BRDA:310,37,1,3
BRDA:319,38,0,0
BRDA:319,38,1,1
BRF:77
BRH:49
end_of_record
TN:
SF:/Users/shengrong/Documents/SFMeal/SFMealWeb/api/models/Attempt.js
FNF:0
FNH:0
DA:9,1
LF:1
LH:1
BRF:0
BRH:0
end_of_record
TN:
SF:/Users/shengrong/Documents/SFMeal/SFMealWeb/api/models/Auth.js
FNF:0
FNH:0
DA:9,1
LF:1
LH:1
BRF:0
BRH:0
end_of_record
TN:
SF:/Users/shengrong/Documents/SFMeal/SFMealWeb/api/models/Checklist.js
FNF:0
FNH:0
DA:8,1
LF:1
LH:1
BRF:0
BRH:0
end_of_record
TN:
SF:/Users/shengrong/Documents/SFMeal/SFMealWeb/api/models/Coupon.js
FNF:0
FNH:0
DA:8,1
LF:1
LH:1
BRF:0
BRH:0
end_of_record
TN:
SF:/Users/shengrong/Documents/SFMeal/SFMealWeb/api/models/Dish.js
FN:15,(anonymous_1)
FN:31,(anonymous_2)
FN:83,(anonymous_3)
FN:90,(anonymous_4)
FNF:4
FNH:0
FNDA:0,(anonymous_1)
FNDA:0,(anonymous_2)
FNDA:0,(anonymous_3)
FNDA:0,(anonymous_4)
DA:8,1
DA:16,0
DA:17,0
DA:18,0
DA:20,0
DA:32,0
DA:33,0
DA:34,0
DA:36,0
DA:84,0
DA:91,0
DA:92,0
LF:12
LH:1
BRDA:17,1,0,0
BRDA:17,1,1,0
BRDA:17,2,0,0
BRDA:17,2,1,0
BRDA:33,3,0,0
BRDA:33,3,1,0
BRDA:33,4,0,0
BRDA:33,4,1,0
BRDA:84,5,0,0
BRDA:84,5,1,0
BRF:10
BRH:0
end_of_record
TN:
SF:/Users/shengrong/Documents/SFMeal/SFMealWeb/api/models/Email.js
FNF:0
FNH:0
DA:8,1
LF:1
LH:1
BRF:0
BRH:0
end_of_record
TN:
SF:/Users/shengrong/Documents/SFMeal/SFMealWeb/api/models/Host.js
FN:24,(anonymous_1)
FN:39,(anonymous_2)
FN:133,(anonymous_3)
FN:135,(anonymous_4)
FN:151,(anonymous_5)
FN:153,(anonymous_6)
FN:162,(anonymous_7)
FN:168,(anonymous_8)
FN:169,deg2rad
FN:184,(anonymous_10)
FNF:10
FNH:7
FNDA:0,(anonymous_1)
FNDA:2,(anonymous_2)
FNDA:20,(anonymous_3)
FNDA:20,(anonymous_4)
FNDA:20,(anonymous_5)
FNDA:20,(anonymous_6)
FNDA:32,(anonymous_7)
FNDA:0,(anonymous_8)
FNDA:0,deg2rad
FNDA:2,(anonymous_10)
DA:7,1
DA:8,1
DA:25,0
DA:26,0
DA:27,0
DA:29,0
DA:40,2
DA:41,2
DA:42,0
DA:44,2
DA:134,20
DA:135,20
DA:136,20
DA:137,0
DA:138,0
DA:140,20
DA:141,6
DA:142,6
DA:144,14
DA:145,14
DA:147,0
DA:152,20
DA:153,20
DA:154,20
DA:155,0
DA:157,20
DA:158,14
DA:160,6
DA:162,20
DA:163,32
DA:165,20
DA:169,1
DA:170,0
DA:172,0
DA:173,0
DA:174,0
DA:175,0
DA:180,0
DA:181,0
DA:182,0
DA:185,2
DA:186,2
DA:187,2
DA:188,0
DA:190,2
LF:45
LH:27
BRDA:26,1,0,0
BRDA:26,1,1,0
BRDA:26,2,0,0
BRDA:26,2,1,0
BRDA:41,3,0,0
BRDA:41,3,1,2
BRDA:41,4,0,2
BRDA:41,4,1,0
BRDA:136,5,0,0
BRDA:136,5,1,20
BRDA:140,6,0,6
BRDA:140,6,1,14
BRDA:154,7,0,0
BRDA:154,7,1,20
BRDA:157,8,0,14
BRDA:157,8,1,6
BRDA:157,9,0,20
BRDA:157,9,1,17
BRDA:157,9,2,17
BRDA:157,9,3,17
BRDA:157,9,4,17
BRDA:186,10,0,2
BRDA:186,10,1,0
BRDA:187,11,0,0
BRDA:187,11,1,2
BRF:25
BRH:15
end_of_record
TN:
SF:/Users/shengrong/Documents/SFMeal/SFMealWeb/api/models/Job.js
FNF:0
FNH:0
DA:8,1
LF:1
LH:1
BRF:0
BRH:0
end_of_record
TN:
SF:/Users/shengrong/Documents/SFMeal/SFMealWeb/api/models/Jwt.js
FNF:0
FNH:0
DA:9,1
LF:1
LH:1
BRF:0
BRH:0
end_of_record
TN:
SF:/Users/shengrong/Documents/SFMeal/SFMealWeb/api/models/Meal.js
FN:16,(anonymous_1)
FN:24,(anonymous_2)
FN:164,(anonymous_3)
FN:167,(anonymous_4)
FN:175,(anonymous_5)
FN:187,(anonymous_6)
FN:199,(anonymous_7)
FN:203,(anonymous_8)
FN:207,(anonymous_9)
FN:221,(anonymous_10)
FN:242,(anonymous_11)
FN:246,(anonymous_12)
FN:251,(anonymous_13)
FN:258,(anonymous_14)
FN:262,(anonymous_15)
FN:267,(anonymous_16)
FN:269,(anonymous_17)
FN:274,(anonymous_18)
FN:310,(anonymous_19)
FN:314,(anonymous_20)
FN:322,(anonymous_21)
FN:327,(anonymous_22)
FN:329,(anonymous_23)
FN:331,(anonymous_24)
FN:342,(anonymous_25)
FN:347,(anonymous_26)
FN:383,(anonymous_27)
FNF:27
FNH:17
FNDA:154,(anonymous_1)
FNDA:0,(anonymous_2)
FNDA:0,(anonymous_3)
FNDA:0,(anonymous_4)
FNDA:0,(anonymous_5)
FNDA:0,(anonymous_6)
FNDA:0,(anonymous_7)
FNDA:0,(anonymous_8)
FNDA:36,(anonymous_9)
FNDA:126,(anonymous_10)
FNDA:10,(anonymous_11)
FNDA:38,(anonymous_12)
FNDA:0,(anonymous_13)
FNDA:0,(anonymous_14)
FNDA:0,(anonymous_15)
FNDA:4,(anonymous_16)
FNDA:4,(anonymous_17)
FNDA:4,(anonymous_18)
FNDA:4,(anonymous_19)
FNDA:4,(anonymous_20)
FNDA:4,(anonymous_21)
FNDA:41,(anonymous_22)
FNDA:41,(anonymous_23)
FNDA:36,(anonymous_24)
FNDA:41,(anonymous_25)
FNDA:41,(anonymous_26)
FNDA:41,(anonymous_27)
DA:8,1
DA:9,1
DA:10,1
DA:11,1
DA:13,1
DA:17,154
DA:25,0
DA:26,0
DA:27,0
DA:29,0
DA:165,0
DA:166,0
DA:167,0
DA:168,0
DA:169,0
DA:172,0
DA:176,0
DA:177,0
DA:178,0
DA:180,0
DA:183,0
DA:188,0
DA:189,0
DA:190,0
DA:192,0
DA:195,0
DA:200,0
DA:204,0
DA:208,36
DA:209,36
DA:210,36
DA:211,36
DA:212,36
DA:213,0
DA:214,36
DA:215,0
DA:216,36
DA:217,0
DA:219,36
DA:220,36
DA:221,36
DA:222,126
DA:223,126
DA:224,126
DA:225,0
DA:226,0
DA:227,0
DA:228,126
DA:229,0
DA:230,0
DA:231,0
DA:232,126
DA:233,0
DA:234,0
DA:235,0
DA:239,36
DA:243,10
DA:244,0
DA:246,10
DA:247,38
DA:252,0
DA:253,0
DA:255,0
DA:259,0
DA:263,0
DA:268,4
DA:270,4
DA:271,0
DA:272,0
DA:274,4
DA:275,4
DA:276,0
DA:278,4
DA:279,2
DA:281,2
DA:282,2
DA:283,2
DA:292,2
DA:301,2
DA:302,0
DA:304,2
DA:306,2
DA:307,2
DA:311,4
DA:312,0
DA:314,4
DA:315,4
DA:316,0
DA:318,4
DA:319,4
DA:323,4
DA:328,41
DA:330,41
DA:331,36
DA:332,36
DA:333,0
DA:335,36
DA:336,36
DA:339,5
DA:343,41
DA:344,0
DA:345,0
DA:347,41
DA:348,41
DA:349,0
DA:351,41
DA:352,28
DA:354,13
DA:355,13
DA:356,13
DA:365,13
DA:374,13
DA:375,8
DA:377,5
DA:379,13
DA:380,13
DA:384,41
LF:117
LH:67
BRDA:26,1,0,0
BRDA:26,1,1,0
BRDA:26,2,0,0
BRDA:26,2,1,0
BRDA:168,3,0,0
BRDA:168,3,1,0
BRDA:176,4,0,0
BRDA:176,4,1,0
BRDA:177,5,0,0
BRDA:177,5,1,0
BRDA:188,6,0,0
BRDA:188,6,1,0
BRDA:189,7,0,0
BRDA:189,7,1,0
BRDA:212,8,0,0
BRDA:212,8,1,36
BRDA:214,9,0,0
BRDA:214,9,1,36
BRDA:216,10,0,0
BRDA:216,10,1,36
BRDA:220,11,0,36
BRDA:220,11,1,0
BRDA:224,12,0,0
BRDA:224,12,1,126
BRDA:228,13,0,0
BRDA:228,13,1,126
BRDA:232,14,0,0
BRDA:232,14,1,126
BRDA:232,15,0,126
BRDA:232,15,1,10
BRDA:243,16,0,0
BRDA:243,16,1,10
BRDA:252,17,0,0
BRDA:252,17,1,0
BRDA:270,18,0,0
BRDA:270,18,1,4
BRDA:275,19,0,0
BRDA:275,19,1,4
BRDA:278,20,0,2
BRDA:278,20,1,2
BRDA:301,21,0,0
BRDA:301,21,1,2
BRDA:311,22,0,0
BRDA:311,22,1,4
BRDA:315,23,0,0
BRDA:315,23,1,4
BRDA:318,24,0,4
BRDA:318,24,1,0
BRDA:330,25,0,36
BRDA:330,25,1,5
BRDA:330,26,0,41
BRDA:330,26,1,36
BRDA:332,27,0,0
BRDA:332,27,1,36
BRDA:335,28,0,36
BRDA:335,28,1,0
BRDA:343,29,0,0
BRDA:343,29,1,41
BRDA:348,30,0,0
BRDA:348,30,1,41
BRDA:351,31,0,28
BRDA:351,31,1,13
BRDA:374,32,0,8
BRDA:374,32,1,5
BRF:64
BRH:30
end_of_record
TN:
SF:/Users/shengrong/Documents/SFMeal/SFMealWeb/api/models/Notification.js
FNF:0
FNH:0
DA:8,1
LF:1
LH:1
BRF:0
BRH:0
end_of_record
TN:
SF:/Users/shengrong/Documents/SFMeal/SFMealWeb/api/models/Order.js
FN:137,(anonymous_1)
FNF:1
FNH:1
FNDA:1,(anonymous_1)
DA:8,1
DA:9,1
DA:138,1
DA:139,0
DA:141,1
LF:5
LH:4
BRDA:138,1,0,0
BRDA:138,1,1,1
BRF:2
BRH:1
end_of_record
TN:
SF:/Users/shengrong/Documents/SFMeal/SFMealWeb/api/models/Payment.js
FNF:0
FNH:0
DA:8,1
LF:1
LH:1
BRF:0
BRH:0
end_of_record
TN:
SF:/Users/shengrong/Documents/SFMeal/SFMealWeb/api/models/Pocket.js
FNF:0
FNH:0
DA:8,1
LF:1
LH:1
BRF:0
BRH:0
end_of_record
TN:
SF:/Users/shengrong/Documents/SFMeal/SFMealWeb/api/models/ResetToken.js
FNF:0
FNH:0
DA:9,1
LF:1
LH:1
BRF:0
BRH:0
end_of_record
TN:
SF:/Users/shengrong/Documents/SFMeal/SFMealWeb/api/models/Review.js
FN:44,(anonymous_1)
FN:50,(anonymous_2)
FN:55,(anonymous_3)
FN:59,(anonymous_4)
FN:66,(anonymous_5)
FN:69,(anonymous_6)
FNF:6
FNH:5
FNDA:0,(anonymous_1)
FNDA:4,(anonymous_2)
FNDA:4,(anonymous_3)
FNDA:4,(anonymous_4)
FNDA:4,(anonymous_5)
FNDA:16,(anonymous_6)
DA:8,1
DA:45,0
DA:46,0
DA:47,0
DA:51,4
DA:52,4
DA:53,4
DA:54,4
DA:55,4
DA:56,4
DA:57,4
DA:58,4
DA:59,4
DA:60,4
DA:61,0
DA:63,4
DA:64,0
DA:66,4
DA:67,4
DA:68,4
DA:69,4
DA:70,16
DA:72,4
DA:73,4
DA:74,4
LF:25
LH:20
BRDA:60,1,0,0
BRDA:60,1,1,4
BRDA:63,2,0,0
BRDA:63,2,1,4
BRF:4
BRH:2
end_of_record
TN:
SF:/Users/shengrong/Documents/SFMeal/SFMealWeb/api/models/Use.js
FNF:0
FNH:0
DA:9,1
LF:1
LH:1
BRF:0
BRH:0
end_of_record
TN:
SF:/Users/shengrong/Documents/SFMeal/SFMealWeb/api/models/User.js
FN:15,(anonymous_1)
FN:139,(anonymous_2)
FN:140,(anonymous_3)
FN:151,(anonymous_4)
FN:157,(anonymous_5)
FN:178,(anonymous_6)
FN:190,(anonymous_7)
FNF:7
FNH:4
FNDA:78,(anonymous_1)
FNDA:0,(anonymous_2)
FNDA:0,(anonymous_3)
FNDA:8,(anonymous_4)
FNDA:17,(anonymous_5)
FNDA:0,(anonymous_6)
FNDA:8,(anonymous_7)
DA:9,1
DA:10,1
DA:12,1
DA:16,78
DA:17,78
DA:18,78
DA:20,0
DA:140,0
DA:141,0
DA:152,8
DA:153,8
DA:154,8
DA:155,8
DA:156,8
DA:157,8
DA:158,17
DA:159,4
DA:161,13
DA:162,0
DA:163,0
DA:164,0
DA:165,0
DA:167,0
DA:168,13
DA:169,0
DA:170,0
DA:171,13
DA:172,0
DA:173,0
DA:174,0
DA:176,0
DA:177,13
DA:178,0
DA:179,0
DA:180,0
DA:181,0
DA:183,0
DA:184,0
DA:187,13
DA:188,13
DA:191,8
DA:192,0
DA:194,8
LF:43
LH:22
BRDA:17,1,0,78
BRDA:17,1,1,0
BRDA:17,2,0,78
BRDA:17,2,1,78
BRDA:17,2,2,78
BRDA:158,3,0,4
BRDA:158,3,1,13
BRDA:158,4,0,17
BRDA:158,4,1,13
BRDA:161,5,0,0
BRDA:161,5,1,13
BRDA:163,6,0,0
BRDA:163,6,1,0
BRDA:164,7,0,0
BRDA:164,7,1,0
BRDA:165,8,0,0
BRDA:165,8,1,0
BRDA:168,9,0,0
BRDA:168,9,1,13
BRDA:171,10,0,0
BRDA:171,10,1,13
BRDA:173,11,0,0
BRDA:173,11,1,0
BRDA:177,12,0,0
BRDA:177,12,1,13
BRDA:179,13,0,0
BRDA:179,13,1,0
BRDA:191,14,0,0
BRDA:191,14,1,8
BRF:29
BRH:13
end_of_record
TN:
SF:/Users/shengrong/Documents/SFMeal/SFMealWeb/api/blueprints/create.js
FN:19,createRecord
FN:30,created
FNF:2
FNH:2
FNDA:3,createRecord
FNDA:3,created
DA:4,1
DA:19,1
DA:21,3
DA:25,3
DA:30,3
DA:35,3
DA:39,3
DA:40,3
DA:41,0
DA:42,0
DA:44,3
DA:51,3
LF:12
LH:10
BRDA:35,1,0,0
BRDA:35,1,1,3
BRDA:39,2,0,3
BRDA:39,2,1,0
BRDA:40,3,0,0
BRDA:40,3,1,3
BRDA:44,4,0,3
BRDA:44,4,1,3
BRF:8
BRH:5
end_of_record
TN:
SF:/Users/shengrong/Documents/SFMeal/SFMealWeb/api/blueprints/destroy.js
FN:21,destroyOneRecord
FN:28,foundRecord
FN:32,destroyedRecord
FN:45,(anonymous_4)
FNF:4
FNH:0
FNDA:0,destroyOneRecord
FNDA:0,foundRecord
FNDA:0,destroyedRecord
FNDA:0,(anonymous_4)
DA:4,1
DA:21,1
DA:23,0
DA:24,0
DA:26,0
DA:27,0
DA:28,0
DA:29,0
DA:30,0
DA:32,0
DA:33,0
DA:35,0
DA:36,0
DA:37,0
DA:38,0
DA:39,0
DA:42,0
DA:43,0
DA:44,0
DA:45,0
DA:46,0
DA:47,0
DA:49,0
DA:50,0
DA:53,0
LF:25
LH:2
BRDA:29,1,0,0
BRDA:29,1,1,0
BRDA:30,2,0,0
BRDA:30,2,1,0
BRDA:33,3,0,0
BRDA:33,3,1,0
BRDA:35,4,0,0
BRDA:35,4,1,0
BRDA:36,5,0,0
BRDA:36,5,1,0
BRDA:37,6,0,0
BRDA:37,6,1,0
BRDA:42,7,0,0
BRDA:42,7,1,0
BRDA:44,8,0,0
BRDA:44,8,1,0
BRDA:46,9,0,0
BRDA:46,9,1,0
BRF:18
BRH:0
end_of_record
TN:
SF:/Users/shengrong/Documents/SFMeal/SFMealWeb/api/blueprints/find.js
FN:25,findRecords
FN:47,found
FN:56,(anonymous_3)
FNF:3
FNH:0
FNDA:0,findRecords
FNDA:0,found
FNDA:0,(anonymous_3)
DA:4,1
DA:25,1
DA:28,0
DA:35,0
DA:36,0
DA:40,0
DA:46,0
DA:47,0
DA:48,0
DA:52,0
DA:53,0
DA:54,0
DA:56,0
DA:57,0
DA:61,0
DA:62,0
DA:63,0
DA:64,0
DA:66,0
LF:19
LH:2
BRDA:35,1,0,0
BRDA:35,1,1,0
BRDA:48,2,0,0
BRDA:48,2,1,0
BRDA:52,3,0,0
BRDA:52,3,1,0
BRDA:52,4,0,0
BRDA:52,4,1,0
BRDA:54,5,0,0
BRDA:54,5,1,0
BRDA:61,6,0,0
BRDA:61,6,1,0
BRDA:63,7,0,0
BRDA:63,7,1,0
BRF:14
BRH:0
end_of_record
TN:
SF:/Users/shengrong/Documents/SFMeal/SFMealWeb/api/blueprints/findone.js
FN:21,findOneRecord
FN:41,found
FN:55,(anonymous_3)
FN:67,(anonymous_4)
FN:71,(anonymous_5)
FNF:5
FNH:0
FNDA:0,findOneRecord
FNDA:0,found
FNDA:0,(anonymous_3)
FNDA:0,(anonymous_4)
FNDA:0,(anonymous_5)
DA:4,1
DA:21,1
DA:23,0
DA:24,0
DA:25,0
DA:27,0
DA:28,0
DA:29,0
DA:30,0
DA:32,0
DA:33,0
DA:34,0
DA:35,0
DA:39,0
DA:40,0
DA:41,0
DA:42,0
DA:43,0
DA:45,0
DA:46,0
DA:47,0
DA:50,0
DA:51,0
DA:52,0
DA:53,0
DA:54,0
DA:55,0
DA:56,0
DA:57,0
DA:59,0
DA:60,0
DA:61,0
DA:62,0
DA:65,0
DA:66,0
DA:67,0
DA:68,0
DA:69,0
DA:71,0
DA:72,0
DA:73,0
DA:75,0
DA:79,0
DA:82,0
DA:83,0
DA:84,0
DA:85,0
DA:86,0
DA:87,0
DA:88,0
DA:89,0
DA:91,0
DA:94,0
LF:53
LH:2
BRDA:27,1,0,0
BRDA:27,1,1,0
BRDA:29,2,0,0
BRDA:29,2,1,0
BRDA:33,3,0,0
BRDA:33,3,1,0
BRDA:33,4,0,0
BRDA:33,4,1,0
BRDA:34,5,0,0
BRDA:34,5,1,0
BRDA:42,6,0,0
BRDA:42,6,1,0
BRDA:43,7,0,0
BRDA:43,7,1,0
BRDA:45,8,0,0
BRDA:45,8,1,0
BRDA:45,9,0,0
BRDA:45,9,1,0
BRDA:50,10,0,0
BRDA:50,10,1,0
BRDA:50,11,0,0
BRDA:50,11,1,0
BRDA:52,12,0,0
BRDA:52,12,1,0
BRDA:53,13,0,0
BRDA:53,13,1,0
BRDA:56,14,0,0
BRDA:56,14,1,0
BRDA:65,15,0,0
BRDA:65,15,1,0
BRDA:68,16,0,0
BRDA:68,16,1,0
BRDA:72,17,0,0
BRDA:72,17,1,0
BRDA:82,18,0,0
BRDA:82,18,1,0
BRDA:84,19,0,0
BRDA:84,19,1,0
BRDA:86,20,0,0
BRDA:86,20,1,0
BRDA:87,21,0,0
BRDA:87,21,1,0
BRF:42
BRH:0
end_of_record
TN:
SF:/Users/shengrong/Documents/SFMeal/SFMealWeb/api/blueprints/update.js
FN:19,updateOneRecord
FN:42,found
FN:47,updated
FN:82,foundAgain
FNF:4
FNH:0
FNDA:0,updateOneRecord
FNDA:0,found
FNDA:0,updated
FNDA:0,foundAgain
DA:4,1
DA:6,1
DA:19,1
DA:22,0
DA:25,0
DA:29,0
DA:33,0
DA:34,0
DA:42,0
DA:44,0
DA:45,0
DA:47,0
DA:52,0
DA:58,0
DA:59,0
DA:64,0
DA:68,0
DA:69,0
DA:70,0
DA:80,0
DA:81,0
DA:82,0
DA:83,0
DA:84,0
DA:85,0
LF:25
LH:3
BRDA:33,1,0,0
BRDA:33,1,1,0
BRDA:33,1,2,0
BRDA:34,2,0,0
BRDA:34,2,1,0
BRDA:44,3,0,0
BRDA:44,3,1,0
BRDA:45,4,0,0
BRDA:45,4,1,0
BRDA:52,5,0,0
BRDA:52,5,1,0
BRDA:58,6,0,0
BRDA:58,6,1,0
BRDA:58,7,0,0
BRDA:58,7,1,0
BRDA:58,7,2,0
BRDA:68,8,0,0
BRDA:68,8,1,0
BRDA:69,9,0,0
BRDA:69,9,1,0
BRDA:70,10,0,0
BRDA:70,10,1,0
BRDA:83,11,0,0
BRDA:83,11,1,0
BRDA:84,12,0,0
BRDA:84,12,1,0
BRF:26
BRH:0
end_of_record
TN:
SF:/Users/shengrong/Documents/SFMeal/SFMealWeb/api/controllers/AuthController.js
FN:30,(anonymous_1)
FN:43,(anonymous_2)
FN:47,(anonymous_3)
FN:53,(anonymous_4)
FN:66,(anonymous_5)
FN:87,(anonymous_6)
FN:93,(anonymous_7)
FN:97,(anonymous_8)
FN:121,(anonymous_9)
FN:127,(anonymous_10)
FN:135,(anonymous_11)
FNF:11
FNH:9
FNDA:14,(anonymous_1)
FNDA:12,(anonymous_2)
FNDA:11,(anonymous_3)
FNDA:8,(anonymous_4)
FNDA:2,(anonymous_5)
FNDA:0,(anonymous_6)
FNDA:0,(anonymous_7)
FNDA:1,(anonymous_8)
FNDA:1,(anonymous_9)
FNDA:1,(anonymous_10)
FNDA:1,(anonymous_11)
DA:11,1
DA:12,1
DA:13,1
DA:14,1
DA:15,1
DA:16,1
DA:17,1
DA:19,1
DA:31,14
DA:35,14
DA:36,2
DA:38,12
DA:41,12
DA:42,12
DA:43,12
DA:44,12
DA:45,1
DA:47,11
DA:48,11
DA:49,3
DA:51,8
DA:52,8
DA:53,8
DA:54,8
DA:55,0
DA:57,8
DA:58,8
DA:59,8
DA:67,2
DA:68,2
DA:69,2
DA:70,2
DA:71,2
DA:72,1
DA:74,2
DA:75,0
DA:76,0
DA:78,0
DA:80,2
DA:81,0
DA:83,2
DA:88,0
DA:94,0
DA:98,1
DA:103,1
DA:104,1
DA:106,1
DA:109,1
DA:111,1
DA:112,0
DA:113,0
DA:114,0
DA:116,1
DA:117,1
DA:122,1
DA:123,1
DA:124,1
DA:125,1
DA:128,1
DA:129,0
DA:131,1
DA:132,1
DA:133,1
DA:136,1
DA:137,0
DA:139,1
DA:140,1
DA:141,1
DA:142,1
DA:143,1
DA:144,1
DA:146,1
LF:72
LH:60
BRDA:35,1,0,2
BRDA:35,1,1,12
BRDA:35,2,0,14
BRDA:35,2,1,13
BRDA:44,3,0,1
BRDA:44,3,1,11
BRDA:48,4,0,3
BRDA:48,4,1,8
BRDA:51,5,0,0
BRDA:51,5,1,8
BRDA:54,6,0,0
BRDA:54,6,1,8
BRDA:71,7,0,1
BRDA:71,7,1,1
BRDA:71,8,0,2
BRDA:71,8,1,1
BRDA:71,8,2,0
BRDA:74,9,0,0
BRDA:74,9,1,2
BRDA:75,10,0,0
BRDA:75,10,1,0
BRDA:80,11,0,0
BRDA:80,11,1,2
BRDA:111,12,0,0
BRDA:111,12,1,1
BRDA:128,13,0,0
BRDA:128,13,1,1
BRDA:136,14,0,0
BRDA:136,14,1,1
BRF:29
BRH:19
end_of_record
TN:
SF:/Users/shengrong/Documents/SFMeal/SFMealWeb/api/controllers/ChecklistController.js
FN:9,(anonymous_1)
FN:11,(anonymous_2)
FN:18,(anonymous_3)
FN:20,(anonymous_4)
FN:31,(anonymous_5)
FN:38,(anonymous_6)
FN:41,(anonymous_7)
FN:47,(anonymous_8)
FN:58,(anonymous_9)
FN:61,(anonymous_10)
FN:67,(anonymous_11)
FNF:11
FNH:0
FNDA:0,(anonymous_1)
FNDA:0,(anonymous_2)
FNDA:0,(anonymous_3)
FNDA:0,(anonymous_4)
FNDA:0,(anonymous_5)
FNDA:0,(anonymous_6)
FNDA:0,(anonymous_7)
FNDA:0,(anonymous_8)
FNDA:0,(anonymous_9)
FNDA:0,(anonymous_10)
FNDA:0,(anonymous_11)
DA:8,1
DA:10,0
DA:11,0
DA:12,0
DA:13,0
DA:15,0
DA:19,0
DA:20,0
DA:21,0
DA:22,0
DA:23,0
DA:24,0
DA:26,0
DA:28,0
DA:31,0
DA:32,0
DA:33,0
DA:35,0
DA:39,0
DA:40,0
DA:41,0
DA:42,0
DA:43,0
DA:45,0
DA:46,0
DA:47,0
DA:48,0
DA:49,0
DA:51,0
DA:54,0
DA:59,0
DA:60,0
DA:61,0
DA:62,0
DA:63,0
DA:65,0
DA:66,0
DA:67,0
DA:68,0
DA:69,0
DA:71,0
DA:74,0
LF:42
LH:1
BRDA:12,1,0,0
BRDA:12,1,1,0
BRDA:21,2,0,0
BRDA:21,2,1,0
BRDA:23,3,0,0
BRDA:23,3,1,0
BRDA:23,4,0,0
BRDA:23,4,1,0
BRDA:32,5,0,0
BRDA:32,5,1,0
BRDA:42,6,0,0
BRDA:42,6,1,0
BRDA:45,7,0,0
BRDA:45,7,1,0
BRDA:48,8,0,0
BRDA:48,8,1,0
BRDA:62,9,0,0
BRDA:62,9,1,0
BRDA:65,10,0,0
BRDA:65,10,1,0
BRDA:68,11,0,0
BRDA:68,11,1,0
BRF:22
BRH:0
end_of_record
TN:
SF:/Users/shengrong/Documents/SFMeal/SFMealWeb/api/controllers/CouponController.js
FN:13,(anonymous_1)
FN:17,(anonymous_2)
FN:22,(anonymous_3)
FN:28,(anonymous_4)
FN:39,(anonymous_5)
FN:58,(anonymous_6)
FN:60,(anonymous_7)
FN:64,(anonymous_8)
FNF:8
FNH:0
FNDA:0,(anonymous_1)
FNDA:0,(anonymous_2)
FNDA:0,(anonymous_3)
FNDA:0,(anonymous_4)
FNDA:0,(anonymous_5)
FNDA:0,(anonymous_6)
FNDA:0,(anonymous_7)
FNDA:0,(anonymous_8)
DA:11,1
DA:14,0
DA:15,0
DA:16,0
DA:17,0
DA:18,0
DA:19,0
DA:21,0
DA:22,0
DA:23,0
DA:25,0
DA:26,0
DA:28,0
DA:29,0
DA:30,0
DA:32,0
DA:33,0
DA:35,0
DA:36,0
DA:37,0
DA:39,0
DA:40,0
DA:41,0
DA:43,0
DA:44,0
DA:46,0
DA:47,0
DA:49,0
DA:50,0
DA:52,0
DA:59,0
DA:60,0
DA:61,0
DA:62,0
DA:64,0
DA:65,0
DA:66,0
DA:68,0
LF:38
LH:1
BRDA:18,1,0,0
BRDA:18,1,1,0
BRDA:25,2,0,0
BRDA:25,2,1,0
BRDA:29,3,0,0
BRDA:29,3,1,0
BRDA:32,4,0,0
BRDA:32,4,1,0
BRDA:32,5,0,0
BRDA:32,5,1,0
BRDA:36,6,0,0
BRDA:36,6,1,0
BRDA:40,7,0,0
BRDA:40,7,1,0
BRDA:44,8,0,0
BRDA:44,8,1,0
BRDA:61,9,0,0
BRDA:61,9,1,0
BRDA:65,10,0,0
BRDA:65,10,1,0
BRF:20
BRH:0
end_of_record
TN:
SF:/Users/shengrong/Documents/SFMeal/SFMealWeb/api/controllers/DishController.js
FN:12,(anonymous_1)
FN:17,(anonymous_2)
FN:19,(anonymous_3)
FN:27,(anonymous_4)
FN:36,(anonymous_5)
FN:38,(anonymous_6)
FN:46,(anonymous_7)
FN:49,(anonymous_8)
FN:53,(anonymous_9)
FN:57,(anonymous_10)
FN:63,(anonymous_11)
FN:72,(anonymous_12)
FN:75,(anonymous_13)
FN:81,(anonymous_14)
FN:92,(anonymous_15)
FN:96,(anonymous_16)
FN:100,(anonymous_17)
FN:110,(anonymous_18)
FN:113,(anonymous_19)
FN:117,(anonymous_20)
FN:121,(anonymous_21)
FN:127,(anonymous_22)
FNF:22
FNH:20
FNDA:0,(anonymous_1)
FNDA:5,(anonymous_2)
FNDA:5,(anonymous_3)
FNDA:5,(anonymous_4)
FNDA:1,(anonymous_5)
FNDA:1,(anonymous_6)
FNDA:2,(anonymous_7)
FNDA:2,(anonymous_8)
FNDA:1,(anonymous_9)
FNDA:1,(anonymous_10)
FNDA:1,(anonymous_11)
FNDA:2,(anonymous_12)
FNDA:2,(anonymous_13)
FNDA:0,(anonymous_14)
FNDA:5,(anonymous_15)
FNDA:5,(anonymous_16)
FNDA:5,(anonymous_17)
FNDA:2,(anonymous_18)
FNDA:2,(anonymous_19)
FNDA:5,(anonymous_20)
FNDA:9,(anonymous_21)
FNDA:1,(anonymous_22)
DA:10,1
DA:11,1
DA:13,0
DA:14,0
DA:18,5
DA:19,5
DA:20,5
DA:21,0
DA:23,5
DA:24,1
DA:26,5
DA:27,5
DA:28,5
DA:29,0
DA:31,5
DA:37,1
DA:38,1
DA:39,1
DA:40,0
DA:42,1
DA:47,2
DA:48,2
DA:49,2
DA:50,2
DA:51,0
DA:53,2
DA:54,1
DA:55,0
DA:57,1
DA:58,1
DA:61,1
DA:63,1
DA:64,1
DA:65,0
DA:67,1
DA:73,2
DA:74,2
DA:75,2
DA:76,2
DA:77,0
DA:80,2
DA:81,0
DA:82,0
DA:83,0
DA:85,0
DA:88,2
DA:93,5
DA:94,5
DA:95,5
DA:96,5
DA:97,5
DA:98,0
DA:100,5
DA:101,5
DA:102,0
DA:104,5
DA:105,5
DA:111,2
DA:112,2
DA:113,2
DA:114,2
DA:115,0
DA:117,2
DA:118,5
DA:119,2
DA:121,3
DA:122,9
DA:125,1
DA:127,1
DA:128,1
DA:129,0
DA:131,1
LF:72
LH:55
BRDA:20,1,0,0
BRDA:20,1,1,5
BRDA:23,2,0,1
BRDA:23,2,1,4
BRDA:28,3,0,0
BRDA:28,3,1,5
BRDA:39,4,0,0
BRDA:39,4,1,1
BRDA:48,5,0,0
BRDA:48,5,1,2
BRDA:50,6,0,0
BRDA:50,6,1,2
BRDA:53,7,0,1
BRDA:53,7,1,1
BRDA:54,8,0,0
BRDA:54,8,1,1
BRDA:64,9,0,0
BRDA:64,9,1,1
BRDA:76,10,0,0
BRDA:76,10,1,2
BRDA:80,11,0,0
BRDA:80,11,1,2
BRDA:82,12,0,0
BRDA:82,12,1,0
BRDA:82,13,0,0
BRDA:82,13,1,0
BRDA:82,13,2,0
BRDA:93,14,0,0
BRDA:93,14,1,5
BRDA:97,15,0,0
BRDA:97,15,1,5
BRDA:101,16,0,0
BRDA:101,16,1,5
BRDA:112,17,0,0
BRDA:112,17,1,2
BRDA:114,18,0,0
BRDA:114,18,1,2
BRDA:117,19,0,1
BRDA:117,19,1,1
BRDA:118,20,0,2
BRDA:118,20,1,3
BRDA:128,21,0,0
BRDA:128,21,1,1
BRF:43
BRH:23
end_of_record
TN:
SF:/Users/shengrong/Documents/SFMeal/SFMealWeb/api/controllers/EmailController.js
FN:11,(anonymous_1)
FN:13,(anonymous_2)
FN:17,(anonymous_3)
FN:22,(anonymous_4)
FN:34,(anonymous_5)
FN:39,(anonymous_6)
FN:60,(anonymous_7)
FN:67,(anonymous_8)
FN:71,(anonymous_9)
FN:72,(anonymous_10)
FN:79,(anonymous_11)
FNF:11
FNH:0
FNDA:0,(anonymous_1)
FNDA:0,(anonymous_2)
FNDA:0,(anonymous_3)
FNDA:0,(anonymous_4)
FNDA:0,(anonymous_5)
FNDA:0,(anonymous_6)
FNDA:0,(anonymous_7)
FNDA:0,(anonymous_8)
FNDA:0,(anonymous_9)
FNDA:0,(anonymous_10)
FNDA:0,(anonymous_11)
DA:8,1
DA:10,1
DA:12,0
DA:13,0
DA:14,0
DA:15,0
DA:17,0
DA:18,0
DA:19,0
DA:21,0
DA:22,0
DA:23,0
DA:26,0
DA:27,0
DA:28,0
DA:29,0
DA:35,0
DA:37,0
DA:38,0
DA:39,0
DA:40,0
DA:41,0
DA:43,0
DA:46,0
DA:48,0
DA:50,0
DA:51,0
DA:52,0
DA:54,0
DA:56,0
DA:57,0
DA:58,0
DA:60,0
DA:61,0
DA:62,0
DA:64,0
DA:65,0
DA:67,0
DA:68,0
DA:69,0
DA:71,0
DA:72,0
DA:73,0
DA:74,0
DA:76,0
DA:77,0
DA:80,0
DA:81,0
DA:83,0
DA:84,0
DA:85,0
DA:89,0
DA:91,0
DA:92,0
DA:94,0
DA:96,0
DA:97,0
LF:57
LH:2
BRDA:14,1,0,0
BRDA:14,1,1,0
BRDA:18,2,0,0
BRDA:18,2,1,0
BRDA:21,3,0,0
BRDA:21,3,1,0
BRDA:35,4,0,0
BRDA:35,4,1,0
BRDA:35,4,2,0
BRDA:38,5,0,0
BRDA:38,5,1,0
BRDA:40,6,0,0
BRDA:40,6,1,0
BRDA:51,7,0,0
BRDA:51,7,1,0
BRDA:54,8,0,0
BRDA:54,8,1,0
BRDA:57,9,0,0
BRDA:57,9,1,0
BRDA:61,10,0,0
BRDA:61,10,1,0
BRDA:64,11,0,0
BRDA:64,11,1,0
BRDA:68,12,0,0
BRDA:68,12,1,0
BRDA:73,13,0,0
BRDA:73,13,1,0
BRDA:80,14,0,0
BRDA:80,14,1,0
BRF:29
BRH:0
end_of_record
TN:
SF:/Users/shengrong/Documents/SFMeal/SFMealWeb/api/controllers/HostController.js
FN:18,(anonymous_1)
FN:21,(anonymous_2)
FN:25,(anonymous_3)
FN:30,(anonymous_4)
FN:34,(anonymous_5)
FN:40,(anonymous_6)
FN:41,(anonymous_7)
FN:48,(anonymous_8)
FN:55,(anonymous_9)
FN:73,(anonymous_10)
FN:74,(anonymous_11)
FN:82,(anonymous_12)
FN:88,(anonymous_13)
FN:97,(anonymous_14)
FN:106,(anonymous_15)
FN:109,(anonymous_16)
FN:118,(anonymous_17)
FN:127,(anonymous_18)
FN:137,(anonymous_19)
FN:156,(anonymous_20)
FN:178,(anonymous_21)
FN:182,(anonymous_22)
FN:197,(anonymous_23)
FN:208,(anonymous_24)
FN:214,(anonymous_25)
FN:215,(anonymous_26)
FN:230,(anonymous_27)
FN:240,(anonymous_28)
FN:244,(anonymous_29)
FN:251,(anonymous_30)
FN:265,(anonymous_31)
FN:280,(anonymous_32)
FN:284,(anonymous_33)
FN:289,(anonymous_34)
FN:296,(anonymous_35)
FN:310,(anonymous_36)
FN:318,(anonymous_37)
FN:324,(anonymous_38)
FN:333,(anonymous_39)
FN:339,(anonymous_40)
FN:346,(anonymous_41)
FN:378,(anonymous_42)
FN:386,(anonymous_43)
FN:402,(anonymous_44)
FN:417,(anonymous_45)
FN:420,(anonymous_46)
FN:429,(anonymous_47)
FN:437,(anonymous_48)
FN:443,(anonymous_49)
FN:448,(anonymous_50)
FN:459,(anonymous_51)
FN:462,(anonymous_52)
FN:470,(anonymous_53)
FN:475,(anonymous_54)
FN:486,(anonymous_55)
FN:489,(anonymous_56)
FN:497,(anonymous_57)
FN:502,(anonymous_58)
FNF:58
FNH:58
FNDA:6,(anonymous_1)
FNDA:6,(anonymous_2)
FNDA:6,(anonymous_3)
FNDA:6,(anonymous_4)
FNDA:6,(anonymous_5)
FNDA:13,(anonymous_6)
FNDA:13,(anonymous_7)
FNDA:6,(anonymous_8)
FNDA:6,(anonymous_9)
FNDA:1,(anonymous_10)
FNDA:1,(anonymous_11)
FNDA:1,(anonymous_12)
FNDA:1,(anonymous_13)
FNDA:1,(anonymous_14)
FNDA:1,(anonymous_15)
FNDA:1,(anonymous_16)
FNDA:1,(anonymous_17)
FNDA:8,(anonymous_18)
FNDA:4,(anonymous_19)
FNDA:3,(anonymous_20)
FNDA:3,(anonymous_21)
FNDA:3,(anonymous_22)
FNDA:4,(anonymous_23)
FNDA:4,(anonymous_24)
FNDA:4,(anonymous_25)
FNDA:4,(anonymous_26)
FNDA:1,(anonymous_27)
FNDA:4,(anonymous_28)
FNDA:3,(anonymous_29)
FNDA:4,(anonymous_30)
FNDA:3,(anonymous_31)
FNDA:1,(anonymous_32)
FNDA:1,(anonymous_33)
FNDA:1,(anonymous_34)
FNDA:1,(anonymous_35)
FNDA:1,(anonymous_36)
FNDA:1,(anonymous_37)
FNDA:1,(anonymous_38)
FNDA:3,(anonymous_39)
FNDA:3,(anonymous_40)
FNDA:3,(anonymous_41)
FNDA:1,(anonymous_42)
FNDA:1,(anonymous_43)
FNDA:1,(anonymous_44)
FNDA:3,(anonymous_45)
FNDA:3,(anonymous_46)
FNDA:1,(anonymous_47)
FNDA:1,(anonymous_48)
FNDA:1,(anonymous_49)
FNDA:1,(anonymous_50)
FNDA:3,(anonymous_51)
FNDA:3,(anonymous_52)
FNDA:2,(anonymous_53)
FNDA:2,(anonymous_54)
FNDA:2,(anonymous_55)
FNDA:2,(anonymous_56)
FNDA:1,(anonymous_57)
FNDA:1,(anonymous_58)
DA:12,1
DA:13,1
DA:14,1
DA:15,1
DA:17,1
DA:19,6
DA:20,6
DA:21,6
DA:22,6
DA:23,0
DA:25,6
DA:26,6
DA:27,0
DA:29,6
DA:30,6
DA:31,6
DA:32,0
DA:34,6
DA:35,6
DA:36,0
DA:39,6
DA:40,6
DA:41,13
DA:42,13
DA:43,0
DA:45,13
DA:46,13
DA:49,6
DA:50,0
DA:52,6
DA:53,6
DA:54,6
DA:55,6
DA:56,6
DA:57,0
DA:60,6
DA:61,6
DA:62,6
DA:63,6
DA:65,0
DA:74,1
DA:75,1
DA:76,0
DA:78,1
DA:83,1
DA:84,1
DA:85,1
DA:86,1
DA:87,1
DA:88,1
DA:89,1
DA:90,0
DA:92,1
DA:93,0
DA:95,1
DA:96,1
DA:97,1
DA:98,1
DA:99,0
DA:101,1
DA:107,1
DA:108,1
DA:109,1
DA:110,1
DA:111,0
DA:113,1
DA:114,0
DA:116,1
DA:117,1
DA:118,1
DA:119,1
DA:120,0
DA:122,1
DA:128,8
DA:129,8
DA:130,8
DA:131,8
DA:134,4
DA:135,4
DA:136,4
DA:137,4
DA:138,4
DA:139,0
DA:140,0
DA:142,4
DA:143,1
DA:145,3
DA:146,3
DA:147,3
DA:148,3
DA:149,3
DA:150,3
DA:151,3
DA:152,3
DA:153,3
DA:154,3
DA:156,3
DA:157,3
DA:158,0
DA:160,3
DA:161,3
DA:162,3
DA:163,3
DA:165,3
DA:166,3
DA:168,3
DA:169,3
DA:171,3
DA:172,3
DA:174,3
DA:179,3
DA:180,0
DA:182,3
DA:183,3
DA:184,0
DA:186,3
DA:192,4
DA:193,4
DA:194,3
DA:195,3
DA:197,4
DA:198,4
DA:199,0
DA:201,4
DA:202,1
DA:203,1
DA:204,1
DA:205,1
DA:206,1
DA:208,4
DA:209,4
DA:210,0
DA:212,4
DA:213,4
DA:215,4
DA:216,4
DA:217,0
DA:219,4
DA:220,3
DA:222,1
DA:223,1
DA:231,1
DA:232,0
DA:234,1
DA:235,1
DA:236,1
DA:241,4
DA:242,1
DA:244,3
DA:245,3
DA:246,0
DA:248,3
DA:252,4
DA:253,0
DA:255,4
DA:256,4
DA:257,1
DA:259,3
DA:260,2
DA:261,3
DA:262,2
DA:263,2
DA:265,3
DA:266,3
DA:267,0
DA:269,3
DA:270,3
DA:272,0
DA:281,1
DA:282,1
DA:283,1
DA:284,1
DA:285,1
DA:286,0
DA:288,1
DA:289,1
DA:290,1
DA:291,0
DA:292,0
DA:294,1
DA:295,1
DA:296,1
DA:297,1
DA:298,0
DA:301,1
DA:302,1
DA:304,0
DA:311,1
DA:312,1
DA:313,1
DA:314,1
DA:315,0
DA:317,1
DA:318,1
DA:319,1
DA:320,0
DA:322,1
DA:323,1
DA:324,1
DA:325,1
DA:326,0
DA:328,1
DA:334,3
DA:335,3
DA:336,3
DA:337,3
DA:339,3
DA:340,3
DA:341,0
DA:343,3
DA:344,0
DA:346,3
DA:347,3
DA:348,0
DA:350,3
DA:351,2
DA:352,2
DA:353,2
DA:354,2
DA:355,2
DA:356,2
DA:357,2
DA:358,2
DA:359,2
DA:360,2
DA:361,2
DA:362,2
DA:363,2
DA:364,2
DA:365,2
DA:366,2
DA:367,2
DA:368,2
DA:370,0
DA:372,1
DA:373,1
DA:379,1
DA:380,1
DA:381,1
DA:382,1
DA:383,1
DA:384,1
DA:385,1
DA:386,1
DA:387,1
DA:388,0
DA:390,1
DA:391,0
DA:393,1
DA:394,0
DA:395,0
DA:396,0
DA:399,1
DA:400,1
DA:402,1
DA:403,1
DA:404,0
DA:406,1
DA:407,1
DA:409,0
DA:413,0
DA:418,3
DA:419,3
DA:420,3
DA:421,3
DA:422,0
DA:424,3
DA:425,1
DA:427,2
DA:428,2
DA:429,2
DA:430,1
DA:433,2
DA:434,1
DA:437,1
DA:438,1
DA:439,0
DA:441,1
DA:442,1
DA:443,1
DA:444,1
DA:445,0
DA:447,1
DA:448,1
DA:449,1
DA:450,0
DA:452,1
DA:460,3
DA:461,3
DA:462,3
DA:463,3
DA:464,0
DA:466,3
DA:467,1
DA:470,2
DA:471,2
DA:472,0
DA:474,2
DA:475,2
DA:476,2
DA:477,0
DA:479,2
DA:480,2
DA:487,2
DA:488,2
DA:489,2
DA:490,2
DA:491,0
DA:493,2
DA:494,1
DA:497,1
DA:498,1
DA:499,0
DA:501,1
DA:502,1
DA:503,1
DA:504,0
DA:506,1
DA:507,1
LF:319
LH:261
BRDA:20,1,0,1
BRDA:20,1,1,5
BRDA:22,2,0,0
BRDA:22,2,1,6
BRDA:26,3,0,0
BRDA:26,3,1,6
BRDA:31,4,0,0
BRDA:31,4,1,6
BRDA:35,5,0,0
BRDA:35,5,1,6
BRDA:42,6,0,0
BRDA:42,6,1,13
BRDA:49,7,0,0
BRDA:49,7,1,6
BRDA:56,8,0,0
BRDA:56,8,1,6
BRDA:62,9,0,6
BRDA:62,9,1,0
BRDA:75,10,0,0
BRDA:75,10,1,1
BRDA:89,11,0,0
BRDA:89,11,1,1
BRDA:92,12,0,0
BRDA:92,12,1,1
BRDA:98,13,0,0
BRDA:98,13,1,1
BRDA:110,14,0,0
BRDA:110,14,1,1
BRDA:113,15,0,0
BRDA:113,15,1,1
BRDA:119,16,0,0
BRDA:119,16,1,1
BRDA:131,17,0,4
BRDA:131,17,1,4
BRDA:138,18,0,0
BRDA:138,18,1,4
BRDA:142,19,0,1
BRDA:142,19,1,3
BRDA:157,20,0,0
BRDA:157,20,1,3
BRDA:162,21,0,3
BRDA:162,21,1,0
BRDA:165,22,0,3
BRDA:165,22,1,0
BRDA:168,23,0,3
BRDA:168,23,1,0
BRDA:171,24,0,3
BRDA:171,24,1,0
BRDA:179,25,0,0
BRDA:179,25,1,3
BRDA:183,26,0,0
BRDA:183,26,1,3
BRDA:193,27,0,3
BRDA:193,27,1,1
BRDA:198,28,0,0
BRDA:198,28,1,4
BRDA:201,29,0,1
BRDA:201,29,1,3
BRDA:209,30,0,0
BRDA:209,30,1,4
BRDA:216,31,0,0
BRDA:216,31,1,4
BRDA:219,32,0,3
BRDA:219,32,1,1
BRDA:231,33,0,0
BRDA:231,33,1,1
BRDA:234,34,0,1
BRDA:234,34,1,0
BRDA:241,35,0,1
BRDA:241,35,1,3
BRDA:245,36,0,0
BRDA:245,36,1,3
BRDA:252,37,0,0
BRDA:252,37,1,4
BRDA:256,38,0,1
BRDA:256,38,1,3
BRDA:259,39,0,2
BRDA:259,39,1,1
BRDA:261,40,0,2
BRDA:261,40,1,1
BRDA:261,41,0,3
BRDA:261,41,1,2
BRDA:266,42,0,0
BRDA:266,42,1,3
BRDA:269,43,0,3
BRDA:269,43,1,0
BRDA:282,44,0,1
BRDA:282,44,1,0
BRDA:285,45,0,0
BRDA:285,45,1,1
BRDA:290,46,0,0
BRDA:290,46,1,1
BRDA:297,47,0,0
BRDA:297,47,1,1
BRDA:301,48,0,1
BRDA:301,48,1,0
BRDA:313,49,0,1
BRDA:313,49,1,0
BRDA:314,50,0,0
BRDA:314,50,1,1
BRDA:319,51,0,0
BRDA:319,51,1,1
BRDA:325,52,0,0
BRDA:325,52,1,1
BRDA:336,53,0,3
BRDA:336,53,1,0
BRDA:340,54,0,0
BRDA:340,54,1,3
BRDA:343,55,0,0
BRDA:343,55,1,3
BRDA:347,56,0,0
BRDA:347,56,1,3
BRDA:350,57,0,2
BRDA:350,57,1,1
BRDA:367,58,0,2
BRDA:367,58,1,0
BRDA:384,59,0,1
BRDA:384,59,1,0
BRDA:384,60,0,1
BRDA:384,60,1,1
BRDA:385,61,0,0
BRDA:385,61,1,1
BRDA:387,62,0,0
BRDA:387,62,1,1
BRDA:390,63,0,0
BRDA:390,63,1,1
BRDA:393,64,0,0
BRDA:393,64,1,1
BRDA:395,65,0,0
BRDA:395,65,1,0
BRDA:399,66,0,1
BRDA:399,66,1,0
BRDA:403,67,0,0
BRDA:403,67,1,1
BRDA:406,68,0,1
BRDA:406,68,1,0
BRDA:421,69,0,0
BRDA:421,69,1,3
BRDA:424,70,0,1
BRDA:424,70,1,2
BRDA:424,71,0,3
BRDA:424,71,1,1
BRDA:428,72,0,2
BRDA:428,72,1,0
BRDA:433,73,0,1
BRDA:433,73,1,1
BRDA:438,74,0,0
BRDA:438,74,1,1
BRDA:441,75,0,1
BRDA:441,75,1,1
BRDA:444,76,0,0
BRDA:444,76,1,1
BRDA:449,77,0,0
BRDA:449,77,1,1
BRDA:463,78,0,0
BRDA:463,78,1,3
BRDA:466,79,0,1
BRDA:466,79,1,2
BRDA:466,80,0,3
BRDA:466,80,1,1
BRDA:471,81,0,0
BRDA:471,81,1,2
BRDA:476,82,0,0
BRDA:476,82,1,2
BRDA:490,83,0,0
BRDA:490,83,1,2
BRDA:493,84,0,1
BRDA:493,84,1,1
BRDA:493,85,0,2
BRDA:493,85,1,1
BRDA:498,86,0,0
BRDA:498,86,1,1
BRDA:503,87,0,0
BRDA:503,87,1,1
BRF:174
BRH:107
end_of_record
TN:
SF:/Users/shengrong/Documents/SFMeal/SFMealWeb/api/controllers/JobController.js
FN:10,(anonymous_1)
FN:11,(anonymous_2)
FN:19,(anonymous_3)
FN:22,(anonymous_4)
FN:30,(anonymous_5)
FN:32,(anonymous_6)
FNF:6
FNH:4
FNDA:4,(anonymous_1)
FNDA:4,(anonymous_2)
FNDA:0,(anonymous_3)
FNDA:0,(anonymous_4)
FNDA:1,(anonymous_5)
FNDA:1,(anonymous_6)
DA:9,1
DA:11,4
DA:12,4
DA:13,0
DA:15,4
DA:20,0
DA:21,0
DA:22,0
DA:23,0
DA:24,0
DA:26,0
DA:31,1
DA:32,1
DA:33,1
DA:34,0
DA:36,1
LF:16
LH:8
BRDA:12,1,0,0
BRDA:12,1,1,4
BRDA:23,2,0,0
BRDA:23,2,1,0
BRDA:33,3,0,0
BRDA:33,3,1,1
BRF:6
BRH:2
end_of_record
TN:
SF:/Users/shengrong/Documents/SFMeal/SFMealWeb/api/controllers/MealController.js
FN:32,(anonymous_1)
FN:35,(anonymous_2)
FN:46,(anonymous_3)
FN:51,(anonymous_4)
FN:55,(anonymous_5)
FN:58,(anonymous_6)
FN:63,(anonymous_7)
FN:67,(anonymous_8)
FN:79,(anonymous_9)
FN:84,(anonymous_10)
FN:88,(anonymous_11)
FN:153,(anonymous_12)
FN:156,(anonymous_13)
FN:162,(anonymous_14)
FN:179,(anonymous_15)
FN:193,(anonymous_16)
FN:198,(anonymous_17)
FN:203,(anonymous_18)
FN:212,(anonymous_19)
FN:234,(anonymous_20)
FN:256,(anonymous_21)
FN:259,(anonymous_22)
FN:267,(anonymous_23)
FN:268,(anonymous_24)
FN:285,(anonymous_25)
FN:291,(anonymous_26)
FN:300,(anonymous_27)
FN:304,(anonymous_28)
FN:318,(anonymous_29)
FN:324,(anonymous_30)
FN:328,(anonymous_31)
FN:332,(anonymous_32)
FN:350,(anonymous_33)
FN:356,(anonymous_34)
FN:371,(anonymous_35)
FN:374,(anonymous_36)
FN:378,(anonymous_37)
FN:389,(anonymous_38)
FN:395,(anonymous_39)
FN:399,(anonymous_40)
FN:401,(anonymous_41)
FN:405,(anonymous_42)
FN:413,(anonymous_43)
FN:420,(anonymous_44)
FN:428,(anonymous_45)
FN:449,(anonymous_46)
FN:456,(anonymous_47)
FN:460,(anonymous_48)
FN:464,(anonymous_49)
FN:471,(anonymous_50)
FN:478,(anonymous_51)
FN:488,(anonymous_52)
FN:497,(anonymous_53)
FN:504,(anonymous_54)
FN:510,(anonymous_55)
FN:520,(anonymous_56)
FN:529,(anonymous_57)
FN:547,(anonymous_58)
FN:550,(anonymous_59)
FN:564,(anonymous_60)
FN:573,(anonymous_61)
FN:576,(anonymous_62)
FN:583,(anonymous_63)
FN:595,(anonymous_64)
FN:604,(anonymous_65)
FN:610,(anonymous_66)
FN:618,(anonymous_67)
FN:623,(anonymous_68)
FN:636,(anonymous_69)
FN:644,(anonymous_70)
FN:656,(anonymous_71)
FN:660,(anonymous_72)
FN:670,(anonymous_73)
FN:678,(anonymous_74)
FN:690,(anonymous_75)
FN:698,(anonymous_76)
FN:703,(anonymous_77)
FN:704,(anonymous_78)
FN:713,(anonymous_79)
FN:721,(anonymous_80)
FN:734,(anonymous_81)
FN:755,(anonymous_82)
FN:756,(anonymous_83)
FN:777,(anonymous_84)
FN:778,(anonymous_85)
FN:787,(anonymous_86)
FN:789,(anonymous_87)
FN:795,(anonymous_88)
FNF:88
FNH:79
FNDA:1,(anonymous_1)
FNDA:1,(anonymous_2)
FNDA:3,(anonymous_3)
FNDA:1,(anonymous_4)
FNDA:0,(anonymous_5)
FNDA:1,(anonymous_6)
FNDA:0,(anonymous_7)
FNDA:1,(anonymous_8)
FNDA:2,(anonymous_9)
FNDA:1,(anonymous_10)
FNDA:4,(anonymous_11)
FNDA:2,(anonymous_12)
FNDA:2,(anonymous_13)
FNDA:4,(anonymous_14)
FNDA:7,(anonymous_15)
FNDA:7,(anonymous_16)
FNDA:7,(anonymous_17)
FNDA:1,(anonymous_18)
FNDA:2,(anonymous_19)
FNDA:4,(anonymous_20)
FNDA:2,(anonymous_21)
FNDA:2,(anonymous_22)
FNDA:1,(anonymous_23)
FNDA:0,(anonymous_24)
FNDA:1,(anonymous_25)
FNDA:1,(anonymous_26)
FNDA:1,(anonymous_27)
FNDA:1,(anonymous_28)
FNDA:9,(anonymous_29)
FNDA:9,(anonymous_30)
FNDA:9,(anonymous_31)
FNDA:9,(anonymous_32)
FNDA:6,(anonymous_33)
FNDA:6,(anonymous_34)
FNDA:6,(anonymous_35)
FNDA:6,(anonymous_36)
FNDA:12,(anonymous_37)
FNDA:6,(anonymous_38)
FNDA:6,(anonymous_39)
FNDA:5,(anonymous_40)
FNDA:5,(anonymous_41)
FNDA:5,(anonymous_42)
FNDA:1,(anonymous_43)
FNDA:0,(anonymous_44)
FNDA:4,(anonymous_45)
FNDA:5,(anonymous_46)
FNDA:5,(anonymous_47)
FNDA:5,(anonymous_48)
FNDA:4,(anonymous_49)
FNDA:4,(anonymous_50)
FNDA:3,(anonymous_51)
FNDA:3,(anonymous_52)
FNDA:3,(anonymous_53)
FNDA:3,(anonymous_54)
FNDA:3,(anonymous_55)
FNDA:1,(anonymous_56)
FNDA:1,(anonymous_57)
FNDA:1,(anonymous_58)
FNDA:1,(anonymous_59)
FNDA:1,(anonymous_60)
FNDA:1,(anonymous_61)
FNDA:1,(anonymous_62)
FNDA:4,(anonymous_63)
FNDA:1,(anonymous_64)
FNDA:9,(anonymous_65)
FNDA:5,(anonymous_66)
FNDA:9,(anonymous_67)
FNDA:11,(anonymous_68)
FNDA:4,(anonymous_69)
FNDA:9,(anonymous_70)
FNDA:3,(anonymous_71)
FNDA:0,(anonymous_72)
FNDA:10,(anonymous_73)
FNDA:5,(anonymous_74)
FNDA:0,(anonymous_75)
FNDA:5,(anonymous_76)
FNDA:17,(anonymous_77)
FNDA:17,(anonymous_78)
FNDA:5,(anonymous_79)
FNDA:11,(anonymous_80)
FNDA:12,(anonymous_81)
FNDA:5,(anonymous_82)
FNDA:5,(anonymous_83)
FNDA:11,(anonymous_84)
FNDA:11,(anonymous_85)
FNDA:0,(anonymous_86)
FNDA:0,(anonymous_87)
FNDA:0,(anonymous_88)
DA:8,1
DA:9,1
DA:10,1
DA:30,1
DA:33,1
DA:34,1
DA:35,1
DA:36,1
DA:37,0
DA:39,1
DA:40,1
DA:42,0
DA:47,3
DA:48,3
DA:49,3
DA:50,3
DA:51,1
DA:52,1
DA:53,0
DA:55,1
DA:56,0
DA:58,1
DA:59,1
DA:60,0
DA:63,1
DA:64,0
DA:67,1
DA:68,1
DA:69,0
DA:71,1
DA:72,1
DA:74,0
DA:79,2
DA:80,2
DA:81,0
DA:83,2
DA:84,2
DA:85,1
DA:86,1
DA:87,1
DA:88,1
DA:89,4
DA:90,4
DA:91,4
DA:93,0
DA:95,1
DA:96,1
DA:97,1
DA:98,1
DA:99,1
DA:100,1
DA:101,1
DA:102,1
DA:103,1
DA:104,1
DA:105,1
DA:106,1
DA:109,2
DA:110,2
DA:112,0
DA:154,2
DA:155,2
DA:156,2
DA:157,2
DA:158,0
DA:161,2
DA:162,1
DA:163,4
DA:164,4
DA:165,4
DA:166,3
DA:167,3
DA:168,3
DA:169,3
DA:172,4
DA:175,2
DA:180,7
DA:181,7
DA:182,7
DA:183,7
DA:184,7
DA:185,7
DA:190,7
DA:191,0
DA:193,7
DA:194,7
DA:195,0
DA:198,7
DA:199,7
DA:202,7
DA:203,1
DA:204,1
DA:205,0
DA:207,1
DA:208,0
DA:210,1
DA:211,1
DA:212,1
DA:213,2
DA:214,2
DA:215,2
DA:216,4
DA:217,4
DA:218,2
DA:219,2
DA:222,2
DA:225,1
DA:226,1
DA:228,0
DA:233,6
DA:234,5
DA:235,4
DA:236,4
DA:237,4
DA:238,8
DA:239,8
DA:240,4
DA:241,4
DA:244,4
DA:247,6
DA:248,6
DA:250,0
DA:257,2
DA:258,2
DA:259,2
DA:260,2
DA:261,0
DA:263,2
DA:264,1
DA:266,1
DA:267,1
DA:268,1
DA:269,0
DA:271,1
DA:272,1
DA:274,0
DA:277,0
DA:278,0
DA:280,0
DA:286,1
DA:287,1
DA:288,1
DA:289,1
DA:290,1
DA:291,1
DA:292,1
DA:293,0
DA:296,1
DA:297,0
DA:300,1
DA:301,1
DA:302,0
DA:304,1
DA:305,1
DA:306,0
DA:308,1
DA:309,0
DA:311,1
DA:319,9
DA:320,9
DA:321,9
DA:322,9
DA:324,9
DA:325,9
DA:326,0
DA:328,9
DA:329,9
DA:330,0
DA:332,9
DA:333,9
DA:334,0
DA:336,9
DA:337,2
DA:338,0
DA:340,2
DA:342,7
DA:343,0
DA:344,0
DA:346,7
DA:347,1
DA:348,1
DA:350,6
DA:351,6
DA:352,0
DA:354,6
DA:355,6
DA:356,6
DA:357,6
DA:358,0
DA:360,6
DA:361,6
DA:363,0
DA:372,6
DA:373,6
DA:374,6
DA:375,6
DA:376,0
DA:378,6
DA:379,12
DA:382,6
DA:383,6
DA:385,0
DA:390,6
DA:391,6
DA:392,6
DA:394,6
DA:395,6
DA:396,6
DA:397,1
DA:399,5
DA:400,5
DA:401,5
DA:402,5
DA:403,0
DA:405,5
DA:406,5
DA:407,0
DA:409,5
DA:410,5
DA:411,5
DA:412,5
DA:413,1
DA:414,1
DA:415,0
DA:417,1
DA:418,1
DA:420,0
DA:421,0
DA:422,0
DA:424,0
DA:428,4
DA:429,4
DA:430,0
DA:432,4
DA:438,0
DA:439,0
DA:444,0
DA:445,0
DA:450,5
DA:451,5
DA:452,5
DA:453,5
DA:454,5
DA:455,5
DA:456,5
DA:457,5
DA:458,0
DA:460,5
DA:461,5
DA:462,1
DA:464,4
DA:465,4
DA:466,0
DA:468,4
DA:471,4
DA:472,4
DA:473,0
DA:475,4
DA:476,4
DA:477,3
DA:479,3
DA:480,0
DA:482,3
DA:483,3
DA:484,0
DA:486,3
DA:489,3
DA:490,0
DA:492,3
DA:493,3
DA:494,0
DA:495,0
DA:497,3
DA:498,3
DA:499,0
DA:501,3
DA:502,0
DA:504,3
DA:505,3
DA:506,0
DA:508,3
DA:509,3
DA:510,3
DA:511,3
DA:512,0
DA:514,3
DA:520,1
DA:521,1
DA:522,0
DA:524,1
DA:525,0
DA:527,1
DA:528,1
DA:529,1
DA:530,1
DA:531,0
DA:533,1
DA:542,0
DA:543,0
DA:548,1
DA:549,1
DA:550,1
DA:551,1
DA:552,0
DA:554,1
DA:555,0
DA:557,1
DA:558,1
DA:559,1
DA:561,1
DA:562,1
DA:564,1
DA:565,1
DA:566,0
DA:568,1
DA:574,1
DA:575,1
DA:576,1
DA:577,1
DA:578,0
DA:580,1
DA:581,0
DA:583,1
DA:584,4
DA:586,0
DA:588,1
DA:589,1
DA:591,1
DA:592,1
DA:594,1
DA:595,1
DA:596,1
DA:597,0
DA:599,1
DA:606,9
DA:607,1
DA:610,9
DA:611,5
DA:613,0
DA:616,9
DA:617,9
DA:619,9
DA:620,5
DA:622,4
DA:623,4
DA:624,11
DA:625,2
DA:627,9
DA:628,6
DA:630,9
DA:631,9
DA:632,9
DA:633,7
DA:635,9
DA:637,4
DA:638,0
DA:640,4
DA:641,4
DA:645,9
DA:646,0
DA:648,9
DA:649,3
DA:651,9
DA:652,9
DA:657,3
DA:658,3
DA:660,0
DA:661,0
DA:662,0
DA:663,0
DA:664,0
DA:667,0
DA:671,10
DA:672,10
DA:673,10
DA:674,0
DA:675,0
DA:677,10
DA:678,10
DA:679,5
DA:681,0
DA:682,0
DA:685,10
DA:686,1
DA:687,1
DA:690,9
DA:691,0
DA:693,0
DA:695,9
DA:699,5
DA:700,5
DA:701,0
DA:703,5
DA:704,17
DA:705,17
DA:706,0
DA:708,17
DA:709,17
DA:711,0
DA:714,5
DA:715,0
DA:717,5
DA:722,11
DA:723,11
DA:724,11
DA:725,11
DA:726,0
DA:727,11
DA:728,0
DA:729,11
DA:730,0
DA:732,11
DA:733,11
DA:734,5
DA:735,12
DA:736,12
DA:737,12
DA:738,0
DA:739,0
DA:740,0
DA:741,12
DA:742,0
DA:743,0
DA:744,0
DA:745,12
DA:746,0
DA:747,0
DA:748,0
DA:752,11
DA:756,5
DA:757,5
DA:758,0
DA:761,5
DA:762,1
DA:763,1
DA:764,1
DA:766,0
DA:769,0
DA:772,4
DA:778,11
DA:779,11
DA:780,0
DA:782,11
DA:783,11
DA:788,0
DA:789,0
DA:790,0
DA:791,0
DA:793,0
DA:795,0
DA:796,0
DA:797,0
DA:799,0
DA:800,0
DA:801,0
LF:455
LH:333
BRDA:34,1,0,0
BRDA:34,1,1,1
BRDA:36,2,0,0
BRDA:36,2,1,1
BRDA:39,3,0,1
BRDA:39,3,1,0
BRDA:48,4,0,3
BRDA:48,4,1,1
BRDA:48,4,2,1
BRDA:50,5,0,1
BRDA:50,5,1,2
BRDA:52,6,0,0
BRDA:52,6,1,1
BRDA:59,7,0,0
BRDA:59,7,1,1
BRDA:68,8,0,0
BRDA:68,8,1,1
BRDA:71,9,0,1
BRDA:71,9,1,0
BRDA:80,10,0,0
BRDA:80,10,1,2
BRDA:89,11,0,4
BRDA:89,11,1,0
BRDA:96,12,0,1
BRDA:96,12,1,0
BRDA:96,13,0,1
BRDA:96,13,1,1
BRDA:109,14,0,2
BRDA:109,14,1,0
BRDA:157,15,0,0
BRDA:157,15,1,2
BRDA:161,16,0,1
BRDA:161,16,1,1
BRDA:167,17,0,3
BRDA:167,17,1,0
BRDA:167,18,0,3
BRDA:167,18,1,0
BRDA:167,18,2,0
BRDA:167,18,3,0
BRDA:182,19,0,7
BRDA:182,19,1,7
BRDA:182,19,2,0
BRDA:190,20,0,0
BRDA:190,20,1,7
BRDA:194,21,0,0
BRDA:194,21,1,7
BRDA:202,22,0,1
BRDA:202,22,1,6
BRDA:202,23,0,7
BRDA:202,23,1,1
BRDA:202,23,2,1
BRDA:202,23,3,1
BRDA:202,23,4,1
BRDA:202,23,5,1
BRDA:204,24,0,0
BRDA:204,24,1,1
BRDA:207,25,0,0
BRDA:207,25,1,1
BRDA:211,26,0,1
BRDA:211,26,1,0
BRDA:217,27,0,2
BRDA:217,27,1,2
BRDA:217,28,0,4
BRDA:217,28,1,4
BRDA:217,28,2,2
BRDA:217,28,3,2
BRDA:225,29,0,1
BRDA:225,29,1,0
BRDA:233,30,0,5
BRDA:233,30,1,1
BRDA:239,31,0,4
BRDA:239,31,1,4
BRDA:239,32,0,8
BRDA:239,32,1,8
BRDA:239,32,2,4
BRDA:239,32,3,4
BRDA:247,33,0,6
BRDA:247,33,1,0
BRDA:260,34,0,0
BRDA:260,34,1,2
BRDA:263,35,0,1
BRDA:263,35,1,1
BRDA:263,36,0,2
BRDA:263,36,1,2
BRDA:266,37,0,1
BRDA:266,37,1,0
BRDA:269,38,0,0
BRDA:269,38,1,0
BRDA:271,39,0,1
BRDA:271,39,1,0
BRDA:277,40,0,0
BRDA:277,40,1,0
BRDA:288,41,0,1
BRDA:288,41,1,1
BRDA:292,42,0,0
BRDA:292,42,1,1
BRDA:296,43,0,0
BRDA:296,43,1,1
BRDA:301,44,0,0
BRDA:301,44,1,1
BRDA:305,45,0,0
BRDA:305,45,1,1
BRDA:308,46,0,0
BRDA:308,46,1,1
BRDA:325,47,0,0
BRDA:325,47,1,9
BRDA:329,48,0,0
BRDA:329,48,1,9
BRDA:333,49,0,0
BRDA:333,49,1,9
BRDA:336,50,0,2
BRDA:336,50,1,7
BRDA:336,51,0,9
BRDA:336,51,1,8
BRDA:337,52,0,0
BRDA:337,52,1,2
BRDA:342,53,0,0
BRDA:342,53,1,7
BRDA:346,54,0,1
BRDA:346,54,1,6
BRDA:351,55,0,0
BRDA:351,55,1,6
BRDA:357,56,0,0
BRDA:357,56,1,6
BRDA:360,57,0,6
BRDA:360,57,1,0
BRDA:360,58,0,6
BRDA:360,58,1,5
BRDA:372,59,0,6
BRDA:372,59,1,6
BRDA:372,59,2,6
BRDA:375,60,0,0
BRDA:375,60,1,6
BRDA:382,61,0,6
BRDA:382,61,1,0
BRDA:390,62,0,0
BRDA:390,62,1,6
BRDA:394,63,0,6
BRDA:394,63,1,0
BRDA:396,64,0,1
BRDA:396,64,1,5
BRDA:400,65,0,5
BRDA:400,65,1,0
BRDA:402,66,0,0
BRDA:402,66,1,5
BRDA:406,67,0,0
BRDA:406,67,1,5
BRDA:412,68,0,1
BRDA:412,68,1,4
BRDA:414,69,0,0
BRDA:414,69,1,1
BRDA:417,70,0,1
BRDA:417,70,1,0
BRDA:417,71,0,1
BRDA:417,71,1,0
BRDA:421,72,0,0
BRDA:421,72,1,0
BRDA:429,73,0,0
BRDA:429,73,1,4
BRDA:451,74,0,0
BRDA:451,74,1,5
BRDA:455,75,0,5
BRDA:455,75,1,0
BRDA:457,76,0,0
BRDA:457,76,1,5
BRDA:461,77,0,1
BRDA:461,77,1,4
BRDA:465,78,0,0
BRDA:465,78,1,4
BRDA:472,79,0,0
BRDA:472,79,1,4
BRDA:476,80,0,3
BRDA:476,80,1,1
BRDA:479,81,0,0
BRDA:479,81,1,3
BRDA:479,82,0,3
BRDA:479,82,1,3
BRDA:483,83,0,0
BRDA:483,83,1,3
BRDA:489,84,0,0
BRDA:489,84,1,3
BRDA:493,85,0,0
BRDA:493,85,1,3
BRDA:498,86,0,0
BRDA:498,86,1,3
BRDA:501,87,0,0
BRDA:501,87,1,3
BRDA:505,88,0,0
BRDA:505,88,1,3
BRDA:511,89,0,0
BRDA:511,89,1,3
BRDA:521,90,0,0
BRDA:521,90,1,1
BRDA:524,91,0,0
BRDA:524,91,1,1
BRDA:530,92,0,0
BRDA:530,92,1,1
BRDA:551,93,0,0
BRDA:551,93,1,1
BRDA:554,94,0,0
BRDA:554,94,1,1
BRDA:558,95,0,1
BRDA:558,95,1,0
BRDA:561,96,0,1
BRDA:561,96,1,0
BRDA:565,97,0,0
BRDA:565,97,1,1
BRDA:577,98,0,0
BRDA:577,98,1,1
BRDA:580,99,0,0
BRDA:580,99,1,1
BRDA:583,100,0,0
BRDA:583,100,1,1
BRDA:588,101,0,1
BRDA:588,101,1,0
BRDA:591,102,0,1
BRDA:591,102,1,0
BRDA:596,103,0,0
BRDA:596,103,1,1
BRDA:606,104,0,1
BRDA:606,104,1,8
BRDA:610,105,0,0
BRDA:610,105,1,9
BRDA:610,106,0,9
BRDA:610,106,1,5
BRDA:610,106,2,3
BRDA:610,106,3,3
BRDA:610,106,4,3
BRDA:619,107,0,5
BRDA:619,107,1,4
BRDA:624,108,0,2
BRDA:624,108,1,9
BRDA:627,109,0,6
BRDA:627,109,1,3
BRDA:627,110,0,9
BRDA:627,110,1,3
BRDA:632,111,0,7
BRDA:632,111,1,2
BRDA:637,112,0,0
BRDA:637,112,1,4
BRDA:645,113,0,0
BRDA:645,113,1,9
BRDA:648,114,0,3
BRDA:648,114,1,6
BRDA:657,115,0,3
BRDA:657,115,1,0
BRDA:661,116,0,0
BRDA:661,116,1,0
BRDA:662,117,0,0
BRDA:662,117,1,0
BRDA:673,118,0,0
BRDA:673,118,1,10
BRDA:673,119,0,10
BRDA:673,119,1,1
BRDA:678,120,0,0
BRDA:678,120,1,10
BRDA:678,121,0,10
BRDA:678,121,1,5
BRDA:678,121,2,3
BRDA:685,122,0,1
BRDA:685,122,1,9
BRDA:685,123,0,10
BRDA:685,123,1,5
BRDA:690,124,0,0
BRDA:690,124,1,9
BRDA:690,125,0,9
BRDA:690,125,1,4
BRDA:690,125,2,0
BRDA:700,126,0,0
BRDA:700,126,1,5
BRDA:705,127,0,0
BRDA:705,127,1,17
BRDA:708,128,0,17
BRDA:708,128,1,0
BRDA:714,129,0,0
BRDA:714,129,1,5
BRDA:725,130,0,0
BRDA:725,130,1,11
BRDA:727,131,0,0
BRDA:727,131,1,11
BRDA:729,132,0,0
BRDA:729,132,1,11
BRDA:733,133,0,5
BRDA:733,133,1,6
BRDA:737,134,0,0
BRDA:737,134,1,12
BRDA:741,135,0,0
BRDA:741,135,1,12
BRDA:745,136,0,0
BRDA:745,136,1,12
BRDA:745,137,0,12
BRDA:745,137,1,0
BRDA:757,138,0,0
BRDA:757,138,1,5
BRDA:761,139,0,1
BRDA:761,139,1,4
BRDA:762,140,0,1
BRDA:762,140,1,0
BRDA:763,141,0,1
BRDA:763,141,1,0
BRDA:763,142,0,1
BRDA:763,142,1,1
BRDA:763,142,2,1
BRDA:763,142,3,0
BRDA:763,142,4,0
BRDA:779,143,0,0
BRDA:779,143,1,11
BRDA:790,144,0,0
BRDA:790,144,1,0
BRDA:790,145,0,0
BRDA:790,145,1,0
BRDA:796,146,0,0
BRDA:796,146,1,0
BRF:313
BRH:194
end_of_record
TN:
SF:/Users/shengrong/Documents/SFMeal/SFMealWeb/api/controllers/NotificationController.js
FN:10,(anonymous_1)
FN:16,(anonymous_2)
FNF:2
FNH:0
FNDA:0,(anonymous_1)
FNDA:0,(anonymous_2)
DA:8,1
DA:9,1
DA:11,0
DA:12,0
DA:13,0
DA:14,0
DA:16,0
DA:17,0
DA:18,0
DA:20,0
LF:10
LH:2
BRDA:13,1,0,0
BRDA:13,1,1,0
BRDA:13,2,0,0
BRDA:13,2,1,0
BRDA:17,3,0,0
BRDA:17,3,1,0
BRF:6
BRH:0
end_of_record
TN:
SF:/Users/shengrong/Documents/SFMeal/SFMealWeb/api/controllers/OrderController.js
FN:50,(anonymous_1)
FN:52,(anonymous_2)
FN:54,(anonymous_3)
FN:61,(anonymous_4)
FN:81,(anonymous_5)
FN:86,(anonymous_6)
FN:92,(anonymous_7)
FN:94,(anonymous_8)
FN:96,(anonymous_9)
FN:123,(anonymous_10)
FN:132,(anonymous_11)
FN:147,(anonymous_12)
FN:177,(anonymous_13)
FN:207,(anonymous_14)
FN:209,(anonymous_15)
FN:215,(anonymous_16)
FN:223,(anonymous_17)
FN:227,(anonymous_18)
FN:253,(anonymous_19)
FN:257,(anonymous_20)
FN:268,(anonymous_21)
FN:288,(anonymous_22)
FN:295,(anonymous_23)
FN:305,(anonymous_24)
FN:307,(anonymous_25)
FN:315,(anonymous_26)
FN:330,(anonymous_27)
FN:356,(anonymous_28)
FN:374,(anonymous_29)
FN:378,(anonymous_30)
FN:382,(anonymous_31)
FN:404,(anonymous_32)
FN:408,(anonymous_33)
FN:446,(anonymous_34)
FN:452,(anonymous_35)
FN:457,(anonymous_36)
FN:471,(anonymous_37)
FN:498,(anonymous_38)
FN:507,(anonymous_39)
FN:511,(anonymous_40)
FN:535,(anonymous_41)
FN:537,(anonymous_42)
FN:562,(anonymous_43)
FN:576,(anonymous_44)
FN:581,(anonymous_45)
FN:586,(anonymous_46)
FN:590,(anonymous_47)
FN:607,(anonymous_48)
FN:611,(anonymous_49)
FN:639,(anonymous_50)
FN:643,(anonymous_51)
FN:651,(anonymous_52)
FN:660,(anonymous_53)
FN:668,(anonymous_54)
FN:688,(anonymous_55)
FN:715,(anonymous_56)
FN:721,(anonymous_57)
FN:739,(anonymous_58)
FN:765,(anonymous_59)
FN:780,(anonymous_60)
FN:788,(anonymous_61)
FN:801,(anonymous_62)
FN:805,(anonymous_63)
FN:814,(anonymous_64)
FN:827,(anonymous_65)
FN:834,(anonymous_66)
FN:850,(anonymous_67)
FN:867,(anonymous_68)
FN:870,(anonymous_69)
FN:881,(anonymous_70)
FN:884,(anonymous_71)
FN:889,(anonymous_72)
FN:894,(anonymous_73)
FN:905,(anonymous_74)
FN:908,(anonymous_75)
FN:916,(anonymous_76)
FN:923,(anonymous_77)
FN:933,(anonymous_78)
FN:939,(anonymous_79)
FN:950,(anonymous_80)
FN:957,(anonymous_81)
FN:975,(anonymous_82)
FN:983,(anonymous_83)
FN:990,(anonymous_84)
FN:996,(anonymous_85)
FN:1002,(anonymous_86)
FN:1005,(anonymous_87)
FN:1017,(anonymous_88)
FN:1022,(anonymous_89)
FN:1035,(anonymous_90)
FN:1041,(anonymous_91)
FN:1053,(anonymous_92)
FN:1072,(anonymous_93)
FN:1078,(anonymous_94)
FN:1089,(anonymous_95)
FN:1116,(anonymous_96)
FN:1121,(anonymous_97)
FN:1142,(anonymous_98)
FN:1168,(anonymous_99)
FN:1184,(anonymous_100)
FN:1192,(anonymous_101)
FN:1198,(anonymous_102)
FN:1202,(anonymous_103)
FN:1219,(anonymous_104)
FN:1235,(anonymous_105)
FN:1247,(anonymous_106)
FN:1263,(anonymous_107)
FN:1268,(anonymous_108)
FN:1278,(anonymous_109)
FN:1288,(anonymous_110)
FN:1293,(anonymous_111)
FN:1296,(anonymous_112)
FN:1304,(anonymous_113)
FN:1309,(anonymous_114)
FN:1324,(anonymous_115)
FN:1329,(anonymous_116)
FN:1341,(anonymous_117)
FN:1347,(anonymous_118)
FN:1355,(anonymous_119)
FN:1368,(anonymous_120)
FN:1371,(anonymous_121)
FN:1376,(anonymous_122)
FN:1390,(anonymous_123)
FN:1393,(anonymous_124)
FN:1398,(anonymous_125)
FN:1401,(anonymous_126)
FN:1414,(anonymous_127)
FN:1416,(anonymous_128)
FN:1424,(anonymous_129)
FN:1426,(anonymous_130)
FN:1437,(anonymous_131)
FN:1439,(anonymous_132)
FN:1452,(anonymous_133)
FN:1453,(anonymous_134)
FN:1461,(anonymous_135)
FN:1462,(anonymous_136)
FN:1472,(anonymous_137)
FNF:137
FNH:125
FNDA:116,(anonymous_1)
FNDA:117,(anonymous_2)
FNDA:117,(anonymous_3)
FNDA:29,(anonymous_4)
FNDA:116,(anonymous_5)
FNDA:216,(anonymous_6)
FNDA:55,(anonymous_7)
FNDA:3,(anonymous_8)
FNDA:3,(anonymous_9)
FNDA:54,(anonymous_10)
FNDA:29,(anonymous_11)
FNDA:25,(anonymous_12)
FNDA:9,(anonymous_13)
FNDA:12,(anonymous_14)
FNDA:48,(anonymous_15)
FNDA:12,(anonymous_16)
FNDA:18,(anonymous_17)
FNDA:0,(anonymous_18)
FNDA:12,(anonymous_19)
FNDA:3,(anonymous_20)
FNDA:2,(anonymous_21)
FNDA:10,(anonymous_22)
FNDA:2,(anonymous_23)
FNDA:0,(anonymous_24)
FNDA:0,(anonymous_25)
FNDA:11,(anonymous_26)
FNDA:1,(anonymous_27)
FNDA:25,(anonymous_28)
FNDA:25,(anonymous_29)
FNDA:25,(anonymous_30)
FNDA:20,(anonymous_31)
FNDA:18,(anonymous_32)
FNDA:17,(anonymous_33)
FNDA:12,(anonymous_34)
FNDA:11,(anonymous_35)
FNDA:10,(anonymous_36)
FNDA:18,(anonymous_37)
FNDA:1,(anonymous_38)
FNDA:17,(anonymous_39)
FNDA:11,(anonymous_40)
FNDA:11,(anonymous_41)
FNDA:0,(anonymous_42)
FNDA:4,(anonymous_43)
FNDA:7,(anonymous_44)
FNDA:1,(anonymous_45)
FNDA:1,(anonymous_46)
FNDA:1,(anonymous_47)
FNDA:6,(anonymous_48)
FNDA:6,(anonymous_49)
FNDA:1,(anonymous_50)
FNDA:1,(anonymous_51)
FNDA:10,(anonymous_52)
FNDA:10,(anonymous_53)
FNDA:9,(anonymous_54)
FNDA:3,(anonymous_55)
FNDA:1,(anonymous_56)
FNDA:1,(anonymous_57)
FNDA:1,(anonymous_58)
FNDA:2,(anonymous_59)
FNDA:2,(anonymous_60)
FNDA:2,(anonymous_61)
FNDA:2,(anonymous_62)
FNDA:2,(anonymous_63)
FNDA:2,(anonymous_64)
FNDA:1,(anonymous_65)
FNDA:1,(anonymous_66)
FNDA:4,(anonymous_67)
FNDA:2,(anonymous_68)
FNDA:2,(anonymous_69)
FNDA:4,(anonymous_70)
FNDA:1,(anonymous_71)
FNDA:1,(anonymous_72)
FNDA:1,(anonymous_73)
FNDA:2,(anonymous_74)
FNDA:2,(anonymous_75)
FNDA:2,(anonymous_76)
FNDA:2,(anonymous_77)
FNDA:2,(anonymous_78)
FNDA:1,(anonymous_79)
FNDA:6,(anonymous_80)
FNDA:6,(anonymous_81)
FNDA:3,(anonymous_82)
FNDA:4,(anonymous_83)
FNDA:4,(anonymous_84)
FNDA:3,(anonymous_85)
FNDA:12,(anonymous_86)
FNDA:3,(anonymous_87)
FNDA:3,(anonymous_88)
FNDA:3,(anonymous_89)
FNDA:0,(anonymous_90)
FNDA:0,(anonymous_91)
FNDA:2,(anonymous_92)
FNDA:4,(anonymous_93)
FNDA:4,(anonymous_94)
FNDA:2,(anonymous_95)
FNDA:1,(anonymous_96)
FNDA:1,(anonymous_97)
FNDA:1,(anonymous_98)
FNDA:2,(anonymous_99)
FNDA:1,(anonymous_100)
FNDA:1,(anonymous_101)
FNDA:1,(anonymous_102)
FNDA:1,(anonymous_103)
FNDA:1,(anonymous_104)
FNDA:1,(anonymous_105)
FNDA:1,(anonymous_106)
FNDA:1,(anonymous_107)
FNDA:2,(anonymous_108)
FNDA:2,(anonymous_109)
FNDA:1,(anonymous_110)
FNDA:4,(anonymous_111)
FNDA:1,(anonymous_112)
FNDA:1,(anonymous_113)
FNDA:1,(anonymous_114)
FNDA:0,(anonymous_115)
FNDA:0,(anonymous_116)
FNDA:2,(anonymous_117)
FNDA:2,(anonymous_118)
FNDA:2,(anonymous_119)
FNDA:1,(anonymous_120)
FNDA:1,(anonymous_121)
FNDA:1,(anonymous_122)
FNDA:1,(anonymous_123)
FNDA:1,(anonymous_124)
FNDA:4,(anonymous_125)
FNDA:1,(anonymous_126)
FNDA:1,(anonymous_127)
FNDA:1,(anonymous_128)
FNDA:0,(anonymous_129)
FNDA:0,(anonymous_130)
FNDA:0,(anonymous_131)
FNDA:0,(anonymous_132)
FNDA:2,(anonymous_133)
FNDA:2,(anonymous_134)
FNDA:5,(anonymous_135)
FNDA:5,(anonymous_136)
FNDA:28,(anonymous_137)
DA:8,1
DA:9,1
DA:10,1
DA:11,1
DA:12,1
DA:13,1
DA:14,1
DA:48,1
DA:51,116
DA:52,116
DA:53,117
DA:54,117
DA:55,117
DA:58,116
DA:62,29
DA:63,29
DA:64,29
DA:65,0
DA:67,29
DA:68,0
DA:71,29
DA:72,0
DA:75,29
DA:77,29
DA:78,29
DA:79,29
DA:81,29
DA:82,116
DA:83,116
DA:84,116
DA:85,116
DA:86,54
DA:87,216
DA:88,54
DA:89,0
DA:91,54
DA:92,54
DA:93,55
DA:94,3
DA:95,3
DA:96,3
DA:97,3
DA:98,3
DA:99,3
DA:101,0
DA:103,3
DA:104,3
DA:106,3
DA:107,3
DA:109,52
DA:112,0
DA:114,54
DA:115,54
DA:116,54
DA:117,54
DA:118,2
DA:120,52
DA:122,214
DA:124,54
DA:125,2
DA:127,52
DA:130,62
DA:133,29
DA:134,2
DA:137,27
DA:139,27
DA:140,1
DA:141,1
DA:143,26
DA:148,25
DA:149,25
DA:150,12
DA:151,13
DA:152,13
DA:153,13
DA:154,0
DA:156,13
DA:157,13
DA:158,1
DA:160,12
DA:161,12
DA:162,12
DA:163,2
DA:164,10
DA:165,0
DA:167,10
DA:168,10
DA:169,0
DA:171,10
DA:172,0
DA:174,10
DA:175,1
DA:177,9
DA:178,9
DA:179,0
DA:180,0
DA:182,9
DA:183,9
DA:184,1
DA:185,1
DA:187,8
DA:190,0
DA:191,0
DA:192,0
DA:193,0
DA:195,0
DA:196,0
DA:197,0
DA:199,0
DA:200,0
DA:201,0
DA:203,0
DA:208,12
DA:209,12
DA:210,48
DA:211,48
DA:212,48
DA:214,12
DA:215,12
DA:216,12
DA:217,0
DA:219,12
DA:224,18
DA:225,18
DA:226,18
DA:227,0
DA:228,0
DA:229,0
DA:230,0
DA:234,18
DA:235,6
DA:236,0
DA:238,6
DA:241,12
DA:243,18
DA:245,18
DA:246,18
DA:247,0
DA:249,18
DA:250,18
DA:254,12
DA:255,9
DA:257,3
DA:258,3
DA:259,0
DA:261,3
DA:262,0
DA:264,3
DA:265,0
DA:267,3
DA:268,3
DA:269,2
DA:271,3
DA:272,1
DA:274,2
DA:275,2
DA:277,2
DA:278,2
DA:280,0
DA:281,0
DA:283,2
DA:284,2
DA:289,10
DA:290,8
DA:292,2
DA:293,2
DA:294,2
DA:295,2
DA:296,2
DA:297,0
DA:299,2
DA:300,2
DA:301,2
DA:306,0
DA:307,0
DA:308,0
DA:309,0
DA:311,0
DA:316,11
DA:317,9
DA:320,2
DA:321,0
DA:323,2
DA:325,2
DA:326,1
DA:329,1
DA:330,1
DA:331,1
DA:332,0
DA:334,1
DA:335,1
DA:358,25
DA:359,25
DA:360,25
DA:361,25
DA:362,25
DA:363,25
DA:364,25
DA:366,25
DA:367,24
DA:368,24
DA:369,24
DA:370,24
DA:372,25
DA:374,25
DA:375,25
DA:376,0
DA:378,25
DA:379,25
DA:380,5
DA:382,20
DA:383,20
DA:384,2
DA:387,18
DA:388,18
DA:389,0
DA:392,18
DA:393,18
DA:394,18
DA:395,18
DA:396,18
DA:397,18
DA:398,18
DA:399,18
DA:400,18
DA:401,18
DA:403,18
DA:405,18
DA:406,1
DA:408,17
DA:409,17
DA:410,0
DA:412,17
DA:413,17
DA:414,17
DA:415,0
DA:420,17
DA:421,2
DA:423,17
DA:424,17
DA:425,3
DA:428,14
DA:429,1
DA:431,13
DA:432,13
DA:433,13
DA:434,13
DA:435,13
DA:437,13
DA:438,1
DA:441,12
DA:442,0
DA:446,12
DA:447,12
DA:448,1
DA:451,11
DA:452,11
DA:453,11
DA:454,1
DA:457,10
DA:458,10
DA:459,0
DA:461,10
DA:462,2
DA:464,10
DA:465,10
DA:472,18
DA:473,17
DA:475,1
DA:476,1
DA:477,1
DA:478,0
DA:480,1
DA:481,0
DA:483,1
DA:484,0
DA:486,1
DA:487,0
DA:489,1
DA:490,1
DA:491,1
DA:492,1
DA:493,1
DA:494,1
DA:495,1
DA:499,1
DA:500,0
DA:502,1
DA:503,1
DA:504,1
DA:508,17
DA:509,6
DA:511,11
DA:512,11
DA:513,0
DA:515,11
DA:536,11
DA:537,0
DA:538,0
DA:539,0
DA:541,0
DA:543,11
DA:545,11
DA:546,11
DA:547,44
DA:548,44
DA:549,44
DA:551,11
DA:552,11
DA:553,11
DA:554,4
DA:555,4
DA:557,7
DA:559,11
DA:560,11
DA:561,4
DA:562,4
DA:563,4
DA:564,0
DA:566,4
DA:567,4
DA:568,4
DA:570,4
DA:571,4
DA:573,0
DA:576,7
DA:577,7
DA:578,0
DA:580,7
DA:581,1
DA:582,1
DA:583,0
DA:585,1
DA:586,1
DA:587,1
DA:588,0
DA:590,1
DA:591,1
DA:592,0
DA:594,1
DA:595,1
DA:596,1
DA:598,1
DA:599,1
DA:601,0
DA:606,6
DA:607,6
DA:608,6
DA:609,0
DA:611,6
DA:612,6
DA:613,0
DA:615,6
DA:616,6
DA:617,6
DA:619,6
DA:620,6
DA:622,0
DA:629,0
DA:640,1
DA:641,1
DA:642,1
DA:643,1
DA:644,1
DA:645,0
DA:647,1
DA:652,10
DA:653,10
DA:654,10
DA:655,10
DA:656,10
DA:657,10
DA:658,10
DA:659,10
DA:660,10
DA:661,10
DA:662,0
DA:664,10
DA:665,1
DA:667,9
DA:668,9
DA:669,9
DA:670,1
DA:671,1
DA:673,8
DA:674,8
DA:675,1
DA:677,8
DA:680,4
DA:681,4
DA:683,4
DA:684,4
DA:685,4
DA:687,4
DA:688,3
DA:689,3
DA:690,0
DA:692,3
DA:693,0
DA:695,3
DA:697,1
DA:716,1
DA:717,0
DA:718,0
DA:720,1
DA:721,1
DA:722,1
DA:723,0
DA:725,1
DA:726,1
DA:727,1
DA:728,1
DA:729,1
DA:730,0
DA:731,0
DA:732,0
DA:734,1
DA:736,1
DA:737,1
DA:738,1
DA:739,1
DA:740,1
DA:741,0
DA:744,1
DA:745,1
DA:749,0
DA:753,2
DA:754,2
DA:755,2
DA:756,2
DA:757,2
DA:758,2
DA:759,2
DA:760,2
DA:761,2
DA:762,2
DA:763,2
DA:764,2
DA:765,2
DA:766,2
DA:767,2
DA:768,2
DA:769,2
DA:770,2
DA:771,2
DA:772,0
DA:773,0
DA:774,0
DA:775,0
DA:780,2
DA:781,2
DA:789,2
DA:790,0
DA:792,2
DA:793,1
DA:794,1
DA:795,1
DA:796,0
DA:799,2
DA:802,2
DA:803,0
DA:805,2
DA:806,2
DA:807,0
DA:809,2
DA:810,2
DA:811,2
DA:812,2
DA:813,2
DA:814,2
DA:815,2
DA:816,0
DA:819,2
DA:820,2
DA:827,1
DA:828,1
DA:829,0
DA:831,1
DA:832,1
DA:833,1
DA:834,1
DA:835,1
DA:836,0
DA:838,1
DA:839,1
DA:843,4
DA:844,4
DA:845,4
DA:846,4
DA:847,4
DA:848,4
DA:849,4
DA:850,4
DA:851,4
DA:852,0
DA:855,4
DA:856,4
DA:857,3
DA:859,1
DA:868,2
DA:869,2
DA:870,2
DA:871,2
DA:872,0
DA:874,2
DA:875,1
DA:878,1
DA:879,1
DA:880,1
DA:881,1
DA:882,4
DA:884,1
DA:885,1
DA:886,0
DA:888,1
DA:889,1
DA:890,1
DA:891,0
DA:893,1
DA:894,1
DA:895,1
DA:896,0
DA:898,1
DA:906,2
DA:907,2
DA:908,2
DA:909,2
DA:910,0
DA:912,2
DA:913,0
DA:915,2
DA:916,2
DA:917,2
DA:924,2
DA:925,1
DA:927,1
DA:928,0
DA:929,0
DA:931,1
DA:934,2
DA:935,1
DA:937,1
DA:938,1
DA:939,1
DA:940,1
DA:941,0
DA:943,1
DA:951,6
DA:952,6
DA:953,6
DA:954,6
DA:955,6
DA:956,6
DA:957,6
DA:958,6
DA:959,0
DA:962,6
DA:963,1
DA:966,5
DA:967,5
DA:968,0
DA:971,5
DA:973,3
DA:974,3
DA:975,3
DA:976,3
DA:977,0
DA:979,3
DA:980,0
DA:982,3
DA:983,3
DA:984,4
DA:991,4
DA:992,0
DA:994,4
DA:997,3
DA:998,0
DA:999,0
DA:1001,3
DA:1002,3
DA:1003,12
DA:1005,3
DA:1006,3
DA:1007,0
DA:1009,3
DA:1010,2
DA:1011,2
DA:1013,3
DA:1014,3
DA:1015,3
DA:1016,3
DA:1017,3
DA:1018,3
DA:1019,0
DA:1021,3
DA:1022,3
DA:1023,3
DA:1024,0
DA:1026,3
DA:1033,0
DA:1034,0
DA:1035,0
DA:1036,0
DA:1037,0
DA:1040,0
DA:1041,0
DA:1042,0
DA:1043,0
DA:1045,0
DA:1049,2
DA:1050,2
DA:1051,2
DA:1052,2
DA:1053,2
DA:1054,2
DA:1055,0
DA:1058,2
DA:1062,2
DA:1063,2
DA:1065,0
DA:1073,4
DA:1074,4
DA:1075,4
DA:1076,4
DA:1077,4
DA:1078,4
DA:1079,4
DA:1080,0
DA:1082,4
DA:1083,3
DA:1084,3
DA:1085,3
DA:1086,3
DA:1087,3
DA:1088,3
DA:1089,2
DA:1090,2
DA:1091,0
DA:1093,2
DA:1094,0
DA:1096,2
DA:1098,1
DA:1117,1
DA:1118,0
DA:1120,1
DA:1121,1
DA:1122,1
DA:1123,0
DA:1125,1
DA:1126,1
DA:1127,1
DA:1128,1
DA:1129,1
DA:1130,1
DA:1131,1
DA:1132,1
DA:1133,0
DA:1134,0
DA:1135,0
DA:1137,1
DA:1139,1
DA:1140,1
DA:1141,1
DA:1142,1
DA:1143,1
DA:1144,0
DA:1146,1
DA:1147,1
DA:1148,0
DA:1150,1
DA:1155,0
DA:1159,1
DA:1160,1
DA:1161,1
DA:1162,1
DA:1163,1
DA:1164,1
DA:1165,1
DA:1166,1
DA:1167,1
DA:1168,1
DA:1169,2
DA:1170,1
DA:1171,1
DA:1172,1
DA:1173,1
DA:1174,1
DA:1175,1
DA:1176,0
DA:1177,0
DA:1178,0
DA:1179,0
DA:1184,1
DA:1185,1
DA:1193,1
DA:1194,0
DA:1196,1
DA:1199,1
DA:1200,0
DA:1202,1
DA:1203,1
DA:1204,0
DA:1206,1
DA:1207,0
DA:1208,0
DA:1210,1
DA:1211,1
DA:1212,1
DA:1213,1
DA:1214,1
DA:1215,1
DA:1216,1
DA:1217,1
DA:1218,1
DA:1219,1
DA:1220,1
DA:1221,0
DA:1223,1
DA:1224,1
DA:1225,0
DA:1227,1
DA:1235,1
DA:1236,1
DA:1237,0
DA:1239,1
DA:1240,1
DA:1241,1
DA:1242,1
DA:1243,1
DA:1244,1
DA:1245,1
DA:1246,1
DA:1247,1
DA:1248,1
DA:1249,0
DA:1251,1
DA:1252,1
DA:1253,0
DA:1255,1
DA:1260,1
DA:1261,1
DA:1262,1
DA:1263,1
DA:1264,1
DA:1265,0
DA:1267,1
DA:1268,1
DA:1269,2
DA:1270,0
DA:1272,2
DA:1279,2
DA:1280,0
DA:1282,2
DA:1283,0
DA:1284,0
DA:1286,2
DA:1289,1
DA:1290,0
DA:1292,1
DA:1293,1
DA:1294,4
DA:1296,1
DA:1297,1
DA:1298,0
DA:1300,1
DA:1301,1
DA:1302,1
DA:1303,1
DA:1304,1
DA:1305,1
DA:1306,0
DA:1308,1
DA:1309,1
DA:1310,1
DA:1311,0
DA:1313,1
DA:1320,0
DA:1321,0
DA:1322,0
DA:1323,0
DA:1324,0
DA:1325,0
DA:1326,0
DA:1328,0
DA:1329,0
DA:1333,0
DA:1342,2
DA:1343,2
DA:1344,2
DA:1345,2
DA:1346,2
DA:1347,2
DA:1348,2
DA:1349,0
DA:1351,2
DA:1352,2
DA:1353,2
DA:1354,2
DA:1355,2
DA:1356,2
DA:1357,0
DA:1359,2
DA:1363,2
DA:1369,1
DA:1370,1
DA:1371,1
DA:1372,1
DA:1373,0
DA:1375,1
DA:1376,1
DA:1377,1
DA:1378,0
DA:1380,1
DA:1381,1
DA:1382,1
DA:1384,0
DA:1391,1
DA:1392,1
DA:1393,1
DA:1394,1
DA:1395,0
DA:1397,1
DA:1398,1
DA:1399,4
DA:1401,1
DA:1402,1
DA:1403,0
DA:1405,1
DA:1406,1
DA:1408,0
DA:1409,0
DA:1415,1
DA:1416,1
DA:1417,1
DA:1418,0
DA:1420,1
DA:1425,0
DA:1426,0
DA:1427,0
DA:1428,0
DA:1430,0
DA:1431,0
DA:1432,0
DA:1433,0
[...]
FN:103,(anonymous_16)
FN:117,(anonymous_17)
FN:123,(anonymous_18)
FN:124,(anonymous_19)
FN:142,(anonymous_20)
FN:146,(anonymous_21)
FN:153,(anonymous_22)
FN:155,(anonymous_23)
FN:162,(anonymous_24)
FN:182,(anonymous_25)
FN:204,(anonymous_26)
FNF:26
FNH:26
FNDA:5,(anonymous_1)
FNDA:5,(anonymous_2)
FNDA:35,(anonymous_3)
FNDA:2,(anonymous_4)
FNDA:2,(anonymous_5)
FNDA:1,(anonymous_6)
FNDA:1,(anonymous_7)
FNDA:1,(anonymous_8)
FNDA:1,(anonymous_9)
FNDA:2,(anonymous_10)
FNDA:2,(anonymous_11)
FNDA:2,(anonymous_12)
FNDA:2,(anonymous_13)
FNDA:4,(anonymous_14)
FNDA:4,(anonymous_15)
FNDA:1,(anonymous_16)
FNDA:4,(anonymous_17)
FNDA:3,(anonymous_18)
FNDA:9,(anonymous_19)
FNDA:4,(anonymous_20)
FNDA:3,(anonymous_21)
FNDA:4,(anonymous_22)
FNDA:4,(anonymous_23)
FNDA:4,(anonymous_24)
FNDA:4,(anonymous_25)
FNDA:4,(anonymous_26)
DA:10,1
DA:11,1
DA:12,1
DA:15,5
DA:16,5
DA:17,5
DA:18,5
DA:19,5
DA:20,5
DA:22,5
DA:23,5
DA:24,0
DA:26,5
DA:27,35
DA:29,5
DA:30,2
DA:31,2
DA:33,3
DA:34,1
DA:35,1
DA:37,3
DA:38,1
DA:39,2
DA:40,2
DA:41,2
DA:42,2
DA:43,2
DA:44,0
DA:46,2
DA:49,1
DA:50,0
DA:52,1
DA:53,1
DA:54,1
DA:55,0
DA:57,1
DA:60,1
DA:61,0
DA:63,1
DA:64,1
DA:68,2
DA:69,2
DA:70,2
DA:71,2
DA:72,0
DA:74,2
DA:75,2
DA:76,2
DA:77,0
DA:79,2
DA:82,2
DA:83,0
DA:85,2
DA:86,2
DA:94,4
DA:95,4
DA:97,4
DA:98,0
DA:100,4
DA:101,3
DA:103,1
DA:104,1
DA:105,1
DA:106,1
DA:107,1
DA:109,0
DA:111,1
DA:112,0
DA:114,1
DA:118,4
DA:119,4
DA:120,1
DA:122,3
DA:123,3
DA:124,3
DA:125,9
DA:127,3
DA:128,3
DA:129,3
DA:130,3
DA:131,0
DA:133,3
DA:135,0
DA:137,3
DA:138,0
DA:140,3
DA:143,4
DA:144,1
DA:146,3
DA:147,3
DA:148,0
DA:150,3
DA:154,4
DA:155,4
DA:156,4
DA:157,0
DA:159,4
DA:163,4
DA:164,4
DA:165,4
DA:166,4
DA:167,1
DA:169,3
DA:171,4
DA:183,4
DA:184,0
DA:186,4
DA:187,4
DA:188,4
DA:189,4
DA:190,4
DA:192,4
DA:193,3
DA:194,3
DA:196,4
DA:197,0
DA:199,4
DA:200,4
DA:201,4
DA:205,4
DA:206,0
DA:208,4
LF:122
LH:103
BRDA:23,1,0,0
BRDA:23,1,1,5
BRDA:27,2,0,35
BRDA:27,2,1,3
BRDA:29,3,0,2
BRDA:29,3,1,3
BRDA:33,4,0,1
BRDA:33,4,1,2
BRDA:37,5,0,1
BRDA:37,5,1,2
BRDA:37,6,0,3
BRDA:37,6,1,1
BRDA:43,7,0,0
BRDA:43,7,1,2
BRDA:49,8,0,0
BRDA:49,8,1,1
BRDA:54,9,0,0
BRDA:54,9,1,1
BRDA:60,10,0,0
BRDA:60,10,1,1
BRDA:71,11,0,0
BRDA:71,11,1,2
BRDA:76,12,0,0
BRDA:76,12,1,2
BRDA:82,13,0,0
BRDA:82,13,1,2
BRDA:97,14,0,0
BRDA:97,14,1,4
BRDA:100,15,0,3
BRDA:100,15,1,1
BRDA:104,16,0,1
BRDA:104,16,1,0
BRDA:111,17,0,0
BRDA:111,17,1,1
BRDA:119,18,0,1
BRDA:119,18,1,3
BRDA:127,19,0,3
BRDA:127,19,1,0
BRDA:130,20,0,0
BRDA:130,20,1,3
BRDA:137,21,0,0
BRDA:137,21,1,3
BRDA:143,22,0,1
BRDA:143,22,1,3
BRDA:147,23,0,0
BRDA:147,23,1,3
BRDA:156,24,0,0
BRDA:156,24,1,4
BRDA:166,25,0,1
BRDA:166,25,1,3
BRDA:172,26,0,3
BRDA:172,26,1,1
BRDA:173,27,0,3
BRDA:173,27,1,1
BRDA:174,28,0,3
BRDA:174,28,1,1
BRDA:179,29,0,3
BRDA:179,29,1,1
BRDA:183,30,0,0
BRDA:183,30,1,4
BRDA:186,31,0,3
BRDA:186,31,1,1
BRDA:188,32,0,4
BRDA:188,32,1,0
BRDA:192,33,0,3
BRDA:192,33,1,1
BRDA:196,34,0,0
BRDA:196,34,1,4
BRDA:196,35,0,4
BRDA:196,35,1,0
BRDA:205,36,0,0
BRDA:205,36,1,4
BRF:72
BRH:51
end_of_record
TN:
SF:/Users/shengrong/Documents/SFMeal/SFMealWeb/api/controllers/UserController.js
FN:32,(anonymous_1)
FN:49,(anonymous_2)
FN:56,(anonymous_3)
FN:60,(anonymous_4)
FN:64,(anonymous_5)
FN:99,(anonymous_6)
FN:104,(anonymous_7)
FN:108,(anonymous_8)
FN:125,(anonymous_9)
FN:129,(anonymous_10)
FN:132,(anonymous_11)
FN:137,(anonymous_12)
FN:145,(anonymous_13)
FN:151,(anonymous_14)
FN:152,(anonymous_15)
FN:163,(anonymous_16)
FN:169,(anonymous_17)
FN:175,(anonymous_18)
FN:188,(anonymous_19)
FN:198,(anonymous_20)
FN:215,(anonymous_21)
FN:227,(anonymous_22)
FN:237,(anonymous_23)
FN:239,(anonymous_24)
FN:244,(anonymous_25)
FN:250,(anonymous_26)
FN:264,(anonymous_27)
FN:274,(anonymous_28)
FN:276,(anonymous_29)
FN:283,(anonymous_30)
FN:287,(anonymous_31)
FN:298,(anonymous_32)
FN:299,(anonymous_33)
FN:307,(anonymous_34)
FN:309,(anonymous_35)
FN:325,(anonymous_36)
FN:329,(anonymous_37)
FN:330,(anonymous_38)
FN:338,(anonymous_39)
FN:343,(anonymous_40)
FN:349,(anonymous_41)
FN:372,(anonymous_42)
FN:381,(anonymous_43)
FN:427,(anonymous_44)
FN:434,(anonymous_45)
FN:439,(anonymous_46)
FN:445,(anonymous_47)
FN:450,(anonymous_48)
FNF:48
FNH:43
FNDA:2,(anonymous_1)
FNDA:2,(anonymous_2)
FNDA:2,(anonymous_3)
FNDA:2,(anonymous_4)
FNDA:2,(anonymous_5)
FNDA:2,(anonymous_6)
FNDA:2,(anonymous_7)
FNDA:2,(anonymous_8)
FNDA:0,(anonymous_9)
FNDA:1,(anonymous_10)
FNDA:1,(anonymous_11)
FNDA:11,(anonymous_12)
FNDA:7,(anonymous_13)
FNDA:7,(anonymous_14)
FNDA:7,(anonymous_15)
FNDA:7,(anonymous_16)
FNDA:6,(anonymous_17)
FNDA:3,(anonymous_18)
FNDA:5,(anonymous_19)
FNDA:2,(anonymous_20)
FNDA:6,(anonymous_21)
FNDA:3,(anonymous_22)
FNDA:7,(anonymous_23)
FNDA:7,(anonymous_24)
FNDA:7,(anonymous_25)
FNDA:1,(anonymous_26)
FNDA:7,(anonymous_27)
FNDA:11,(anonymous_28)
FNDA:11,(anonymous_29)
FNDA:3,(anonymous_30)
FNDA:3,(anonymous_31)
FNDA:17,(anonymous_32)
FNDA:17,(anonymous_33)
FNDA:4,(anonymous_34)
FNDA:0,(anonymous_35)
FNDA:8,(anonymous_36)
FNDA:8,(anonymous_37)
FNDA:8,(anonymous_38)
FNDA:8,(anonymous_39)
FNDA:8,(anonymous_40)
FNDA:8,(anonymous_41)
FNDA:1,(anonymous_42)
FNDA:1,(anonymous_43)
FNDA:1,(anonymous_44)
FNDA:1,(anonymous_45)
FNDA:0,(anonymous_46)
FNDA:0,(anonymous_47)
FNDA:0,(anonymous_48)
DA:12,1
DA:13,1
DA:14,1
DA:15,1
DA:16,1
DA:17,1
DA:18,1
DA:19,1
DA:20,1
DA:22,1
DA:33,2
DA:34,2
DA:35,2
DA:36,2
DA:37,2
DA:38,2
DA:39,2
DA:40,0
DA:42,2
DA:43,2
DA:44,2
DA:45,2
DA:46,2
DA:47,0
DA:49,2
DA:50,2
DA:51,0
DA:53,2
DA:54,0
DA:56,2
DA:57,2
DA:58,0
DA:60,2
DA:61,2
DA:62,0
DA:64,2
DA:65,2
DA:66,0
DA:68,2
DA:69,2
DA:70,2
DA:86,2
DA:87,2
DA:89,2
DA:90,2
DA:92,2
DA:93,1
DA:99,2
DA:100,2
DA:101,0
DA:103,2
DA:104,2
DA:105,2
DA:106,0
DA:108,2
DA:109,2
DA:110,0
DA:112,2
DA:113,2
DA:114,2
DA:115,2
DA:126,0
DA:130,1
DA:131,1
DA:132,1
DA:133,1
DA:134,0
DA:136,1
DA:137,1
DA:138,11
DA:141,1
DA:147,7
DA:148,7
DA:150,7
DA:152,7
DA:153,7
DA:154,0
DA:156,7
DA:157,0
DA:158,0
DA:160,7
DA:164,7
DA:165,7
DA:166,4
DA:168,3
DA:169,3
DA:170,6
DA:171,6
DA:172,1
DA:173,0
DA:175,1
DA:176,3
DA:178,1
DA:179,1
DA:180,1
DA:182,1
DA:184,5
DA:185,5
DA:186,1
DA:188,5
DA:189,5
DA:190,0
DA:191,0
DA:193,5
DA:194,5
DA:195,0
DA:197,5
DA:198,1
DA:199,2
DA:201,1
DA:202,1
DA:203,1
DA:204,1
DA:205,1
DA:206,1
DA:207,1
DA:210,5
DA:211,5
DA:212,5
DA:214,5
DA:215,2
DA:216,6
DA:217,2
DA:221,3
DA:222,3
DA:223,3
DA:225,5
DA:228,3
DA:229,0
DA:231,3
DA:232,3
DA:233,3
DA:234,3
DA:239,7
DA:240,7
DA:241,0
DA:243,7
DA:244,7
DA:245,7
DA:246,0
DA:248,7
DA:249,1
DA:250,1
DA:251,1
DA:252,0
DA:254,1
DA:255,1
DA:258,6
DA:259,6
DA:265,7
DA:266,0
DA:268,7
DA:269,7
DA:270,7
DA:275,11
DA:276,11
DA:277,11
DA:278,0
DA:280,11
DA:281,11
DA:282,3
DA:283,3
DA:284,3
DA:285,0
DA:287,3
DA:288,3
DA:289,0
DA:291,3
DA:292,3
DA:294,0
DA:298,8
DA:299,17
DA:300,17
DA:301,0
DA:303,17
DA:304,17
DA:305,17
DA:306,17
DA:307,1
DA:308,4
DA:309,0
DA:310,0
DA:311,0
DA:312,0
DA:313,0
DA:314,0
DA:322,17
DA:326,8
DA:327,0
DA:329,8
DA:330,8
DA:331,8
DA:332,0
DA:334,8
DA:335,8
DA:339,8
DA:340,0
DA:342,8
DA:343,8
DA:344,8
DA:345,0
DA:348,8
DA:349,8
DA:350,8
DA:351,0
DA:353,8
DA:354,8
DA:356,0
DA:373,1
DA:374,1
DA:375,1
DA:376,1
DA:378,1
DA:382,1
DA:383,1
DA:384,1
DA:385,1
DA:386,1
DA:387,1
DA:388,1
DA:389,1
DA:390,1
DA:391,1
DA:393,1
DA:394,1
DA:395,1
DA:396,1
DA:397,1
DA:398,1
DA:413,1
DA:414,1
DA:421,1
DA:422,1
DA:423,1
DA:424,1
DA:428,1
DA:429,1
DA:430,1
DA:431,1
DA:432,1
DA:433,1
DA:434,1
DA:435,1
DA:436,1
DA:438,0
DA:439,0
DA:440,0
DA:441,0
DA:443,0
DA:445,0
DA:446,0
DA:447,0
DA:449,0
DA:450,0
DA:451,0
DA:452,0
DA:454,0
DA:457,0
DA:459,0
LF:259
LH:203
BRDA:39,1,0,0
BRDA:39,1,1,2
BRDA:39,2,0,2
BRDA:39,2,1,1
BRDA:42,3,0,2
BRDA:42,3,1,1
BRDA:46,4,0,0
BRDA:46,4,1,2
BRDA:50,5,0,0
BRDA:50,5,1,2
BRDA:53,6,0,0
BRDA:53,6,1,2
BRDA:57,7,0,0
BRDA:57,7,1,2
BRDA:61,8,0,0
BRDA:61,8,1,2
BRDA:65,9,0,0
BRDA:65,9,1,2
BRDA:86,10,0,2
BRDA:86,10,1,0
BRDA:89,11,0,2
BRDA:89,11,1,0
BRDA:92,12,0,1
BRDA:92,12,1,1
BRDA:100,13,0,0
BRDA:100,13,1,2
BRDA:105,14,0,0
BRDA:105,14,1,2
BRDA:109,15,0,0
BRDA:109,15,1,2
BRDA:133,16,0,0
BRDA:133,16,1,1
BRDA:136,17,0,1
BRDA:136,17,1,0
BRDA:138,18,0,8
BRDA:138,18,1,3
BRDA:153,19,0,0
BRDA:153,19,1,7
BRDA:156,20,0,0
BRDA:156,20,1,7
BRDA:156,21,0,7
BRDA:156,21,1,0
BRDA:165,22,0,4
BRDA:165,22,1,3
BRDA:171,23,0,1
BRDA:171,23,1,5
BRDA:172,24,0,0
BRDA:172,24,1,1
BRDA:179,25,0,1
BRDA:179,25,1,0
BRDA:185,26,0,1
BRDA:185,26,1,4
BRDA:189,27,0,0
BRDA:189,27,1,5
BRDA:194,28,0,0
BRDA:194,28,1,5
BRDA:197,29,0,1
BRDA:197,29,1,4
BRDA:214,30,0,2
BRDA:214,30,1,3
BRDA:214,31,0,5
BRDA:214,31,1,2
BRDA:216,32,0,2
BRDA:216,32,1,4
BRDA:228,33,0,0
BRDA:228,33,1,3
BRDA:240,34,0,0
BRDA:240,34,1,7
BRDA:245,35,0,0
BRDA:245,35,1,7
BRDA:248,36,0,1
BRDA:248,36,1,6
BRDA:248,37,0,7
BRDA:248,37,1,1
BRDA:249,38,0,1
BRDA:249,38,1,1
BRDA:251,39,0,0
BRDA:251,39,1,1
BRDA:265,40,0,0
BRDA:265,40,1,7
BRDA:277,41,0,0
BRDA:277,41,1,11
BRDA:281,42,0,3
BRDA:281,42,1,8
BRDA:281,43,0,11
BRDA:281,43,1,5
BRDA:284,44,0,0
BRDA:284,44,1,3
BRDA:288,45,0,0
BRDA:288,45,1,3
BRDA:291,46,0,3
BRDA:291,46,1,0
BRDA:300,47,0,0
BRDA:300,47,1,17
BRDA:306,48,0,1
BRDA:306,48,1,16
BRDA:308,49,0,0
BRDA:308,49,1,4
BRDA:310,50,0,0
BRDA:310,50,1,0
BRDA:311,51,0,0
BRDA:311,51,1,0
BRDA:313,52,0,0
BRDA:313,52,1,0
BRDA:326,53,0,0
BRDA:326,53,1,8
BRDA:331,54,0,0
BRDA:331,54,1,8
BRDA:339,55,0,0
BRDA:339,55,1,8
BRDA:344,56,0,0
BRDA:344,56,1,8
BRDA:350,57,0,0
BRDA:350,57,1,8
BRDA:353,58,0,8
BRDA:353,58,1,0
BRDA:375,59,0,1
BRDA:375,59,1,0
BRDA:435,60,0,1
BRDA:435,60,1,0
BRDA:435,61,0,1
BRDA:435,61,1,1
BRDA:440,62,0,0
BRDA:440,62,1,0
BRDA:443,63,0,0
BRDA:446,64,0,0
BRDA:446,64,1,0
BRDA:451,65,0,0
BRDA:451,65,1,0
BRF:129
BRH:76
end_of_record
TN:
SF:/Users/shengrong/Documents/SFMeal/SFMealWeb/api/policies/hasJsonWebToken.js
FN:12,(anonymous_1)
FN:13,(anonymous_2)
FNF:2
FNH:0
FNDA:0,(anonymous_1)
FNDA:0,(anonymous_2)
DA:12,1
DA:13,0
DA:14,0
DA:15,0
DA:19,0
LF:5
LH:1
BRDA:14,1,0,0
BRDA:14,1,1,0
BRF:2
BRH:0
end_of_record
TN:
SF:/Users/shengrong/Documents/SFMeal/SFMealWeb/api/policies/isGuestOfMeal.js
FN:11,(anonymous_1)
FN:16,(anonymous_2)
FN:21,(anonymous_3)
FN:22,(anonymous_4)
FN:33,(anonymous_5)
FNF:5
FNH:5
FNDA:5,(anonymous_1)
FNDA:5,(anonymous_2)
FNDA:35,(anonymous_3)
FNDA:35,(anonymous_4)
FNDA:5,(anonymous_5)
DA:10,1
DA:11,1
DA:14,5
DA:15,5
DA:16,5
DA:17,5
DA:18,0
DA:20,5
DA:21,5
DA:22,35
DA:23,35
DA:24,0
DA:26,35
DA:27,10
DA:28,10
DA:30,25
DA:34,5
DA:35,0
DA:37,5
DA:38,5
DA:40,0
LF:21
LH:17
BRDA:15,1,0,5
BRDA:15,1,1,5
BRDA:17,2,0,0
BRDA:17,2,1,5
BRDA:23,3,0,0
BRDA:23,3,1,35
BRDA:26,4,0,10
BRDA:26,4,1,25
BRDA:34,5,0,0
BRDA:34,5,1,5
BRDA:37,6,0,5
BRDA:37,6,1,0
BRF:12
BRH:8
end_of_record
TN:
SF:/Users/shengrong/Documents/SFMeal/SFMealWeb/api/policies/isNotOwnerOfMeal.js
FN:10,(anonymous_1)
FN:15,(anonymous_2)
FNF:2
FNH:0
FNDA:0,(anonymous_1)
FNDA:0,(anonymous_2)
DA:10,1
DA:13,0
DA:14,0
DA:15,0
DA:16,0
DA:17,0
DA:19,0
LF:7
LH:1
BRDA:16,1,0,0
BRDA:16,1,1,0
BRDA:16,2,0,0
BRDA:16,2,1,0
BRF:4
BRH:0
end_of_record
TN:
SF:/Users/shengrong/Documents/SFMeal/SFMealWeb/api/policies/isOwnerOfOrder.js
FN:10,(anonymous_1)
FN:15,(anonymous_2)
FNF:2
FNH:0
FNDA:0,(anonymous_1)
FNDA:0,(anonymous_2)
DA:10,1
DA:13,0
DA:14,0
DA:15,0
DA:16,0
DA:17,0
DA:19,0
DA:20,0
DA:22,0
DA:23,0
DA:25,0
LF:11
LH:1
BRDA:13,1,0,0
BRDA:13,1,1,0
BRDA:13,2,0,0
BRDA:13,2,1,0
BRDA:14,3,0,0
BRDA:14,3,1,0
BRDA:14,4,0,0
BRDA:14,4,1,0
BRDA:16,5,0,0
BRDA:16,5,1,0
BRDA:19,6,0,0
BRDA:19,6,1,0
BRDA:22,7,0,0
BRDA:22,7,1,0
BRF:14
BRH:0
end_of_record
TN:
SF:/Users/shengrong/Documents/SFMeal/SFMealWeb/api/jobs/ChefSelectionSchedulerJob.js
FN:4,(anonymous_1)
FN:27,(anonymous_2)
FNF:2
FNH:1
FNDA:1,(anonymous_1)
FNDA:0,(anonymous_2)
DA:4,1
DA:5,1
DA:28,0
DA:29,0
DA:30,0
DA:33,1
LF:6
LH:3
BRF:0
BRH:0
end_of_record
TN:
SF:/Users/shengrong/Documents/SFMeal/SFMealWeb/api/jobs/FollowedChefPushingJob.js
FN:10,(anonymous_1)
FN:33,(anonymous_2)
FN:36,(anonymous_3)
FN:40,(anonymous_4)
FN:44,(anonymous_5)
FN:60,(anonymous_6)
FNF:6
FNH:6
FNDA:1,(anonymous_1)
FNDA:1,(anonymous_2)
FNDA:1,(anonymous_3)
FNDA:1,(anonymous_4)
FNDA:1,(anonymous_5)
FNDA:1,(anonymous_6)
DA:4,1
DA:5,1
DA:6,1
DA:7,1
DA:8,1
DA:10,1
DA:11,1
DA:34,1
DA:36,1
DA:37,1
DA:38,0
DA:40,1
DA:41,1
DA:42,1
DA:43,1
DA:44,1
DA:45,1
DA:46,0
DA:48,1
DA:49,0
DA:51,1
DA:57,1
DA:58,1
DA:61,1
DA:62,0
DA:64,1
DA:69,1
LF:27
LH:23
BRDA:37,1,0,0
BRDA:37,1,1,1
BRDA:45,2,0,0
BRDA:45,2,1,1
BRDA:48,3,0,0
BRDA:48,3,1,1
BRDA:61,4,0,0
BRDA:61,4,1,1
BRF:8
BRH:4
end_of_record
TN:
SF:/Users/shengrong/Documents/SFMeal/SFMealWeb/api/jobs/HostPaymentSummaryJob.js
FN:10,(anonymous_1)
FN:33,(anonymous_2)
FN:35,(anonymous_3)
FN:44,(anonymous_4)
FN:45,(anonymous_5)
FN:70,(anonymous_6)
FN:71,(anonymous_7)
FN:75,(anonymous_8)
FN:80,(anonymous_9)
FN:83,(anonymous_10)
FN:84,(anonymous_11)
FN:88,(anonymous_12)
FN:92,(anonymous_13)
FN:130,(anonymous_14)
FN:137,(anonymous_15)
FN:141,(anonymous_16)
FN:142,(anonymous_17)
FN:147,(anonymous_18)
FN:159,(anonymous_19)
FNF:19
FNH:1
FNDA:1,(anonymous_1)
FNDA:0,(anonymous_2)
FNDA:0,(anonymous_3)
FNDA:0,(anonymous_4)
FNDA:0,(anonymous_5)
FNDA:0,(anonymous_6)
FNDA:0,(anonymous_7)
FNDA:0,(anonymous_8)
FNDA:0,(anonymous_9)
FNDA:0,(anonymous_10)
FNDA:0,(anonymous_11)
FNDA:0,(anonymous_12)
FNDA:0,(anonymous_13)
FNDA:0,(anonymous_14)
FNDA:0,(anonymous_15)
FNDA:0,(anonymous_16)
FNDA:0,(anonymous_17)
FNDA:0,(anonymous_18)
FNDA:0,(anonymous_19)
DA:4,1
DA:5,1
DA:6,1
DA:7,1
DA:8,1
DA:10,1
DA:11,1
DA:34,0
DA:35,0
DA:36,0
DA:37,0
DA:38,0
DA:40,0
DA:41,0
DA:42,0
DA:44,0
DA:45,0
DA:46,0
DA:48,0
DA:51,0
DA:52,0
DA:55,0
DA:56,0
DA:57,0
DA:58,0
DA:59,0
DA:60,0
DA:61,0
DA:67,0
DA:70,0
DA:71,0
DA:72,0
DA:73,0
DA:75,0
DA:76,0
DA:78,0
DA:79,0
DA:80,0
DA:81,0
DA:82,0
DA:83,0
DA:84,0
DA:85,0
DA:86,0
DA:88,0
DA:89,0
DA:90,0
DA:92,0
DA:93,0
DA:94,0
DA:96,0
DA:97,0
DA:98,0
DA:99,0
DA:101,0
DA:102,0
DA:103,0
DA:106,0
DA:107,0
DA:108,0
DA:109,0
DA:110,0
DA:111,0
DA:112,0
DA:113,0
DA:114,0
DA:115,0
DA:116,0
DA:117,0
DA:118,0
DA:119,0
DA:120,0
DA:123,0
DA:124,0
DA:126,0
DA:131,0
DA:132,0
DA:134,0
DA:135,0
DA:138,0
DA:139,0
DA:141,0
DA:142,0
DA:143,0
DA:146,0
DA:147,0
DA:148,0
DA:150,0
DA:151,0
DA:152,0
DA:153,0
DA:154,0
DA:155,0
DA:156,0
DA:157,0
DA:160,0
DA:161,0
DA:162,0
DA:164,0
DA:170,1
LF:100
LH:8
BRDA:36,1,0,0
BRDA:36,1,1,0
BRDA:46,2,0,0
BRDA:46,2,1,0
BRDA:46,2,2,0
BRDA:46,2,3,0
BRDA:46,2,4,0
BRDA:51,3,0,0
BRDA:51,3,1,0
BRDA:72,4,0,0
BRDA:72,4,1,0
BRDA:85,5,0,0
BRDA:85,5,1,0
BRDA:89,6,0,0
BRDA:89,6,1,0
BRDA:93,7,0,0
BRDA:93,7,1,0
BRDA:96,8,0,0
BRDA:96,8,1,0
BRDA:115,9,0,0
BRDA:115,9,1,0
BRDA:115,10,0,0
BRDA:115,10,1,0
BRDA:115,10,2,0
BRDA:123,11,0,0
BRDA:123,11,1,0
BRDA:131,12,0,0
BRDA:131,12,1,0
BRDA:138,13,0,0
BRDA:138,13,1,0
BRDA:160,14,0,0
BRDA:160,14,1,0
BRF:32
BRH:0
end_of_record
TN:
SF:/Users/shengrong/Documents/SFMeal/SFMealWeb/api/jobs/MealJob.js
FN:6,(anonymous_1)
FN:29,(anonymous_2)
FN:33,(anonymous_3)
FN:38,(anonymous_4)
FN:41,(anonymous_5)
FN:53,(anonymous_6)
FN:67,(anonymous_7)
FNF:7
FNH:6
FNDA:1,(anonymous_1)
FNDA:3,(anonymous_2)
FNDA:3,(anonymous_3)
FNDA:3,(anonymous_4)
FNDA:1,(anonymous_5)
FNDA:0,(anonymous_6)
FNDA:3,(anonymous_7)
DA:4,1
DA:5,1
DA:6,1
DA:7,1
DA:30,3
DA:31,3
DA:33,3
DA:34,3
DA:35,0
DA:38,3
DA:39,3
DA:40,1
DA:41,1
DA:42,1
DA:43,0
DA:45,1
DA:46,1
DA:47,1
DA:49,2
DA:50,2
DA:51,2
DA:52,0
DA:53,0
DA:54,0
DA:55,0
DA:57,0
DA:58,0
DA:59,0
DA:62,2
DA:65,0
DA:68,3
DA:73,1
LF:32
LH:22
BRDA:34,1,0,0
BRDA:34,1,1,3
BRDA:34,2,0,3
BRDA:34,2,1,3
BRDA:39,3,0,1
BRDA:39,3,1,2
BRDA:39,4,0,3
BRDA:39,4,1,1
BRDA:39,4,2,1
BRDA:42,5,0,0
BRDA:42,5,1,1
BRDA:49,6,0,2
BRDA:49,6,1,0
BRDA:51,7,0,0
BRDA:51,7,1,2
BRDA:54,8,0,0
BRDA:54,8,1,0
BRF:17
BRH:11
end_of_record
TN:
SF:/Users/shengrong/Documents/SFMeal/SFMealWeb/api/jobs/MealScheduleEndJob.js
FN:6,(anonymous_1)
FN:30,(anonymous_2)
FN:34,(anonymous_3)
FN:35,(anonymous_4)
FN:39,(anonymous_5)
FN:41,(anonymous_6)
FN:47,(anonymous_7)
FN:53,(anonymous_8)
FN:62,(anonymous_9)
FN:66,(anonymous_10)
FN:77,(anonymous_11)
FN:87,(anonymous_12)
FN:89,(anonymous_13)
FN:93,(anonymous_14)
FN:94,(anonymous_15)
FN:101,(anonymous_16)
FN:113,(anonymous_17)
FN:119,(anonymous_18)
FN:129,(anonymous_19)
FNF:19
FNH:3
FNDA:1,(anonymous_1)
FNDA:1,(anonymous_2)
FNDA:0,(anonymous_3)
FNDA:0,(anonymous_4)
FNDA:0,(anonymous_5)
FNDA:0,(anonymous_6)
FNDA:0,(anonymous_7)
FNDA:0,(anonymous_8)
FNDA:0,(anonymous_9)
FNDA:0,(anonymous_10)
FNDA:0,(anonymous_11)
FNDA:0,(anonymous_12)
FNDA:0,(anonymous_13)
FNDA:0,(anonymous_14)
FNDA:0,(anonymous_15)
FNDA:0,(anonymous_16)
FNDA:1,(anonymous_17)
FNDA:0,(anonymous_18)
FNDA:0,(anonymous_19)
DA:4,1
DA:5,1
DA:6,1
DA:8,1
DA:31,1
DA:32,1
DA:34,1
DA:35,0
DA:36,0
DA:37,0
DA:39,0
DA:40,0
DA:41,0
DA:42,0
DA:48,0
DA:49,0
DA:51,0
DA:54,0
DA:55,0
DA:57,0
DA:58,0
DA:62,0
DA:63,0
DA:64,0
DA:66,0
DA:67,0
DA:68,0
DA:69,0
DA:71,0
DA:72,0
DA:73,0
DA:78,0
DA:79,0
DA:81,0
DA:82,0
DA:87,1
DA:89,0
DA:90,0
DA:91,0
DA:93,0
DA:94,0
DA:95,0
DA:96,0
DA:98,0
DA:99,0
DA:102,0
DA:103,0
DA:105,0
DA:106,0
DA:107,0
DA:108,0
DA:113,1
DA:114,1
DA:115,1
DA:117,0
DA:119,0
DA:120,0
DA:121,0
DA:123,0
DA:124,0
DA:125,0
DA:126,0
DA:128,0
DA:129,0
DA:130,0
DA:132,0
DA:133,0
DA:134,0
DA:136,0
DA:142,1
LF:70
LH:12
BRDA:36,1,0,0
BRDA:36,1,1,0
BRDA:48,2,0,0
BRDA:48,2,1,0
BRDA:54,3,0,0
BRDA:54,3,1,0
BRDA:63,4,0,0
BRDA:63,4,1,0
BRDA:67,5,0,0
BRDA:67,5,1,0
BRDA:78,6,0,0
BRDA:78,6,1,0
BRDA:90,7,0,0
BRDA:90,7,1,0
BRDA:95,8,0,0
BRDA:95,8,1,0
BRDA:102,9,0,0
BRDA:102,9,1,0
BRDA:114,10,0,1
BRDA:114,10,1,0
BRDA:114,11,0,1
BRDA:114,11,1,1
BRDA:120,12,0,0
BRDA:120,12,1,0
BRDA:123,13,0,0
BRDA:123,13,1,0
BRDA:132,14,0,0
BRDA:132,14,1,0
BRDA:132,15,0,0
BRDA:132,15,1,0
BRF:30
BRH:3
end_of_record
TN:
SF:/Users/shengrong/Documents/SFMeal/SFMealWeb/api/jobs/MealStartJob.js
FN:5,(anonymous_1)
FN:28,(anonymous_2)
FN:33,(anonymous_3)
FNF:3
FNH:1
FNDA:1,(anonymous_1)
FNDA:0,(anonymous_2)
FNDA:0,(anonymous_3)
DA:4,1
DA:5,1
DA:6,1
DA:29,0
DA:30,0
DA:31,0
DA:33,0
DA:34,0
DA:35,0
DA:37,0
DA:38,0
DA:39,0
DA:40,0
DA:44,1
LF:14
LH:4
BRDA:30,1,0,0
BRDA:30,1,1,0
BRDA:34,2,0,0
BRDA:34,2,1,0
BRDA:34,3,0,0
BRDA:34,3,1,0
BRF:6
BRH:0
end_of_record
TN:
SF:/Users/shengrong/Documents/SFMeal/SFMealWeb/api/jobs/OrderDeliveringReminderJob.js
FN:5,(anonymous_1)
FN:28,(anonymous_2)
FN:30,(anonymous_3)
FNF:3
FNH:1
FNDA:1,(anonymous_1)
FNDA:0,(anonymous_2)
FNDA:0,(anonymous_3)
DA:4,1
DA:5,1
DA:6,1
DA:29,0
DA:30,0
DA:31,0
DA:32,0
DA:34,0
DA:35,0
DA:36,0
DA:40,1
LF:11
LH:4
BRDA:31,1,0,0
BRDA:31,1,1,0
BRDA:31,2,0,0
BRDA:31,2,1,0
BRF:4
BRH:0
end_of_record
TN:
SF:/Users/shengrong/Documents/SFMeal/SFMealWeb/api/jobs/OrderJob.js
FN:6,(anonymous_1)
FN:29,(anonymous_2)
FN:33,(anonymous_3)
FN:38,(anonymous_4)
FN:40,(anonymous_5)
FN:68,(anonymous_6)
FNF:6
FNH:6
FNDA:1,(anonymous_1)
FNDA:3,(anonymous_2)
FNDA:3,(anonymous_3)
FNDA:4,(anonymous_4)
FNDA:4,(anonymous_5)
FNDA:3,(anonymous_6)
DA:4,1
DA:5,1
DA:6,1
DA:7,1
DA:30,3
DA:31,3
DA:33,3
DA:34,3
DA:35,0
DA:38,3
DA:39,4
DA:40,4
DA:41,4
DA:42,0
DA:44,4
DA:45,1
DA:46,1
DA:47,1
DA:49,3
DA:50,2
DA:51,2
DA:52,2
DA:53,0
DA:54,0
DA:56,2
DA:57,2
DA:58,2
DA:60,1
DA:61,1
DA:62,1
DA:63,1
DA:66,4
DA:69,3
DA:70,0
DA:72,3
DA:77,1
LF:36
LH:31
BRDA:34,1,0,0
BRDA:34,1,1,3
BRDA:34,2,0,3
BRDA:34,2,1,3
BRDA:41,3,0,0
BRDA:41,3,1,4
BRDA:44,4,0,1
BRDA:44,4,1,3
BRDA:49,5,0,2
BRDA:49,5,1,1
BRDA:52,6,0,0
BRDA:52,6,1,2
BRDA:56,7,0,2
BRDA:56,7,1,0
BRDA:60,8,0,1
BRDA:60,8,1,0
BRDA:69,9,0,0
BRDA:69,9,1,3
BRF:18
BRH:12
end_of_record
TN:
SF:/Users/shengrong/Documents/SFMeal/SFMealWeb/api/jobs/OrderPickupReminderJob.js
FN:5,(anonymous_1)
FN:28,(anonymous_2)
FN:32,(anonymous_3)
FNF:3
FNH:3
FNDA:1,(anonymous_1)
FNDA:4,(anonymous_2)
FNDA:4,(anonymous_3)
DA:4,1
DA:5,1
DA:6,1
DA:29,4
DA:30,4
DA:31,4
DA:32,4
DA:33,4
DA:34,4
DA:36,0
DA:37,0
DA:38,0
DA:40,0
DA:43,0
DA:44,0
DA:45,0
DA:47,0
DA:50,0
DA:54,1
LF:19
LH:10
BRDA:33,1,0,4
BRDA:33,1,1,0
BRDA:33,2,0,4
BRDA:33,2,1,4
BRDA:36,3,0,0
BRDA:36,3,1,0
BRDA:37,4,0,0
BRDA:37,4,1,0
BRDA:43,5,0,0
BRDA:43,5,1,0
BRF:10
BRH:3
end_of_record
TN:
SF:/Users/shengrong/Documents/SFMeal/SFMealWeb/api/jobs/SchedulerJob.js
FN:4,(anonymous_1)
FN:27,(anonymous_2)
FNF:2
FNH:1
FNDA:1,(anonymous_1)
FNDA:0,(anonymous_2)
DA:4,1
DA:5,1
DA:28,0
DA:29,0
DA:30,0
DA:33,1
LF:6
LH:3
BRF:0
BRH:0
end_of_record
