TN:
SF:/Users/shengrong/Documents/SFMeal/SFMealWeb/api/policyFactories/or.js
FN:4,(anonymous_1)
FN:6,(anonymous_2)
FN:14,(anonymous_3)
FNF:3
FNH:3
FNDA:25,(anonymous_1)
FNDA:100,(anonymous_2)
FNDA:12,(anonymous_3)
DA:4,1
DA:6,25
DA:9,100
DA:11,100
DA:12,10700
DA:14,100
DA:15,12
DA:19,10600
DA:24,100
LF:9
LH:9
BRDA:12,1,0,100
BRDA:12,1,1,10600
BRF:2
BRH:2
end_of_record
TN:
SF:/Users/shengrong/Documents/SFMeal/SFMealWeb/api/policyFactories/and.js
FN:2,(anonymous_1)
FN:4,(anonymous_2)
FN:7,(anonymous_3)
FN:18,(anonymous_4)
FN:19,(anonymous_5)
FNF:5
FNH:5
FNDA:22,(anonymous_1)
FNDA:248,(anonymous_2)
FNDA:153,(anonymous_3)
FNDA:98,(anonymous_4)
FNDA:97,(anonymous_5)
DA:2,1
DA:4,22
DA:5,248
DA:6,248
DA:7,164
DA:8,153
DA:11,84
DA:15,22
DA:16,22
DA:18,22
DA:19,98
DA:20,97
DA:21,95
DA:23,2
LF:14
LH:14
BRDA:6,1,0,164
BRDA:6,1,1,84
BRDA:20,2,0,95
BRDA:20,2,1,2
BRF:4
BRH:4
end_of_record
TN:
SF:/Users/shengrong/Documents/SFMeal/SFMealWeb/api/policies/sessionAuth.js
FN:10,(anonymous_1)
FNF:1
FNH:1
FNDA:129,(anonymous_1)
DA:10,2
DA:14,129
DA:15,126
DA:20,3
LF:4
LH:4
BRDA:14,1,0,126
BRDA:14,1,1,3
BRF:2
BRH:2
end_of_record
TN:
SF:/Users/shengrong/Documents/SFMeal/SFMealWeb/api/policies/sessionSelf.js
FN:10,(anonymous_1)
FN:18,(anonymous_2)
FNF:2
FNH:2
FNDA:12,(anonymous_1)
FNDA:9,(anonymous_2)
DA:10,2
DA:14,12
DA:15,12
DA:16,9
DA:17,9
DA:18,9
DA:19,9
DA:20,0
DA:21,9
DA:22,8
DA:26,1
DA:29,3
DA:30,3
DA:31,3
DA:32,3
DA:34,3
DA:35,2
DA:37,1
DA:40,0
LF:19
LH:17
BRDA:15,1,0,9
BRDA:15,1,1,3
BRDA:16,2,0,9
BRDA:16,2,1,0
BRDA:19,3,0,0
BRDA:19,3,1,9
BRDA:21,4,0,8
BRDA:21,4,1,1
BRDA:29,5,0,3
BRDA:29,5,1,0
BRDA:31,6,0,3
BRDA:31,6,1,0
BRDA:34,7,0,2
BRDA:34,7,1,1
BRF:14
BRH:10
end_of_record
TN:
SF:/Users/shengrong/Documents/SFMeal/SFMealWeb/api/policies/isAdmin.js
FN:10,(anonymous_1)
FNF:1
FNH:1
FNDA:39,(anonymous_1)
DA:10,2
DA:13,39
DA:14,38
DA:15,38
DA:16,29
DA:17,29
DA:19,9
DA:22,1
LF:8
LH:8
BRDA:13,1,0,38
BRDA:13,1,1,1
BRDA:15,2,0,29
BRDA:15,2,1,9
BRF:4
BRH:4
end_of_record
TN:
SF:/Users/shengrong/Documents/SFMeal/SFMealWeb/api/policies/notHost.js
FN:10,(anonymous_1)
FN:14,(anonymous_2)
FNF:2
FNH:2
FNDA:3,(anonymous_1)
FNDA:3,(anonymous_2)
DA:10,2
DA:13,3
DA:14,3
DA:15,3
DA:16,3
DA:17,2
DA:19,1
LF:7
LH:7
BRDA:16,1,0,2
BRDA:16,1,1,1
BRF:2
BRH:2
end_of_record
TN:
SF:/Users/shengrong/Documents/SFMeal/SFMealWeb/api/policyFactories/isNotFields.js
FN:4,(anonymous_1)
FN:7,(anonymous_2)
FN:13,(anonymous_3)
FNF:3
FNH:3
FNDA:6,(anonymous_1)
FNDA:22,(anonymous_2)
FNDA:132,(anonymous_3)
DA:4,1
DA:6,6
DA:7,6
DA:9,22
DA:10,0
DA:13,22
DA:14,132
DA:17,22
DA:18,1
DA:21,21
LF:10
LH:9
BRDA:9,1,0,0
BRDA:9,1,1,22
BRDA:17,2,0,1
BRDA:17,2,1,21
BRF:4
BRH:3
end_of_record
TN:
SF:/Users/shengrong/Documents/SFMeal/SFMealWeb/api/policies/isHost.js
FN:10,(anonymous_1)
FN:18,(anonymous_2)
FNF:2
FNH:2
FNDA:44,(anonymous_1)
FNDA:2,(anonymous_2)
DA:10,2
DA:13,44
DA:14,44
DA:15,44
DA:16,42
DA:18,2
DA:19,2
DA:20,2
DA:21,0
DA:22,0
DA:24,2
LF:11
LH:9
BRDA:15,1,0,42
BRDA:15,1,1,2
BRDA:20,2,0,0
BRDA:20,2,1,2
BRF:4
BRH:3
end_of_record
TN:
SF:/Users/shengrong/Documents/SFMeal/SFMealWeb/api/policies/isOwnerOfMeal.js
FN:10,(anonymous_1)
FN:15,(anonymous_2)
FNF:2
FNH:2
FNDA:17,(anonymous_1)
FNDA:17,(anonymous_2)
DA:10,2
DA:13,17
DA:14,17
DA:15,17
DA:16,17
DA:17,17
DA:19,0
LF:7
LH:6
BRDA:13,1,0,0
BRDA:13,1,1,17
BRDA:14,2,0,17
BRDA:14,2,1,17
BRDA:14,2,2,0
BRDA:16,3,0,17
BRDA:16,3,1,0
BRDA:16,4,0,17
BRDA:16,4,1,17
BRF:9
BRH:6
end_of_record
TN:
SF:/Users/shengrong/Documents/SFMeal/SFMealWeb/api/policies/isOwnerOfCard.js
FN:10,(anonymous_1)
FN:15,(anonymous_2)
FNF:2
FNH:2
FNDA:3,(anonymous_1)
FNDA:3,(anonymous_2)
DA:10,2
DA:13,3
DA:14,3
DA:15,3
DA:16,3
DA:17,0
DA:19,3
DA:20,0
DA:22,3
DA:23,3
DA:25,0
LF:11
LH:8
BRDA:16,1,0,0
BRDA:16,1,1,3
BRDA:19,2,0,0
BRDA:19,2,1,3
BRDA:22,3,0,3
BRDA:22,3,1,0
BRF:6
BRH:3
end_of_record
TN:
SF:/Users/shengrong/Documents/SFMeal/SFMealWeb/api/policies/isBelongToOrder.js
FN:10,(anonymous_1)
FN:16,(anonymous_2)
FNF:2
FNH:2
FNDA:25,(anonymous_1)
FNDA:25,(anonymous_2)
DA:10,2
DA:13,25
DA:14,25
DA:15,25
DA:16,25
DA:17,25
DA:18,0
DA:20,25
DA:21,25
DA:23,0
LF:10
LH:8
BRDA:14,1,0,11
BRDA:14,1,1,14
BRDA:14,2,0,11
BRDA:14,2,1,11
BRDA:15,3,0,25
BRDA:15,3,1,0
BRDA:15,4,0,0
BRDA:15,4,1,0
BRDA:17,5,0,0
BRDA:17,5,1,25
BRDA:20,6,0,25
BRDA:20,6,1,0
BRDA:20,7,0,25
BRDA:20,7,1,25
BRDA:20,7,2,11
BRF:15
BRH:10
end_of_record
TN:
SF:/Users/shengrong/Documents/SFMeal/SFMealWeb/api/policies/isAuthorizedForAction.js
FN:10,(anonymous_1)
FN:16,(anonymous_2)
FNF:2
FNH:2
FNDA:25,(anonymous_1)
FNDA:25,(anonymous_2)
DA:10,2
DA:13,25
DA:14,25
DA:15,25
DA:16,25
DA:17,25
DA:18,0
DA:20,25
DA:21,7
DA:22,7
DA:23,5
DA:24,2
DA:25,1
DA:27,1
DA:29,18
DA:30,16
DA:31,1
DA:33,15
DA:34,2
DA:36,13
DA:37,2
DA:38,1
DA:39,0
DA:40,1
DA:41,0
DA:43,1
DA:44,1
DA:45,1
DA:46,0
DA:48,1
DA:49,0
DA:51,1
DA:53,0
LF:33
LH:27
BRDA:13,1,0,11
BRDA:13,1,1,14
BRDA:13,2,0,0
BRDA:13,2,1,11
BRDA:17,3,0,0
BRDA:17,3,1,25
BRDA:20,4,0,7
BRDA:20,4,1,18
BRDA:20,5,0,25
BRDA:20,5,1,20
BRDA:22,6,0,5
BRDA:22,6,1,2
BRDA:22,7,0,7
BRDA:22,7,1,5
BRDA:22,7,2,5
BRDA:24,8,0,1
BRDA:24,8,1,1
BRDA:24,9,0,2
BRDA:24,9,1,2
BRDA:24,9,2,1
BRDA:29,10,0,16
BRDA:29,10,1,2
BRDA:29,11,0,18
BRDA:29,11,1,7
BRDA:29,11,2,2
BRDA:30,12,0,1
BRDA:30,12,1,15
BRDA:30,13,0,16
BRDA:30,13,1,7
BRDA:33,14,0,2
BRDA:33,14,1,13
BRDA:33,15,0,15
BRDA:33,15,1,9
BRDA:33,15,2,2
BRDA:37,16,0,1
BRDA:37,16,1,1
BRDA:38,17,0,0
BRDA:38,17,1,1
BRDA:40,18,0,0
BRDA:40,18,1,1
BRDA:40,19,0,1
BRDA:40,19,1,1
BRDA:44,20,0,1
BRDA:44,20,1,0
BRDA:45,21,0,0
BRDA:45,21,1,1
BRDA:48,22,0,0
BRDA:48,22,1,1
BRDA:48,23,0,1
BRDA:48,23,1,1
BRF:50
BRH:43
end_of_record
TN:
SF:/Users/shengrong/Documents/SFMeal/SFMealWeb/api/policies/isNotOwnerOfMeal.js
FN:10,(anonymous_1)
FN:15,(anonymous_2)
FNF:2
FNH:2
FNDA:14,(anonymous_1)
FNDA:14,(anonymous_2)
DA:10,2
DA:13,14
DA:14,14
DA:15,14
DA:16,14
DA:17,0
DA:19,14
LF:7
LH:6
BRDA:16,1,0,0
BRDA:16,1,1,14
BRDA:16,2,0,14
BRDA:16,2,1,0
BRF:4
BRH:2
end_of_record
TN:
SF:/Users/shengrong/Documents/SFMeal/SFMealWeb/api/policies/isOwnerOfDish.js
FN:10,(anonymous_1)
FN:15,(anonymous_2)
FNF:2
FNH:2
FNDA:5,(anonymous_1)
FNDA:5,(anonymous_2)
DA:10,2
DA:13,5
DA:14,5
DA:15,5
DA:16,5
DA:17,4
DA:19,1
LF:7
LH:7
BRDA:13,1,0,0
BRDA:13,1,1,5
BRDA:14,2,0,5
BRDA:14,2,1,5
BRDA:14,2,2,0
BRDA:16,3,0,4
BRDA:16,3,1,1
BRDA:16,4,0,5
BRDA:16,4,1,5
BRF:9
BRH:7
end_of_record
TN:
SF:/Users/shengrong/Documents/SFMeal/SFMealWeb/api/responses/badRequest.js
FN:18,badRequest
FN:59,couldNotGuessView
FNF:2
FNH:1
FNDA:27,badRequest
FNDA:0,couldNotGuessView
DA:18,1
DA:21,27
DA:22,27
DA:23,27
DA:26,27
DA:29,27
DA:30,27
DA:32,0
DA:42,27
DA:43,27
DA:48,0
DA:53,0
DA:54,0
DA:59,0
DA:60,0
LF:15
LH:9
BRDA:29,1,0,27
BRDA:29,1,1,0
BRDA:42,2,0,27
BRDA:42,2,1,0
BRDA:48,3,0,0
BRDA:48,3,1,0
BRDA:48,4,0,0
BRDA:48,4,1,0
BRDA:53,5,0,0
BRDA:53,5,1,0
BRF:10
BRH:2
end_of_record
TN:
SF:/Users/shengrong/Documents/SFMeal/SFMealWeb/api/responses/forbidden.js
FN:15,forbidden
FN:56,(anonymous_2)
FNF:2
FNH:1
FNDA:19,forbidden
FNDA:0,(anonymous_2)
DA:15,1
DA:18,19
DA:19,19
DA:20,19
DA:23,19
DA:26,19
DA:27,19
DA:29,0
DA:39,19
DA:40,19
DA:45,0
DA:50,0
DA:51,0
DA:56,0
DA:59,0
DA:63,0
DA:64,0
DA:68,0
DA:70,0
DA:73,0
LF:20
LH:9
BRDA:26,1,0,19
BRDA:26,1,1,0
BRDA:39,2,0,19
BRDA:39,2,1,0
BRDA:45,3,0,0
BRDA:45,3,1,0
BRDA:45,4,0,0
BRDA:45,4,1,0
BRDA:50,5,0,0
BRDA:50,5,1,0
BRDA:59,6,0,0
BRDA:59,6,1,0
BRDA:63,7,0,0
BRDA:63,7,1,0
BRF:14
BRH:2
end_of_record
TN:
SF:/Users/shengrong/Documents/SFMeal/SFMealWeb/api/responses/notFound.js
FN:20,notFound
FN:61,(anonymous_2)
FNF:2
FNH:0
FNDA:0,notFound
FNDA:0,(anonymous_2)
DA:20,1
DA:23,0
DA:24,0
DA:25,0
DA:28,0
DA:31,0
DA:32,0
DA:34,0
DA:39,0
DA:40,0
DA:44,0
DA:45,0
DA:50,0
DA:55,0
DA:56,0
DA:61,0
DA:64,0
DA:68,0
DA:69,0
DA:73,0
DA:75,0
DA:78,0
LF:22
LH:1
BRDA:31,1,0,0
BRDA:31,1,1,0
BRDA:39,2,0,0
BRDA:39,2,1,0
BRDA:44,3,0,0
BRDA:44,3,1,0
BRDA:50,4,0,0
BRDA:50,4,1,0
BRDA:50,5,0,0
BRDA:50,5,1,0
BRDA:55,6,0,0
BRDA:55,6,1,0
BRDA:64,7,0,0
BRDA:64,7,1,0
BRDA:68,8,0,0
BRDA:68,8,1,0
BRF:16
BRH:0
end_of_record
TN:
SF:/Users/shengrong/Documents/SFMeal/SFMealWeb/api/responses/ok.js
FN:14,sendOK
FN:44,couldNotGuessView
FNF:2
FNH:1
FNDA:129,sendOK
FNDA:0,couldNotGuessView
DA:14,1
DA:17,129
DA:18,129
DA:19,129
DA:21,129
DA:24,129
DA:27,129
DA:28,129
DA:33,0
DA:38,0
DA:39,0
DA:44,0
DA:45,0
LF:13
LH:8
BRDA:27,1,0,129
BRDA:27,1,1,0
BRDA:33,2,0,0
BRDA:33,2,1,0
BRDA:33,3,0,0
BRDA:33,3,1,0
BRDA:38,4,0,0
BRDA:38,4,1,0
BRF:8
BRH:1
end_of_record
TN:
SF:/Users/shengrong/Documents/SFMeal/SFMealWeb/api/responses/serverError.js
FN:15,serverError
FN:56,(anonymous_2)
FNF:2
FNH:1
FNDA:5,serverError
FNDA:0,(anonymous_2)
DA:15,1
DA:18,5
DA:19,5
DA:20,5
DA:23,5
DA:26,5
DA:27,5
DA:29,0
DA:34,5
DA:35,0
DA:39,5
DA:40,5
DA:45,0
DA:50,0
DA:51,0
DA:56,0
DA:59,0
DA:63,0
DA:64,0
DA:68,0
DA:70,0
DA:73,0
LF:22
LH:10
BRDA:26,1,0,5
BRDA:26,1,1,0
BRDA:34,2,0,0
BRDA:34,2,1,5
BRDA:39,3,0,5
BRDA:39,3,1,0
BRDA:45,4,0,0
BRDA:45,4,1,0
BRDA:45,5,0,0
BRDA:45,5,1,0
BRDA:50,6,0,0
BRDA:50,6,1,0
BRDA:59,7,0,0
BRDA:59,7,1,0
BRDA:63,8,0,0
BRDA:63,8,1,0
BRF:16
BRH:3
end_of_record
TN:
SF:/Users/shengrong/Documents/SFMeal/SFMealWeb/api/services/geocode.js
FN:14,(anonymous_1)
FN:16,(anonymous_2)
FN:26,(anonymous_3)
FN:27,(anonymous_4)
FN:32,(anonymous_5)
FN:33,(anonymous_6)
FN:42,(anonymous_7)
FN:45,(anonymous_8)
FN:53,(anonymous_9)
FN:67,(anonymous_10)
FNF:10
FNH:6
FNDA:8,(anonymous_1)
FNDA:8,(anonymous_2)
FNDA:0,(anonymous_3)
FNDA:0,(anonymous_4)
FNDA:0,(anonymous_5)
FNDA:0,(anonymous_6)
FNDA:5,(anonymous_7)
FNDA:5,(anonymous_8)
FNDA:5,(anonymous_9)
FNDA:5,(anonymous_10)
DA:5,1
DA:6,1
DA:7,1
DA:11,1
DA:13,1
DA:15,8
DA:16,8
DA:17,8
DA:18,8
DA:19,0
DA:21,8
DA:27,0
DA:28,0
DA:33,0
DA:34,0
DA:35,0
DA:37,0
DA:43,5
DA:44,5
DA:45,5
DA:46,5
DA:47,0
DA:49,5
DA:50,0
DA:52,5
DA:53,5
DA:54,5
DA:55,0
DA:57,5
DA:58,0
DA:60,5
DA:61,5
DA:62,5
DA:68,5
DA:69,5
DA:70,5
DA:71,5
DA:72,5
DA:73,5
DA:74,5
DA:75,5
DA:76,5
DA:77,5
DA:78,5
DA:79,5
DA:80,5
DA:81,5
DA:82,5
LF:48
LH:37
BRDA:18,1,0,0
BRDA:18,1,1,8
BRDA:34,2,0,0
BRDA:34,2,1,0
BRDA:46,3,0,0
BRDA:46,3,1,5
BRDA:49,4,0,0
BRDA:49,4,1,5
BRDA:54,5,0,0
BRDA:54,5,1,5
BRDA:57,6,0,0
BRDA:57,6,1,5
BRDA:80,7,0,0
BRDA:80,7,1,5
BRDA:81,8,0,5
BRDA:81,8,1,0
BRF:16
BRH:7
end_of_record
TN:
SF:/Users/shengrong/Documents/SFMeal/SFMealWeb/api/services/mailchimp.js
FN:17,(anonymous_1)
FN:90,(anonymous_2)
FNF:2
FNH:2
FNDA:10,(anonymous_1)
FNDA:8,(anonymous_2)
DA:6,1
DA:7,1
DA:8,1
DA:10,1
DA:18,10
DA:19,10
DA:21,8
DA:36,8
DA:38,0
DA:66,0
DA:68,2
DA:84,2
DA:86,10
DA:87,0
DA:88,0
DA:90,10
DA:91,8
DA:92,0
DA:93,0
LF:19
LH:13
BRDA:19,1,0,8
BRDA:19,1,1,0
BRDA:19,1,2,2
BRDA:86,2,0,0
BRDA:86,2,1,10
BRDA:91,3,0,0
BRDA:91,3,1,8
BRF:7
BRH:4
end_of_record
TN:
SF:/Users/shengrong/Documents/SFMeal/SFMealWeb/api/services/message.js
FN:12,(anonymous_1)
FN:22,(anonymous_2)
FNF:2
FNH:2
FNDA:23,(anonymous_1)
FNDA:16,(anonymous_2)
DA:6,1
DA:7,1
DA:8,1
DA:10,1
DA:13,23
DA:14,7
DA:15,7
DA:17,16
DA:18,16
LF:9
LH:9
BRDA:13,1,0,7
BRDA:13,1,1,16
BRF:2
BRH:2
end_of_record
TN:
SF:/Users/shengrong/Documents/SFMeal/SFMealWeb/api/services/notification.js
FN:29,(anonymous_1)
FN:53,(anonymous_2)
FN:161,(anonymous_3)
FN:185,(anonymous_4)
FN:190,(anonymous_5)
FN:252,(anonymous_6)
FN:258,(anonymous_7)
FN:265,(anonymous_8)
FN:273,(anonymous_9)
FN:282,(anonymous_10)
FN:292,(anonymous_11)
FN:307,(anonymous_12)
FN:336,(anonymous_13)
FN:409,(anonymous_14)
FN:421,(anonymous_15)
FN:435,(anonymous_16)
FNF:16
FNH:15
FNDA:30,(anonymous_1)
FNDA:28,(anonymous_2)
FNDA:32,(anonymous_3)
FNDA:30,(anonymous_4)
FNDA:30,(anonymous_5)
FNDA:1,(anonymous_6)
FNDA:1,(anonymous_7)
FNDA:19,(anonymous_8)
FNDA:1,(anonymous_9)
FNDA:8,(anonymous_10)
FNDA:32,(anonymous_11)
FNDA:32,(anonymous_12)
FNDA:32,(anonymous_13)
FNDA:760,(anonymous_14)
FNDA:60,(anonymous_15)
FNDA:0,(anonymous_16)
DA:4,1
DA:5,1
DA:6,1
DA:7,1
DA:9,1
DA:17,1
DA:31,30
DA:32,30
DA:33,30
DA:35,30
DA:37,30
DA:39,1
DA:40,1
DA:41,1
DA:42,1
DA:43,29
DA:44,1
DA:45,1
DA:47,28
DA:48,28
DA:49,28
DA:54,28
DA:55,28
DA:56,28
DA:57,28
DA:58,28
DA:59,27
DA:61,6
DA:65,6
DA:66,6
DA:68,3
DA:72,3
DA:73,3
DA:75,4
DA:82,4
DA:83,4
DA:85,1
DA:89,1
DA:90,1
DA:92,2
DA:99,2
DA:100,2
DA:102,4
DA:109,4
DA:110,4
DA:112,1
DA:119,1
DA:120,1
DA:122,2
DA:129,2
DA:130,2
DA:132,0
DA:133,0
DA:137,0
DA:139,0
DA:141,1
DA:142,1
DA:144,0
DA:148,0
DA:149,0
DA:151,0
DA:155,0
DA:156,0
DA:163,32
DA:164,32
DA:166,32
DA:167,1
DA:169,31
DA:172,32
DA:174,32
DA:175,32
DA:176,32
DA:177,32
DA:178,32
DA:179,32
DA:182,32
DA:186,30
DA:191,30
DA:192,30
DA:193,28
DA:195,6
DA:196,6
DA:197,6
DA:199,3
DA:200,3
DA:202,4
DA:203,4
DA:205,2
DA:206,2
DA:207,2
DA:209,0
DA:210,0
DA:211,0
DA:213,2
DA:214,2
DA:216,4
DA:217,4
DA:219,1
DA:220,1
DA:222,1
DA:223,1
DA:225,2
DA:226,2
DA:228,0
DA:229,0
DA:231,3
DA:232,3
DA:234,2
DA:235,1
DA:237,0
DA:238,0
DA:240,0
DA:241,0
DA:243,1
DA:244,1
DA:246,1
DA:247,1
DA:251,30
DA:252,1
DA:253,1
DA:254,0
DA:255,0
DA:258,1
DA:259,1
DA:260,0
DA:261,0
DA:264,29
DA:265,19
DA:266,19
DA:267,0
DA:268,0
DA:271,10
DA:272,1
DA:273,1
DA:274,1
DA:275,0
DA:276,0
DA:281,9
DA:282,8
DA:283,8
DA:284,0
DA:285,0
DA:293,32
DA:294,32
DA:295,21
DA:296,21
DA:297,11
DA:298,1
DA:299,1
DA:301,10
DA:302,10
DA:304,32
DA:308,32
DA:309,32
DA:310,29
DA:312,0
DA:313,0
DA:315,29
DA:317,3
DA:318,1
DA:320,0
DA:321,0
DA:323,0
DA:324,0
DA:326,1
DA:328,2
DA:329,1
DA:330,1
DA:331,1
DA:333,32
DA:337,32
DA:338,32
DA:339,29
DA:341,6
DA:342,6
DA:344,3
DA:345,3
DA:347,4
DA:348,4
DA:350,3
DA:351,3
DA:353,2
DA:354,2
DA:356,0
DA:357,0
DA:359,4
DA:360,4
DA:362,1
DA:363,1
DA:365,2
DA:366,2
DA:368,3
DA:369,3
DA:371,0
DA:372,0
DA:374,3
DA:375,1
DA:377,0
DA:378,0
DA:380,0
DA:381,0
DA:383,0
DA:384,0
DA:386,1
DA:387,1
DA:389,2
DA:390,1
DA:392,0
DA:393,0
DA:395,0
DA:396,0
DA:398,1
DA:399,1
DA:401,1
DA:402,1
DA:404,1
DA:405,1
DA:409,32
DA:410,760
DA:411,714
DA:413,46
DA:422,60
DA:423,60
DA:424,48
DA:425,48
DA:427,60
DA:428,50
DA:430,60
DA:431,56
DA:432,56
DA:434,60
DA:435,0
DA:436,0
DA:437,0
DA:440,60
DA:441,57
DA:442,57
DA:447,1
LF:238
LH:186
BRDA:31,1,0,30
BRDA:31,1,1,11
BRDA:32,2,0,30
BRDA:32,2,1,29
BRDA:37,3,0,1
BRDA:37,3,1,29
BRDA:43,4,0,1
BRDA:43,4,1,28
BRDA:55,5,0,27
BRDA:55,5,1,1
BRDA:55,6,0,19
BRDA:55,6,1,8
BRDA:56,7,0,19
BRDA:56,7,1,9
BRDA:56,8,0,19
BRDA:56,8,1,0
BRDA:58,9,0,27
BRDA:58,9,1,1
BRDA:59,10,0,6
BRDA:59,10,1,3
BRDA:59,10,2,4
BRDA:59,10,3,1
BRDA:59,10,4,2
BRDA:59,10,5,4
BRDA:59,10,6,1
BRDA:59,10,7,2
BRDA:59,10,8,0
BRDA:75,11,0,3
BRDA:75,11,1,1
BRDA:92,12,0,2
BRDA:92,12,1,0
BRDA:102,13,0,0
BRDA:102,13,1,4
BRDA:112,14,0,1
BRDA:112,14,1,0
BRDA:122,15,0,1
BRDA:122,15,1,1
BRDA:132,16,0,0
BRDA:132,16,1,0
BRDA:132,17,0,0
BRDA:132,17,1,0
BRDA:141,18,0,1
BRDA:141,18,1,0
BRDA:142,19,0,0
BRDA:142,19,1,0
BRDA:166,20,0,1
BRDA:166,20,1,31
BRDA:169,21,0,29
BRDA:169,21,1,2
BRDA:169,22,0,20
BRDA:169,22,1,9
BRDA:174,23,0,32
BRDA:174,23,1,19
BRDA:175,24,0,31
BRDA:175,24,1,1
BRDA:186,25,0,30
BRDA:186,25,1,29
BRDA:192,26,0,28
BRDA:192,26,1,2
BRDA:193,27,0,6
BRDA:193,27,1,3
BRDA:193,27,2,4
BRDA:193,27,3,2
BRDA:193,27,4,0
BRDA:193,27,5,2
BRDA:193,27,6,4
BRDA:193,27,7,1
BRDA:193,27,8,1
BRDA:193,27,9,2
BRDA:193,27,10,0
BRDA:193,27,11,3
BRDA:234,28,0,1
BRDA:234,28,1,1
BRDA:235,29,0,0
BRDA:235,29,1,0
BRDA:237,30,0,0
BRDA:237,30,1,0
BRDA:240,31,0,0
BRDA:240,31,1,0
BRDA:243,32,0,1
BRDA:243,32,1,0
BRDA:244,33,0,1
BRDA:251,34,0,1
BRDA:251,34,1,29
BRDA:253,35,0,0
BRDA:253,35,1,1
BRDA:259,36,0,0
BRDA:259,36,1,1
BRDA:264,37,0,19
BRDA:264,37,1,10
BRDA:266,38,0,0
BRDA:266,38,1,19
BRDA:271,39,0,1
BRDA:271,39,1,9
BRDA:272,40,0,1
BRDA:272,40,1,0
BRDA:274,41,0,0
BRDA:274,41,1,1
BRDA:281,42,0,8
BRDA:281,42,1,1
BRDA:283,43,0,0
BRDA:283,43,1,8
BRDA:294,44,0,21
BRDA:294,44,1,11
BRDA:296,45,0,21
BRDA:296,45,1,0
BRDA:296,46,0,21
BRDA:296,46,1,0
BRDA:297,47,0,1
BRDA:297,47,1,10
BRDA:302,48,0,10
BRDA:302,48,1,10
BRDA:309,49,0,29
BRDA:309,49,1,3
BRDA:310,50,0,0
BRDA:310,50,1,29
BRDA:317,51,0,1
BRDA:317,51,1,2
BRDA:318,52,0,0
BRDA:318,52,1,0
BRDA:318,52,2,1
BRDA:328,53,0,1
BRDA:328,53,1,1
BRDA:330,54,0,1
BRDA:330,54,1,0
BRDA:338,55,0,29
BRDA:338,55,1,3
BRDA:339,56,0,6
BRDA:339,56,1,3
BRDA:339,56,2,4
BRDA:339,56,3,3
BRDA:339,56,4,2
BRDA:339,56,5,0
BRDA:339,56,6,4
BRDA:339,56,7,1
BRDA:339,56,8,2
BRDA:339,56,9,3
BRDA:339,56,10,0
BRDA:374,57,0,1
BRDA:374,57,1,2
BRDA:375,58,0,0
BRDA:375,58,1,0
BRDA:375,58,2,0
BRDA:375,58,3,1
BRDA:389,59,0,1
BRDA:389,59,1,1
BRDA:390,60,0,0
BRDA:390,60,1,0
BRDA:390,60,2,1
BRDA:401,61,0,1
BRDA:401,61,1,0
BRDA:402,62,0,1
BRDA:410,63,0,714
BRDA:410,63,1,46
BRDA:423,64,0,48
BRDA:423,64,1,12
BRDA:427,65,0,50
BRDA:427,65,1,10
BRDA:430,66,0,56
BRDA:430,66,1,4
BRDA:434,67,0,0
BRDA:434,67,1,60
BRDA:440,68,0,57
BRDA:440,68,1,3
BRDA:440,69,0,60
BRDA:440,69,1,57
BRF:166
BRH:124
end_of_record
TN:
SF:/Users/shengrong/Documents/SFMeal/SFMealWeb/api/services/util.js
FN:8,(anonymous_1)
FN:12,(anonymous_2)
FN:18,(anonymous_3)
FN:22,(anonymous_4)
FN:26,(anonymous_5)
FN:68,(anonymous_6)
FN:72,(anonymous_7)
FN:76,(anonymous_8)
FN:80,(anonymous_9)
FNF:9
FNH:2
FNDA:0,(anonymous_1)
FNDA:0,(anonymous_2)
FNDA:0,(anonymous_3)
FNDA:0,(anonymous_4)
FNDA:0,(anonymous_5)
FNDA:0,(anonymous_6)
FNDA:0,(anonymous_7)
FNDA:1,(anonymous_8)
FNDA:44,(anonymous_9)
DA:4,2
DA:6,2
DA:9,0
DA:10,0
DA:13,0
DA:14,0
DA:15,0
DA:16,0
DA:19,0
DA:20,0
DA:23,0
DA:24,0
DA:27,0
DA:28,0
DA:30,0
DA:31,0
DA:33,0
DA:34,0
DA:36,0
DA:37,0
DA:39,0
DA:40,0
DA:42,0
DA:43,0
DA:45,0
DA:46,0
DA:48,0
DA:49,0
DA:51,0
DA:52,0
DA:54,0
DA:55,0
DA:57,0
DA:58,0
DA:60,0
DA:61,0
DA:63,0
DA:64,0
DA:66,0
DA:69,0
DA:70,0
DA:73,0
DA:74,0
DA:77,1
DA:78,1
DA:81,44
DA:82,44
DA:84,36
DA:85,36
DA:87,0
DA:88,0
DA:90,0
DA:91,0
DA:93,0
DA:94,0
DA:96,44
LF:56
LH:9
BRDA:28,1,0,0
BRDA:28,1,1,0
BRDA:28,1,2,0
BRDA:28,1,3,0
BRDA:28,1,4,0
BRDA:28,1,5,0
BRDA:28,1,6,0
BRDA:28,1,7,0
BRDA:28,1,8,0
BRDA:28,1,9,0
BRDA:28,1,10,0
BRDA:28,1,11,0
BRDA:82,2,0,36
BRDA:82,2,1,0
BRDA:82,2,2,0
BRDA:82,2,3,0
BRF:16
BRH:1
end_of_record
TN:
SF:/Users/shengrong/Documents/SFMeal/SFMealWeb/api/services/s3.js
FN:5,(anonymous_1)
FNF:1
FNH:0
FNDA:0,(anonymous_1)
DA:4,1
DA:6,0
DA:16,0
DA:20,1
LF:4
LH:2
BRF:0
BRH:0
end_of_record
TN:
SF:/Users/shengrong/Documents/SFMeal/SFMealWeb/api/services/stripe.js
FN:14,(anonymous_1)
FN:15,(anonymous_2)
FN:23,(anonymous_3)
FN:27,(anonymous_4)
FN:33,(anonymous_5)
FN:34,(anonymous_6)
FN:42,(anonymous_7)
FN:47,(anonymous_8)
FN:59,(anonymous_9)
FN:69,(anonymous_10)
FN:70,(anonymous_11)
FN:78,(anonymous_12)
FN:79,(anonymous_13)
FN:83,(anonymous_14)
FN:84,(anonymous_15)
FN:91,(anonymous_16)
FN:100,(anonymous_17)
FN:104,(anonymous_18)
FN:108,(anonymous_19)
FN:112,(anonymous_20)
FN:120,(anonymous_21)
FN:157,(anonymous_22)
FN:162,(anonymous_23)
FN:175,(anonymous_24)
FN:190,(anonymous_25)
FN:197,(anonymous_26)
FN:205,(anonymous_27)
FN:209,(anonymous_28)
FN:217,(anonymous_29)
FN:221,(anonymous_30)
FN:229,(anonymous_31)
FN:230,(anonymous_32)
FN:238,(anonymous_33)
FN:241,(anonymous_34)
FN:246,(anonymous_35)
FN:247,(anonymous_36)
FN:252,(anonymous_37)
FN:254,(anonymous_38)
FN:262,(anonymous_39)
FN:263,(anonymous_40)
FNF:40
FNH:32
FNDA:2,(anonymous_1)
FNDA:2,(anonymous_2)
FNDA:6,(anonymous_3)
FNDA:1,(anonymous_4)
FNDA:21,(anonymous_5)
FNDA:21,(anonymous_6)
FNDA:2,(anonymous_7)
FNDA:1,(anonymous_8)
FNDA:1,(anonymous_9)
FNDA:2,(anonymous_10)
FNDA:2,(anonymous_11)
FNDA:0,(anonymous_12)
FNDA:0,(anonymous_13)
FNDA:0,(anonymous_14)
FNDA:0,(anonymous_15)
FNDA:0,(anonymous_16)
FNDA:24,(anonymous_17)
FNDA:0,(anonymous_18)
FNDA:29,(anonymous_19)
FNDA:27,(anonymous_20)
FNDA:8,(anonymous_21)
FNDA:8,(anonymous_22)
FNDA:2,(anonymous_23)
FNDA:2,(anonymous_24)
FNDA:8,(anonymous_25)
FNDA:8,(anonymous_26)
FNDA:1,(anonymous_27)
FNDA:1,(anonymous_28)
FNDA:1,(anonymous_29)
FNDA:1,(anonymous_30)
FNDA:2,(anonymous_31)
FNDA:2,(anonymous_32)
FNDA:2,(anonymous_33)
FNDA:2,(anonymous_34)
FNDA:0,(anonymous_35)
FNDA:0,(anonymous_36)
FNDA:3,(anonymous_37)
FNDA:3,(anonymous_38)
FNDA:1,(anonymous_39)
FNDA:1,(anonymous_40)
DA:4,1
DA:5,1
DA:7,1
DA:8,1
DA:10,1
DA:15,2
DA:16,2
DA:17,0
DA:19,2
DA:24,6
DA:28,1
DA:34,21
DA:35,21
DA:36,0
DA:38,21
DA:43,2
DA:44,1
DA:48,1
DA:49,0
DA:51,1
DA:55,1
DA:60,1
DA:61,0
DA:63,1
DA:70,2
DA:71,2
DA:72,0
DA:74,2
DA:79,0
DA:80,0
DA:81,0
DA:83,0
DA:84,0
DA:85,0
DA:86,0
DA:88,0
DA:89,0
DA:92,0
DA:93,0
DA:95,0
DA:101,24
DA:105,0
DA:109,29
DA:110,2
DA:112,27
DA:113,27
DA:114,0
DA:116,27
DA:122,8
DA:125,8
DA:126,8
DA:127,8
DA:128,8
DA:130,8
DA:131,8
DA:132,8
DA:133,8
DA:134,8
DA:137,8
DA:140,8
DA:143,8
DA:146,8
DA:148,8
DA:149,8
DA:158,8
DA:159,0
DA:161,8
DA:162,2
DA:163,2
DA:164,0
DA:166,2
DA:167,2
DA:168,2
DA:176,2
DA:177,0
DA:179,2
DA:180,2
DA:185,6
DA:191,8
DA:192,8
DA:198,8
DA:199,1
DA:201,7
DA:206,1
DA:210,1
DA:211,0
DA:213,1
DA:218,1
DA:222,1
DA:223,0
DA:225,1
DA:230,2
DA:231,2
DA:232,1
DA:234,1
DA:239,2
DA:242,2
DA:247,0
DA:248,0
DA:253,3
DA:255,3
DA:256,0
DA:258,3
DA:263,1
DA:264,1
DA:265,0
DA:267,1
LF:107
LH:79
BRDA:16,1,0,0
BRDA:16,1,1,2
BRDA:35,2,0,0
BRDA:35,2,1,21
BRDA:43,3,0,1
BRDA:43,3,1,1
BRDA:48,4,0,0
BRDA:48,4,1,1
BRDA:60,5,0,0
BRDA:60,5,1,1
BRDA:71,6,0,0
BRDA:71,6,1,2
BRDA:80,7,0,0
BRDA:80,7,1,0
BRDA:85,8,0,0
BRDA:85,8,1,0
BRDA:88,9,0,0
BRDA:88,9,1,0
BRDA:92,10,0,0
BRDA:92,10,1,0
BRDA:109,11,0,2
BRDA:109,11,1,27
BRDA:113,12,0,0
BRDA:113,12,1,27
BRDA:125,13,0,0
BRDA:125,13,1,8
BRDA:125,14,0,8
BRDA:125,14,1,6
BRDA:125,14,2,2
BRDA:126,15,0,8
BRDA:126,15,1,6
BRDA:158,16,0,0
BRDA:158,16,1,8
BRDA:161,17,0,2
BRDA:161,17,1,6
BRDA:163,18,0,0
BRDA:163,18,1,2
BRDA:176,19,0,0
BRDA:176,19,1,2
BRDA:191,20,0,8
BRDA:191,20,1,8
BRDA:198,21,0,1
BRDA:198,21,1,7
BRDA:210,22,0,0
BRDA:210,22,1,1
BRDA:222,23,0,0
BRDA:222,23,1,1
BRDA:231,24,0,1
BRDA:231,24,1,1
BRDA:255,25,0,0
BRDA:255,25,1,3
BRDA:264,26,0,0
BRDA:264,26,1,1
BRF:53
BRH:31
end_of_record
TN:
SF:/Users/shengrong/Documents/SFMeal/SFMealWeb/api/models/Attempt.js
FNF:0
FNH:0
DA:9,1
LF:1
LH:1
BRF:0
BRH:0
end_of_record
TN:
SF:/Users/shengrong/Documents/SFMeal/SFMealWeb/api/models/Auth.js
FNF:0
FNH:0
DA:9,1
LF:1
LH:1
BRF:0
BRH:0
end_of_record
TN:
SF:/Users/shengrong/Documents/SFMeal/SFMealWeb/api/models/Checklist.js
FNF:0
FNH:0
DA:8,1
LF:1
LH:1
BRF:0
BRH:0
end_of_record
TN:
SF:/Users/shengrong/Documents/SFMeal/SFMealWeb/api/models/Coupon.js
FNF:0
FNH:0
DA:8,1
LF:1
LH:1
BRF:0
BRH:0
end_of_record
TN:
SF:/Users/shengrong/Documents/SFMeal/SFMealWeb/api/models/Dish.js
FN:69,(anonymous_1)
FN:76,(anonymous_2)
FNF:2
FNH:0
FNDA:0,(anonymous_1)
FNDA:0,(anonymous_2)
DA:8,1
DA:70,0
DA:77,0
DA:78,0
LF:4
LH:1
BRDA:70,1,0,0
BRDA:70,1,1,0
BRF:2
BRH:0
end_of_record
TN:
SF:/Users/shengrong/Documents/SFMeal/SFMealWeb/api/models/Host.js
FN:115,(anonymous_1)
FN:117,(anonymous_2)
FN:133,(anonymous_3)
FN:135,(anonymous_4)
FN:144,(anonymous_5)
FN:150,(anonymous_6)
FN:151,deg2rad
FN:166,(anonymous_8)
FNF:8
FNH:6
FNDA:21,(anonymous_1)
FNDA:21,(anonymous_2)
FNDA:21,(anonymous_3)
FNDA:21,(anonymous_4)
FNDA:33,(anonymous_5)
FNDA:0,(anonymous_6)
FNDA:0,deg2rad
FNDA:1,(anonymous_8)
DA:7,1
DA:8,1
DA:116,21
DA:117,21
DA:118,21
DA:119,0
DA:120,0
DA:122,21
DA:123,6
DA:124,6
DA:126,15
DA:127,15
DA:129,0
DA:134,21
DA:135,21
DA:136,21
DA:137,0
DA:139,21
DA:140,15
DA:142,6
DA:144,21
DA:145,33
DA:147,21
DA:151,1
DA:152,0
DA:154,0
DA:155,0
DA:156,0
DA:157,0
DA:162,0
DA:163,0
DA:164,0
DA:167,1
DA:168,1
DA:169,0
DA:171,1
LF:36
LH:23
BRDA:118,1,0,0
BRDA:118,1,1,21
BRDA:122,2,0,6
BRDA:122,2,1,15
BRDA:136,3,0,0
BRDA:136,3,1,21
BRDA:139,4,0,15
BRDA:139,4,1,6
BRDA:139,5,0,21
BRDA:139,5,1,21
BRDA:139,5,2,18
BRDA:139,5,3,18
BRDA:139,5,4,18
BRDA:167,6,0,0
BRDA:167,6,1,1
BRDA:168,7,0,0
BRDA:168,7,1,1
BRF:17
BRH:13
end_of_record
TN:
SF:/Users/shengrong/Documents/SFMeal/SFMealWeb/api/models/Job.js
FNF:0
FNH:0
DA:8,1
LF:1
LH:1
BRF:0
BRH:0
end_of_record
TN:
SF:/Users/shengrong/Documents/SFMeal/SFMealWeb/api/models/Jwt.js
FNF:0
FNH:0
DA:9,1
LF:1
LH:1
BRF:0
BRH:0
end_of_record
TN:
SF:/Users/shengrong/Documents/SFMeal/SFMealWeb/api/models/Meal.js
FN:16,(anonymous_1)
FN:154,(anonymous_2)
FN:157,(anonymous_3)
FN:165,(anonymous_4)
FN:177,(anonymous_5)
FN:189,(anonymous_6)
FN:193,(anonymous_7)
FN:207,(anonymous_8)
FN:228,(anonymous_9)
FN:232,(anonymous_10)
FN:238,(anonymous_11)
FN:240,(anonymous_12)
FN:248,(anonymous_13)
FN:276,(anonymous_14)
FN:280,(anonymous_15)
FN:288,(anonymous_16)
FN:293,(anonymous_17)
FN:295,(anonymous_18)
FN:297,(anonymous_19)
FN:308,(anonymous_20)
FN:316,(anonymous_21)
FN:344,(anonymous_22)
FNF:22
FNH:17
FNDA:128,(anonymous_1)
FNDA:0,(anonymous_2)
FNDA:0,(anonymous_3)
FNDA:0,(anonymous_4)
FNDA:0,(anonymous_5)
FNDA:0,(anonymous_6)
FNDA:24,(anonymous_7)
FNDA:78,(anonymous_8)
FNDA:11,(anonymous_9)
FNDA:42,(anonymous_10)
FNDA:4,(anonymous_11)
FNDA:4,(anonymous_12)
FNDA:2,(anonymous_13)
FNDA:4,(anonymous_14)
FNDA:4,(anonymous_15)
FNDA:4,(anonymous_16)
FNDA:34,(anonymous_17)
FNDA:34,(anonymous_18)
FNDA:28,(anonymous_19)
FNDA:34,(anonymous_20)
FNDA:12,(anonymous_21)
FNDA:34,(anonymous_22)
DA:8,1
DA:9,1
DA:10,1
DA:11,1
DA:13,1
DA:17,128
DA:155,0
DA:156,0
DA:157,0
DA:158,0
DA:159,0
DA:162,0
DA:166,0
DA:167,0
DA:168,0
DA:170,0
DA:173,0
DA:178,0
DA:179,0
DA:180,0
DA:182,0
DA:185,0
DA:190,0
DA:194,24
DA:195,24
DA:196,24
DA:197,24
DA:198,24
DA:199,0
DA:200,24
DA:201,0
DA:202,24
DA:203,0
DA:205,24
DA:206,24
DA:207,24
DA:208,78
DA:209,78
DA:210,78
DA:211,0
DA:212,0
DA:213,0
DA:214,78
DA:215,0
DA:216,0
DA:217,0
DA:218,78
DA:219,0
DA:220,0
DA:221,0
DA:225,24
DA:229,11
DA:230,0
DA:232,11
DA:233,42
DA:239,4
DA:241,4
DA:242,0
DA:243,0
DA:245,4
DA:246,2
DA:248,2
DA:249,2
DA:250,0
DA:252,2
DA:253,2
DA:260,2
DA:267,2
DA:268,0
DA:270,2
DA:272,2
DA:273,2
DA:277,4
DA:278,0
DA:280,4
DA:281,4
DA:282,0
DA:284,4
DA:285,4
DA:289,4
DA:294,34
DA:296,34
DA:297,28
DA:298,28
DA:299,0
DA:301,28
DA:302,28
DA:305,6
DA:309,34
DA:310,0
DA:311,0
DA:313,34
DA:314,22
DA:316,12
DA:317,12
DA:318,0
DA:320,12
DA:321,12
DA:328,12
DA:335,12
DA:336,7
DA:338,5
DA:340,12
DA:341,12
DA:345,34
LF:105
LH:65
BRDA:158,1,0,0
BRDA:158,1,1,0
BRDA:166,2,0,0
BRDA:166,2,1,0
BRDA:167,3,0,0
BRDA:167,3,1,0
BRDA:178,4,0,0
BRDA:178,4,1,0
BRDA:179,5,0,0
BRDA:179,5,1,0
BRDA:198,6,0,0
BRDA:198,6,1,24
BRDA:200,7,0,0
BRDA:200,7,1,24
BRDA:202,8,0,0
BRDA:202,8,1,24
BRDA:206,9,0,24
BRDA:206,9,1,0
BRDA:210,10,0,0
BRDA:210,10,1,78
BRDA:214,11,0,0
BRDA:214,11,1,78
BRDA:218,12,0,0
BRDA:218,12,1,78
BRDA:218,13,0,78
BRDA:218,13,1,10
BRDA:229,14,0,0
BRDA:229,14,1,11
BRDA:241,15,0,0
BRDA:241,15,1,4
BRDA:245,16,0,2
BRDA:245,16,1,2
BRDA:249,17,0,0
BRDA:249,17,1,2
BRDA:267,18,0,0
BRDA:267,18,1,2
BRDA:277,19,0,0
BRDA:277,19,1,4
BRDA:281,20,0,0
BRDA:281,20,1,4
BRDA:284,21,0,4
BRDA:284,21,1,0
BRDA:296,22,0,28
BRDA:296,22,1,6
BRDA:296,23,0,34
BRDA:296,23,1,28
BRDA:298,24,0,0
BRDA:298,24,1,28
BRDA:301,25,0,28
BRDA:301,25,1,0
BRDA:309,26,0,0
BRDA:309,26,1,34
BRDA:313,27,0,22
BRDA:313,27,1,12
BRDA:317,28,0,0
BRDA:317,28,1,12
BRDA:335,29,0,7
BRDA:335,29,1,5
BRF:58
BRH:30
end_of_record
TN:
SF:/Users/shengrong/Documents/SFMeal/SFMealWeb/api/models/Notification.js
FNF:0
FNH:0
DA:8,1
LF:1
LH:1
BRF:0
BRH:0
end_of_record
TN:
SF:/Users/shengrong/Documents/SFMeal/SFMealWeb/api/models/Order.js
FN:123,(anonymous_1)
FNF:1
FNH:0
FNDA:0,(anonymous_1)
DA:8,1
DA:9,1
DA:124,0
LF:3
LH:2
BRF:0
BRH:0
end_of_record
TN:
SF:/Users/shengrong/Documents/SFMeal/SFMealWeb/api/models/Payment.js
FNF:0
FNH:0
DA:8,1
LF:1
LH:1
BRF:0
BRH:0
end_of_record
TN:
SF:/Users/shengrong/Documents/SFMeal/SFMealWeb/api/models/Pocket.js
FNF:0
FNH:0
DA:8,1
LF:1
LH:1
BRF:0
BRH:0
end_of_record
TN:
SF:/Users/shengrong/Documents/SFMeal/SFMealWeb/api/models/ResetToken.js
FNF:0
FNH:0
DA:9,1
LF:1
LH:1
BRF:0
BRH:0
end_of_record
TN:
SF:/Users/shengrong/Documents/SFMeal/SFMealWeb/api/models/Review.js
FN:43,(anonymous_1)
FN:49,(anonymous_2)
FN:54,(anonymous_3)
FN:58,(anonymous_4)
FN:65,(anonymous_5)
FN:68,(anonymous_6)
FNF:6
FNH:5
FNDA:0,(anonymous_1)
FNDA:3,(anonymous_2)
FNDA:3,(anonymous_3)
FNDA:3,(anonymous_4)
FNDA:3,(anonymous_5)
FNDA:12,(anonymous_6)
DA:8,1
DA:44,0
DA:45,0
DA:46,0
DA:50,3
DA:51,3
DA:52,3
DA:53,3
DA:54,3
DA:55,3
DA:56,3
DA:57,3
DA:58,3
DA:59,3
DA:60,0
DA:62,3
DA:63,0
DA:65,3
DA:66,3
DA:67,3
DA:68,3
DA:69,12
DA:71,3
DA:72,3
DA:73,3
LF:25
LH:20
BRDA:59,1,0,0
BRDA:59,1,1,3
BRDA:62,2,0,0
BRDA:62,2,1,3
BRF:4
BRH:2
end_of_record
TN:
SF:/Users/shengrong/Documents/SFMeal/SFMealWeb/api/models/Use.js
FNF:0
FNH:0
DA:9,1
LF:1
LH:1
BRF:0
BRH:0
end_of_record
TN:
SF:/Users/shengrong/Documents/SFMeal/SFMealWeb/api/models/User.js
FN:133,(anonymous_1)
FN:134,(anonymous_2)
FN:140,(anonymous_3)
FN:146,(anonymous_4)
FN:167,(anonymous_5)
FN:179,(anonymous_6)
FNF:6
FNH:3
FNDA:0,(anonymous_1)
FNDA:0,(anonymous_2)
FNDA:8,(anonymous_3)
FNDA:20,(anonymous_4)
FNDA:0,(anonymous_5)
FNDA:8,(anonymous_6)
DA:9,1
DA:10,1
DA:12,1
DA:134,0
DA:135,0
DA:141,8
DA:142,8
DA:143,8
DA:144,8
DA:145,8
DA:146,8
DA:147,20
DA:148,12
DA:150,8
DA:151,0
DA:152,0
DA:153,0
DA:154,0
DA:156,0
DA:157,8
DA:158,0
DA:159,0
DA:160,8
DA:161,0
DA:162,0
DA:163,0
DA:165,0
DA:166,8
DA:167,0
DA:168,0
DA:169,0
DA:170,0
DA:172,0
DA:173,0
DA:176,8
DA:177,8
DA:180,8
DA:181,0
DA:183,8
LF:39
LH:19
BRDA:147,1,0,12
BRDA:147,1,1,8
BRDA:147,2,0,20
BRDA:147,2,1,8
BRDA:150,3,0,0
BRDA:150,3,1,8
BRDA:152,4,0,0
BRDA:152,4,1,0
BRDA:153,5,0,0
BRDA:153,5,1,0
BRDA:154,6,0,0
BRDA:154,6,1,0
BRDA:157,7,0,0
BRDA:157,7,1,8
BRDA:160,8,0,0
BRDA:160,8,1,8
BRDA:162,9,0,0
BRDA:162,9,1,0
BRDA:166,10,0,0
BRDA:166,10,1,8
BRDA:168,11,0,0
BRDA:168,11,1,0
BRDA:180,12,0,0
BRDA:180,12,1,8
BRF:24
BRH:9
end_of_record
TN:
SF:/Users/shengrong/Documents/SFMeal/SFMealWeb/api/blueprints/create.js
FN:19,createRecord
FN:30,created
FNF:2
FNH:2
FNDA:3,createRecord
FNDA:3,created
DA:4,1
DA:19,1
DA:21,3
DA:25,3
DA:30,3
DA:35,3
DA:39,3
DA:40,3
DA:41,0
DA:42,0
DA:44,3
DA:51,3
LF:12
LH:10
BRDA:35,1,0,0
BRDA:35,1,1,3
BRDA:39,2,0,3
BRDA:39,2,1,0
BRDA:40,3,0,0
BRDA:40,3,1,3
BRDA:44,4,0,3
BRDA:44,4,1,3
BRF:8
BRH:5
end_of_record
TN:
SF:/Users/shengrong/Documents/SFMeal/SFMealWeb/api/blueprints/destroy.js
FN:21,destroyOneRecord
FN:28,foundRecord
FN:32,destroyedRecord
FN:45,(anonymous_4)
FNF:4
FNH:0
FNDA:0,destroyOneRecord
FNDA:0,foundRecord
FNDA:0,destroyedRecord
FNDA:0,(anonymous_4)
DA:4,1
DA:21,1
DA:23,0
DA:24,0
DA:26,0
DA:27,0
DA:28,0
DA:29,0
DA:30,0
DA:32,0
DA:33,0
DA:35,0
DA:36,0
DA:37,0
DA:38,0
DA:39,0
DA:42,0
DA:43,0
DA:44,0
DA:45,0
DA:46,0
DA:47,0
DA:49,0
DA:50,0
DA:53,0
LF:25
LH:2
BRDA:29,1,0,0
BRDA:29,1,1,0
BRDA:30,2,0,0
BRDA:30,2,1,0
BRDA:33,3,0,0
BRDA:33,3,1,0
BRDA:35,4,0,0
BRDA:35,4,1,0
BRDA:36,5,0,0
BRDA:36,5,1,0
BRDA:37,6,0,0
BRDA:37,6,1,0
BRDA:42,7,0,0
BRDA:42,7,1,0
BRDA:44,8,0,0
BRDA:44,8,1,0
BRDA:46,9,0,0
BRDA:46,9,1,0
BRF:18
BRH:0
end_of_record
TN:
SF:/Users/shengrong/Documents/SFMeal/SFMealWeb/api/blueprints/find.js
FN:25,findRecords
FN:47,found
FN:56,(anonymous_3)
FNF:3
FNH:0
FNDA:0,findRecords
FNDA:0,found
FNDA:0,(anonymous_3)
DA:4,1
DA:25,1
DA:28,0
DA:35,0
DA:36,0
DA:40,0
DA:46,0
DA:47,0
DA:48,0
DA:52,0
DA:53,0
DA:54,0
DA:56,0
DA:57,0
DA:61,0
DA:62,0
DA:63,0
DA:64,0
DA:66,0
LF:19
LH:2
BRDA:35,1,0,0
BRDA:35,1,1,0
BRDA:48,2,0,0
BRDA:48,2,1,0
BRDA:52,3,0,0
BRDA:52,3,1,0
BRDA:52,4,0,0
BRDA:52,4,1,0
BRDA:54,5,0,0
BRDA:54,5,1,0
BRDA:61,6,0,0
BRDA:61,6,1,0
BRDA:63,7,0,0
BRDA:63,7,1,0
BRF:14
BRH:0
end_of_record
TN:
SF:/Users/shengrong/Documents/SFMeal/SFMealWeb/api/blueprints/findone.js
FN:21,findOneRecord
FN:41,found
FN:55,(anonymous_3)
FN:67,(anonymous_4)
FN:71,(anonymous_5)
FNF:5
FNH:0
FNDA:0,findOneRecord
FNDA:0,found
FNDA:0,(anonymous_3)
FNDA:0,(anonymous_4)
FNDA:0,(anonymous_5)
DA:4,1
DA:21,1
DA:23,0
DA:24,0
DA:25,0
DA:27,0
DA:28,0
DA:29,0
DA:30,0
DA:32,0
DA:33,0
DA:34,0
DA:35,0
DA:39,0
DA:40,0
DA:41,0
DA:42,0
DA:43,0
DA:45,0
DA:46,0
DA:47,0
DA:50,0
DA:51,0
DA:52,0
DA:53,0
DA:54,0
DA:55,0
DA:56,0
DA:57,0
DA:59,0
DA:60,0
DA:61,0
DA:62,0
DA:65,0
DA:66,0
DA:67,0
DA:68,0
DA:69,0
DA:71,0
DA:72,0
DA:73,0
DA:78,0
DA:82,0
DA:85,0
DA:86,0
DA:87,0
DA:88,0
DA:89,0
DA:90,0
DA:91,0
DA:92,0
DA:94,0
DA:97,0
LF:53
LH:2
BRDA:27,1,0,0
BRDA:27,1,1,0
BRDA:29,2,0,0
BRDA:29,2,1,0
BRDA:33,3,0,0
BRDA:33,3,1,0
BRDA:33,4,0,0
BRDA:33,4,1,0
BRDA:34,5,0,0
BRDA:34,5,1,0
BRDA:42,6,0,0
BRDA:42,6,1,0
BRDA:43,7,0,0
BRDA:43,7,1,0
BRDA:45,8,0,0
BRDA:45,8,1,0
BRDA:45,9,0,0
BRDA:45,9,1,0
BRDA:50,10,0,0
BRDA:50,10,1,0
BRDA:50,11,0,0
BRDA:50,11,1,0
BRDA:52,12,0,0
BRDA:52,12,1,0
BRDA:53,13,0,0
BRDA:53,13,1,0
BRDA:56,14,0,0
BRDA:56,14,1,0
BRDA:65,15,0,0
BRDA:65,15,1,0
BRDA:68,16,0,0
BRDA:68,16,1,0
BRDA:72,17,0,0
BRDA:72,17,1,0
BRDA:85,18,0,0
BRDA:85,18,1,0
BRDA:87,19,0,0
BRDA:87,19,1,0
BRDA:89,20,0,0
BRDA:89,20,1,0
BRDA:90,21,0,0
BRDA:90,21,1,0
BRF:42
BRH:0
end_of_record
TN:
SF:/Users/shengrong/Documents/SFMeal/SFMealWeb/api/blueprints/update.js
FN:19,updateOneRecord
FN:42,found
FN:47,updated
FN:82,foundAgain
FNF:4
FNH:0
FNDA:0,updateOneRecord
FNDA:0,found
FNDA:0,updated
FNDA:0,foundAgain
DA:4,1
DA:6,1
DA:19,1
DA:22,0
DA:25,0
DA:29,0
DA:33,0
DA:34,0
DA:42,0
DA:44,0
DA:45,0
DA:47,0
DA:52,0
DA:58,0
DA:59,0
DA:64,0
DA:68,0
DA:69,0
DA:70,0
DA:80,0
DA:81,0
DA:82,0
DA:83,0
DA:84,0
DA:85,0
LF:25
LH:3
BRDA:33,1,0,0
BRDA:33,1,1,0
BRDA:33,1,2,0
BRDA:34,2,0,0
BRDA:34,2,1,0
BRDA:44,3,0,0
BRDA:44,3,1,0
BRDA:45,4,0,0
BRDA:45,4,1,0
BRDA:52,5,0,0
BRDA:52,5,1,0
BRDA:58,6,0,0
BRDA:58,6,1,0
BRDA:58,7,0,0
BRDA:58,7,1,0
BRDA:58,7,2,0
BRDA:68,8,0,0
BRDA:68,8,1,0
BRDA:69,9,0,0
BRDA:69,9,1,0
BRDA:70,10,0,0
BRDA:70,10,1,0
BRDA:83,11,0,0
BRDA:83,11,1,0
BRDA:84,12,0,0
BRDA:84,12,1,0
BRF:26
BRH:0
end_of_record
TN:
SF:/Users/shengrong/Documents/SFMeal/SFMealWeb/api/controllers/AuthController.js
FN:24,(anonymous_1)
FN:37,(anonymous_2)
FN:41,(anonymous_3)
FN:47,(anonymous_4)
FN:60,(anonymous_5)
FN:80,(anonymous_6)
FN:86,(anonymous_7)
FNF:7
FNH:4
FNDA:14,(anonymous_1)
FNDA:12,(anonymous_2)
FNDA:11,(anonymous_3)
FNDA:8,(anonymous_4)
FNDA:0,(anonymous_5)
FNDA:0,(anonymous_6)
FNDA:0,(anonymous_7)
DA:11,1
DA:13,1
DA:25,14
DA:29,14
DA:30,2
DA:32,12
DA:35,12
DA:36,12
DA:37,12
DA:38,12
DA:39,1
DA:41,11
DA:42,11
DA:43,3
DA:45,8
DA:46,8
DA:47,8
DA:48,8
DA:49,0
DA:51,8
DA:52,8
DA:53,8
DA:61,0
DA:62,0
DA:63,0
DA:64,0
DA:65,0
DA:67,0
DA:68,0
DA:69,0
DA:71,0
DA:73,0
DA:74,0
DA:76,0
DA:81,0
DA:87,0
LF:36
LH:21
BRDA:29,1,0,2
BRDA:29,1,1,12
BRDA:29,2,0,14
BRDA:29,2,1,13
BRDA:38,3,0,1
BRDA:38,3,1,11
BRDA:42,4,0,3
BRDA:42,4,1,8
BRDA:45,5,0,0
BRDA:45,5,1,8
BRDA:48,6,0,0
BRDA:48,6,1,8
BRDA:64,7,0,0
BRDA:64,7,1,0
BRDA:64,8,0,0
BRDA:64,8,1,0
BRDA:64,8,2,0
BRDA:67,9,0,0
BRDA:67,9,1,0
BRDA:68,10,0,0
BRDA:68,10,1,0
BRDA:73,11,0,0
BRDA:73,11,1,0
BRF:23
BRH:10
end_of_record
TN:
SF:/Users/shengrong/Documents/SFMeal/SFMealWeb/api/controllers/ChecklistController.js
FN:9,(anonymous_1)
FN:11,(anonymous_2)
FN:18,(anonymous_3)
FN:20,(anonymous_4)
FN:31,(anonymous_5)
FN:38,(anonymous_6)
FN:41,(anonymous_7)
FN:47,(anonymous_8)
FN:58,(anonymous_9)
FN:61,(anonymous_10)
FN:67,(anonymous_11)
FNF:11
FNH:0
FNDA:0,(anonymous_1)
FNDA:0,(anonymous_2)
FNDA:0,(anonymous_3)
FNDA:0,(anonymous_4)
FNDA:0,(anonymous_5)
FNDA:0,(anonymous_6)
FNDA:0,(anonymous_7)
FNDA:0,(anonymous_8)
FNDA:0,(anonymous_9)
FNDA:0,(anonymous_10)
FNDA:0,(anonymous_11)
DA:8,1
DA:10,0
DA:11,0
DA:12,0
DA:13,0
DA:15,0
DA:19,0
DA:20,0
DA:21,0
DA:22,0
DA:23,0
DA:24,0
DA:26,0
DA:28,0
DA:31,0
DA:32,0
DA:33,0
DA:35,0
DA:39,0
DA:40,0
DA:41,0
DA:42,0
DA:43,0
DA:45,0
DA:46,0
DA:47,0
DA:48,0
DA:49,0
DA:51,0
DA:54,0
DA:59,0
DA:60,0
DA:61,0
DA:62,0
DA:63,0
DA:65,0
DA:66,0
DA:67,0
DA:68,0
DA:69,0
DA:71,0
DA:74,0
LF:42
LH:1
BRDA:12,1,0,0
BRDA:12,1,1,0
BRDA:21,2,0,0
BRDA:21,2,1,0
BRDA:23,3,0,0
BRDA:23,3,1,0
BRDA:23,4,0,0
BRDA:23,4,1,0
BRDA:32,5,0,0
BRDA:32,5,1,0
BRDA:42,6,0,0
BRDA:42,6,1,0
BRDA:45,7,0,0
BRDA:45,7,1,0
BRDA:48,8,0,0
BRDA:48,8,1,0
BRDA:62,9,0,0
BRDA:62,9,1,0
BRDA:65,10,0,0
BRDA:65,10,1,0
BRDA:68,11,0,0
BRDA:68,11,1,0
BRF:22
BRH:0
end_of_record
TN:
SF:/Users/shengrong/Documents/SFMeal/SFMealWeb/api/controllers/CouponController.js
FN:12,(anonymous_1)
FN:16,(anonymous_2)
FN:21,(anonymous_3)
FN:27,(anonymous_4)
FN:38,(anonymous_5)
FNF:5
FNH:0
FNDA:0,(anonymous_1)
FNDA:0,(anonymous_2)
FNDA:0,(anonymous_3)
FNDA:0,(anonymous_4)
FNDA:0,(anonymous_5)
DA:11,1
DA:13,0
DA:14,0
DA:15,0
DA:16,0
DA:17,0
DA:18,0
DA:20,0
DA:21,0
DA:22,0
DA:24,0
DA:25,0
DA:27,0
DA:28,0
DA:29,0
DA:31,0
DA:32,0
DA:34,0
DA:35,0
DA:36,0
DA:38,0
DA:39,0
DA:40,0
DA:42,0
DA:43,0
DA:45,0
DA:46,0
DA:48,0
DA:49,0
DA:51,0
LF:30
LH:1
BRDA:17,1,0,0
BRDA:17,1,1,0
BRDA:24,2,0,0
BRDA:24,2,1,0
BRDA:28,3,0,0
BRDA:28,3,1,0
BRDA:31,4,0,0
BRDA:31,4,1,0
BRDA:31,5,0,0
BRDA:31,5,1,0
BRDA:35,6,0,0
BRDA:35,6,1,0
BRDA:39,7,0,0
BRDA:39,7,1,0
BRDA:43,8,0,0
BRDA:43,8,1,0
BRF:16
BRH:0
end_of_record
TN:
SF:/Users/shengrong/Documents/SFMeal/SFMealWeb/api/controllers/DishController.js
FN:12,(anonymous_1)
FN:17,(anonymous_2)
FN:19,(anonymous_3)
FN:27,(anonymous_4)
FN:36,(anonymous_5)
FN:38,(anonymous_6)
FN:46,(anonymous_7)
FN:49,(anonymous_8)
FN:53,(anonymous_9)
FN:57,(anonymous_10)
FN:63,(anonymous_11)
FN:72,(anonymous_12)
FN:75,(anonymous_13)
FN:81,(anonymous_14)
FN:92,(anonymous_15)
FN:96,(anonymous_16)
FN:100,(anonymous_17)
FN:110,(anonymous_18)
FN:113,(anonymous_19)
FN:117,(anonymous_20)
FN:121,(anonymous_21)
FN:127,(anonymous_22)
FNF:22
FNH:20
FNDA:0,(anonymous_1)
FNDA:5,(anonymous_2)
FNDA:5,(anonymous_3)
FNDA:5,(anonymous_4)
FNDA:1,(anonymous_5)
FNDA:1,(anonymous_6)
FNDA:2,(anonymous_7)
FNDA:2,(anonymous_8)
FNDA:1,(anonymous_9)
FNDA:1,(anonymous_10)
FNDA:1,(anonymous_11)
FNDA:1,(anonymous_12)
FNDA:1,(anonymous_13)
FNDA:0,(anonymous_14)
FNDA:5,(anonymous_15)
FNDA:5,(anonymous_16)
FNDA:5,(anonymous_17)
FNDA:2,(anonymous_18)
FNDA:2,(anonymous_19)
FNDA:5,(anonymous_20)
FNDA:9,(anonymous_21)
FNDA:1,(anonymous_22)
DA:10,1
DA:11,1
DA:13,0
DA:14,0
DA:18,5
DA:19,5
DA:20,5
DA:21,0
DA:23,5
DA:24,1
DA:26,5
DA:27,5
DA:28,5
DA:29,0
DA:31,5
DA:37,1
DA:38,1
DA:39,1
DA:40,0
DA:42,1
DA:47,2
DA:48,2
DA:49,2
DA:50,2
DA:51,0
DA:53,2
DA:54,1
DA:55,0
DA:57,1
DA:58,1
DA:61,1
DA:63,1
DA:64,1
DA:65,0
DA:67,1
DA:73,1
DA:74,1
DA:75,1
DA:76,1
DA:77,0
DA:80,1
DA:81,0
DA:82,0
DA:83,0
DA:85,0
DA:88,1
DA:93,5
DA:94,5
DA:95,5
DA:96,5
DA:97,5
DA:98,0
DA:100,5
DA:101,5
DA:102,0
DA:104,5
DA:105,5
DA:111,2
DA:112,2
DA:113,2
DA:114,2
DA:115,0
DA:117,2
DA:118,5
DA:119,2
DA:121,3
DA:122,9
DA:125,1
DA:127,1
DA:128,1
DA:129,0
DA:131,1
LF:72
LH:55
BRDA:20,1,0,0
BRDA:20,1,1,5
BRDA:23,2,0,1
BRDA:23,2,1,4
BRDA:28,3,0,0
BRDA:28,3,1,5
BRDA:39,4,0,0
BRDA:39,4,1,1
BRDA:48,5,0,0
BRDA:48,5,1,2
BRDA:50,6,0,0
BRDA:50,6,1,2
BRDA:53,7,0,1
BRDA:53,7,1,1
BRDA:54,8,0,0
BRDA:54,8,1,1
BRDA:64,9,0,0
BRDA:64,9,1,1
BRDA:76,10,0,0
BRDA:76,10,1,1
BRDA:80,11,0,0
BRDA:80,11,1,1
BRDA:82,12,0,0
BRDA:82,12,1,0
BRDA:82,13,0,0
BRDA:82,13,1,0
BRDA:82,13,2,0
BRDA:93,14,0,0
BRDA:93,14,1,5
BRDA:97,15,0,0
BRDA:97,15,1,5
BRDA:101,16,0,0
BRDA:101,16,1,5
BRDA:112,17,0,0
BRDA:112,17,1,2
BRDA:114,18,0,0
BRDA:114,18,1,2
BRDA:117,19,0,1
BRDA:117,19,1,1
BRDA:118,20,0,2
BRDA:118,20,1,3
BRDA:128,21,0,0
BRDA:128,21,1,1
BRF:43
BRH:23
end_of_record
TN:
SF:/Users/shengrong/Documents/SFMeal/SFMealWeb/api/controllers/HostController.js
FN:18,(anonymous_1)
FN:21,(anonymous_2)
FN:25,(anonymous_3)
FN:30,(anonymous_4)
FN:34,(anonymous_5)
FN:40,(anonymous_6)
FN:41,(anonymous_7)
FN:48,(anonymous_8)
FN:55,(anonymous_9)
FN:73,(anonymous_10)
FN:74,(anonymous_11)
FN:82,(anonymous_12)
FN:88,(anonymous_13)
FN:97,(anonymous_14)
FN:106,(anonymous_15)
FN:109,(anonymous_16)
FN:118,(anonymous_17)
FN:127,(anonymous_18)
FN:137,(anonymous_19)
FN:156,(anonymous_20)
FN:178,(anonymous_21)
FN:182,(anonymous_22)
FN:197,(anonymous_23)
FN:208,(anonymous_24)
FN:214,(anonymous_25)
FN:215,(anonymous_26)
FN:230,(anonymous_27)
FN:240,(anonymous_28)
FN:244,(anonymous_29)
FN:251,(anonymous_30)
FN:265,(anonymous_31)
FN:280,(anonymous_32)
FN:284,(anonymous_33)
FN:289,(anonymous_34)
FN:296,(anonymous_35)
FN:310,(anonymous_36)
FN:318,(anonymous_37)
FN:324,(anonymous_38)
FN:333,(anonymous_39)
FN:339,(anonymous_40)
FN:346,(anonymous_41)
FN:374,(anonymous_42)
FN:382,(anonymous_43)
FN:398,(anonymous_44)
FN:413,(anonymous_45)
FN:416,(anonymous_46)
FN:425,(anonymous_47)
FN:433,(anonymous_48)
FN:439,(anonymous_49)
FN:444,(anonymous_50)
FN:455,(anonymous_51)
FN:458,(anonymous_52)
FN:466,(anonymous_53)
FN:471,(anonymous_54)
FN:482,(anonymous_55)
FN:485,(anonymous_56)
FN:493,(anonymous_57)
FN:498,(anonymous_58)
FN:510,(anonymous_59)
FN:513,(anonymous_60)
FN:520,(anonymous_61)
FN:528,(anonymous_62)
FNF:62
FNH:58
FNDA:6,(anonymous_1)
FNDA:6,(anonymous_2)
FNDA:6,(anonymous_3)
FNDA:6,(anonymous_4)
FNDA:6,(anonymous_5)
FNDA:7,(anonymous_6)
FNDA:7,(anonymous_7)
FNDA:6,(anonymous_8)
FNDA:6,(anonymous_9)
FNDA:1,(anonymous_10)
FNDA:1,(anonymous_11)
FNDA:1,(anonymous_12)
FNDA:1,(anonymous_13)
FNDA:1,(anonymous_14)
FNDA:1,(anonymous_15)
FNDA:1,(anonymous_16)
FNDA:1,(anonymous_17)
FNDA:8,(anonymous_18)
FNDA:4,(anonymous_19)
FNDA:3,(anonymous_20)
FNDA:3,(anonymous_21)
FNDA:3,(anonymous_22)
FNDA:4,(anonymous_23)
FNDA:4,(anonymous_24)
FNDA:4,(anonymous_25)
FNDA:4,(anonymous_26)
FNDA:1,(anonymous_27)
FNDA:4,(anonymous_28)
FNDA:3,(anonymous_29)
FNDA:4,(anonymous_30)
FNDA:3,(anonymous_31)
FNDA:1,(anonymous_32)
FNDA:1,(anonymous_33)
FNDA:1,(anonymous_34)
FNDA:1,(anonymous_35)
FNDA:1,(anonymous_36)
FNDA:1,(anonymous_37)
FNDA:1,(anonymous_38)
FNDA:2,(anonymous_39)
FNDA:2,(anonymous_40)
FNDA:2,(anonymous_41)
FNDA:1,(anonymous_42)
FNDA:1,(anonymous_43)
FNDA:1,(anonymous_44)
FNDA:3,(anonymous_45)
FNDA:3,(anonymous_46)
FNDA:1,(anonymous_47)
FNDA:1,(anonymous_48)
FNDA:1,(anonymous_49)
FNDA:1,(anonymous_50)
FNDA:3,(anonymous_51)
FNDA:3,(anonymous_52)
FNDA:2,(anonymous_53)
FNDA:2,(anonymous_54)
FNDA:2,(anonymous_55)
FNDA:2,(anonymous_56)
FNDA:1,(anonymous_57)
FNDA:1,(anonymous_58)
FNDA:0,(anonymous_59)
FNDA:0,(anonymous_60)
FNDA:0,(anonymous_61)
FNDA:0,(anonymous_62)
DA:12,1
DA:13,1
DA:14,1
DA:15,1
DA:17,1
DA:19,6
DA:20,6
DA:21,6
DA:22,6
DA:23,0
DA:25,6
DA:26,6
DA:27,0
DA:29,6
DA:30,6
DA:31,6
DA:32,0
DA:34,6
DA:35,6
DA:36,0
DA:39,6
DA:40,6
DA:41,7
DA:42,7
DA:43,0
DA:45,7
DA:46,7
DA:49,6
DA:50,0
DA:52,6
DA:53,6
DA:54,6
DA:55,6
DA:56,6
DA:57,0
DA:60,6
DA:61,6
DA:62,6
DA:63,6
DA:65,0
DA:74,1
DA:75,1
DA:76,0
DA:78,1
DA:83,1
DA:84,1
DA:85,1
DA:86,1
DA:87,1
DA:88,1
DA:89,1
DA:90,0
DA:92,1
DA:93,0
DA:95,1
DA:96,1
DA:97,1
DA:98,1
DA:99,0
DA:101,1
DA:107,1
DA:108,1
DA:109,1
DA:110,1
DA:111,0
DA:113,1
DA:114,0
DA:116,1
DA:117,1
DA:118,1
DA:119,1
DA:120,0
DA:122,1
DA:128,8
DA:129,8
DA:130,8
DA:131,8
DA:134,4
DA:135,4
DA:136,4
DA:137,4
DA:138,4
DA:139,0
DA:140,0
DA:142,4
DA:143,1
DA:145,3
DA:146,3
DA:147,3
DA:148,3
DA:149,3
DA:150,3
DA:151,3
DA:152,3
DA:153,3
DA:154,3
DA:156,3
DA:157,3
DA:158,0
DA:160,3
DA:161,3
DA:162,3
DA:163,3
DA:165,3
DA:166,3
DA:168,3
DA:169,3
DA:171,3
DA:172,3
DA:174,3
DA:179,3
DA:180,0
DA:182,3
DA:183,3
DA:184,0
DA:186,3
DA:192,4
DA:193,4
DA:194,3
DA:195,3
DA:197,4
DA:198,4
DA:199,0
DA:201,4
DA:202,1
DA:203,1
DA:204,1
DA:205,1
DA:206,1
DA:208,4
DA:209,4
DA:210,0
DA:212,4
DA:213,4
DA:215,4
DA:216,4
DA:217,0
DA:219,4
DA:220,3
DA:222,1
DA:223,1
DA:231,1
DA:232,0
DA:234,1
DA:235,1
DA:236,1
DA:241,4
DA:242,1
DA:244,3
DA:245,3
DA:246,0
DA:248,3
DA:252,4
DA:253,0
DA:255,4
DA:256,4
DA:257,1
DA:259,3
DA:260,2
DA:261,3
DA:262,2
DA:263,2
DA:265,3
DA:266,3
DA:267,0
DA:269,3
DA:270,3
DA:272,0
DA:281,1
DA:282,1
DA:283,1
DA:284,1
DA:285,1
DA:286,0
DA:288,1
DA:289,1
DA:290,1
DA:291,0
DA:292,0
DA:294,1
DA:295,1
DA:296,1
DA:297,1
DA:298,0
DA:301,1
DA:302,1
DA:304,0
DA:311,1
DA:312,1
DA:313,1
DA:314,1
DA:315,0
DA:317,1
DA:318,1
DA:319,1
DA:320,0
DA:322,1
DA:323,1
DA:324,1
DA:325,1
DA:326,0
DA:328,1
DA:334,2
DA:335,2
DA:336,2
DA:337,2
DA:339,2
DA:340,2
DA:341,0
DA:343,2
DA:344,0
DA:346,2
DA:347,2
DA:348,0
DA:350,2
DA:351,1
DA:352,1
DA:353,1
DA:354,1
DA:355,1
DA:356,1
DA:357,1
DA:358,1
DA:359,1
DA:360,1
DA:361,1
DA:362,1
DA:363,1
DA:364,1
DA:366,0
DA:368,1
DA:369,1
DA:375,1
DA:376,1
DA:377,1
DA:378,1
DA:379,1
DA:380,1
DA:381,1
DA:382,1
DA:383,1
DA:384,0
DA:386,1
DA:387,0
DA:389,1
DA:390,0
DA:391,0
DA:392,0
DA:395,1
DA:396,1
DA:398,1
DA:399,1
DA:400,0
DA:402,1
DA:403,1
DA:405,0
DA:409,0
DA:414,3
DA:415,3
DA:416,3
DA:417,3
DA:418,0
DA:420,3
DA:421,1
DA:423,2
DA:424,2
DA:425,2
DA:426,1
DA:429,2
DA:430,1
DA:433,1
DA:434,1
DA:435,0
DA:437,1
DA:438,1
DA:439,1
DA:440,1
DA:441,0
DA:443,1
DA:444,1
DA:445,1
DA:446,0
DA:448,1
DA:456,3
DA:457,3
DA:458,3
DA:459,3
DA:460,0
DA:462,3
DA:463,1
DA:466,2
DA:467,2
DA:468,0
DA:470,2
DA:471,2
DA:472,2
DA:473,0
DA:475,2
DA:476,2
DA:483,2
DA:484,2
DA:485,2
DA:486,2
DA:487,0
DA:489,2
DA:490,1
DA:493,1
DA:494,1
DA:495,0
DA:497,1
DA:498,1
DA:499,1
DA:500,0
DA:502,1
DA:503,1
DA:512,0
DA:513,0
DA:514,0
DA:515,0
DA:517,0
DA:518,0
DA:519,0
DA:521,0
DA:522,0
DA:530,0
DA:531,0
DA:534,0
LF:327
LH:257
BRDA:20,1,0,0
BRDA:20,1,1,6
BRDA:22,2,0,0
BRDA:22,2,1,6
BRDA:26,3,0,0
BRDA:26,3,1,6
BRDA:31,4,0,0
BRDA:31,4,1,6
BRDA:35,5,0,0
BRDA:35,5,1,6
BRDA:42,6,0,0
BRDA:42,6,1,7
BRDA:49,7,0,0
BRDA:49,7,1,6
BRDA:56,8,0,0
BRDA:56,8,1,6
BRDA:62,9,0,6
BRDA:62,9,1,0
BRDA:75,10,0,0
BRDA:75,10,1,1
BRDA:89,11,0,0
BRDA:89,11,1,1
BRDA:92,12,0,0
BRDA:92,12,1,1
BRDA:98,13,0,0
BRDA:98,13,1,1
BRDA:110,14,0,0
BRDA:110,14,1,1
BRDA:113,15,0,0
BRDA:113,15,1,1
BRDA:119,16,0,0
BRDA:119,16,1,1
BRDA:131,17,0,4
BRDA:131,17,1,4
BRDA:138,18,0,0
BRDA:138,18,1,4
BRDA:142,19,0,1
BRDA:142,19,1,3
BRDA:157,20,0,0
BRDA:157,20,1,3
BRDA:162,21,0,3
BRDA:162,21,1,0
BRDA:165,22,0,3
BRDA:165,22,1,0
BRDA:168,23,0,3
BRDA:168,23,1,0
BRDA:171,24,0,3
BRDA:171,24,1,0
BRDA:179,25,0,0
BRDA:179,25,1,3
BRDA:183,26,0,0
BRDA:183,26,1,3
BRDA:193,27,0,3
BRDA:193,27,1,1
BRDA:198,28,0,0
BRDA:198,28,1,4
BRDA:201,29,0,1
BRDA:201,29,1,3
BRDA:209,30,0,0
BRDA:209,30,1,4
BRDA:216,31,0,0
BRDA:216,31,1,4
BRDA:219,32,0,3
BRDA:219,32,1,1
BRDA:231,33,0,0
BRDA:231,33,1,1
BRDA:234,34,0,1
BRDA:234,34,1,0
BRDA:241,35,0,1
BRDA:241,35,1,3
BRDA:245,36,0,0
BRDA:245,36,1,3
BRDA:252,37,0,0
BRDA:252,37,1,4
BRDA:256,38,0,1
BRDA:256,38,1,3
BRDA:259,39,0,2
BRDA:259,39,1,1
BRDA:261,40,0,2
BRDA:261,40,1,1
BRDA:261,41,0,3
BRDA:261,41,1,2
BRDA:266,42,0,0
BRDA:266,42,1,3
BRDA:269,43,0,3
BRDA:269,43,1,0
BRDA:282,44,0,0
BRDA:282,44,1,1
BRDA:285,45,0,0
BRDA:285,45,1,1
BRDA:290,46,0,0
BRDA:290,46,1,1
BRDA:297,47,0,0
BRDA:297,47,1,1
BRDA:301,48,0,1
BRDA:301,48,1,0
BRDA:313,49,0,0
BRDA:313,49,1,1
BRDA:314,50,0,0
BRDA:314,50,1,1
BRDA:319,51,0,0
BRDA:319,51,1,1
BRDA:325,52,0,0
BRDA:325,52,1,1
BRDA:336,53,0,2
BRDA:336,53,1,0
BRDA:340,54,0,0
BRDA:340,54,1,2
BRDA:343,55,0,0
BRDA:343,55,1,2
BRDA:347,56,0,0
BRDA:347,56,1,2
BRDA:350,57,0,1
BRDA:350,57,1,1
BRDA:363,58,0,1
BRDA:363,58,1,0
BRDA:380,59,0,1
BRDA:380,59,1,0
BRDA:380,60,0,1
BRDA:380,60,1,1
BRDA:381,61,0,0
BRDA:381,61,1,1
BRDA:383,62,0,0
BRDA:383,62,1,1
BRDA:386,63,0,0
BRDA:386,63,1,1
BRDA:389,64,0,0
BRDA:389,64,1,1
BRDA:391,65,0,0
BRDA:391,65,1,0
BRDA:395,66,0,1
BRDA:395,66,1,0
BRDA:399,67,0,0
BRDA:399,67,1,1
BRDA:402,68,0,1
BRDA:402,68,1,0
BRDA:417,69,0,0
BRDA:417,69,1,3
BRDA:420,70,0,1
BRDA:420,70,1,2
BRDA:420,71,0,3
BRDA:420,71,1,1
BRDA:424,72,0,2
BRDA:424,72,1,0
BRDA:429,73,0,1
BRDA:429,73,1,1
BRDA:434,74,0,0
BRDA:434,74,1,1
BRDA:437,75,0,1
BRDA:437,75,1,1
BRDA:440,76,0,0
BRDA:440,76,1,1
BRDA:445,77,0,0
BRDA:445,77,1,1
BRDA:459,78,0,0
BRDA:459,78,1,3
BRDA:462,79,0,1
BRDA:462,79,1,2
BRDA:462,80,0,3
BRDA:462,80,1,1
BRDA:467,81,0,0
BRDA:467,81,1,2
BRDA:472,82,0,0
BRDA:472,82,1,2
BRDA:486,83,0,0
BRDA:486,83,1,2
BRDA:489,84,0,1
BRDA:489,84,1,1
BRDA:489,85,0,2
BRDA:489,85,1,1
BRDA:494,86,0,0
BRDA:494,86,1,1
BRDA:499,87,0,0
BRDA:499,87,1,1
BRDA:514,88,0,0
BRDA:514,88,1,0
BRDA:530,89,0,0
BRDA:530,89,1,0
BRF:178
BRH:106
end_of_record
TN:
SF:/Users/shengrong/Documents/SFMeal/SFMealWeb/api/controllers/JobController.js
FN:10,(anonymous_1)
FN:11,(anonymous_2)
FN:19,(anonymous_3)
FN:22,(anonymous_4)
FN:30,(anonymous_5)
FN:32,(anonymous_6)
FNF:6
FNH:4
FNDA:4,(anonymous_1)
FNDA:4,(anonymous_2)
FNDA:0,(anonymous_3)
FNDA:0,(anonymous_4)
FNDA:1,(anonymous_5)
FNDA:1,(anonymous_6)
DA:9,1
DA:11,4
DA:12,4
DA:13,0
DA:15,4
DA:20,0
DA:21,0
DA:22,0
DA:23,0
DA:24,0
DA:26,0
DA:31,1
DA:32,1
DA:33,1
DA:34,0
DA:36,1
LF:16
LH:8
BRDA:12,1,0,0
BRDA:12,1,1,4
BRDA:23,2,0,0
BRDA:23,2,1,0
BRDA:33,3,0,0
BRDA:33,3,1,1
BRF:6
BRH:2
end_of_record
TN:
SF:/Users/shengrong/Documents/SFMeal/SFMealWeb/api/controllers/MealController.js
FN:32,(anonymous_1)
FN:35,(anonymous_2)
FN:43,(anonymous_3)
FN:48,(anonymous_4)
FN:52,(anonymous_5)
FN:55,(anonymous_6)
FN:60,(anonymous_7)
FN:64,(anonymous_8)
FN:73,(anonymous_9)
FN:78,(anonymous_10)
FN:82,(anonymous_11)
FN:102,(anonymous_12)
FN:111,(anonymous_13)
FN:115,(anonymous_14)
FN:123,(anonymous_15)
FN:126,(anonymous_16)
FN:130,(anonymous_17)
FN:138,(anonymous_18)
FN:141,(anonymous_19)
FN:147,(anonymous_20)
FN:164,(anonymous_21)
FN:178,(anonymous_22)
FN:183,(anonymous_23)
FN:188,(anonymous_24)
FN:197,(anonymous_25)
FN:219,(anonymous_26)
FN:241,(anonymous_27)
FN:244,(anonymous_28)
FN:251,(anonymous_29)
FN:252,(anonymous_30)
FN:260,(anonymous_31)
FN:266,(anonymous_32)
FN:275,(anonymous_33)
FN:279,(anonymous_34)
FN:293,(anonymous_35)
FN:299,(anonymous_36)
FN:303,(anonymous_37)
FN:307,(anonymous_38)
FN:325,(anonymous_39)
FN:331,(anonymous_40)
FN:392,(anonymous_41)
FN:395,(anonymous_42)
FN:399,(anonymous_43)
FN:410,(anonymous_44)
FN:416,(anonymous_45)
FN:420,(anonymous_46)
FN:422,(anonymous_47)
FN:426,(anonymous_48)
FN:432,(anonymous_49)
FN:439,(anonymous_50)
FN:447,(anonymous_51)
FN:468,(anonymous_52)
FN:474,(anonymous_53)
FN:478,(anonymous_54)
FN:482,(anonymous_55)
FN:486,(anonymous_56)
FN:493,(anonymous_57)
FN:503,(anonymous_58)
FN:512,(anonymous_59)
FN:519,(anonymous_60)
FN:525,(anonymous_61)
FN:535,(anonymous_62)
FN:544,(anonymous_63)
FN:562,(anonymous_64)
FN:565,(anonymous_65)
FN:573,(anonymous_66)
FN:582,(anonymous_67)
FN:585,(anonymous_68)
FN:592,(anonymous_69)
FN:598,(anonymous_70)
FN:607,(anonymous_71)
FN:613,(anonymous_72)
FN:621,(anonymous_73)
FN:625,(anonymous_74)
FN:634,(anonymous_75)
FN:641,(anonymous_76)
FN:653,(anonymous_77)
FN:657,(anonymous_78)
FN:667,(anonymous_79)
FN:675,(anonymous_80)
FN:687,(anonymous_81)
FN:695,(anonymous_82)
FN:700,(anonymous_83)
FN:701,(anonymous_84)
FN:710,(anonymous_85)
FN:718,(anonymous_86)
FN:731,(anonymous_87)
FN:752,(anonymous_88)
FN:753,(anonymous_89)
FN:774,(anonymous_90)
FN:775,(anonymous_91)
FNF:91
FNH:61
FNDA:0,(anonymous_1)
FNDA:0,(anonymous_2)
FNDA:0,(anonymous_3)
FNDA:0,(anonymous_4)
FNDA:0,(anonymous_5)
FNDA:0,(anonymous_6)
FNDA:0,(anonymous_7)
FNDA:0,(anonymous_8)
FNDA:0,(anonymous_9)
FNDA:0,(anonymous_10)
FNDA:0,(anonymous_11)
FNDA:0,(anonymous_12)
FNDA:0,(anonymous_13)
FNDA:0,(anonymous_14)
FNDA:0,(anonymous_15)
FNDA:0,(anonymous_16)
FNDA:0,(anonymous_17)
FNDA:2,(anonymous_18)
FNDA:2,(anonymous_19)
FNDA:4,(anonymous_20)
FNDA:7,(anonymous_21)
FNDA:7,(anonymous_22)
FNDA:7,(anonymous_23)
FNDA:1,(anonymous_24)
FNDA:2,(anonymous_25)
FNDA:4,(anonymous_26)
FNDA:0,(anonymous_27)
FNDA:0,(anonymous_28)
FNDA:0,(anonymous_29)
FNDA:0,(anonymous_30)
FNDA:1,(anonymous_31)
FNDA:1,(anonymous_32)
FNDA:1,(anonymous_33)
FNDA:1,(anonymous_34)
FNDA:9,(anonymous_35)
FNDA:9,(anonymous_36)
FNDA:9,(anonymous_37)
FNDA:9,(anonymous_38)
FNDA:6,(anonymous_39)
FNDA:6,(anonymous_40)
FNDA:4,(anonymous_41)
FNDA:4,(anonymous_42)
FNDA:8,(anonymous_43)
FNDA:6,(anonymous_44)
FNDA:6,(anonymous_45)
FNDA:5,(anonymous_46)
FNDA:5,(anonymous_47)
FNDA:5,(anonymous_48)
FNDA:1,(anonymous_49)
FNDA:0,(anonymous_50)
FNDA:4,(anonymous_51)
FNDA:7,(anonymous_52)
FNDA:7,(anonymous_53)
FNDA:7,(anonymous_54)
FNDA:6,(anonymous_55)
FNDA:6,(anonymous_56)
FNDA:5,(anonymous_57)
FNDA:5,(anonymous_58)
FNDA:4,(anonymous_59)
FNDA:4,(anonymous_60)
FNDA:4,(anonymous_61)
FNDA:1,(anonymous_62)
FNDA:1,(anonymous_63)
FNDA:0,(anonymous_64)
FNDA:0,(anonymous_65)
FNDA:0,(anonymous_66)
FNDA:0,(anonymous_67)
FNDA:0,(anonymous_68)
FNDA:0,(anonymous_69)
FNDA:0,(anonymous_70)
FNDA:11,(anonymous_71)
FNDA:5,(anonymous_72)
FNDA:11,(anonymous_73)
FNDA:11,(anonymous_74)
FNDA:4,(anonymous_75)
FNDA:11,(anonymous_76)
FNDA:5,(anonymous_77)
FNDA:8,(anonymous_78)
FNDA:12,(anonymous_79)
FNDA:5,(anonymous_80)
FNDA:0,(anonymous_81)
FNDA:5,(anonymous_82)
FNDA:17,(anonymous_83)
FNDA:17,(anonymous_84)
FNDA:5,(anonymous_85)
FNDA:13,(anonymous_86)
FNDA:12,(anonymous_87)
FNDA:7,(anonymous_88)
FNDA:7,(anonymous_89)
FNDA:12,(anonymous_90)
FNDA:12,(anonymous_91)
DA:8,1
DA:9,1
DA:30,1
DA:33,0
DA:34,0
DA:35,0
DA:36,0
DA:37,0
DA:39,0
DA:44,0
DA:45,0
DA:46,0
DA:47,0
DA:48,0
DA:49,0
DA:50,0
DA:52,0
DA:53,0
DA:55,0
DA:56,0
DA:57,0
DA:60,0
DA:61,0
DA:64,0
DA:65,0
DA:66,0
DA:68,0
DA:73,0
DA:74,0
DA:75,0
DA:77,0
DA:78,0
DA:79,0
DA:80,0
DA:81,0
DA:82,0
DA:83,0
DA:84,0
DA:85,0
DA:87,0
DA:89,0
DA:90,0
DA:91,0
DA:92,0
DA:93,0
DA:94,0
DA:97,0
DA:103,0
DA:104,0
DA:105,0
DA:106,0
DA:108,0
DA:111,0
DA:112,0
DA:113,0
DA:115,0
DA:116,0
DA:118,0
DA:124,0
DA:125,0
DA:126,0
DA:127,0
DA:128,0
DA:130,0
DA:131,0
DA:133,0
DA:139,2
DA:140,2
DA:141,2
DA:142,2
DA:143,0
DA:146,2
DA:147,1
DA:148,4
DA:149,4
DA:150,4
DA:151,3
DA:152,3
DA:153,3
DA:154,3
DA:157,4
DA:160,2
DA:165,7
DA:166,7
DA:167,7
DA:168,7
DA:169,7
DA:170,7
DA:175,7
DA:176,0
DA:178,7
DA:179,7
DA:180,0
DA:183,7
DA:184,7
DA:187,7
DA:188,1
DA:189,1
DA:190,0
DA:192,1
DA:193,0
DA:195,1
DA:196,1
DA:197,1
DA:198,2
DA:199,2
DA:200,2
DA:201,4
DA:202,4
DA:203,2
DA:204,2
DA:207,2
DA:210,1
DA:211,1
DA:213,0
DA:218,6
DA:219,5
DA:220,4
DA:221,4
DA:222,4
DA:223,8
DA:224,8
DA:225,4
DA:226,4
DA:229,4
DA:232,6
DA:233,6
DA:235,0
DA:242,0
DA:243,0
DA:244,0
DA:245,0
DA:246,0
DA:248,0
DA:249,0
DA:251,0
DA:252,0
DA:253,0
DA:255,0
DA:261,1
DA:262,1
DA:263,1
DA:264,1
DA:265,1
DA:266,1
DA:267,1
DA:268,0
DA:271,1
DA:272,0
DA:275,1
DA:276,1
DA:277,0
DA:279,1
DA:280,1
DA:281,0
DA:283,1
DA:284,0
DA:286,1
DA:294,9
DA:295,9
DA:296,9
DA:297,9
DA:299,9
DA:300,9
DA:301,0
DA:303,9
DA:304,9
DA:305,0
DA:307,9
DA:308,9
DA:309,0
DA:311,9
DA:312,2
DA:313,0
DA:315,2
DA:317,7
DA:318,0
DA:319,0
DA:321,7
DA:322,1
DA:323,1
DA:325,6
DA:326,6
DA:327,0
DA:329,6
DA:330,6
DA:331,6
DA:332,6
DA:333,0
DA:335,6
DA:336,6
DA:338,0
DA:393,4
DA:394,4
DA:395,4
DA:396,4
DA:397,0
DA:399,4
DA:400,8
DA:403,4
DA:404,4
DA:406,0
DA:411,6
DA:412,6
DA:413,6
DA:415,6
DA:416,6
DA:417,6
DA:418,1
DA:420,5
DA:421,5
DA:422,5
DA:423,5
DA:424,0
DA:426,5
DA:427,5
DA:428,0
DA:430,5
DA:431,5
DA:432,1
DA:433,1
DA:434,0
DA:436,1
DA:437,1
DA:439,0
DA:440,0
DA:441,0
DA:443,0
DA:447,4
DA:448,4
DA:449,0
DA:451,4
DA:457,0
DA:458,0
DA:463,0
DA:464,0
DA:469,7
DA:470,7
DA:471,7
DA:472,7
DA:473,7
DA:474,7
DA:475,7
DA:476,0
DA:478,7
DA:479,7
DA:480,1
DA:482,6
DA:483,6
DA:484,0
DA:486,6
DA:487,6
DA:488,0
DA:490,6
DA:491,6
DA:492,5
DA:494,5
DA:495,0
DA:497,5
DA:498,5
DA:499,1
DA:501,4
DA:504,5
DA:505,1
DA:507,4
DA:508,4
DA:509,0
DA:510,0
DA:512,4
DA:513,4
DA:514,0
DA:516,4
DA:517,0
DA:519,4
DA:520,4
DA:521,0
DA:523,4
DA:524,4
DA:525,4
DA:526,4
DA:527,0
DA:529,4
DA:535,1
DA:536,1
DA:537,0
DA:539,1
DA:540,0
DA:542,1
DA:543,1
DA:544,1
DA:545,1
DA:546,0
DA:548,1
DA:557,0
DA:558,0
DA:563,0
DA:564,0
DA:565,0
DA:566,0
DA:567,0
DA:569,0
DA:570,0
DA:572,0
DA:573,0
DA:574,0
DA:575,0
DA:577,0
DA:583,0
DA:584,0
DA:585,0
DA:586,0
DA:587,0
DA:589,0
DA:590,0
DA:592,0
DA:593,0
DA:595,0
DA:597,0
DA:598,0
DA:599,0
DA:600,0
DA:602,0
DA:609,11
DA:610,1
DA:613,11
DA:614,5
DA:616,0
DA:619,11
DA:620,11
DA:622,11
DA:623,7
DA:625,4
DA:626,11
DA:627,2
DA:629,9
DA:630,9
DA:631,7
DA:633,9
DA:635,4
DA:636,0
DA:638,4
DA:642,11
DA:643,0
DA:645,11
DA:646,3
DA:648,11
DA:649,11
DA:654,5
DA:655,3
DA:657,2
DA:658,8
DA:659,8
DA:660,1
DA:661,1
DA:664,2
DA:668,12
DA:669,12
DA:670,12
DA:671,0
DA:672,0
DA:674,12
DA:675,12
DA:676,5
DA:678,0
DA:679,0
DA:682,12
DA:683,1
DA:684,1
DA:687,11
DA:688,0
DA:690,0
DA:692,11
DA:696,5
DA:697,5
DA:698,0
DA:700,5
DA:701,17
DA:702,17
DA:703,0
DA:705,17
DA:706,17
DA:708,0
DA:711,5
DA:712,0
DA:714,5
DA:719,13
DA:720,13
DA:721,13
DA:722,13
DA:723,0
DA:724,13
DA:725,0
DA:726,13
DA:727,0
DA:729,13
DA:730,13
DA:731,5
DA:732,12
DA:733,12
DA:734,12
DA:735,0
DA:736,0
DA:737,0
DA:738,12
DA:739,0
DA:740,0
DA:741,0
DA:742,12
DA:743,0
DA:744,0
DA:745,0
DA:749,13
DA:753,7
DA:754,7
DA:755,0
DA:758,7
DA:759,1
DA:760,1
DA:761,1
DA:763,0
DA:766,0
DA:769,6
DA:775,12
DA:776,12
DA:777,0
DA:779,12
DA:780,12
LF:427
LH:247
BRDA:34,1,0,0
BRDA:34,1,1,0
BRDA:36,2,0,0
BRDA:36,2,1,0
BRDA:45,3,0,0
BRDA:45,3,1,0
BRDA:45,3,2,0
BRDA:47,4,0,0
BRDA:47,4,1,0
BRDA:49,5,0,0
BRDA:49,5,1,0
BRDA:56,6,0,0
BRDA:56,6,1,0
BRDA:65,7,0,0
BRDA:65,7,1,0
BRDA:74,8,0,0
BRDA:74,8,1,0
BRDA:83,9,0,0
BRDA:83,9,1,0
BRDA:89,10,0,0
BRDA:89,10,1,0
BRDA:89,11,0,0
BRDA:89,11,1,0
BRDA:105,12,0,0
BRDA:105,12,1,0
BRDA:105,13,0,0
BRDA:105,13,1,0
BRDA:112,14,0,0
BRDA:112,14,1,0
BRDA:127,15,0,0
BRDA:127,15,1,0
BRDA:142,16,0,0
BRDA:142,16,1,2
BRDA:146,17,0,1
BRDA:146,17,1,1
BRDA:152,18,0,3
BRDA:152,18,1,0
BRDA:152,19,0,3
BRDA:152,19,1,0
BRDA:152,19,2,0
BRDA:152,19,3,0
BRDA:167,20,0,7
BRDA:167,20,1,7
BRDA:167,20,2,0
BRDA:175,21,0,0
BRDA:175,21,1,7
BRDA:179,22,0,0
BRDA:179,22,1,7
BRDA:187,23,0,1
BRDA:187,23,1,6
BRDA:187,24,0,7
BRDA:187,24,1,1
BRDA:187,24,2,1
BRDA:187,24,3,1
BRDA:187,24,4,1
BRDA:187,24,5,1
BRDA:189,25,0,0
BRDA:189,25,1,1
BRDA:192,26,0,0
BRDA:192,26,1,1
BRDA:196,27,0,1
BRDA:196,27,1,0
BRDA:202,28,0,2
BRDA:202,28,1,2
BRDA:202,29,0,4
BRDA:202,29,1,4
BRDA:202,29,2,2
BRDA:202,29,3,2
BRDA:210,30,0,1
BRDA:210,30,1,0
BRDA:218,31,0,5
BRDA:218,31,1,1
BRDA:224,32,0,4
BRDA:224,32,1,4
BRDA:224,33,0,8
BRDA:224,33,1,8
BRDA:224,33,2,4
BRDA:224,33,3,4
BRDA:232,34,0,6
BRDA:232,34,1,0
BRDA:245,35,0,0
BRDA:245,35,1,0
BRDA:248,36,0,0
BRDA:248,36,1,0
BRDA:253,37,0,0
BRDA:253,37,1,0
BRDA:263,38,0,1
BRDA:263,38,1,1
BRDA:267,39,0,0
BRDA:267,39,1,1
BRDA:271,40,0,0
BRDA:271,40,1,1
BRDA:276,41,0,0
BRDA:276,41,1,1
BRDA:280,42,0,0
BRDA:280,42,1,1
BRDA:283,43,0,0
BRDA:283,43,1,1
BRDA:300,44,0,0
BRDA:300,44,1,9
BRDA:304,45,0,0
BRDA:304,45,1,9
BRDA:308,46,0,0
BRDA:308,46,1,9
BRDA:311,47,0,2
BRDA:311,47,1,7
BRDA:311,48,0,9
BRDA:311,48,1,8
BRDA:312,49,0,0
BRDA:312,49,1,2
BRDA:317,50,0,0
BRDA:317,50,1,7
BRDA:321,51,0,1
BRDA:321,51,1,6
BRDA:326,52,0,0
BRDA:326,52,1,6
BRDA:332,53,0,0
BRDA:332,53,1,6
BRDA:335,54,0,6
BRDA:335,54,1,0
BRDA:335,55,0,6
BRDA:335,55,1,5
BRDA:393,56,0,4
BRDA:393,56,1,4
BRDA:393,56,2,4
BRDA:396,57,0,0
BRDA:396,57,1,4
BRDA:403,58,0,4
BRDA:403,58,1,0
BRDA:411,59,0,0
BRDA:411,59,1,6
BRDA:415,60,0,6
BRDA:415,60,1,0
BRDA:417,61,0,1
BRDA:417,61,1,5
BRDA:421,62,0,5
BRDA:421,62,1,0
BRDA:423,63,0,0
BRDA:423,63,1,5
BRDA:427,64,0,0
BRDA:427,64,1,5
BRDA:431,65,0,1
BRDA:431,65,1,4
BRDA:433,66,0,0
BRDA:433,66,1,1
BRDA:436,67,0,1
BRDA:436,67,1,0
BRDA:436,68,0,1
BRDA:436,68,1,0
BRDA:440,69,0,0
BRDA:440,69,1,0
BRDA:448,70,0,0
BRDA:448,70,1,4
BRDA:470,71,0,0
BRDA:470,71,1,7
BRDA:473,72,0,7
BRDA:473,72,1,0
BRDA:475,73,0,0
BRDA:475,73,1,7
BRDA:479,74,0,1
BRDA:479,74,1,6
BRDA:483,75,0,0
BRDA:483,75,1,6
BRDA:487,76,0,0
BRDA:487,76,1,6
BRDA:491,77,0,5
BRDA:491,77,1,1
BRDA:494,78,0,0
BRDA:494,78,1,5
BRDA:494,79,0,5
BRDA:494,79,1,3
BRDA:498,80,0,1
BRDA:498,80,1,4
BRDA:504,81,0,1
BRDA:504,81,1,4
BRDA:508,82,0,0
BRDA:508,82,1,4
BRDA:513,83,0,0
BRDA:513,83,1,4
BRDA:516,84,0,0
BRDA:516,84,1,4
BRDA:520,85,0,0
BRDA:520,85,1,4
BRDA:526,86,0,0
BRDA:526,86,1,4
BRDA:536,87,0,0
BRDA:536,87,1,1
BRDA:539,88,0,0
BRDA:539,88,1,1
BRDA:545,89,0,0
BRDA:545,89,1,1
BRDA:566,90,0,0
BRDA:566,90,1,0
BRDA:569,91,0,0
BRDA:569,91,1,0
BRDA:574,92,0,0
BRDA:574,92,1,0
BRDA:586,93,0,0
BRDA:586,93,1,0
BRDA:589,94,0,0
BRDA:589,94,1,0
BRDA:592,95,0,0
BRDA:592,95,1,0
BRDA:599,96,0,0
BRDA:599,96,1,0
BRDA:609,97,0,1
BRDA:609,97,1,10
BRDA:613,98,0,0
BRDA:613,98,1,11
BRDA:613,99,0,11
BRDA:613,99,1,5
BRDA:613,99,2,3
BRDA:613,99,3,3
BRDA:613,99,4,3
BRDA:622,100,0,7
BRDA:622,100,1,4
BRDA:626,101,0,2
BRDA:626,101,1,9
BRDA:630,102,0,7
BRDA:630,102,1,2
BRDA:635,103,0,0
BRDA:635,103,1,4
BRDA:642,104,0,0
BRDA:642,104,1,11
BRDA:645,105,0,3
BRDA:645,105,1,8
BRDA:654,106,0,3
BRDA:654,106,1,2
BRDA:658,107,0,8
BRDA:658,107,1,3
BRDA:659,108,0,1
BRDA:659,108,1,7
BRDA:670,109,0,0
BRDA:670,109,1,12
BRDA:670,110,0,12
BRDA:670,110,1,1
BRDA:675,111,0,0
BRDA:675,111,1,12
BRDA:675,112,0,12
BRDA:675,112,1,5
BRDA:675,112,2,3
BRDA:682,113,0,1
BRDA:682,113,1,11
BRDA:682,114,0,12
BRDA:682,114,1,7
BRDA:687,115,0,0
BRDA:687,115,1,11
BRDA:687,116,0,11
BRDA:687,116,1,6
BRDA:687,116,2,0
BRDA:697,117,0,0
BRDA:697,117,1,5
BRDA:702,118,0,0
BRDA:702,118,1,17
BRDA:705,119,0,17
BRDA:705,119,1,0
BRDA:711,120,0,0
BRDA:711,120,1,5
BRDA:722,121,0,0
BRDA:722,121,1,13
BRDA:724,122,0,0
BRDA:724,122,1,13
BRDA:726,123,0,0
BRDA:726,123,1,13
BRDA:730,124,0,5
BRDA:730,124,1,8
BRDA:734,125,0,0
BRDA:734,125,1,12
BRDA:738,126,0,0
BRDA:738,126,1,12
BRDA:742,127,0,0
BRDA:742,127,1,12
BRDA:742,128,0,12
BRDA:742,128,1,0
BRDA:754,129,0,0
BRDA:754,129,1,7
BRDA:758,130,0,1
BRDA:758,130,1,6
BRDA:759,131,0,1
BRDA:759,131,1,0
BRDA:760,132,0,1
BRDA:760,132,1,0
BRDA:760,133,0,1
BRDA:760,133,1,1
BRDA:760,133,2,1
BRDA:760,133,3,0
BRDA:760,133,4,0
BRDA:776,134,0,0
BRDA:776,134,1,12
BRF:289
BRH:161
end_of_record
TN:
SF:/Users/shengrong/Documents/SFMeal/SFMealWeb/api/controllers/NotificationController.js
FN:10,(anonymous_1)
FN:16,(anonymous_2)
FNF:2
FNH:0
FNDA:0,(anonymous_1)
FNDA:0,(anonymous_2)
DA:8,1
DA:9,1
DA:11,0
DA:12,0
DA:13,0
DA:14,0
DA:16,0
DA:17,0
DA:18,0
DA:20,0
LF:10
LH:2
BRDA:13,1,0,0
BRDA:13,1,1,0
BRDA:13,2,0,0
BRDA:13,2,1,0
BRDA:17,3,0,0
BRDA:17,3,1,0
BRF:6
BRH:0
end_of_record
TN:
SF:/Users/shengrong/Documents/SFMeal/SFMealWeb/api/controllers/OrderController.js
FN:41,(anonymous_1)
FN:60,(anonymous_2)
FN:65,(anonymous_3)
FN:71,(anonymous_4)
FN:73,(anonymous_5)
FN:90,(anonymous_6)
FN:96,(anonymous_7)
FN:111,(anonymous_8)
FN:131,(anonymous_9)
FN:160,(anonymous_10)
FN:162,(anonymous_11)
FN:168,(anonymous_12)
FN:176,(anonymous_13)
FN:180,(anonymous_14)
FN:222,(anonymous_15)
FN:226,(anonymous_16)
FN:237,(anonymous_17)
FN:257,(anonymous_18)
FN:264,(anonymous_19)
FN:274,(anonymous_20)
FN:288,(anonymous_21)
FN:292,(anonymous_22)
FN:296,(anonymous_23)
FN:317,(anonymous_24)
FN:333,(anonymous_25)
FN:339,(anonymous_26)
FN:346,(anonymous_27)
FN:368,(anonymous_28)
FN:370,(anonymous_29)
FN:389,(anonymous_30)
FN:394,(anonymous_31)
FN:399,(anonymous_32)
FN:403,(anonymous_33)
FN:420,(anonymous_34)
FN:424,(anonymous_35)
FN:453,(anonymous_36)
FN:457,(anonymous_37)
FN:465,(anonymous_38)
FN:474,(anonymous_39)
FN:482,(anonymous_40)
FN:500,(anonymous_41)
FN:525,(anonymous_42)
FN:531,(anonymous_43)
FN:542,(anonymous_44)
FN:558,(anonymous_45)
FN:573,(anonymous_46)
FN:577,(anonymous_47)
FN:583,(anonymous_48)
FN:587,(anonymous_49)
FN:596,(anonymous_50)
FN:609,(anonymous_51)
FN:616,(anonymous_52)
FN:632,(anonymous_53)
FN:649,(anonymous_54)
FN:652,(anonymous_55)
FN:662,(anonymous_56)
FN:667,(anonymous_57)
FN:677,(anonymous_58)
FN:679,(anonymous_59)
FN:687,(anonymous_60)
FN:690,(anonymous_61)
FN:696,(anonymous_62)
FN:701,(anonymous_63)
FN:712,(anonymous_64)
FN:719,(anonymous_65)
FN:737,(anonymous_66)
FN:742,(anonymous_67)
FN:745,(anonymous_68)
FN:751,(anonymous_69)
FN:757,(anonymous_70)
FN:760,(anonymous_71)
FN:767,(anonymous_72)
FN:773,(anonymous_73)
FN:785,(anonymous_74)
FN:791,(anonymous_75)
FN:803,(anonymous_76)
FN:822,(anonymous_77)
FN:828,(anonymous_78)
FN:839,(anonymous_79)
FN:861,(anonymous_80)
FN:866,(anonymous_81)
FN:880,(anonymous_82)
FN:898,(anonymous_83)
FN:914,(anonymous_84)
FN:918,(anonymous_85)
FN:924,(anonymous_86)
FN:928,(anonymous_87)
FN:940,(anonymous_88)
FN:956,(anonymous_89)
FN:968,(anonymous_90)
FN:984,(anonymous_91)
FN:989,(anonymous_92)
FN:995,(anonymous_93)
FN:1001,(anonymous_94)
FN:1006,(anonymous_95)
FN:1009,(anonymous_96)
FN:1016,(anonymous_97)
FN:1021,(anonymous_98)
FN:1035,(anonymous_99)
FN:1040,(anonymous_100)
FN:1052,(anonymous_101)
FN:1058,(anonymous_102)
FN:1066,(anonymous_103)
FN:1079,(anonymous_104)
FN:1082,(anonymous_105)
FN:1087,(anonymous_106)
FN:1101,(anonymous_107)
FN:1104,(anonymous_108)
FN:1109,(anonymous_109)
FN:1112,(anonymous_110)
FN:1122,(anonymous_111)
FN:1124,(anonymous_112)
FN:1132,(anonymous_113)
FN:1133,(anonymous_114)
FN:1141,(anonymous_115)
FN:1142,(anonymous_116)
FN:1152,(anonymous_117)
FNF:117
FNH:109
FNDA:17,(anonymous_1)
FNDA:68,(anonymous_2)
FNDA:152,(anonymous_3)
FNDA:2,(anonymous_4)
FNDA:2,(anonymous_5)
FNDA:38,(anonymous_6)
FNDA:17,(anonymous_7)
FNDA:14,(anonymous_8)
FNDA:5,(anonymous_9)
FNDA:8,(anonymous_10)
FNDA:32,(anonymous_11)
FNDA:8,(anonymous_12)
FNDA:7,(anonymous_13)
FNDA:0,(anonymous_14)
FNDA:7,(anonymous_15)
FNDA:3,(anonymous_16)
FNDA:2,(anonymous_17)
FNDA:6,(anonymous_18)
FNDA:2,(anonymous_19)
FNDA:14,(anonymous_20)
FNDA:14,(anonymous_21)
FNDA:14,(anonymous_22)
FNDA:9,(anonymous_23)
FNDA:7,(anonymous_24)
FNDA:7,(anonymous_25)
FNDA:6,(anonymous_26)
FNDA:6,(anonymous_27)
FNDA:6,(anonymous_28)
FNDA:0,(anonymous_29)
FNDA:6,(anonymous_30)
FNDA:1,(anonymous_31)
FNDA:1,(anonymous_32)
FNDA:1,(anonymous_33)
FNDA:5,(anonymous_34)
FNDA:5,(anonymous_35)
FNDA:0,(anonymous_36)
FNDA:0,(anonymous_37)
FNDA:9,(anonymous_38)
FNDA:9,(anonymous_39)
FNDA:8,(anonymous_40)
FNDA:2,(anonymous_41)
FNDA:1,(anonymous_42)
FNDA:1,(anonymous_43)
FNDA:1,(anonymous_44)
FNDA:1,(anonymous_45)
FNDA:1,(anonymous_46)
FNDA:1,(anonymous_47)
FNDA:1,(anonymous_48)
FNDA:1,(anonymous_49)
FNDA:1,(anonymous_50)
FNDA:1,(anonymous_51)
FNDA:1,(anonymous_52)
FNDA:4,(anonymous_53)
FNDA:2,(anonymous_54)
FNDA:2,(anonymous_55)
FNDA:1,(anonymous_56)
FNDA:1,(anonymous_57)
FNDA:2,(anonymous_58)
FNDA:2,(anonymous_59)
FNDA:2,(anonymous_60)
FNDA:2,(anonymous_61)
FNDA:2,(anonymous_62)
FNDA:1,(anonymous_63)
FNDA:4,(anonymous_64)
FNDA:4,(anonymous_65)
FNDA:1,(anonymous_66)
FNDA:2,(anonymous_67)
FNDA:2,(anonymous_68)
FNDA:1,(anonymous_69)
FNDA:4,(anonymous_70)
FNDA:1,(anonymous_71)
FNDA:1,(anonymous_72)
FNDA:1,(anonymous_73)
FNDA:0,(anonymous_74)
FNDA:0,(anonymous_75)
FNDA:2,(anonymous_76)
FNDA:4,(anonymous_77)
FNDA:4,(anonymous_78)
FNDA:2,(anonymous_79)
FNDA:1,(anonymous_80)
FNDA:1,(anonymous_81)
FNDA:1,(anonymous_82)
FNDA:2,(anonymous_83)
FNDA:1,(anonymous_84)
FNDA:1,(anonymous_85)
FNDA:1,(anonymous_86)
FNDA:1,(anonymous_87)
FNDA:1,(anonymous_88)
FNDA:1,(anonymous_89)
FNDA:1,(anonymous_90)
FNDA:1,(anonymous_91)
FNDA:2,(anonymous_92)
FNDA:2,(anonymous_93)
FNDA:1,(anonymous_94)
FNDA:4,(anonymous_95)
FNDA:1,(anonymous_96)
FNDA:1,(anonymous_97)
FNDA:1,(anonymous_98)
FNDA:0,(anonymous_99)
FNDA:0,(anonymous_100)
FNDA:2,(anonymous_101)
FNDA:2,(anonymous_102)
FNDA:2,(anonymous_103)
FNDA:1,(anonymous_104)
FNDA:1,(anonymous_105)
FNDA:1,(anonymous_106)
FNDA:1,(anonymous_107)
FNDA:1,(anonymous_108)
FNDA:4,(anonymous_109)
FNDA:1,(anonymous_110)
FNDA:1,(anonymous_111)
FNDA:1,(anonymous_112)
FNDA:2,(anonymous_113)
FNDA:2,(anonymous_114)
FNDA:3,(anonymous_115)
FNDA:3,(anonymous_116)
FNDA:12,(anonymous_117)
DA:8,1
DA:9,1
DA:10,1
DA:11,1
DA:12,1
DA:13,1
DA:39,1
DA:42,17
DA:43,17
DA:44,17
DA:45,0
DA:47,17
DA:48,0
DA:51,17
DA:52,0
DA:55,17
DA:57,17
DA:58,17
DA:60,17
DA:61,68
DA:62,68
DA:63,68
DA:64,68
DA:65,38
DA:66,152
DA:67,38
DA:68,0
DA:70,38
DA:71,38
DA:72,2
DA:73,2
DA:74,2
DA:75,2
DA:76,2
DA:78,0
DA:81,0
DA:83,38
DA:84,38
DA:85,3
DA:87,35
DA:89,149
DA:91,38
DA:94,30
DA:97,17
DA:98,2
DA:101,15
DA:103,15
DA:104,1
DA:105,1
DA:107,14
DA:112,14
DA:113,14
DA:114,5
DA:115,9
DA:116,9
DA:117,1
DA:119,8
DA:120,8
DA:121,8
DA:122,2
DA:124,6
DA:125,6
DA:126,0
DA:128,6
DA:129,1
DA:131,5
DA:132,5
DA:133,0
DA:134,0
DA:136,5
DA:137,5
DA:138,1
DA:139,1
DA:141,4
DA:144,0
DA:145,0
DA:146,0
DA:148,0
DA:149,0
DA:150,0
DA:152,0
DA:153,0
DA:154,0
DA:156,0
DA:161,8
DA:162,8
DA:163,32
DA:164,32
DA:165,32
DA:167,8
DA:168,8
DA:169,8
DA:170,0
DA:172,8
DA:177,7
DA:178,7
DA:179,0
DA:180,0
DA:181,0
DA:182,0
DA:183,0
DA:187,7
DA:188,2
DA:189,0
DA:191,2
DA:194,5
DA:197,7
DA:198,5
DA:199,0
DA:201,5
DA:202,5
DA:203,0
DA:207,7
DA:208,1
DA:209,0
DA:211,1
DA:212,1
DA:213,0
DA:217,7
DA:218,7
DA:219,7
DA:223,7
DA:224,4
DA:226,3
DA:227,3
DA:228,0
DA:230,3
DA:231,0
DA:233,3
DA:234,0
DA:236,3
DA:237,3
DA:238,2
DA:240,3
DA:241,1
DA:243,2
DA:244,2
DA:246,2
DA:247,2
DA:249,0
DA:250,0
DA:252,2
DA:253,2
DA:258,6
DA:259,4
DA:261,2
DA:262,2
DA:263,2
DA:264,2
DA:265,2
DA:266,0
DA:268,2
DA:269,2
DA:270,2
DA:276,14
DA:277,14
DA:278,14
DA:279,14
DA:280,14
DA:281,14
DA:282,14
DA:283,14
DA:284,14
DA:286,14
DA:288,14
DA:289,14
DA:290,0
DA:292,14
DA:293,14
DA:294,5
DA:296,9
DA:297,9
DA:298,2
DA:299,2
DA:302,7
DA:303,7
DA:304,0
DA:307,7
DA:308,7
DA:309,7
DA:310,7
DA:311,7
DA:312,7
DA:313,7
DA:314,7
DA:315,7
DA:317,7
DA:318,7
DA:319,0
DA:321,7
DA:322,0
DA:324,7
DA:325,2
DA:327,7
DA:328,0
DA:330,7
DA:333,7
DA:334,7
DA:335,1
DA:338,6
DA:339,6
DA:340,6
DA:341,0
DA:343,6
DA:344,2
DA:346,6
DA:347,6
DA:348,0
DA:350,6
DA:369,6
DA:370,0
DA:371,0
DA:372,0
DA:374,0
DA:376,6
DA:378,6
DA:379,6
DA:380,24
DA:381,24
DA:382,24
DA:384,6
DA:385,6
DA:386,6
DA:387,6
DA:389,6
DA:390,6
DA:391,0
DA:393,6
DA:394,1
DA:395,1
DA:396,0
DA:398,1
DA:399,1
DA:400,1
DA:401,0
DA:403,1
DA:404,1
DA:405,0
DA:407,1
DA:408,1
DA:409,1
DA:411,1
DA:412,1
DA:414,0
DA:419,5
DA:420,5
DA:421,5
DA:422,0
DA:424,5
DA:425,5
DA:426,0
DA:428,5
DA:429,5
DA:430,5
DA:432,5
DA:433,5
DA:435,0
DA:441,0
DA:454,0
DA:455,0
DA:456,0
DA:457,0
DA:458,0
DA:459,0
DA:461,0
DA:466,9
DA:467,9
DA:468,9
DA:469,9
DA:470,9
DA:471,9
DA:472,9
DA:473,9
DA:474,9
DA:475,9
DA:476,0
DA:478,9
DA:479,1
DA:481,8
DA:482,8
DA:483,8
DA:484,1
DA:485,1
DA:487,7
DA:488,7
DA:489,1
DA:491,7
DA:494,3
DA:495,3
DA:497,3
DA:499,3
DA:500,2
DA:501,2
DA:502,0
DA:504,2
DA:505,0
DA:507,2
DA:509,1
DA:526,1
DA:527,0
DA:528,0
DA:530,1
DA:531,1
DA:532,1
DA:533,0
DA:535,1
DA:536,1
DA:537,1
DA:538,1
DA:539,1
DA:540,1
DA:541,1
DA:542,1
DA:543,1
DA:544,0
DA:547,1
DA:548,1
DA:554,1
DA:555,1
DA:556,1
DA:557,1
DA:558,1
DA:559,1
DA:560,1
DA:561,1
DA:562,1
DA:563,1
DA:564,1
DA:565,0
DA:566,0
DA:567,0
DA:568,0
DA:573,1
DA:574,1
DA:578,1
DA:579,0
DA:581,1
DA:584,1
DA:585,0
DA:587,1
DA:588,1
DA:589,0
DA:591,1
DA:592,1
DA:593,1
DA:594,1
DA:595,1
DA:596,1
DA:597,1
DA:598,0
DA:601,1
DA:602,1
DA:609,1
DA:610,1
DA:611,0
DA:613,1
DA:614,1
DA:615,1
DA:616,1
DA:617,1
DA:618,0
DA:620,1
DA:621,1
DA:625,4
DA:626,4
DA:627,4
DA:628,4
DA:629,4
DA:630,4
DA:631,4
DA:632,4
DA:633,4
DA:634,0
DA:637,4
DA:638,4
DA:639,3
DA:641,1
DA:650,2
DA:651,2
DA:652,2
DA:653,2
DA:654,0
DA:656,2
DA:657,1
DA:660,1
DA:661,1
DA:662,1
DA:663,1
DA:664,0
DA:666,1
DA:667,1
DA:668,1
DA:669,0
DA:671,1
DA:678,2
DA:679,2
DA:680,2
DA:681,0
DA:683,2
DA:684,0
DA:686,2
DA:687,2
DA:688,2
DA:691,2
DA:692,1
DA:694,1
DA:697,2
DA:698,1
DA:700,1
DA:701,1
DA:702,1
DA:703,0
DA:705,1
DA:713,4
DA:714,4
DA:715,4
DA:716,4
DA:717,4
DA:718,4
DA:719,4
DA:720,4
DA:721,0
DA:724,4
DA:725,1
DA:728,3
DA:729,3
DA:730,0
DA:733,3
DA:735,1
DA:736,1
DA:737,1
DA:738,1
DA:739,0
DA:741,1
DA:742,1
DA:743,2
DA:746,2
DA:747,0
DA:749,2
DA:752,1
DA:753,0
DA:754,0
DA:756,1
DA:757,1
DA:758,4
DA:760,1
DA:761,1
DA:762,0
DA:764,1
DA:765,1
DA:766,1
DA:767,1
DA:768,1
DA:769,0
DA:772,1
DA:773,1
DA:774,1
DA:775,0
DA:777,1
DA:784,0
DA:785,0
DA:786,0
DA:787,0
DA:790,0
DA:791,0
DA:792,0
DA:793,0
DA:795,0
DA:799,2
DA:800,2
DA:801,2
DA:802,2
DA:803,2
DA:804,2
DA:805,0
DA:808,2
DA:812,2
DA:813,2
DA:815,0
DA:823,4
DA:824,4
DA:825,4
DA:826,4
DA:827,4
DA:828,4
DA:829,4
DA:830,0
DA:832,4
DA:833,3
DA:834,3
DA:835,3
DA:836,3
DA:837,3
DA:838,3
DA:839,2
DA:840,2
DA:841,0
DA:843,2
DA:845,1
DA:862,1
DA:863,0
DA:865,1
DA:866,1
DA:867,1
DA:868,0
DA:870,1
DA:871,1
DA:872,1
DA:873,1
DA:874,1
DA:875,1
DA:876,1
DA:877,1
DA:878,1
DA:879,1
DA:880,1
DA:881,1
DA:882,0
DA:884,1
DA:885,1
DA:886,0
DA:888,1
DA:895,1
DA:896,1
DA:897,1
DA:898,1
DA:899,2
DA:900,1
DA:901,1
DA:902,1
DA:903,1
DA:904,1
DA:905,1
DA:906,0
DA:907,0
DA:908,0
DA:909,0
DA:914,1
DA:915,1
DA:919,1
DA:920,0
DA:922,1
DA:925,1
DA:926,0
DA:928,1
DA:929,1
DA:930,0
DA:932,1
DA:933,1
DA:934,1
DA:935,1
DA:936,1
DA:937,1
DA:938,1
DA:939,1
DA:940,1
DA:941,1
DA:942,0
DA:944,1
DA:945,1
DA:946,0
DA:948,1
DA:956,1
DA:957,1
DA:958,0
DA:960,1
DA:961,1
DA:962,1
DA:963,1
DA:964,1
DA:965,1
DA:966,1
DA:967,1
DA:968,1
DA:969,1
DA:970,0
DA:972,1
DA:973,1
DA:974,0
DA:976,1
DA:981,1
DA:982,1
DA:983,1
DA:984,1
DA:985,1
DA:986,0
DA:988,1
DA:989,1
DA:990,2
DA:991,0
DA:993,2
DA:996,2
DA:997,0
DA:999,2
DA:1002,1
DA:1003,0
DA:1005,1
DA:1006,1
DA:1007,4
DA:1009,1
DA:1010,1
DA:1011,0
DA:1013,1
DA:1014,1
DA:1015,1
DA:1016,1
DA:1017,1
DA:1018,0
DA:1020,1
DA:1021,1
DA:1022,1
DA:1023,0
DA:1025,1
DA:1032,0
DA:1033,0
DA:1034,0
DA:1035,0
DA:1036,0
DA:1037,0
DA:1039,0
DA:1040,0
DA:1044,0
DA:1053,2
DA:1054,2
DA:1055,2
DA:1056,2
DA:1057,2
DA:1058,2
DA:1059,2
DA:1060,0
DA:1062,2
DA:1063,2
DA:1064,2
DA:1065,2
DA:1066,2
DA:1067,2
DA:1068,0
DA:1070,2
DA:1074,2
DA:1080,1
DA:1081,1
DA:1082,1
DA:1083,1
DA:1084,0
DA:1086,1
DA:1087,1
DA:1088,1
DA:1089,0
DA:1091,1
DA:1092,1
DA:1093,1
DA:1095,0
DA:1102,1
DA:1103,1
DA:1104,1
DA:1105,1
DA:1106,0
DA:1108,1
DA:1109,1
DA:1110,4
DA:1112,1
DA:1113,1
DA:1114,0
DA:1116,1
DA:1117,1
DA:1123,1
DA:1124,1
DA:1125,1
DA:1126,0
DA:1128,1
DA:1133,2
DA:1134,2
DA:1135,0
DA:1137,2
DA:1142,3
DA:1143,3
DA:1144,0
DA:1145,0
DA:1147,3
DA:1148,3
DA:1153,12
DA:1154,12
LF:682
LH:530
BRDA:44,1,0,0
BRDA:44,1,1,17
BRDA:44,2,0,17
BRDA:44,2,1,17
BRDA:47,3,0,0
BRDA:47,3,1,17
BRDA:47,4,0,17
BRDA:47,4,1,17
BRDA:47,4,2,17
BRDA:51,5,0,0
BRDA:51,5,1,17
BRDA:62,6,0,68
BRDA:62,6,1,0
BRDA:63,7,0,32
BRDA:63,7,1,36
BRDA:64,8,0,38
BRDA:64,8,1,30
BRDA:64,9,0,68
BRDA:64,9,1,39
BRDA:66,10,0,38
BRDA:66,10,1,114
BRDA:67,11,0,0
BRDA:67,11,1,38
BRDA:71,12,0,0
BRDA:71,12,1,38
BRDA:71,13,0,38
BRDA:71,13,1,2
BRDA:71,13,2,2
BRDA:74,14,0,2
BRDA:74,14,1,0
BRDA:84,15,0,3
BRDA:84,15,1,35
BRDA:97,16,0,2
BRDA:97,16,1,15
BRDA:103,17,0,1
BRDA:103,17,1,14
BRDA:113,18,0,5
BRDA:113,18,1,9
BRDA:115,19,0,9
BRDA:115,19,1,0
BRDA:116,20,0,1
BRDA:116,20,1,8
BRDA:121,21,0,2
BRDA:121,21,1,6
BRDA:125,22,0,0
BRDA:125,22,1,6
BRDA:128,23,0,1
BRDA:128,23,1,5
BRDA:132,24,0,0
BRDA:132,24,1,5
BRDA:137,25,0,1
BRDA:137,25,1,4
BRDA:144,26,0,0
BRDA:144,26,1,0
BRDA:148,27,0,0
BRDA:148,27,1,0
BRDA:148,28,0,0
BRDA:148,28,1,0
BRDA:152,29,0,0
BRDA:152,29,1,0
BRDA:169,30,0,0
BRDA:169,30,1,8
BRDA:178,31,0,0
BRDA:178,31,1,7
BRDA:181,32,0,0
BRDA:181,32,1,0
BRDA:187,33,0,2
BRDA:187,33,1,5
BRDA:188,34,0,0
BRDA:188,34,1,2
BRDA:197,35,0,5
BRDA:197,35,1,2
BRDA:198,36,0,0
BRDA:198,36,1,5
BRDA:198,37,0,5
BRDA:198,37,1,5
BRDA:198,37,2,5
BRDA:202,38,0,0
BRDA:202,38,1,5
BRDA:202,39,0,5
BRDA:202,39,1,5
BRDA:207,40,0,1
BRDA:207,40,1,6
BRDA:207,41,0,7
BRDA:207,41,1,2
BRDA:208,42,0,0
BRDA:208,42,1,1
BRDA:208,43,0,1
BRDA:208,43,1,1
BRDA:208,43,2,1
BRDA:212,44,0,0
BRDA:212,44,1,1
BRDA:212,45,0,1
BRDA:212,45,1,1
BRDA:223,46,0,4
BRDA:223,46,1,3
BRDA:227,47,0,0
BRDA:227,47,1,3
BRDA:230,48,0,0
BRDA:230,48,1,3
BRDA:233,49,0,0
BRDA:233,49,1,3
BRDA:240,50,0,1
BRDA:240,50,1,2
BRDA:244,51,0,2
BRDA:244,51,1,0
BRDA:258,52,0,4
BRDA:258,52,1,2
BRDA:262,53,0,1
BRDA:262,53,1,1
BRDA:265,54,0,0
BRDA:265,54,1,2
BRDA:289,55,0,0
BRDA:289,55,1,14
BRDA:293,56,0,5
BRDA:293,56,1,9
BRDA:297,57,0,2
BRDA:297,57,1,7
BRDA:303,58,0,0
BRDA:303,58,1,7
BRDA:303,59,0,7
BRDA:303,59,1,0
BRDA:318,60,0,0
BRDA:318,60,1,7
BRDA:321,61,0,0
BRDA:321,61,1,7
BRDA:321,62,0,7
BRDA:321,62,1,7
BRDA:324,63,0,2
BRDA:324,63,1,5
BRDA:327,64,0,0
BRDA:327,64,1,7
BRDA:327,65,0,7
BRDA:327,65,1,7
BRDA:330,66,0,7
BRDA:330,66,1,0
BRDA:334,67,0,1
BRDA:334,67,1,6
BRDA:340,68,0,0
BRDA:340,68,1,6
BRDA:343,69,0,2
BRDA:343,69,1,4
BRDA:347,70,0,0
BRDA:347,70,1,6
BRDA:365,71,0,6
BRDA:365,71,1,4
BRDA:369,72,0,0
BRDA:369,72,1,6
BRDA:371,73,0,0
BRDA:371,73,1,0
BRDA:376,74,0,6
BRDA:376,74,1,0
BRDA:390,75,0,0
BRDA:390,75,1,6
BRDA:393,76,0,1
BRDA:393,76,1,5
BRDA:393,77,0,6
BRDA:393,77,1,2
BRDA:395,78,0,0
BRDA:395,78,1,1
BRDA:400,79,0,0
BRDA:400,79,1,1
BRDA:404,80,0,0
BRDA:404,80,1,1
BRDA:411,81,0,1
BRDA:411,81,1,0
BRDA:421,82,0,0
BRDA:421,82,1,5
BRDA:425,83,0,0
BRDA:425,83,1,5
BRDA:432,84,0,5
BRDA:432,84,1,0
BRDA:458,85,0,0
BRDA:458,85,1,0
BRDA:467,86,0,1
BRDA:467,86,1,8
BRDA:467,87,0,1
BRDA:467,87,1,1
BRDA:475,88,0,0
BRDA:475,88,1,9
BRDA:478,89,0,1
BRDA:478,89,1,8
BRDA:483,90,0,1
BRDA:483,90,1,7
BRDA:488,91,0,1
BRDA:488,91,1,6
BRDA:491,92,0,3
BRDA:491,92,1,4
BRDA:499,93,0,2
BRDA:499,93,1,1
BRDA:501,94,0,0
BRDA:501,94,1,2
BRDA:504,95,0,0
BRDA:504,95,1,2
BRDA:504,96,0,2
BRDA:504,96,1,2
BRDA:507,97,0,1
BRDA:507,97,1,1
BRDA:526,98,0,0
BRDA:526,98,1,1
BRDA:530,99,0,1
BRDA:530,99,1,0
BRDA:532,100,0,0
BRDA:532,100,1,1
BRDA:543,101,0,0
BRDA:543,101,1,1
BRDA:559,102,0,1
BRDA:559,102,1,0
BRDA:561,103,0,1
BRDA:561,103,1,0
BRDA:565,104,0,0
BRDA:565,104,1,0
BRDA:578,105,0,0
BRDA:578,105,1,1
BRDA:584,106,0,0
BRDA:584,106,1,1
BRDA:588,107,0,0
BRDA:588,107,1,1
BRDA:597,108,0,0
BRDA:597,108,1,1
BRDA:610,109,0,0
BRDA:610,109,1,1
BRDA:617,110,0,0
BRDA:617,110,1,1
BRDA:625,111,0,4
BRDA:625,111,1,0
BRDA:633,112,0,0
BRDA:633,112,1,4
BRDA:638,113,0,3
BRDA:638,113,1,1
BRDA:653,114,0,0
BRDA:653,114,1,2
BRDA:656,115,0,1
BRDA:656,115,1,1
BRDA:656,116,0,2
BRDA:656,116,1,2
BRDA:663,117,0,0
BRDA:663,117,1,1
BRDA:668,118,0,0
BRDA:668,118,1,1
BRDA:680,119,0,0
BRDA:680,119,1,2
BRDA:683,120,0,0
BRDA:683,120,1,2
BRDA:683,121,0,2
BRDA:683,121,1,2
BRDA:691,122,0,1
BRDA:691,122,1,1
BRDA:697,123,0,1
BRDA:697,123,1,1
BRDA:702,124,0,0
BRDA:702,124,1,1
BRDA:714,125,0,0
BRDA:714,125,1,4
BRDA:714,126,0,0
BRDA:714,126,1,0
BRDA:720,127,0,0
BRDA:720,127,1,4
BRDA:724,128,0,1
BRDA:724,128,1,3
BRDA:729,129,0,0
BRDA:729,129,1,3
BRDA:733,130,0,1
BRDA:733,130,1,2
BRDA:736,131,0,1
BRDA:736,131,1,0
BRDA:738,132,0,0
BRDA:738,132,1,1
BRDA:738,133,0,1
BRDA:738,133,1,1
BRDA:738,133,2,1
BRDA:746,134,0,0
BRDA:746,134,1,2
BRDA:752,135,0,0
BRDA:752,135,1,1
BRDA:761,136,0,0
BRDA:761,136,1,1
BRDA:768,137,0,0
BRDA:768,137,1,1
BRDA:774,138,0,0
BRDA:774,138,1,1
BRDA:786,139,0,0
BRDA:786,139,1,0
BRDA:792,140,0,0
BRDA:792,140,1,0
BRDA:799,141,0,2
BRDA:799,141,1,0
BRDA:804,142,0,0
BRDA:804,142,1,2
BRDA:812,143,0,2
BRDA:812,143,1,0
BRDA:829,144,0,0
BRDA:829,144,1,4
BRDA:832,145,0,3
BRDA:832,145,1,1
BRDA:838,146,0,2
BRDA:838,146,1,1
BRDA:840,147,0,0
BRDA:840,147,1,2
BRDA:840,148,0,2
BRDA:840,148,1,2
BRDA:840,148,2,2
BRDA:843,149,0,1
BRDA:843,149,1,1
BRDA:862,150,0,0
BRDA:862,150,1,1
BRDA:865,151,0,1
BRDA:865,151,1,0
BRDA:867,152,0,0
BRDA:867,152,1,1
BRDA:881,153,0,0
BRDA:881,153,1,1
BRDA:885,154,0,0
BRDA:885,154,1,1
BRDA:899,155,0,1
BRDA:899,155,1,1
BRDA:901,156,0,1
BRDA:901,156,1,0
BRDA:902,157,0,1
BRDA:902,157,1,0
BRDA:906,158,0,0
BRDA:906,158,1,0
BRDA:919,159,0,0
BRDA:919,159,1,1
BRDA:925,160,0,0
BRDA:925,160,1,1
BRDA:929,161,0,0
BRDA:929,161,1,1
BRDA:941,162,0,0
BRDA:941,162,1,1
BRDA:945,163,0,0
BRDA:945,163,1,1
BRDA:957,164,0,0
BRDA:957,164,1,1
BRDA:969,165,0,0
BRDA:969,165,1,1
BRDA:973,166,0,0
BRDA:973,166,1,1
BRDA:981,167,0,1
BRDA:981,167,1,0
BRDA:983,168,0,1
BRDA:983,168,1,0
BRDA:985,169,0,0
BRDA:985,169,1,1
BRDA:990,170,0,0
BRDA:990,170,1,2
BRDA:996,171,0,0
BRDA:996,171,1,2
BRDA:1002,172,0,0
BRDA:1002,172,1,1
BRDA:1010,173,0,0
BRDA:1010,173,1,1
BRDA:1017,174,0,0
BRDA:1017,174,1,1
BRDA:1022,175,0,0
BRDA:1022,175,1,1
BRDA:1036,176,0,0
BRDA:1036,176,1,0
BRDA:1059,177,0,0
BRDA:1059,177,1,2
BRDA:1067,178,0,0
BRDA:1067,178,1,2
BRDA:1083,179,0,0
BRDA:1083,179,1,1
BRDA:1088,180,0,0
BRDA:1088,180,1,1
BRDA:1092,181,0,1
BRDA:1092,181,1,0
BRDA:1105,182,0,0
BRDA:1105,182,1,1
BRDA:1113,183,0,0
BRDA:1113,183,1,1
BRDA:1125,184,0,0
BRDA:1125,184,1,1
BRDA:1134,185,0,0
BRDA:1134,185,1,2
BRDA:1143,186,0,0
BRDA:1143,186,1,3
BRF:378
BRH:239
end_of_record
TN:
SF:/Users/shengrong/Documents/SFMeal/SFMealWeb/api/controllers/PaymentController.js
FN:14,(anonymous_1)
FN:15,(anonymous_2)
FN:21,(anonymous_3)
FN:41,(anonymous_4)
FN:47,(anonymous_5)
FN:53,(anonymous_6)
FN:57,(anonymous_7)
FN:62,(anonymous_8)
FN:74,(anonymous_9)
FN:82,(anonymous_10)
FN:107,(anonymous_11)
FN:111,(anonymous_12)
FN:118,(anonymous_13)
FN:141,(anonymous_14)
FN:147,(anonymous_15)
FN:151,(anonymous_16)
FN:155,(anonymous_17)
FN:163,(anonymous_18)
FN:165,(anonymous_19)
FN:172,(anonymous_20)
FN:182,(anonymous_21)
FN:190,(anonymous_22)
FN:197,(anonymous_23)
FN:204,(anonymous_24)
FN:224,(anonymous_25)
FN:231,(anonymous_26)
FN:235,(anonymous_27)
FN:243,(anonymous_28)
FN:248,(anonymous_29)
FN:258,(anonymous_30)
FN:262,(anonymous_31)
FN:268,(anonymous_32)
FN:273,(anonymous_33)
FN:277,(anonymous_34)
FN:285,(anonymous_35)
FN:297,(anonymous_36)
FNF:36
FNH:32
FNDA:0,(anonymous_1)
FNDA:0,(anonymous_2)
FNDA:0,(anonymous_3)
FNDA:2,(anonymous_4)
FNDA:2,(anonymous_5)
FNDA:2,(anonymous_6)
FNDA:1,(anonymous_7)
FNDA:1,(anonymous_8)
FNDA:2,(anonymous_9)
FNDA:1,(anonymous_10)
FNDA:2,(anonymous_11)
FNDA:1,(anonymous_12)
FNDA:1,(anonymous_13)
FNDA:2,(anonymous_14)
FNDA:2,(anonymous_15)
FNDA:1,(anonymous_16)
FNDA:1,(anonymous_17)
FNDA:2,(anonymous_18)
FNDA:2,(anonymous_19)
FNDA:2,(anonymous_20)
FNDA:2,(anonymous_21)
FNDA:2,(anonymous_22)
FNDA:2,(anonymous_23)
FNDA:2,(anonymous_24)
FNDA:2,(anonymous_25)
FNDA:1,(anonymous_26)
FNDA:1,(anonymous_27)
FNDA:2,(anonymous_28)
FNDA:1,(anonymous_29)
FNDA:1,(anonymous_30)
FNDA:1,(anonymous_31)
FNDA:1,(anonymous_32)
FNDA:1,(anonymous_33)
FNDA:1,(anonymous_34)
[...]
BRF:98
BRH:46
end_of_record
TN:
SF:/Users/shengrong/Documents/SFMeal/SFMealWeb/api/controllers/ReviewController.js
FN:14,(anonymous_1)
FN:22,(anonymous_2)
FN:26,(anonymous_3)
FN:34,(anonymous_4)
FN:38,(anonymous_5)
FN:44,(anonymous_6)
FN:48,(anonymous_7)
FN:49,(anonymous_8)
FN:55,(anonymous_9)
FN:65,(anonymous_10)
FN:66,(anonymous_11)
FN:67,(anonymous_12)
FN:73,(anonymous_13)
FN:85,(anonymous_14)
FN:88,(anonymous_15)
FN:95,(anonymous_16)
FN:109,(anonymous_17)
FN:113,(anonymous_18)
FN:128,(anonymous_19)
FN:132,(anonymous_20)
FN:139,(anonymous_21)
FN:141,(anonymous_22)
FN:148,(anonymous_23)
FN:168,(anonymous_24)
FN:189,(anonymous_25)
FNF:25
FNH:19
FNDA:5,(anonymous_1)
FNDA:5,(anonymous_2)
FNDA:30,(anonymous_3)
FNDA:0,(anonymous_4)
FNDA:0,(anonymous_5)
FNDA:0,(anonymous_6)
FNDA:0,(anonymous_7)
FNDA:0,(anonymous_8)
FNDA:0,(anonymous_9)
FNDA:3,(anonymous_10)
FNDA:3,(anonymous_11)
FNDA:3,(anonymous_12)
FNDA:3,(anonymous_13)
FNDA:3,(anonymous_14)
FNDA:3,(anonymous_15)
FNDA:1,(anonymous_16)
FNDA:3,(anonymous_17)
FNDA:2,(anonymous_18)
FNDA:3,(anonymous_19)
FNDA:2,(anonymous_20)
FNDA:3,(anonymous_21)
FNDA:3,(anonymous_22)
FNDA:3,(anonymous_23)
FNDA:3,(anonymous_24)
FNDA:3,(anonymous_25)
DA:10,1
DA:11,1
DA:12,1
DA:15,5
DA:16,5
DA:17,5
DA:18,5
DA:19,5
DA:20,5
DA:22,5
DA:23,5
DA:24,0
DA:26,5
DA:27,30
DA:29,5
DA:30,2
DA:31,2
DA:33,3
DA:34,0
DA:35,0
DA:36,0
DA:37,0
DA:38,0
DA:39,0
DA:40,0
DA:42,0
DA:45,0
DA:46,0
DA:48,0
DA:49,0
DA:50,0
DA:51,0
DA:53,0
DA:56,0
DA:57,0
DA:59,0
DA:63,3
DA:64,3
DA:65,3
DA:66,3
DA:67,3
DA:68,3
DA:69,0
DA:71,3
DA:74,3
DA:75,0
DA:77,3
DA:78,3
DA:86,3
DA:87,3
DA:89,3
DA:90,0
DA:92,3
DA:93,2
DA:95,1
DA:96,1
DA:97,1
DA:98,1
DA:99,1
DA:101,0
DA:103,1
DA:104,0
DA:106,1
DA:110,3
DA:111,1
DA:113,2
DA:114,2
DA:115,2
DA:116,2
DA:117,0
DA:119,2
DA:121,0
DA:123,2
DA:124,0
DA:126,2
DA:129,3
DA:130,1
DA:132,2
DA:133,2
DA:134,0
DA:136,2
DA:140,3
DA:141,3
DA:142,3
DA:143,0
DA:145,3
DA:149,3
DA:150,3
DA:151,3
DA:152,3
DA:153,1
DA:155,2
DA:157,3
DA:169,3
DA:170,0
DA:171,0
DA:173,3
DA:174,3
DA:175,3
DA:176,3
DA:177,3
DA:178,0
DA:179,0
DA:180,0
DA:182,0
DA:184,3
DA:185,3
DA:186,3
DA:190,3
DA:191,0
DA:193,3
LF:111
LH:75
BRDA:23,1,0,0
BRDA:23,1,1,5
BRDA:27,2,0,30
BRDA:27,2,1,3
BRDA:29,3,0,2
BRDA:29,3,1,3
BRDA:33,4,0,0
BRDA:33,4,1,3
BRDA:33,5,0,3
BRDA:33,5,1,0
BRDA:39,6,0,0
BRDA:39,6,1,0
BRDA:45,7,0,0
BRDA:45,7,1,0
BRDA:50,8,0,0
BRDA:50,8,1,0
BRDA:56,9,0,0
BRDA:56,9,1,0
BRDA:68,10,0,0
BRDA:68,10,1,3
BRDA:74,11,0,0
BRDA:74,11,1,3
BRDA:89,12,0,0
BRDA:89,12,1,3
BRDA:92,13,0,2
BRDA:92,13,1,1
BRDA:96,14,0,1
BRDA:96,14,1,0
BRDA:103,15,0,0
BRDA:103,15,1,1
BRDA:110,16,0,1
BRDA:110,16,1,2
BRDA:114,17,0,2
BRDA:114,17,1,0
BRDA:116,18,0,0
BRDA:116,18,1,2
BRDA:123,19,0,0
BRDA:123,19,1,2
BRDA:129,20,0,1
BRDA:129,20,1,2
BRDA:133,21,0,0
BRDA:133,21,1,2
BRDA:142,22,0,0
BRDA:142,22,1,3
BRDA:152,23,0,1
BRDA:152,23,1,2
BRDA:158,24,0,2
BRDA:158,24,1,1
BRDA:159,25,0,2
BRDA:159,25,1,1
BRDA:160,26,0,2
BRDA:160,26,1,1
BRDA:165,27,0,2
BRDA:165,27,1,1
BRDA:169,28,0,0
BRDA:169,28,1,3
BRDA:173,29,0,2
BRDA:173,29,1,1
BRDA:175,30,0,3
BRDA:175,30,1,0
BRDA:178,31,0,0
BRDA:178,31,1,0
BRDA:190,32,0,0
BRDA:190,32,1,3
BRF:64
BRH:38
end_of_record
TN:
SF:/Users/shengrong/Documents/SFMeal/SFMealWeb/api/controllers/UserController.js
FN:28,(anonymous_1)
FN:32,(anonymous_2)
FN:46,(anonymous_3)
FN:53,(anonymous_4)
FN:57,(anonymous_5)
FN:61,(anonymous_6)
FN:96,(anonymous_7)
FN:101,(anonymous_8)
FN:105,(anonymous_9)
FN:121,(anonymous_10)
FN:124,(anonymous_11)
FN:129,(anonymous_12)
FN:137,(anonymous_13)
FN:143,(anonymous_14)
FN:144,(anonymous_15)
FN:155,(anonymous_16)
FN:161,(anonymous_17)
FN:167,(anonymous_18)
FN:177,(anonymous_19)
FN:187,(anonymous_20)
FN:204,(anonymous_21)
FN:216,(anonymous_22)
FN:226,(anonymous_23)
FN:228,(anonymous_24)
FN:233,(anonymous_25)
FN:239,(anonymous_26)
FN:254,(anonymous_27)
FN:260,(anonymous_28)
FN:273,(anonymous_29)
FN:282,(anonymous_30)
FN:284,(anonymous_31)
FN:294,(anonymous_32)
FN:298,(anonymous_33)
FN:306,(anonymous_34)
FN:307,(anonymous_35)
FN:315,(anonymous_36)
FN:317,(anonymous_37)
FN:333,(anonymous_38)
FN:337,(anonymous_39)
FN:338,(anonymous_40)
FN:346,(anonymous_41)
FN:351,(anonymous_42)
FN:357,(anonymous_43)
FN:380,(anonymous_44)
FN:389,(anonymous_45)
FN:435,(anonymous_46)
FN:442,(anonymous_47)
FN:447,(anonymous_48)
FN:453,(anonymous_49)
FN:458,(anonymous_50)
FNF:50
FNH:32
FNDA:0,(anonymous_1)
FNDA:2,(anonymous_2)
FNDA:2,(anonymous_3)
FNDA:2,(anonymous_4)
FNDA:2,(anonymous_5)
FNDA:2,(anonymous_6)
FNDA:2,(anonymous_7)
FNDA:2,(anonymous_8)
FNDA:2,(anonymous_9)
FNDA:1,(anonymous_10)
FNDA:1,(anonymous_11)
FNDA:8,(anonymous_12)
FNDA:2,(anonymous_13)
FNDA:2,(anonymous_14)
FNDA:2,(anonymous_15)
FNDA:2,(anonymous_16)
FNDA:4,(anonymous_17)
FNDA:3,(anonymous_18)
FNDA:3,(anonymous_19)
FNDA:1,(anonymous_20)
FNDA:0,(anonymous_21)
FNDA:2,(anonymous_22)
FNDA:2,(anonymous_23)
FNDA:2,(anonymous_24)
FNDA:2,(anonymous_25)
FNDA:0,(anonymous_26)
FNDA:0,(anonymous_27)
FNDA:0,(anonymous_28)
FNDA:2,(anonymous_29)
FNDA:4,(anonymous_30)
FNDA:4,(anonymous_31)
FNDA:0,(anonymous_32)
FNDA:0,(anonymous_33)
FNDA:5,(anonymous_34)
FNDA:5,(anonymous_35)
FNDA:0,(anonymous_36)
FNDA:0,(anonymous_37)
FNDA:1,(anonymous_38)
FNDA:0,(anonymous_39)
FNDA:0,(anonymous_40)
FNDA:1,(anonymous_41)
FNDA:1,(anonymous_42)
FNDA:1,(anonymous_43)
FNDA:0,(anonymous_44)
FNDA:0,(anonymous_45)
FNDA:0,(anonymous_46)
FNDA:0,(anonymous_47)
FNDA:0,(anonymous_48)
FNDA:0,(anonymous_49)
FNDA:0,(anonymous_50)
DA:12,1
DA:13,1
DA:14,1
DA:15,1
DA:16,1
DA:17,1
DA:18,1
DA:19,1
DA:20,1
DA:22,1
DA:29,0
DA:33,2
DA:34,2
DA:35,2
DA:36,2
DA:37,2
DA:38,2
DA:39,2
DA:40,2
DA:41,2
DA:42,2
DA:43,2
DA:44,0
DA:46,2
DA:47,2
DA:48,0
DA:50,2
DA:51,0
DA:53,2
DA:54,2
DA:55,0
DA:57,2
DA:58,2
DA:59,0
DA:61,2
DA:62,2
DA:63,0
DA:65,2
DA:66,2
DA:67,2
DA:83,2
DA:84,1
DA:86,2
DA:87,1
DA:89,2
DA:90,1
DA:96,2
DA:97,2
DA:98,0
DA:100,2
DA:101,2
DA:102,2
DA:103,0
DA:105,2
DA:106,2
DA:107,0
DA:109,2
DA:110,2
DA:111,2
DA:122,1
DA:123,1
DA:124,1
DA:125,1
DA:126,0
DA:128,1
DA:129,1
DA:130,8
DA:133,1
DA:139,2
DA:140,2
DA:142,2
DA:144,2
DA:145,2
DA:146,0
DA:148,2
DA:149,0
DA:150,0
DA:152,2
DA:156,2
DA:157,2
DA:158,0
DA:160,2
DA:161,2
DA:162,4
DA:163,4
DA:164,1
DA:165,0
DA:167,1
DA:168,3
DA:170,1
DA:171,1
DA:172,1
DA:174,1
DA:176,3
DA:177,3
DA:178,3
DA:179,0
DA:180,0
DA:182,3
DA:183,3
DA:184,0
DA:186,3
DA:187,1
DA:188,1
DA:190,1
DA:191,1
DA:192,1
DA:193,1
DA:194,1
DA:195,1
DA:196,1
DA:199,3
DA:200,3
DA:201,3
DA:203,3
DA:204,0
DA:205,0
DA:206,0
DA:210,3
DA:211,3
DA:212,3
DA:214,3
DA:217,2
DA:218,0
DA:220,2
DA:221,2
DA:222,2
DA:223,2
DA:227,2
DA:228,2
DA:229,2
DA:230,0
DA:232,2
DA:233,2
DA:234,2
DA:235,0
DA:237,2
DA:238,0
DA:239,0
DA:240,0
DA:241,0
DA:243,0
DA:244,0
DA:247,2
DA:248,2
DA:253,0
DA:254,0
DA:255,0
DA:256,0
DA:258,0
DA:259,0
DA:260,0
DA:261,0
DA:262,0
DA:264,0
DA:265,0
DA:268,0
DA:269,0
DA:274,2
DA:275,0
DA:277,2
DA:278,2
DA:283,4
DA:284,4
DA:285,4
DA:286,0
DA:288,4
DA:289,4
DA:290,3
DA:291,3
DA:293,0
DA:294,0
DA:295,0
DA:296,0
DA:298,0
DA:299,0
DA:300,0
DA:302,0
DA:306,1
DA:307,5
DA:308,5
DA:309,0
DA:311,5
DA:312,5
DA:313,5
DA:314,5
DA:315,0
DA:316,0
DA:317,0
DA:318,0
DA:319,0
DA:320,0
DA:321,0
DA:322,0
DA:330,5
DA:334,1
DA:335,0
DA:337,1
DA:338,0
DA:339,0
DA:340,0
DA:342,0
DA:343,0
DA:347,1
DA:348,0
DA:350,1
DA:351,1
DA:352,1
DA:353,0
DA:356,1
DA:357,1
DA:358,1
DA:359,0
DA:361,1
DA:362,1
DA:364,0
DA:381,0
DA:382,0
DA:383,0
DA:384,0
DA:386,0
DA:390,0
DA:391,0
DA:392,0
DA:393,0
DA:394,0
DA:395,0
DA:396,0
DA:397,0
DA:398,0
DA:399,0
DA:401,0
DA:402,0
DA:403,0
DA:404,0
DA:405,0
DA:406,0
DA:421,0
DA:422,0
DA:429,0
DA:430,0
DA:431,0
DA:432,0
DA:436,0
DA:437,0
DA:438,0
DA:439,0
DA:440,0
DA:441,0
DA:442,0
DA:443,0
DA:444,0
DA:446,0
DA:447,0
DA:448,0
DA:449,0
DA:451,0
DA:453,0
DA:454,0
DA:455,0
DA:457,0
DA:458,0
DA:459,0
DA:460,0
DA:462,0
DA:465,0
DA:467,0
LF:267
LH:143
BRDA:42,1,0,2
BRDA:42,1,1,1
BRDA:42,1,2,0
BRDA:43,2,0,0
BRDA:43,2,1,2
BRDA:47,3,0,0
BRDA:47,3,1,2
BRDA:50,4,0,0
BRDA:50,4,1,2
BRDA:54,5,0,0
BRDA:54,5,1,2
BRDA:58,6,0,0
BRDA:58,6,1,2
BRDA:62,7,0,0
BRDA:62,7,1,2
BRDA:83,8,0,1
BRDA:83,8,1,1
BRDA:86,9,0,1
BRDA:86,9,1,1
BRDA:89,10,0,1
BRDA:89,10,1,1
BRDA:97,11,0,0
BRDA:97,11,1,2
BRDA:102,12,0,0
BRDA:102,12,1,2
BRDA:106,13,0,0
BRDA:106,13,1,2
BRDA:125,14,0,0
BRDA:125,14,1,1
BRDA:128,15,0,1
BRDA:128,15,1,0
BRDA:145,16,0,0
BRDA:145,16,1,2
BRDA:148,17,0,0
BRDA:148,17,1,2
BRDA:148,18,0,2
BRDA:148,18,1,0
BRDA:157,19,0,0
BRDA:157,19,1,2
BRDA:163,20,0,1
BRDA:163,20,1,3
BRDA:164,21,0,0
BRDA:164,21,1,1
BRDA:171,22,0,1
BRDA:171,22,1,0
BRDA:178,23,0,0
BRDA:178,23,1,3
BRDA:183,24,0,0
BRDA:183,24,1,3
BRDA:186,25,0,1
BRDA:186,25,1,2
BRDA:203,26,0,0
BRDA:203,26,1,3
BRDA:203,27,0,3
BRDA:203,27,1,0
BRDA:205,28,0,0
BRDA:205,28,1,0
BRDA:217,29,0,0
BRDA:217,29,1,2
BRDA:227,30,0,2
BRDA:227,30,1,0
BRDA:227,31,0,2
BRDA:227,31,1,2
BRDA:229,32,0,0
BRDA:229,32,1,2
BRDA:234,33,0,0
BRDA:234,33,1,2
BRDA:237,34,0,0
BRDA:237,34,1,2
BRDA:237,35,0,2
BRDA:237,35,1,0
BRDA:238,36,0,0
BRDA:238,36,1,0
BRDA:240,37,0,0
BRDA:240,37,1,0
BRDA:255,38,0,0
BRDA:255,38,1,0
BRDA:258,39,0,0
BRDA:258,39,1,0
BRDA:258,40,0,0
BRDA:258,40,1,0
BRDA:259,41,0,0
BRDA:259,41,1,0
BRDA:261,42,0,0
BRDA:261,42,1,0
BRDA:274,43,0,0
BRDA:274,43,1,2
BRDA:285,44,0,0
BRDA:285,44,1,4
BRDA:289,45,0,3
BRDA:289,45,1,1
BRDA:289,46,0,4
BRDA:289,46,1,3
BRDA:290,47,0,3
BRDA:290,47,1,0
BRDA:295,48,0,0
BRDA:295,48,1,0
BRDA:299,49,0,0
BRDA:299,49,1,0
BRDA:308,50,0,0
BRDA:308,50,1,5
BRDA:314,51,0,0
BRDA:314,51,1,5
BRDA:316,52,0,0
BRDA:316,52,1,0
BRDA:318,53,0,0
BRDA:318,53,1,0
BRDA:319,54,0,0
BRDA:319,54,1,0
BRDA:321,55,0,0
BRDA:321,55,1,0
BRDA:334,56,0,0
BRDA:334,56,1,1
BRDA:339,57,0,0
BRDA:339,57,1,0
BRDA:347,58,0,0
BRDA:347,58,1,1
BRDA:352,59,0,0
BRDA:352,59,1,1
BRDA:358,60,0,0
BRDA:358,60,1,1
BRDA:361,61,0,1
BRDA:361,61,1,0
BRDA:383,62,0,0
BRDA:383,62,1,0
BRDA:443,63,0,0
BRDA:443,63,1,0
BRDA:443,64,0,0
BRDA:443,64,1,0
BRDA:448,65,0,0
BRDA:448,65,1,0
BRDA:451,66,0,0
BRDA:454,67,0,0
BRDA:454,67,1,0
BRDA:459,68,0,0
BRDA:459,68,1,0
BRF:136
BRH:55
end_of_record
TN:
SF:/Users/shengrong/Documents/SFMeal/SFMealWeb/api/policies/hasJsonWebToken.js
FN:12,(anonymous_1)
FN:13,(anonymous_2)
FNF:2
FNH:0
FNDA:0,(anonymous_1)
FNDA:0,(anonymous_2)
DA:12,1
DA:13,0
DA:14,0
DA:15,0
DA:19,0
LF:5
LH:1
BRDA:14,1,0,0
BRDA:14,1,1,0
BRF:2
BRH:0
end_of_record
TN:
SF:/Users/shengrong/Documents/SFMeal/SFMealWeb/api/policies/isGuestOfMeal.js
FN:11,(anonymous_1)
FN:16,(anonymous_2)
FN:21,(anonymous_3)
FN:22,(anonymous_4)
FN:33,(anonymous_5)
FNF:5
FNH:5
FNDA:5,(anonymous_1)
FNDA:5,(anonymous_2)
FNDA:30,(anonymous_3)
FNDA:30,(anonymous_4)
FNDA:5,(anonymous_5)
DA:10,1
DA:11,1
DA:14,5
DA:15,5
DA:16,5
DA:17,5
DA:18,0
DA:20,5
DA:21,5
DA:22,30
DA:23,30
DA:24,0
DA:26,30
DA:27,10
DA:28,10
DA:30,20
DA:34,5
DA:35,0
DA:37,5
DA:38,5
DA:40,0
LF:21
LH:17
BRDA:15,1,0,5
BRDA:15,1,1,5
BRDA:17,2,0,0
BRDA:17,2,1,5
BRDA:23,3,0,0
BRDA:23,3,1,30
BRDA:26,4,0,10
BRDA:26,4,1,20
BRDA:34,5,0,0
BRDA:34,5,1,5
BRDA:37,6,0,5
BRDA:37,6,1,0
BRF:12
BRH:8
end_of_record
TN:
SF:/Users/shengrong/Documents/SFMeal/SFMealWeb/api/policies/isOwnerOfOrder.js
FN:10,(anonymous_1)
FN:15,(anonymous_2)
FNF:2
FNH:0
FNDA:0,(anonymous_1)
FNDA:0,(anonymous_2)
DA:10,1
DA:13,0
DA:14,0
DA:15,0
DA:16,0
DA:17,0
DA:19,0
DA:20,0
DA:22,0
DA:23,0
DA:25,0
LF:11
LH:1
BRDA:13,1,0,0
BRDA:13,1,1,0
BRDA:13,2,0,0
BRDA:13,2,1,0
BRDA:14,3,0,0
BRDA:14,3,1,0
BRDA:14,4,0,0
BRDA:14,4,1,0
BRDA:16,5,0,0
BRDA:16,5,1,0
BRDA:19,6,0,0
BRDA:19,6,1,0
BRDA:22,7,0,0
BRDA:22,7,1,0
BRF:14
BRH:0
end_of_record
TN:
SF:/Users/shengrong/Documents/SFMeal/SFMealWeb/api/jobs/ChefSelectionSchedulerJob.js
FN:4,(anonymous_1)
FN:27,(anonymous_2)
FNF:2
FNH:1
FNDA:1,(anonymous_1)
FNDA:0,(anonymous_2)
DA:4,1
DA:5,1
DA:28,0
DA:29,0
DA:30,0
DA:33,1
LF:6
LH:3
BRF:0
BRH:0
end_of_record
TN:
SF:/Users/shengrong/Documents/SFMeal/SFMealWeb/api/jobs/FollowedChefPushingJob.js
FN:10,(anonymous_1)
FN:33,(anonymous_2)
FN:36,(anonymous_3)
FN:40,(anonymous_4)
FN:44,(anonymous_5)
FN:60,(anonymous_6)
FNF:6
FNH:6
FNDA:1,(anonymous_1)
FNDA:1,(anonymous_2)
FNDA:1,(anonymous_3)
FNDA:1,(anonymous_4)
FNDA:1,(anonymous_5)
FNDA:1,(anonymous_6)
DA:4,1
DA:5,1
DA:6,1
DA:7,1
DA:8,1
DA:10,1
DA:11,1
DA:34,1
DA:36,1
DA:37,1
DA:38,0
DA:40,1
DA:41,1
DA:42,1
DA:43,1
DA:44,1
DA:45,1
DA:46,0
DA:48,1
DA:49,0
DA:51,1
DA:57,1
DA:58,1
DA:61,1
DA:62,0
DA:64,1
DA:69,1
LF:27
LH:23
BRDA:37,1,0,0
BRDA:37,1,1,1
BRDA:45,2,0,0
BRDA:45,2,1,1
BRDA:48,3,0,0
BRDA:48,3,1,1
BRDA:61,4,0,0
BRDA:61,4,1,1
BRF:8
BRH:4
end_of_record
TN:
SF:/Users/shengrong/Documents/SFMeal/SFMealWeb/api/jobs/HostPaymentSummaryJob.js
FN:10,(anonymous_1)
FN:33,(anonymous_2)
FN:35,(anonymous_3)
FN:44,(anonymous_4)
FN:45,(anonymous_5)
FN:70,(anonymous_6)
FN:71,(anonymous_7)
FN:75,(anonymous_8)
FN:80,(anonymous_9)
FN:83,(anonymous_10)
FN:84,(anonymous_11)
FN:89,(anonymous_12)
FN:94,(anonymous_13)
FN:124,(anonymous_14)
FN:131,(anonymous_15)
FN:135,(anonymous_16)
FN:136,(anonymous_17)
FN:141,(anonymous_18)
FN:153,(anonymous_19)
FNF:19
FNH:1
FNDA:1,(anonymous_1)
FNDA:0,(anonymous_2)
FNDA:0,(anonymous_3)
FNDA:0,(anonymous_4)
FNDA:0,(anonymous_5)
FNDA:0,(anonymous_6)
FNDA:0,(anonymous_7)
FNDA:0,(anonymous_8)
FNDA:0,(anonymous_9)
FNDA:0,(anonymous_10)
FNDA:0,(anonymous_11)
FNDA:0,(anonymous_12)
FNDA:0,(anonymous_13)
FNDA:0,(anonymous_14)
FNDA:0,(anonymous_15)
FNDA:0,(anonymous_16)
FNDA:0,(anonymous_17)
FNDA:0,(anonymous_18)
FNDA:0,(anonymous_19)
DA:4,1
DA:5,1
DA:6,1
DA:7,1
DA:8,1
DA:10,1
DA:11,1
DA:34,0
DA:35,0
DA:36,0
DA:37,0
DA:38,0
DA:40,0
DA:41,0
DA:42,0
DA:44,0
DA:45,0
DA:46,0
DA:48,0
DA:51,0
DA:52,0
DA:55,0
DA:56,0
DA:57,0
DA:58,0
DA:59,0
DA:60,0
DA:61,0
DA:67,0
DA:70,0
DA:71,0
DA:72,0
DA:73,0
DA:75,0
DA:76,0
DA:78,0
DA:79,0
DA:80,0
DA:81,0
DA:82,0
DA:83,0
DA:84,0
DA:85,0
DA:86,0
DA:88,0
DA:89,0
DA:90,0
DA:91,0
DA:93,0
DA:94,0
DA:95,0
DA:96,0
DA:98,0
DA:99,0
DA:100,0
DA:101,0
DA:102,0
DA:103,0
DA:104,0
DA:105,0
DA:106,0
DA:107,0
DA:108,0
DA:109,0
DA:110,0
DA:111,0
DA:112,0
DA:113,0
DA:114,0
DA:117,0
DA:118,0
DA:120,0
DA:125,0
DA:126,0
DA:128,0
DA:129,0
DA:132,0
DA:133,0
DA:135,0
DA:136,0
DA:137,0
DA:140,0
DA:141,0
DA:142,0
DA:144,0
DA:145,0
DA:146,0
DA:147,0
DA:148,0
DA:149,0
DA:150,0
DA:151,0
DA:154,0
DA:155,0
DA:156,0
DA:158,0
DA:164,1
LF:97
LH:8
BRDA:36,1,0,0
BRDA:36,1,1,0
BRDA:46,2,0,0
BRDA:46,2,1,0
BRDA:46,2,2,0
BRDA:46,2,3,0
BRDA:46,2,4,0
BRDA:51,3,0,0
BRDA:51,3,1,0
BRDA:72,4,0,0
BRDA:72,4,1,0
BRDA:85,5,0,0
BRDA:85,5,1,0
BRDA:90,6,0,0
BRDA:90,6,1,0
BRDA:95,7,0,0
BRDA:95,7,1,0
BRDA:109,8,0,0
BRDA:109,8,1,0
BRDA:109,9,0,0
BRDA:109,9,1,0
BRDA:109,9,2,0
BRDA:117,10,0,0
BRDA:117,10,1,0
BRDA:125,11,0,0
BRDA:125,11,1,0
BRDA:132,12,0,0
BRDA:132,12,1,0
BRDA:154,13,0,0
BRDA:154,13,1,0
BRF:30
BRH:0
end_of_record
TN:
SF:/Users/shengrong/Documents/SFMeal/SFMealWeb/api/jobs/MealJob.js
FN:6,(anonymous_1)
FN:29,(anonymous_2)
FN:33,(anonymous_3)
FN:38,(anonymous_4)
FN:41,(anonymous_5)
FN:53,(anonymous_6)
FN:67,(anonymous_7)
FNF:7
FNH:6
FNDA:1,(anonymous_1)
FNDA:2,(anonymous_2)
FNDA:2,(anonymous_3)
FNDA:2,(anonymous_4)
FNDA:1,(anonymous_5)
FNDA:0,(anonymous_6)
FNDA:2,(anonymous_7)
DA:4,1
DA:5,1
DA:6,1
DA:7,1
DA:30,2
DA:31,2
DA:33,2
DA:34,2
DA:35,0
DA:38,2
DA:39,2
DA:40,1
DA:41,1
DA:42,1
DA:43,0
DA:45,1
DA:46,1
DA:47,1
DA:49,1
DA:50,1
DA:51,1
DA:52,0
DA:53,0
DA:54,0
DA:55,0
DA:57,0
DA:58,0
DA:59,0
DA:62,1
DA:65,0
DA:68,2
DA:73,1
LF:32
LH:22
BRDA:34,1,0,0
BRDA:34,1,1,2
BRDA:34,2,0,2
BRDA:34,2,1,2
BRDA:39,3,0,1
BRDA:39,3,1,1
BRDA:39,4,0,2
BRDA:39,4,1,1
BRDA:39,4,2,1
BRDA:42,5,0,0
BRDA:42,5,1,1
BRDA:49,6,0,1
BRDA:49,6,1,0
BRDA:51,7,0,0
BRDA:51,7,1,1
BRDA:54,8,0,0
BRDA:54,8,1,0
BRF:17
BRH:11
end_of_record
TN:
SF:/Users/shengrong/Documents/SFMeal/SFMealWeb/api/jobs/MealScheduleEndJob.js
FN:6,(anonymous_1)
FN:30,(anonymous_2)
FN:34,(anonymous_3)
FN:35,(anonymous_4)
FN:39,(anonymous_5)
FN:41,(anonymous_6)
FN:44,(anonymous_7)
FN:50,(anonymous_8)
FN:59,(anonymous_9)
FN:63,(anonymous_10)
FN:74,(anonymous_11)
FN:84,(anonymous_12)
FN:86,(anonymous_13)
FN:90,(anonymous_14)
FN:91,(anonymous_15)
FN:98,(anonymous_16)
FN:110,(anonymous_17)
FN:116,(anonymous_18)
FN:126,(anonymous_19)
FNF:19
FNH:3
FNDA:1,(anonymous_1)
FNDA:1,(anonymous_2)
FNDA:0,(anonymous_3)
FNDA:0,(anonymous_4)
FNDA:0,(anonymous_5)
FNDA:0,(anonymous_6)
FNDA:0,(anonymous_7)
FNDA:0,(anonymous_8)
FNDA:0,(anonymous_9)
FNDA:0,(anonymous_10)
FNDA:0,(anonymous_11)
FNDA:0,(anonymous_12)
FNDA:0,(anonymous_13)
FNDA:0,(anonymous_14)
FNDA:0,(anonymous_15)
FNDA:0,(anonymous_16)
FNDA:1,(anonymous_17)
FNDA:0,(anonymous_18)
FNDA:0,(anonymous_19)
DA:4,1
DA:5,1
DA:6,1
DA:8,1
DA:31,1
DA:32,1
DA:34,1
DA:35,0
DA:36,0
DA:37,0
DA:39,0
DA:40,0
DA:41,0
DA:42,0
DA:45,0
DA:46,0
DA:48,0
DA:51,0
DA:52,0
DA:54,0
DA:55,0
DA:59,0
DA:60,0
DA:61,0
DA:63,0
DA:64,0
DA:65,0
DA:66,0
DA:68,0
DA:69,0
DA:70,0
DA:75,0
DA:76,0
DA:78,0
DA:79,0
DA:84,1
DA:86,0
DA:87,0
DA:88,0
DA:90,0
DA:91,0
DA:92,0
DA:93,0
DA:95,0
DA:96,0
DA:99,0
DA:100,0
DA:102,0
DA:103,0
DA:104,0
DA:105,0
DA:110,1
DA:111,1
DA:112,1
DA:114,0
DA:116,0
DA:117,0
DA:118,0
DA:120,0
DA:121,0
DA:122,0
DA:123,0
DA:125,0
DA:126,0
DA:127,0
DA:129,0
DA:130,0
DA:131,0
DA:133,0
DA:139,1
LF:70
LH:12
BRDA:36,1,0,0
BRDA:36,1,1,0
BRDA:45,2,0,0
BRDA:45,2,1,0
BRDA:51,3,0,0
BRDA:51,3,1,0
BRDA:60,4,0,0
BRDA:60,4,1,0
BRDA:64,5,0,0
BRDA:64,5,1,0
BRDA:75,6,0,0
BRDA:75,6,1,0
BRDA:87,7,0,0
BRDA:87,7,1,0
BRDA:92,8,0,0
BRDA:92,8,1,0
BRDA:99,9,0,0
BRDA:99,9,1,0
BRDA:111,10,0,1
BRDA:111,10,1,0
BRDA:111,11,0,1
BRDA:111,11,1,1
BRDA:117,12,0,0
BRDA:117,12,1,0
BRDA:120,13,0,0
BRDA:120,13,1,0
BRDA:129,14,0,0
BRDA:129,14,1,0
BRDA:129,15,0,0
BRDA:129,15,1,0
BRF:30
BRH:3
end_of_record
TN:
SF:/Users/shengrong/Documents/SFMeal/SFMealWeb/api/jobs/MealStartJob.js
FN:5,(anonymous_1)
FN:28,(anonymous_2)
FN:33,(anonymous_3)
FNF:3
FNH:1
FNDA:1,(anonymous_1)
FNDA:0,(anonymous_2)
FNDA:0,(anonymous_3)
DA:4,1
DA:5,1
DA:6,1
DA:29,0
DA:30,0
DA:31,0
DA:33,0
DA:34,0
DA:35,0
DA:37,0
DA:38,0
DA:39,0
DA:40,0
DA:44,1
LF:14
LH:4
BRDA:30,1,0,0
BRDA:30,1,1,0
BRDA:34,2,0,0
BRDA:34,2,1,0
BRDA:34,3,0,0
BRDA:34,3,1,0
BRF:6
BRH:0
end_of_record
TN:
SF:/Users/shengrong/Documents/SFMeal/SFMealWeb/api/jobs/OrderDeliveringReminderJob.js
FN:5,(anonymous_1)
FN:28,(anonymous_2)
FN:30,(anonymous_3)
FNF:3
FNH:1
FNDA:1,(anonymous_1)
FNDA:0,(anonymous_2)
FNDA:0,(anonymous_3)
DA:4,1
DA:5,1
DA:6,1
DA:29,0
DA:30,0
DA:31,0
DA:32,0
DA:34,0
DA:35,0
DA:36,0
DA:40,1
LF:11
LH:4
BRDA:31,1,0,0
BRDA:31,1,1,0
BRDA:31,2,0,0
BRDA:31,2,1,0
BRF:4
BRH:0
end_of_record
TN:
SF:/Users/shengrong/Documents/SFMeal/SFMealWeb/api/jobs/OrderJob.js
FN:6,(anonymous_1)
FN:29,(anonymous_2)
FN:33,(anonymous_3)
FN:38,(anonymous_4)
FN:40,(anonymous_5)
FN:68,(anonymous_6)
FNF:6
FNH:4
FNDA:1,(anonymous_1)
FNDA:2,(anonymous_2)
FNDA:2,(anonymous_3)
FNDA:0,(anonymous_4)
FNDA:0,(anonymous_5)
FNDA:2,(anonymous_6)
DA:4,1
DA:5,1
DA:6,1
DA:7,1
DA:30,2
DA:31,2
DA:33,2
DA:34,2
DA:35,0
DA:38,2
DA:39,0
DA:40,0
DA:41,0
DA:42,0
DA:44,0
DA:45,0
DA:46,0
DA:47,0
DA:49,0
DA:50,0
DA:51,0
DA:52,0
DA:53,0
DA:54,0
DA:56,0
DA:57,0
DA:58,0
DA:60,0
DA:61,0
DA:62,0
DA:63,0
DA:66,0
DA:69,2
DA:70,0
DA:72,2
DA:77,1
LF:36
LH:12
BRDA:34,1,0,0
BRDA:34,1,1,2
BRDA:34,2,0,2
BRDA:34,2,1,2
BRDA:41,3,0,0
BRDA:41,3,1,0
BRDA:44,4,0,0
BRDA:44,4,1,0
BRDA:49,5,0,0
BRDA:49,5,1,0
BRDA:52,6,0,0
BRDA:52,6,1,0
BRDA:56,7,0,0
BRDA:56,7,1,0
BRDA:60,8,0,0
BRDA:60,8,1,0
BRDA:69,9,0,0
BRDA:69,9,1,2
BRF:18
BRH:4
end_of_record
TN:
SF:/Users/shengrong/Documents/SFMeal/SFMealWeb/api/jobs/OrderPickupReminderJob.js
FN:5,(anonymous_1)
FN:28,(anonymous_2)
FN:32,(anonymous_3)
FNF:3
FNH:1
FNDA:1,(anonymous_1)
FNDA:0,(anonymous_2)
FNDA:0,(anonymous_3)
DA:4,1
DA:5,1
DA:6,1
DA:29,0
DA:30,0
DA:31,0
DA:32,0
DA:33,0
DA:34,0
DA:36,0
DA:37,0
DA:38,0
DA:40,0
DA:43,0
DA:44,0
DA:45,0
DA:47,0
DA:50,0
DA:54,1
LF:19
LH:4
BRDA:33,1,0,0
BRDA:33,1,1,0
BRDA:33,2,0,0
BRDA:33,2,1,0
BRDA:36,3,0,0
BRDA:36,3,1,0
BRDA:37,4,0,0
BRDA:37,4,1,0
BRDA:43,5,0,0
BRDA:43,5,1,0
BRF:10
BRH:0
end_of_record
TN:
SF:/Users/shengrong/Documents/SFMeal/SFMealWeb/api/jobs/SchedulerJob.js
FN:4,(anonymous_1)
FN:27,(anonymous_2)
FNF:2
FNH:1
FNDA:1,(anonymous_1)
FNDA:0,(anonymous_2)
DA:4,1
DA:5,1
DA:28,0
DA:29,0
DA:30,0
DA:33,1
LF:6
LH:3
BRF:0
BRH:0
end_of_record
